[] [10/27/2016 11:06] [] USER = ADMIN IS ACTIVE
[ADMIN] [10/27/2016 11:06] [] USER ID = 1 LOGIN SUCCESSFULLY
[ADMIN] [10/27/2016 11:06] [] ACTIVATE USER ACCESS RIGHT
[ADMIN] [10/27/2016 11:06] [] DISPLAY ADMIN FORM
[ADMIN] [10/27/2016 11:06] [] adminForm Load
[ADMIN] [10/27/2016 11:06] [PENJUALAN] CASHIER FORM : MULTIPLE CASHIER INSTANCE [1]
[ADMIN] [10/27/2016 11:06] [PENJUALAN] CASHIER FORM : REGISTER HOTKEY
[ADMIN] [10/27/2016 11:06] [PENJUALAN] CASHIER FORM : cashierForm_Load, ATTEMPT TO LOAD NO FAKTUR
[ADMIN] [10/27/2016 11:06] [PENJUALAN] CASHIER FORM : loadNoFaktur, noFakturValue [SLO001]
[ADMIN] [10/27/2016 11:06] [PENJUALAN] CASHIER FORM : cashierForm_Load, ATTEMPT TO addColumnToDataGrid
[ADMIN] [10/27/2016 11:06] [PENJUALAN] CASHIER FORM : calculateTotal
[ADMIN] [10/27/2016 11:06] [PENJUALAN] CASHIER FORM : calculateTotal [0]
[ADMIN] [10/27/2016 11:06] [PENJUALAN] CASHIER FORM : calculateTotal, totalAfterDisc [0]
[ADMIN] [10/27/2016 11:06] [PENJUALAN] CASHIER FORM : REGISTER HOTKEY
[ADMIN] [10/27/2016 11:06] [PENJUALAN] CASHIER FORM : HOTKEY TO ADD NEW ROW PRESSED
[ADMIN] [10/27/2016 11:06] [PENJUALAN] CASHIER FORM : ADD NEW ROW,  isActive [True]
[ADMIN] [10/27/2016 11:06] [PENJUALAN] CASHIER FORM : ADD NEW ROW,  ROW COUNT [0]
[ADMIN] [10/27/2016 11:06] [PENJUALAN] CASHIER FORM : ADD NEW ROW,  ALLOW TO ADD [True]
[ADMIN] [10/27/2016 11:06] [PENJUALAN] CASHIER FORM : cashierDataGridView_CellValueChanged [F8]
[ADMIN] [10/27/2016 11:06] [PENJUALAN] CASHIER FORM : cashierDataGridView_CellValueChanged [hpp]
[ADMIN] [10/27/2016 11:06] [PENJUALAN] CASHIER FORM : cashierDataGridView_CellValueChanged [productPrice]
[ADMIN] [10/27/2016 11:06] [PENJUALAN] CASHIER FORM : TextBox_TextChanged, previousInput []
[ADMIN] [10/27/2016 11:06] [PENJUALAN] CASHIER FORM : TextBox_TextChanged, dataGridViewTextBoxEditingControl.Text pass REGEX Checking
[ADMIN] [10/27/2016 11:06] [PENJUALAN] CASHIER FORM : CALCULATE SUBTOTAL
[ADMIN] [10/27/2016 11:06] [PENJUALAN] CASHIER FORM : SUBTOTAL [0]
[ADMIN] [10/27/2016 11:06] [PENJUALAN] CASHIER FORM : TextBox_TextChanged, subtotal value [0]
[ADMIN] [10/27/2016 11:06] [PENJUALAN] CASHIER FORM : TextBox_TextChanged, attempt to calculate total value
[ADMIN] [10/27/2016 11:06] [PENJUALAN] CASHIER FORM : calculateTotal
[ADMIN] [10/27/2016 11:06] [PENJUALAN] CASHIER FORM : calculateTotal [0]
[ADMIN] [10/27/2016 11:06] [PENJUALAN] CASHIER FORM : calculateTotal, totalAfterDisc [0]
[ADMIN] [10/27/2016 11:06] [PENJUALAN] CASHIER FORM : cashierDataGridView_CellValueChanged [disc1]
[ADMIN] [10/27/2016 11:06] [PENJUALAN] CASHIER FORM : TextBox_TextChanged, previousInput []
[ADMIN] [10/27/2016 11:06] [PENJUALAN] CASHIER FORM : TextBox_TextChanged, dataGridViewTextBoxEditingControl.Text pass REGEX Checking
[ADMIN] [10/27/2016 11:06] [PENJUALAN] CASHIER FORM : CALCULATE SUBTOTAL
[ADMIN] [10/27/2016 11:06] [PENJUALAN] CASHIER FORM : SUBTOTAL [0]
[ADMIN] [10/27/2016 11:06] [PENJUALAN] CASHIER FORM : TextBox_TextChanged, subtotal value [0]
[ADMIN] [10/27/2016 11:06] [PENJUALAN] CASHIER FORM : TextBox_TextChanged, attempt to calculate total value
[ADMIN] [10/27/2016 11:06] [PENJUALAN] CASHIER FORM : calculateTotal
[ADMIN] [10/27/2016 11:06] [PENJUALAN] CASHIER FORM : calculateTotal [0]
[ADMIN] [10/27/2016 11:06] [PENJUALAN] CASHIER FORM : calculateTotal, totalAfterDisc [0]
[ADMIN] [10/27/2016 11:06] [PENJUALAN] CASHIER FORM : cashierDataGridView_CellValueChanged [qty]
[ADMIN] [10/27/2016 11:06] [PENJUALAN] CASHIER FORM : TextBox_TextChanged, previousInput []
[ADMIN] [10/27/2016 11:06] [PENJUALAN] CASHIER FORM : TextBox_TextChanged, dataGridViewTextBoxEditingControl.Text pass REGEX Checking
[ADMIN] [10/27/2016 11:06] [PENJUALAN] CASHIER FORM : CALCULATE SUBTOTAL
[ADMIN] [10/27/2016 11:06] [PENJUALAN] CASHIER FORM : SUBTOTAL [0]
[ADMIN] [10/27/2016 11:06] [PENJUALAN] CASHIER FORM : TextBox_TextChanged, subtotal value [0]
[ADMIN] [10/27/2016 11:06] [PENJUALAN] CASHIER FORM : TextBox_TextChanged, attempt to calculate total value
[ADMIN] [10/27/2016 11:06] [PENJUALAN] CASHIER FORM : calculateTotal
[ADMIN] [10/27/2016 11:06] [PENJUALAN] CASHIER FORM : calculateTotal [0]
[ADMIN] [10/27/2016 11:06] [PENJUALAN] CASHIER FORM : calculateTotal, totalAfterDisc [0]
[ADMIN] [10/27/2016 11:06] [PENJUALAN] CASHIER FORM : cashierDataGridView_CellValueChanged [disc2]
[ADMIN] [10/27/2016 11:06] [PENJUALAN] CASHIER FORM : TextBox_TextChanged, previousInput []
[ADMIN] [10/27/2016 11:06] [PENJUALAN] CASHIER FORM : TextBox_TextChanged, dataGridViewTextBoxEditingControl.Text pass REGEX Checking
[ADMIN] [10/27/2016 11:06] [PENJUALAN] CASHIER FORM : CALCULATE SUBTOTAL
[ADMIN] [10/27/2016 11:06] [PENJUALAN] CASHIER FORM : SUBTOTAL [0]
[ADMIN] [10/27/2016 11:06] [PENJUALAN] CASHIER FORM : TextBox_TextChanged, subtotal value [0]
[ADMIN] [10/27/2016 11:06] [PENJUALAN] CASHIER FORM : TextBox_TextChanged, attempt to calculate total value
[ADMIN] [10/27/2016 11:06] [PENJUALAN] CASHIER FORM : calculateTotal
[ADMIN] [10/27/2016 11:06] [PENJUALAN] CASHIER FORM : calculateTotal [0]
[ADMIN] [10/27/2016 11:06] [PENJUALAN] CASHIER FORM : calculateTotal, totalAfterDisc [0]
[ADMIN] [10/27/2016 11:06] [PENJUALAN] CASHIER FORM : cashierDataGridView_CellValueChanged [discRP]
[ADMIN] [10/27/2016 11:06] [PENJUALAN] CASHIER FORM : TextBox_TextChanged, previousInput []
[ADMIN] [10/27/2016 11:06] [PENJUALAN] CASHIER FORM : TextBox_TextChanged, dataGridViewTextBoxEditingControl.Text pass REGEX Checking
[ADMIN] [10/27/2016 11:06] [PENJUALAN] CASHIER FORM : CALCULATE SUBTOTAL
[ADMIN] [10/27/2016 11:06] [PENJUALAN] CASHIER FORM : SUBTOTAL [0]
[ADMIN] [10/27/2016 11:06] [PENJUALAN] CASHIER FORM : TextBox_TextChanged, subtotal value [0]
[ADMIN] [10/27/2016 11:06] [PENJUALAN] CASHIER FORM : TextBox_TextChanged, attempt to calculate total value
[ADMIN] [10/27/2016 11:06] [PENJUALAN] CASHIER FORM : calculateTotal
[ADMIN] [10/27/2016 11:06] [PENJUALAN] CASHIER FORM : calculateTotal [0]
[ADMIN] [10/27/2016 11:06] [PENJUALAN] CASHIER FORM : calculateTotal, totalAfterDisc [0]
[ADMIN] [10/27/2016 11:06] [PENJUALAN] CASHIER FORM : cashierDataGridView_CellValueChanged [jumlah]
[ADMIN] [10/27/2016 11:06] [PENJUALAN] CASHIER FORM : cashierDataGridView_CellValueChanged [productName]
[ADMIN] [10/27/2016 11:06] [PENJUALAN] CASHIER FORM : cashierDataGridView_CellValueChanged [productName]
[ADMIN] [10/27/2016 11:06] [PENJUALAN] CASHIER FORM : calculateTotal
[ADMIN] [10/27/2016 11:06] [PENJUALAN] CASHIER FORM : calculateTotal [0]
[ADMIN] [10/27/2016 11:06] [PENJUALAN] CASHIER FORM : calculateTotal, totalAfterDisc [0]
[ADMIN] [10/27/2016 11:06] [PENJUALAN] CASHIER FORM : cashierDataGridView_CellValueChanged [productName]
[ADMIN] [10/27/2016 11:06] [PENJUALAN] CASHIER FORM : cashierDataGridView_CellValueChanged [productName]
[ADMIN] [10/27/2016 11:06] [PENJUALAN] CASHIER FORM : calculateTotal
[ADMIN] [10/27/2016 11:06] [PENJUALAN] CASHIER FORM : calculateTotal [0]
[ADMIN] [10/27/2016 11:06] [PENJUALAN] CASHIER FORM : calculateTotal, totalAfterDisc [0]
[ADMIN] [10/27/2016 11:06] [PENJUALAN] CASHIER FORM : cashierDataGridView_CellValueChanged [productName]
[ADMIN] [10/27/2016 11:06] [PENJUALAN] CASHIER FORM : cashierDataGridView_CellValueChanged [productID]
[ADMIN] [10/27/2016 11:06] [PENJUALAN] CASHIER FORM : PRODUCT PRICE TYPE [PRODUCT_BASE_PRICE]
[ADMIN] [10/27/2016 11:06] [PENJUALAN] CASHIER FORM : PRODUCT PRICE [137500]
[ADMIN] [10/27/2016 11:06] [PENJUALAN] CASHIER FORM : ComboBox_SelectedIndexChanged, PRODUCT_BASE_PRICE [137500]
[ADMIN] [10/27/2016 11:06] [PENJUALAN] CASHIER FORM : cashierDataGridView_CellValueChanged [hpp]
[ADMIN] [10/27/2016 11:06] [PENJUALAN] CASHIER FORM : PRODUCT PRICE TYPE [PRODUCT_RETAIL_PRICE]
[ADMIN] [10/27/2016 11:06] [PENJUALAN] CASHIER FORM : PRODUCT PRICE [139000]
[ADMIN] [10/27/2016 11:06] [PENJUALAN] CASHIER FORM : ComboBox_SelectedIndexChanged, PRODUCT_SALES_PRICE [139000]
[ADMIN] [10/27/2016 11:06] [PENJUALAN] CASHIER FORM : cashierDataGridView_CellValueChanged [productPrice]
[ADMIN] [10/27/2016 11:06] [PENJUALAN] CASHIER FORM : TextBox_TextChanged, previousInput []
[ADMIN] [10/27/2016 11:06] [PENJUALAN] CASHIER FORM : TextBox_TextChanged, dataGridViewTextBoxEditingControl.Text pass REGEX Checking
[ADMIN] [10/27/2016 11:06] [PENJUALAN] CASHIER FORM : CALCULATE SUBTOTAL
[ADMIN] [10/27/2016 11:06] [PENJUALAN] CASHIER FORM : SUBTOTAL [0]
[ADMIN] [10/27/2016 11:06] [PENJUALAN] CASHIER FORM : TextBox_TextChanged, subtotal value [0]
[ADMIN] [10/27/2016 11:06] [PENJUALAN] CASHIER FORM : TextBox_TextChanged, attempt to calculate total value
[ADMIN] [10/27/2016 11:06] [PENJUALAN] CASHIER FORM : calculateTotal
[ADMIN] [10/27/2016 11:06] [PENJUALAN] CASHIER FORM : calculateTotal [0]
[ADMIN] [10/27/2016 11:06] [PENJUALAN] CASHIER FORM : calculateTotal, totalAfterDisc [0]
[ADMIN] [10/27/2016 11:06] [PENJUALAN] CASHIER FORM : cashierDataGridView_CellValueChanged [qty]
[ADMIN] [10/27/2016 11:06] [PENJUALAN] CASHIER FORM : TextBox_TextChanged, previousInput []
[ADMIN] [10/27/2016 11:06] [PENJUALAN] CASHIER FORM : TextBox_TextChanged, dataGridViewTextBoxEditingControl.Text pass REGEX Checking
[ADMIN] [10/27/2016 11:06] [PENJUALAN] CASHIER FORM : CALCULATE SUBTOTAL
[ADMIN] [10/27/2016 11:06] [PENJUALAN] CASHIER FORM : SUBTOTAL [0]
[ADMIN] [10/27/2016 11:06] [PENJUALAN] CASHIER FORM : TextBox_TextChanged, subtotal value [0]
[ADMIN] [10/27/2016 11:06] [PENJUALAN] CASHIER FORM : TextBox_TextChanged, attempt to calculate total value
[ADMIN] [10/27/2016 11:06] [PENJUALAN] CASHIER FORM : calculateTotal
[ADMIN] [10/27/2016 11:06] [PENJUALAN] CASHIER FORM : calculateTotal [0]
[ADMIN] [10/27/2016 11:06] [PENJUALAN] CASHIER FORM : calculateTotal, totalAfterDisc [0]
[ADMIN] [10/27/2016 11:06] [PENJUALAN] CASHIER FORM : ComboBox_SelectedIndexChanged, attempt to calculate total
[ADMIN] [10/27/2016 11:06] [PENJUALAN] CASHIER FORM : calculateTotal
[ADMIN] [10/27/2016 11:06] [PENJUALAN] CASHIER FORM : calculateTotal [0]
[ADMIN] [10/27/2016 11:06] [PENJUALAN] CASHIER FORM : calculateTotal, totalAfterDisc [0]
[ADMIN] [10/27/2016 11:06] [PENJUALAN] CASHIER FORM : cashierDataGridView_CellValueChanged [productName]
[ADMIN] [10/27/2016 11:06] [PENJUALAN] CASHIER FORM : cashierDataGridView_CellValueChanged [productID]
[ADMIN] [10/27/2016 11:06] [PENJUALAN] CASHIER FORM : PRODUCT PRICE TYPE [PRODUCT_BASE_PRICE]
[ADMIN] [10/27/2016 11:06] [PENJUALAN] CASHIER FORM : PRODUCT PRICE [208500]
[ADMIN] [10/27/2016 11:06] [PENJUALAN] CASHIER FORM : ComboBox_SelectedIndexChanged, PRODUCT_BASE_PRICE [208500]
[ADMIN] [10/27/2016 11:06] [PENJUALAN] CASHIER FORM : cashierDataGridView_CellValueChanged [hpp]
[ADMIN] [10/27/2016 11:06] [PENJUALAN] CASHIER FORM : PRODUCT PRICE TYPE [PRODUCT_RETAIL_PRICE]
[ADMIN] [10/27/2016 11:06] [PENJUALAN] CASHIER FORM : PRODUCT PRICE [210000]
[ADMIN] [10/27/2016 11:06] [PENJUALAN] CASHIER FORM : ComboBox_SelectedIndexChanged, PRODUCT_SALES_PRICE [210000]
[ADMIN] [10/27/2016 11:06] [PENJUALAN] CASHIER FORM : cashierDataGridView_CellValueChanged [productPrice]
[ADMIN] [10/27/2016 11:06] [PENJUALAN] CASHIER FORM : TextBox_TextChanged, previousInput []
[ADMIN] [10/27/2016 11:06] [PENJUALAN] CASHIER FORM : TextBox_TextChanged, dataGridViewTextBoxEditingControl.Text pass REGEX Checking
[ADMIN] [10/27/2016 11:06] [PENJUALAN] CASHIER FORM : CALCULATE SUBTOTAL
[ADMIN] [10/27/2016 11:06] [PENJUALAN] CASHIER FORM : SUBTOTAL [0]
[ADMIN] [10/27/2016 11:06] [PENJUALAN] CASHIER FORM : TextBox_TextChanged, subtotal value [0]
[ADMIN] [10/27/2016 11:06] [PENJUALAN] CASHIER FORM : TextBox_TextChanged, attempt to calculate total value
[ADMIN] [10/27/2016 11:06] [PENJUALAN] CASHIER FORM : calculateTotal
[ADMIN] [10/27/2016 11:06] [PENJUALAN] CASHIER FORM : calculateTotal [0]
[ADMIN] [10/27/2016 11:06] [PENJUALAN] CASHIER FORM : calculateTotal, totalAfterDisc [0]
[ADMIN] [10/27/2016 11:06] [PENJUALAN] CASHIER FORM : ComboBox_SelectedIndexChanged, attempt to calculate total
[ADMIN] [10/27/2016 11:06] [PENJUALAN] CASHIER FORM : calculateTotal
[ADMIN] [10/27/2016 11:06] [PENJUALAN] CASHIER FORM : calculateTotal [0]
[ADMIN] [10/27/2016 11:06] [PENJUALAN] CASHIER FORM : calculateTotal, totalAfterDisc [0]
[ADMIN] [10/27/2016 11:06] [PENJUALAN] CASHIER FORM : cashierDataGridView_CellValueChanged [productName]
[ADMIN] [10/27/2016 11:06] [PENJUALAN] CASHIER FORM : cashierDataGridView_CellValueChanged [productID]
[ADMIN] [10/27/2016 11:06] [PENJUALAN] CASHIER FORM : PRODUCT PRICE TYPE [PRODUCT_BASE_PRICE]
[ADMIN] [10/27/2016 11:06] [PENJUALAN] CASHIER FORM : PRODUCT PRICE [49500]
[ADMIN] [10/27/2016 11:06] [PENJUALAN] CASHIER FORM : ComboBox_SelectedIndexChanged, PRODUCT_BASE_PRICE [49500]
[ADMIN] [10/27/2016 11:06] [PENJUALAN] CASHIER FORM : cashierDataGridView_CellValueChanged [hpp]
[ADMIN] [10/27/2016 11:06] [PENJUALAN] CASHIER FORM : PRODUCT PRICE TYPE [PRODUCT_RETAIL_PRICE]
[ADMIN] [10/27/2016 11:06] [PENJUALAN] CASHIER FORM : PRODUCT PRICE [51000]
[ADMIN] [10/27/2016 11:06] [PENJUALAN] CASHIER FORM : ComboBox_SelectedIndexChanged, PRODUCT_SALES_PRICE [51000]
[ADMIN] [10/27/2016 11:06] [PENJUALAN] CASHIER FORM : cashierDataGridView_CellValueChanged [productPrice]
[ADMIN] [10/27/2016 11:06] [PENJUALAN] CASHIER FORM : TextBox_TextChanged, previousInput []
[ADMIN] [10/27/2016 11:06] [PENJUALAN] CASHIER FORM : TextBox_TextChanged, dataGridViewTextBoxEditingControl.Text pass REGEX Checking
[ADMIN] [10/27/2016 11:06] [PENJUALAN] CASHIER FORM : CALCULATE SUBTOTAL
[ADMIN] [10/27/2016 11:06] [PENJUALAN] CASHIER FORM : SUBTOTAL [0]
[ADMIN] [10/27/2016 11:06] [PENJUALAN] CASHIER FORM : TextBox_TextChanged, subtotal value [0]
[ADMIN] [10/27/2016 11:06] [PENJUALAN] CASHIER FORM : TextBox_TextChanged, attempt to calculate total value
[ADMIN] [10/27/2016 11:06] [PENJUALAN] CASHIER FORM : calculateTotal
[ADMIN] [10/27/2016 11:06] [PENJUALAN] CASHIER FORM : calculateTotal [0]
[ADMIN] [10/27/2016 11:06] [PENJUALAN] CASHIER FORM : calculateTotal, totalAfterDisc [0]
[ADMIN] [10/27/2016 11:06] [PENJUALAN] CASHIER FORM : ComboBox_SelectedIndexChanged, attempt to calculate total
[ADMIN] [10/27/2016 11:06] [PENJUALAN] CASHIER FORM : calculateTotal
[ADMIN] [10/27/2016 11:06] [PENJUALAN] CASHIER FORM : calculateTotal [0]
[ADMIN] [10/27/2016 11:06] [PENJUALAN] CASHIER FORM : calculateTotal, totalAfterDisc [0]
[ADMIN] [10/27/2016 11:06] [PENJUALAN] CASHIER FORM : cashierDataGridView_CellValueChanged [qty]
[ADMIN] [10/27/2016 11:06] [PENJUALAN] CASHIER FORM : TextBox_TextChanged, previousInput [0]
[ADMIN] [10/27/2016 11:06] [PENJUALAN] CASHIER FORM : TextBox_TextChanged, dataGridViewTextBoxEditingControl.Text [2]
[ADMIN] [10/27/2016 11:06] [PENJUALAN] CASHIER FORM : TextBox_TextChanged, dataGridViewTextBoxEditingControl.Text pass REGEX Checking
[ADMIN] [10/27/2016 11:06] [PENJUALAN] CASHIER FORM : CHECK STOCK QTY IS ENOUGH [2]
[ADMIN] [10/27/2016 11:06] [PENJUALAN] CASHIER FORM : CHECK STOCK QTY IS ENOUGH [100, 2]
[ADMIN] [10/27/2016 11:06] [PENJUALAN] CASHIER FORM : CALCULATE SUBTOTAL
[ADMIN] [10/27/2016 11:06] [PENJUALAN] CASHIER FORM : SUBTOTAL [102000]
[ADMIN] [10/27/2016 11:06] [PENJUALAN] CASHIER FORM : TextBox_TextChanged, subtotal value [102000]
[ADMIN] [10/27/2016 11:06] [PENJUALAN] CASHIER FORM : TextBox_TextChanged, attempt to calculate total value
[ADMIN] [10/27/2016 11:06] [PENJUALAN] CASHIER FORM : calculateTotal
[ADMIN] [10/27/2016 11:06] [PENJUALAN] CASHIER FORM : calculateTotal [102000]
[ADMIN] [10/27/2016 11:06] [PENJUALAN] CASHIER FORM : calculateTotal, totalAfterDisc [102000]
[ADMIN] [10/27/2016 11:06] [PENJUALAN] CASHIER FORM : DISPLAY PELANGGAN FORM
[ADMIN] [10/27/2016 11:06] [PENJUALAN] CASHIER FORM : UNREGISTER HOTKEY
[ADMIN] [10/27/2016 11:07] [PENJUALAN] CASHIER FORM : SELECTED CUSTOMER ID [1]
[ADMIN] [10/27/2016 11:07] [PENJUALAN] CASHIER FORM : ATTEMPT TO SET CUSTOMER PROFILE
[ADMIN] [10/27/2016 11:07] [PENJUALAN] CASHIER FORM : SET CUSTOMER PROFILE [AS]
[ADMIN] [10/27/2016 11:07] [PENJUALAN] CASHIER FORM : CUSTOMER GROUP [P-UMUM [ECER]]
[ADMIN] [10/27/2016 11:07] [PENJUALAN] CASHIER FORM : FINISHED SET CUSTOMER PROFILE
[ADMIN] [10/27/2016 11:07] [PENJUALAN] CASHIER FORM : REGISTER HOTKEY
[ADMIN] [10/27/2016 11:07] [PENJUALAN] CASHIER FORM : DISPLAY PELANGGAN FORM
[ADMIN] [10/27/2016 11:07] [PENJUALAN] CASHIER FORM : UNREGISTER HOTKEY
[ADMIN] [10/27/2016 11:07] [PENJUALAN] CASHIER FORM : SELECTED CUSTOMER ID [2]
[ADMIN] [10/27/2016 11:07] [PENJUALAN] CASHIER FORM : ATTEMPT TO SET CUSTOMER PROFILE
[ADMIN] [10/27/2016 11:07] [PENJUALAN] CASHIER FORM : SET CUSTOMER PROFILE [AAAA]
[ADMIN] [10/27/2016 11:07] [PENJUALAN] CASHIER FORM : CUSTOMER GROUP [P-UMUM [ECER]]
[ADMIN] [10/27/2016 11:07] [PENJUALAN] CASHIER FORM : FINISHED SET CUSTOMER PROFILE
[ADMIN] [10/27/2016 11:07] [PENJUALAN] CASHIER FORM : ATTEMPT TO REFRESH PRODUCT PRICE
[ADMIN] [10/27/2016 11:07] [PENJUALAN] CASHIER FORM : PRODUCT PRICE TYPE [PRODUCT_RETAIL_PRICE]
[ADMIN] [10/27/2016 11:07] [PENJUALAN] CASHIER FORM : PRODUCT PRICE [51000]
[ADMIN] [10/27/2016 11:07] [PENJUALAN] CASHIER FORM : CHECK IF THERE'S ANY ENTRY IN THE PRODUCT DISC
[ADMIN] [10/27/2016 11:07] [PENJUALAN] CASHIER FORM : cashierDataGridView_CellValueChanged [disc1]
[ADMIN] [10/27/2016 11:07] [PENJUALAN] CASHIER FORM : TextBox_TextChanged, previousInput [2]
[ADMIN] [10/27/2016 11:07] [PENJUALAN] CASHIER FORM : TextBox_TextChanged, dataGridViewTextBoxEditingControl.Text pass REGEX Checking
[ADMIN] [10/27/2016 11:07] [PENJUALAN] CASHIER FORM : CHECK STOCK QTY IS ENOUGH [2]
[ADMIN] [10/27/2016 11:07] [PENJUALAN] CASHIER FORM : CHECK STOCK QTY IS ENOUGH [100, 0]
[ADMIN] [10/27/2016 11:07] [PENJUALAN] CASHIER FORM : CALCULATE SUBTOTAL
[ADMIN] [10/27/2016 11:07] [PENJUALAN] CASHIER FORM : SUBTOTAL [0]
[ADMIN] [10/27/2016 11:07] [PENJUALAN] CASHIER FORM : TextBox_TextChanged, subtotal value [0]
[ADMIN] [10/27/2016 11:07] [PENJUALAN] CASHIER FORM : TextBox_TextChanged, attempt to calculate total value
[ADMIN] [10/27/2016 11:07] [PENJUALAN] CASHIER FORM : calculateTotal
[ADMIN] [10/27/2016 11:07] [PENJUALAN] CASHIER FORM : calculateTotal [0]
[ADMIN] [10/27/2016 11:07] [PENJUALAN] CASHIER FORM : calculateTotal, totalAfterDisc [0]
[ADMIN] [10/27/2016 11:07] [PENJUALAN] CASHIER FORM : cashierDataGridView_CellValueChanged [disc2]
[ADMIN] [10/27/2016 11:07] [PENJUALAN] CASHIER FORM : TextBox_TextChanged, previousInput [0]
[ADMIN] [10/27/2016 11:07] [PENJUALAN] CASHIER FORM : TextBox_TextChanged, dataGridViewTextBoxEditingControl.Text [0]
[ADMIN] [10/27/2016 11:07] [PENJUALAN] CASHIER FORM : TextBox_TextChanged, dataGridViewTextBoxEditingControl.Text pass REGEX Checking
[ADMIN] [10/27/2016 11:07] [PENJUALAN] CASHIER FORM : CHECK STOCK QTY IS ENOUGH [2]
[ADMIN] [10/27/2016 11:07] [PENJUALAN] CASHIER FORM : CHECK STOCK QTY IS ENOUGH [100, 0]
[ADMIN] [10/27/2016 11:07] [PENJUALAN] CASHIER FORM : CALCULATE SUBTOTAL
[ADMIN] [10/27/2016 11:07] [PENJUALAN] CASHIER FORM : SUBTOTAL [0]
[ADMIN] [10/27/2016 11:07] [PENJUALAN] CASHIER FORM : TextBox_TextChanged, subtotal value [0]
[ADMIN] [10/27/2016 11:07] [PENJUALAN] CASHIER FORM : TextBox_TextChanged, attempt to calculate total value
[ADMIN] [10/27/2016 11:07] [PENJUALAN] CASHIER FORM : calculateTotal
[ADMIN] [10/27/2016 11:07] [PENJUALAN] CASHIER FORM : calculateTotal [0]
[ADMIN] [10/27/2016 11:07] [PENJUALAN] CASHIER FORM : calculateTotal, totalAfterDisc [0]
[ADMIN] [10/27/2016 11:07] [PENJUALAN] CASHIER FORM : cashierDataGridView_CellValueChanged [discRP]
[ADMIN] [10/27/2016 11:07] [PENJUALAN] CASHIER FORM : TextBox_TextChanged, previousInput [0]
[ADMIN] [10/27/2016 11:07] [PENJUALAN] CASHIER FORM : TextBox_TextChanged, dataGridViewTextBoxEditingControl.Text [0]
[ADMIN] [10/27/2016 11:07] [PENJUALAN] CASHIER FORM : TextBox_TextChanged, dataGridViewTextBoxEditingControl.Text pass REGEX Checking
[ADMIN] [10/27/2016 11:07] [PENJUALAN] CASHIER FORM : CHECK STOCK QTY IS ENOUGH [2]
[ADMIN] [10/27/2016 11:07] [PENJUALAN] CASHIER FORM : CHECK STOCK QTY IS ENOUGH [100, 0]
[ADMIN] [10/27/2016 11:07] [PENJUALAN] CASHIER FORM : CALCULATE SUBTOTAL
[ADMIN] [10/27/2016 11:07] [PENJUALAN] CASHIER FORM : SUBTOTAL [0]
[ADMIN] [10/27/2016 11:07] [PENJUALAN] CASHIER FORM : TextBox_TextChanged, subtotal value [0]
[ADMIN] [10/27/2016 11:07] [PENJUALAN] CASHIER FORM : TextBox_TextChanged, attempt to calculate total value
[ADMIN] [10/27/2016 11:07] [PENJUALAN] CASHIER FORM : calculateTotal
[ADMIN] [10/27/2016 11:07] [PENJUALAN] CASHIER FORM : calculateTotal [0]
[ADMIN] [10/27/2016 11:07] [PENJUALAN] CASHIER FORM : calculateTotal, totalAfterDisc [0]
[ADMIN] [10/27/2016 11:07] [PENJUALAN] CASHIER FORM : CALCULATE SUBTOTAL
[ADMIN] [10/27/2016 11:07] [PENJUALAN] CASHIER FORM : SUBTOTAL [0]
[ADMIN] [10/27/2016 11:07] [PENJUALAN] CASHIER FORM : calculateTotal
[ADMIN] [10/27/2016 11:07] [PENJUALAN] CASHIER FORM : calculateTotal [0]
[ADMIN] [10/27/2016 11:07] [PENJUALAN] CASHIER FORM : calculateTotal, totalAfterDisc [0]
[ADMIN] [10/27/2016 11:07] [PENJUALAN] CASHIER FORM : PRODUCT PRICE REFRESHED
[ADMIN] [10/27/2016 11:07] [PENJUALAN] CASHIER FORM : REGISTER HOTKEY
[ADMIN] [10/27/2016 11:07] [PENJUALAN] CASHIER FORM : UNREGISTER HOTKEY
[ADMIN] [10/27/2016 11:07] [PENJUALAN] CASHIER FORM : REGISTER HOTKEY
[ADMIN] [10/27/2016 11:07] [PENJUALAN] CASHIER FORM : cashierDataGridView_CellValueChanged [qty]
[ADMIN] [10/27/2016 11:07] [PENJUALAN] CASHIER FORM : TextBox_TextChanged, previousInput [0]
[ADMIN] [10/27/2016 11:07] [PENJUALAN] CASHIER FORM : TextBox_TextChanged, dataGridViewTextBoxEditingControl.Text [1]
[ADMIN] [10/27/2016 11:07] [PENJUALAN] CASHIER FORM : TextBox_TextChanged, dataGridViewTextBoxEditingControl.Text pass REGEX Checking
[ADMIN] [10/27/2016 11:07] [PENJUALAN] CASHIER FORM : CHECK STOCK QTY IS ENOUGH [2]
[ADMIN] [10/27/2016 11:07] [PENJUALAN] CASHIER FORM : CHECK STOCK QTY IS ENOUGH [100, 1]
[ADMIN] [10/27/2016 11:07] [PENJUALAN] CASHIER FORM : CALCULATE SUBTOTAL
[ADMIN] [10/27/2016 11:07] [PENJUALAN] CASHIER FORM : SUBTOTAL [51000]
[ADMIN] [10/27/2016 11:07] [PENJUALAN] CASHIER FORM : TextBox_TextChanged, subtotal value [51000]
[ADMIN] [10/27/2016 11:07] [PENJUALAN] CASHIER FORM : TextBox_TextChanged, attempt to calculate total value
[ADMIN] [10/27/2016 11:07] [PENJUALAN] CASHIER FORM : calculateTotal
[ADMIN] [10/27/2016 11:07] [PENJUALAN] CASHIER FORM : calculateTotal [51000]
[ADMIN] [10/27/2016 11:07] [PENJUALAN] CASHIER FORM : calculateTotal, totalAfterDisc [51000]
[ADMIN] [10/27/2016 11:07] [PENJUALAN] CASHIER FORM : cashierDataGridView_CellValueChanged [qty]
[ADMIN] [10/27/2016 11:07] [PENJUALAN] CASHIER FORM : cashierDataGridView_CellValueChanged , empty texbox, reset [qty] value to 0
[ADMIN] [10/27/2016 11:07] [PENJUALAN] CASHIER FORM : TextBox_TextChanged, recalculate total value
[ADMIN] [10/27/2016 11:07] [PENJUALAN] CASHIER FORM : calculateTotal
[ADMIN] [10/27/2016 11:07] [PENJUALAN] CASHIER FORM : calculateTotal [0]
[ADMIN] [10/27/2016 11:07] [PENJUALAN] CASHIER FORM : calculateTotal, totalAfterDisc [0]
[ADMIN] [10/27/2016 11:07] [PENJUALAN] CASHIER FORM : cashierDataGridView_CellValueChanged [qty]
[ADMIN] [10/27/2016 11:07] [PENJUALAN] CASHIER FORM : TextBox_TextChanged, previousInput [0]
[ADMIN] [10/27/2016 11:07] [PENJUALAN] CASHIER FORM : TextBox_TextChanged, dataGridViewTextBoxEditingControl.Text [2]
[ADMIN] [10/27/2016 11:07] [PENJUALAN] CASHIER FORM : TextBox_TextChanged, dataGridViewTextBoxEditingControl.Text pass REGEX Checking
[ADMIN] [10/27/2016 11:07] [PENJUALAN] CASHIER FORM : CHECK STOCK QTY IS ENOUGH [2]
[ADMIN] [10/27/2016 11:07] [PENJUALAN] CASHIER FORM : CHECK STOCK QTY IS ENOUGH [100, 2]
[ADMIN] [10/27/2016 11:07] [PENJUALAN] CASHIER FORM : CALCULATE SUBTOTAL
[ADMIN] [10/27/2016 11:07] [PENJUALAN] CASHIER FORM : SUBTOTAL [102000]
[ADMIN] [10/27/2016 11:07] [PENJUALAN] CASHIER FORM : TextBox_TextChanged, subtotal value [102000]
[ADMIN] [10/27/2016 11:07] [PENJUALAN] CASHIER FORM : TextBox_TextChanged, attempt to calculate total value
[ADMIN] [10/27/2016 11:07] [PENJUALAN] CASHIER FORM : calculateTotal
[ADMIN] [10/27/2016 11:07] [PENJUALAN] CASHIER FORM : calculateTotal [102000]
[ADMIN] [10/27/2016 11:07] [PENJUALAN] CASHIER FORM : calculateTotal, totalAfterDisc [102000]
[ADMIN] [10/27/2016 11:07] [PENJUALAN] CASHIER FORM : DISPLAY PELANGGAN FORM
[ADMIN] [10/27/2016 11:07] [PENJUALAN] CASHIER FORM : UNREGISTER HOTKEY
[ADMIN] [10/27/2016 11:07] [PENJUALAN] CASHIER FORM : SELECTED CUSTOMER ID [2]
[ADMIN] [10/27/2016 11:07] [PENJUALAN] CASHIER FORM : ATTEMPT TO SET CUSTOMER PROFILE
[ADMIN] [10/27/2016 11:07] [PENJUALAN] CASHIER FORM : SET CUSTOMER PROFILE [AAAA]
[ADMIN] [10/27/2016 11:07] [PENJUALAN] CASHIER FORM : CUSTOMER GROUP [P-UMUM [ECER]]
[ADMIN] [10/27/2016 11:07] [PENJUALAN] CASHIER FORM : FINISHED SET CUSTOMER PROFILE
[ADMIN] [10/27/2016 11:07] [PENJUALAN] CASHIER FORM : ATTEMPT TO REFRESH PRODUCT PRICE
[ADMIN] [10/27/2016 11:07] [PENJUALAN] CASHIER FORM : PRODUCT PRICE TYPE [PRODUCT_RETAIL_PRICE]
[ADMIN] [10/27/2016 11:07] [PENJUALAN] CASHIER FORM : PRODUCT PRICE [51000]
[ADMIN] [10/27/2016 11:07] [PENJUALAN] CASHIER FORM : CHECK IF THERE'S ANY ENTRY IN THE PRODUCT DISC
[ADMIN] [10/27/2016 11:07] [PENJUALAN] CASHIER FORM : CALCULATE SUBTOTAL
[ADMIN] [10/27/2016 11:07] [PENJUALAN] CASHIER FORM : SUBTOTAL [102000]
[ADMIN] [10/27/2016 11:07] [PENJUALAN] CASHIER FORM : calculateTotal
[ADMIN] [10/27/2016 11:07] [PENJUALAN] CASHIER FORM : calculateTotal [102000]
[ADMIN] [10/27/2016 11:07] [PENJUALAN] CASHIER FORM : calculateTotal, totalAfterDisc [102000]
[ADMIN] [10/27/2016 11:07] [PENJUALAN] CASHIER FORM : PRODUCT PRICE REFRESHED
[ADMIN] [10/27/2016 11:07] [PENJUALAN] CASHIER FORM : REGISTER HOTKEY
[ADMIN] [10/27/2016 11:08] [PENJUALAN] CASHIER FORM : calculateChangeValue, bayarTextBox.Text [1]
[ADMIN] [10/27/2016 11:08] [PENJUALAN] CASHIER FORM : calculateChangeValue, sisaBayar [0]
[ADMIN] [10/27/2016 11:08] [PENJUALAN] CASHIER FORM : calculateChangeValue, bayarTextBox.Text [10]
[ADMIN] [10/27/2016 11:08] [PENJUALAN] CASHIER FORM : calculateChangeValue, sisaBayar [0]
[ADMIN] [10/27/2016 11:08] [PENJUALAN] CASHIER FORM : calculateChangeValue, bayarTextBox.Text [104]
[ADMIN] [10/27/2016 11:08] [PENJUALAN] CASHIER FORM : calculateChangeValue, sisaBayar [0]
[ADMIN] [10/27/2016 11:08] [PENJUALAN] CASHIER FORM : calculateChangeValue, bayarTextBox.Text [1040]
[ADMIN] [10/27/2016 11:08] [PENJUALAN] CASHIER FORM : calculateChangeValue, sisaBayar [0]
[ADMIN] [10/27/2016 11:08] [PENJUALAN] CASHIER FORM : calculateChangeValue, bayarTextBox.Text [10400]
[ADMIN] [10/27/2016 11:08] [PENJUALAN] CASHIER FORM : calculateChangeValue, sisaBayar [0]
[ADMIN] [10/27/2016 11:08] [PENJUALAN] CASHIER FORM : calculateChangeValue, bayarTextBox.Text [104000]
[ADMIN] [10/27/2016 11:08] [PENJUALAN] CASHIER FORM : calculateChangeValue, sisaBayar [2000]
[ADMIN] [10/27/2016 11:08] [PENJUALAN] CASHIER FORM : HOTKEY TO SAVE AND PRINT OUT INVOICE PRESSED
[ADMIN] [10/27/2016 11:08] [PENJUALAN] CASHIER FORM : UNREGISTER HOTKEY
[ADMIN] [10/27/2016 11:08] [PENJUALAN] CASHIER FORM : REGISTER HOTKEY
[ADMIN] [10/27/2016 11:08] [PENJUALAN] CASHIER FORM : HOTKEY TO ADD NEW ROW PRESSED
[ADMIN] [10/27/2016 11:08] [PENJUALAN] CASHIER FORM : ADD NEW ROW,  isActive [True]
[ADMIN] [10/27/2016 11:08] [PENJUALAN] CASHIER FORM : ADD NEW ROW,  ROW COUNT [1]
[ADMIN] [10/27/2016 11:08] [PENJUALAN] CASHIER FORM : ADD NEW ROW,  ALLOW TO ADD [True]
[ADMIN] [10/27/2016 11:08] [PENJUALAN] CASHIER FORM : cashierDataGridView_CellValueChanged [F8]
[ADMIN] [10/27/2016 11:08] [PENJUALAN] CASHIER FORM : cashierDataGridView_CellValueChanged [hpp]
[ADMIN] [10/27/2016 11:08] [PENJUALAN] CASHIER FORM : cashierDataGridView_CellValueChanged [productPrice]
[ADMIN] [10/27/2016 11:08] [PENJUALAN] CASHIER FORM : TextBox_TextChanged, previousInput [0]
[ADMIN] [10/27/2016 11:08] [PENJUALAN] CASHIER FORM : TextBox_TextChanged, dataGridViewTextBoxEditingControl.Text [0]
[ADMIN] [10/27/2016 11:08] [PENJUALAN] CASHIER FORM : TextBox_TextChanged, dataGridViewTextBoxEditingControl.Text pass REGEX Checking
[ADMIN] [10/27/2016 11:08] [PENJUALAN] CASHIER FORM : CHECK STOCK QTY IS ENOUGH []
[ADMIN] [10/27/2016 11:08] [PENJUALAN] CASHIER FORM : CALCULATE SUBTOTAL
[ADMIN] [10/27/2016 11:08] [PENJUALAN] CASHIER FORM : SUBTOTAL [0]
[ADMIN] [10/27/2016 11:08] [PENJUALAN] CASHIER FORM : TextBox_TextChanged, subtotal value [0]
[ADMIN] [10/27/2016 11:08] [PENJUALAN] CASHIER FORM : TextBox_TextChanged, attempt to calculate total value
[ADMIN] [10/27/2016 11:08] [PENJUALAN] CASHIER FORM : calculateTotal
[ADMIN] [10/27/2016 11:08] [PENJUALAN] CASHIER FORM : calculateTotal [102000]
[ADMIN] [10/27/2016 11:08] [PENJUALAN] CASHIER FORM : calculateTotal, totalAfterDisc [102000]
[ADMIN] [10/27/2016 11:08] [PENJUALAN] CASHIER FORM : calculateChangeValue, bayarTextBox.Text [104000]
[ADMIN] [10/27/2016 11:08] [PENJUALAN] CASHIER FORM : calculateChangeValue, sisaBayar [2000]
[ADMIN] [10/27/2016 11:08] [PENJUALAN] CASHIER FORM : cashierDataGridView_CellValueChanged [disc1]
[ADMIN] [10/27/2016 11:08] [PENJUALAN] CASHIER FORM : TextBox_TextChanged, previousInput [0]
[ADMIN] [10/27/2016 11:08] [PENJUALAN] CASHIER FORM : TextBox_TextChanged, dataGridViewTextBoxEditingControl.Text [0]
[ADMIN] [10/27/2016 11:08] [PENJUALAN] CASHIER FORM : TextBox_TextChanged, dataGridViewTextBoxEditingControl.Text pass REGEX Checking
[ADMIN] [10/27/2016 11:08] [PENJUALAN] CASHIER FORM : CHECK STOCK QTY IS ENOUGH []
[ADMIN] [10/27/2016 11:08] [PENJUALAN] CASHIER FORM : CALCULATE SUBTOTAL
[ADMIN] [10/27/2016 11:08] [PENJUALAN] CASHIER FORM : SUBTOTAL [0]
[ADMIN] [10/27/2016 11:08] [PENJUALAN] CASHIER FORM : TextBox_TextChanged, subtotal value [0]
[ADMIN] [10/27/2016 11:08] [PENJUALAN] CASHIER FORM : TextBox_TextChanged, attempt to calculate total value
[ADMIN] [10/27/2016 11:08] [PENJUALAN] CASHIER FORM : calculateTotal
[ADMIN] [10/27/2016 11:08] [PENJUALAN] CASHIER FORM : calculateTotal [102000]
[ADMIN] [10/27/2016 11:08] [PENJUALAN] CASHIER FORM : calculateTotal, totalAfterDisc [102000]
[ADMIN] [10/27/2016 11:08] [PENJUALAN] CASHIER FORM : calculateChangeValue, bayarTextBox.Text [104000]
[ADMIN] [10/27/2016 11:08] [PENJUALAN] CASHIER FORM : calculateChangeValue, sisaBayar [2000]
[ADMIN] [10/27/2016 11:08] [PENJUALAN] CASHIER FORM : cashierDataGridView_CellValueChanged [qty]
[ADMIN] [10/27/2016 11:08] [PENJUALAN] CASHIER FORM : TextBox_TextChanged, previousInput [0]
[ADMIN] [10/27/2016 11:08] [PENJUALAN] CASHIER FORM : TextBox_TextChanged, dataGridViewTextBoxEditingControl.Text [0]
[ADMIN] [10/27/2016 11:08] [PENJUALAN] CASHIER FORM : TextBox_TextChanged, dataGridViewTextBoxEditingControl.Text pass REGEX Checking
[ADMIN] [10/27/2016 11:08] [PENJUALAN] CASHIER FORM : CHECK STOCK QTY IS ENOUGH []
[ADMIN] [10/27/2016 11:08] [PENJUALAN] CASHIER FORM : CALCULATE SUBTOTAL
[ADMIN] [10/27/2016 11:08] [PENJUALAN] CASHIER FORM : SUBTOTAL [0]
[ADMIN] [10/27/2016 11:08] [PENJUALAN] CASHIER FORM : TextBox_TextChanged, subtotal value [0]
[ADMIN] [10/27/2016 11:08] [PENJUALAN] CASHIER FORM : TextBox_TextChanged, attempt to calculate total value
[ADMIN] [10/27/2016 11:08] [PENJUALAN] CASHIER FORM : calculateTotal
[ADMIN] [10/27/2016 11:08] [PENJUALAN] CASHIER FORM : calculateTotal [102000]
[ADMIN] [10/27/2016 11:08] [PENJUALAN] CASHIER FORM : calculateTotal, totalAfterDisc [102000]
[ADMIN] [10/27/2016 11:08] [PENJUALAN] CASHIER FORM : calculateChangeValue, bayarTextBox.Text [104000]
[ADMIN] [10/27/2016 11:08] [PENJUALAN] CASHIER FORM : calculateChangeValue, sisaBayar [2000]
[ADMIN] [10/27/2016 11:08] [PENJUALAN] CASHIER FORM : cashierDataGridView_CellValueChanged [disc2]
[ADMIN] [10/27/2016 11:08] [PENJUALAN] CASHIER FORM : TextBox_TextChanged, previousInput [0]
[ADMIN] [10/27/2016 11:08] [PENJUALAN] CASHIER FORM : TextBox_TextChanged, dataGridViewTextBoxEditingControl.Text [0]
[ADMIN] [10/27/2016 11:08] [PENJUALAN] CASHIER FORM : TextBox_TextChanged, dataGridViewTextBoxEditingControl.Text pass REGEX Checking
[ADMIN] [10/27/2016 11:08] [PENJUALAN] CASHIER FORM : CHECK STOCK QTY IS ENOUGH []
[ADMIN] [10/27/2016 11:08] [PENJUALAN] CASHIER FORM : CALCULATE SUBTOTAL
[ADMIN] [10/27/2016 11:08] [PENJUALAN] CASHIER FORM : SUBTOTAL [0]
[ADMIN] [10/27/2016 11:08] [PENJUALAN] CASHIER FORM : TextBox_TextChanged, subtotal value [0]
[ADMIN] [10/27/2016 11:08] [PENJUALAN] CASHIER FORM : TextBox_TextChanged, attempt to calculate total value
[ADMIN] [10/27/2016 11:08] [PENJUALAN] CASHIER FORM : calculateTotal
[ADMIN] [10/27/2016 11:08] [PENJUALAN] CASHIER FORM : calculateTotal [102000]
[ADMIN] [10/27/2016 11:08] [PENJUALAN] CASHIER FORM : calculateTotal, totalAfterDisc [102000]
[ADMIN] [10/27/2016 11:08] [PENJUALAN] CASHIER FORM : calculateChangeValue, bayarTextBox.Text [104000]
[ADMIN] [10/27/2016 11:08] [PENJUALAN] CASHIER FORM : calculateChangeValue, sisaBayar [2000]
[ADMIN] [10/27/2016 11:08] [PENJUALAN] CASHIER FORM : cashierDataGridView_CellValueChanged [discRP]
[ADMIN] [10/27/2016 11:08] [PENJUALAN] CASHIER FORM : TextBox_TextChanged, previousInput [0]
[ADMIN] [10/27/2016 11:08] [PENJUALAN] CASHIER FORM : TextBox_TextChanged, dataGridViewTextBoxEditingControl.Text [0]
[ADMIN] [10/27/2016 11:08] [PENJUALAN] CASHIER FORM : TextBox_TextChanged, dataGridViewTextBoxEditingControl.Text pass REGEX Checking
[ADMIN] [10/27/2016 11:08] [PENJUALAN] CASHIER FORM : CHECK STOCK QTY IS ENOUGH []
[ADMIN] [10/27/2016 11:08] [PENJUALAN] CASHIER FORM : CALCULATE SUBTOTAL
[ADMIN] [10/27/2016 11:08] [PENJUALAN] CASHIER FORM : SUBTOTAL [0]
[ADMIN] [10/27/2016 11:08] [PENJUALAN] CASHIER FORM : TextBox_TextChanged, subtotal value [0]
[ADMIN] [10/27/2016 11:08] [PENJUALAN] CASHIER FORM : TextBox_TextChanged, attempt to calculate total value
[ADMIN] [10/27/2016 11:08] [PENJUALAN] CASHIER FORM : calculateTotal
[ADMIN] [10/27/2016 11:08] [PENJUALAN] CASHIER FORM : calculateTotal [102000]
[ADMIN] [10/27/2016 11:08] [PENJUALAN] CASHIER FORM : calculateTotal, totalAfterDisc [102000]
[ADMIN] [10/27/2016 11:08] [PENJUALAN] CASHIER FORM : calculateChangeValue, bayarTextBox.Text [104000]
[ADMIN] [10/27/2016 11:08] [PENJUALAN] CASHIER FORM : calculateChangeValue, sisaBayar [2000]
[ADMIN] [10/27/2016 11:08] [PENJUALAN] CASHIER FORM : cashierDataGridView_CellValueChanged [jumlah]
[ADMIN] [10/27/2016 11:08] [PENJUALAN] CASHIER FORM : HOTKEY TO SAVE AND PRINT OUT INVOICE PRESSED
[ADMIN] [10/27/2016 11:08] [PENJUALAN] CASHIER FORM : UNREGISTER HOTKEY
[ADMIN] [10/27/2016 11:08] [PENJUALAN] CASHIER FORM : REGISTER HOTKEY
[ADMIN] [10/27/2016 11:08] [PENJUALAN] ATTEMPT TO SAVE AND PRINT OUT INVOICE
[ADMIN] [10/27/2016 11:08] [PENJUALAN] CASHIER FORM : UNREGISTER HOTKEY
[ADMIN] [10/27/2016 11:08] [PENJUALAN] CASHIER FORM : ATTEMPT TO SAVE SALES DATA [27-10-2016 11:08]
[ADMIN] [10/27/2016 11:08] [PENJUALAN] CASHIER FORM : CASH SALES
[ADMIN] [10/27/2016 11:08] [PENJUALAN] CHECK IF TAX LIMIT SET FOR PERCENTAGE PURCHASE [0]
[ADMIN] [10/27/2016 11:08] [PENJUALAN] CHECK IF TAX LIMIT SET FOR AVERAGE DAILY PURCHASE [0]
[ADMIN] [10/27/2016 11:08] [PENJUALAN] CASHIER FORM : NO FAKTUR [SLO001]
[ADMIN] [10/27/2016 11:08] [PENJUALAN] CASHIER FORM : MAX SALES INVOICE [3]
[ADMIN] [10/27/2016 11:08] [PENJUALAN] CASHIER FORM : SALES INVOICE [SLO001-4]
[ADMIN] [10/27/2016 11:08] [PENJUALAN] INSERT INTO SALES HEADER [SLO001-4]
[ADMIN] [10/27/2016 11:08] [PENJUALAN] INSERT INTO SALES DETAIL[2, 51000, 2]
[ADMIN] [10/27/2016 11:08] [PENJUALAN] INSERT CUSTOMER PRODUCT DISC [2]
[ADMIN] [10/27/2016 11:08] [PENJUALAN] INSERT TO CREDIT TABLE [SLO001-4]
[ADMIN] [10/27/2016 11:08] [PENJUALAN] INSERT TO DAILY JOURNAL TABLE [102000]
[ADMIN] [10/27/2016 11:08] [PENJUALAN] CASHIER FORM : REGISTER HOTKEY
[ADMIN] [10/27/2016 11:08] [PENJUALAN] TRANSACTION SAVED
[ADMIN] [10/27/2016 11:08] [PENJUALAN] PRINT OUT INVOICE
[ADMIN] [10/27/2016 11:08] [PENJUALAN] CASHIER FORM : PrintReceipt
[ADMIN] [10/27/2016 11:08] [PENJUALAN] CASHIER FORM : PrintReceipt, papermode [0]
[ADMIN] [10/27/2016 11:08] [PENJUALAN] CASHIER FORM : PrintReceipt, display SalesReceiptForm
[ADMIN] [10/27/2016 11:08] [PENJUALAN] CASHIER FORM : UNREGISTER HOTKEY
[ADMIN] [10/27/2016 11:11] [PENJUALAN] CASHIER FORM : REGISTER HOTKEY
[ADMIN] [10/27/2016 11:11] [PENJUALAN] VALIDATE USER CREDIT STATUS
[ADMIN] [10/27/2016 11:11] [PENJUALAN] CASHIER FORM : UNREGISTER HOTKEY
[ADMIN] [10/27/2016 11:11] [PENJUALAN] CASHIER FORM : REGISTER HOTKEY
[ADMIN] [10/27/2016 11:11] [PENJUALAN] CASHIER FORM : UNREGISTER HOTKEY
[] [11/12/2016 12:23] [] USER = ADMIN IS ACTIVE
[ADMIN] [11/12/2016 12:23] [] USER ID = 1 LOGIN SUCCESSFULLY
[ADMIN] [11/12/2016 12:23] [] ACTIVATE USER ACCESS RIGHT
[ADMIN] [11/12/2016 12:23] [] DISPLAY ADMIN FORM
[ADMIN] [11/12/2016 12:23] [] adminForm Load
