[] [1/19/2017 22:25] [] USER = ADMIN IS ACTIVE
[ADMIN] [1/19/2017 22:25] [] USER ID = 1 LOGIN SUCCESSFULLY
[ADMIN] [1/19/2017 22:25] [] ACTIVATE USER ACCESS RIGHT
[ADMIN] [1/19/2017 22:25] [] DISPLAY ADMIN FORM
[ADMIN] [1/19/2017 22:25] [] adminForm Load
[ADMIN] [1/19/2017 22:25] [PENJUALAN] CASHIER FORM : MULTIPLE CASHIER INSTANCE [1]
[ADMIN] [1/19/2017 22:25] [PENJUALAN] CASHIER FORM : REGISTER HOTKEY
[ADMIN] [1/19/2017 22:25] [PENJUALAN] CASHIER FORM : cashierForm_Load, ATTEMPT TO LOAD NO FAKTUR
[ADMIN] [1/19/2017 22:25] [PENJUALAN] CASHIER FORM : loadNoFaktur, noFakturValue [SLO001]
[ADMIN] [1/19/2017 22:25] [PENJUALAN] CASHIER FORM : cashierForm_Load, ATTEMPT TO addColumnToDataGrid
[ADMIN] [1/19/2017 22:25] [PENJUALAN] CASHIER FORM : calculateTotal
[ADMIN] [1/19/2017 22:25] [PENJUALAN] CASHIER FORM : calculateTotal [0]
[ADMIN] [1/19/2017 22:25] [PENJUALAN] CASHIER FORM : calculateTotal, totalAfterDisc [0]
[ADMIN] [1/19/2017 22:25] [PENJUALAN] CASHIER FORM : REGISTER HOTKEY
[ADMIN] [1/19/2017 22:25] [PENJUALAN] CASHIER FORM : HOTKEY TO ADD NEW ROW PRESSED
[ADMIN] [1/19/2017 22:25] [PENJUALAN] CASHIER FORM : ADD NEW ROW,  isActive [True]
[ADMIN] [1/19/2017 22:25] [PENJUALAN] CASHIER FORM : ADD NEW ROW,  ROW COUNT [0]
[ADMIN] [1/19/2017 22:25] [PENJUALAN] CASHIER FORM : ADD NEW ROW,  ALLOW TO ADD [True]
[ADMIN] [1/19/2017 22:25] [PENJUALAN] CASHIER FORM : cashierDataGridView_CellValueChanged [F8]
[ADMIN] [1/19/2017 22:25] [PENJUALAN] CASHIER FORM : cashierDataGridView_CellValueChanged [hpp]
[ADMIN] [1/19/2017 22:25] [PENJUALAN] CASHIER FORM : cashierDataGridView_CellValueChanged [productPrice]
[ADMIN] [1/19/2017 22:25] [PENJUALAN] CASHIER FORM : TextBox_TextChanged, previousInput []
[ADMIN] [1/19/2017 22:25] [PENJUALAN] CASHIER FORM : TextBox_TextChanged, dataGridViewTextBoxEditingControl.Text pass REGEX Checking
[ADMIN] [1/19/2017 22:25] [PENJUALAN] CASHIER FORM : CALCULATE SUBTOTAL
[ADMIN] [1/19/2017 22:25] [PENJUALAN] CASHIER FORM : SUBTOTAL [0]
[ADMIN] [1/19/2017 22:25] [PENJUALAN] CASHIER FORM : TextBox_TextChanged, subtotal value [0]
[ADMIN] [1/19/2017 22:25] [PENJUALAN] CASHIER FORM : TextBox_TextChanged, attempt to calculate total value
[ADMIN] [1/19/2017 22:25] [PENJUALAN] CASHIER FORM : calculateTotal
[ADMIN] [1/19/2017 22:25] [PENJUALAN] CASHIER FORM : calculateTotal [0]
[ADMIN] [1/19/2017 22:25] [PENJUALAN] CASHIER FORM : calculateTotal, totalAfterDisc [0]
[ADMIN] [1/19/2017 22:25] [PENJUALAN] CASHIER FORM : cashierDataGridView_CellValueChanged [disc1]
[ADMIN] [1/19/2017 22:25] [PENJUALAN] CASHIER FORM : TextBox_TextChanged, previousInput [0]
[ADMIN] [1/19/2017 22:25] [PENJUALAN] CASHIER FORM : TextBox_TextChanged, dataGridViewTextBoxEditingControl.Text [0]
[ADMIN] [1/19/2017 22:25] [PENJUALAN] CASHIER FORM : TextBox_TextChanged, dataGridViewTextBoxEditingControl.Text pass REGEX Checking
[ADMIN] [1/19/2017 22:25] [PENJUALAN] CASHIER FORM : CALCULATE SUBTOTAL
[ADMIN] [1/19/2017 22:25] [PENJUALAN] CASHIER FORM : SUBTOTAL [0]
[ADMIN] [1/19/2017 22:25] [PENJUALAN] CASHIER FORM : TextBox_TextChanged, subtotal value [0]
[ADMIN] [1/19/2017 22:25] [PENJUALAN] CASHIER FORM : TextBox_TextChanged, attempt to calculate total value
[ADMIN] [1/19/2017 22:25] [PENJUALAN] CASHIER FORM : calculateTotal
[ADMIN] [1/19/2017 22:25] [PENJUALAN] CASHIER FORM : calculateTotal [0]
[ADMIN] [1/19/2017 22:25] [PENJUALAN] CASHIER FORM : calculateTotal, totalAfterDisc [0]
[ADMIN] [1/19/2017 22:25] [PENJUALAN] CASHIER FORM : cashierDataGridView_CellValueChanged [qty]
[ADMIN] [1/19/2017 22:25] [PENJUALAN] CASHIER FORM : TextBox_TextChanged, previousInput [0]
[ADMIN] [1/19/2017 22:25] [PENJUALAN] CASHIER FORM : TextBox_TextChanged, dataGridViewTextBoxEditingControl.Text [0]
[ADMIN] [1/19/2017 22:25] [PENJUALAN] CASHIER FORM : TextBox_TextChanged, dataGridViewTextBoxEditingControl.Text pass REGEX Checking
[ADMIN] [1/19/2017 22:25] [PENJUALAN] CASHIER FORM : CHECK STOCK QTY IS ENOUGH []
[ADMIN] [1/19/2017 22:25] [PENJUALAN] CASHIER FORM : CALCULATE SUBTOTAL
[ADMIN] [1/19/2017 22:25] [PENJUALAN] CASHIER FORM : SUBTOTAL [0]
[ADMIN] [1/19/2017 22:25] [PENJUALAN] CASHIER FORM : TextBox_TextChanged, subtotal value [0]
[ADMIN] [1/19/2017 22:25] [PENJUALAN] CASHIER FORM : TextBox_TextChanged, attempt to calculate total value
[ADMIN] [1/19/2017 22:25] [PENJUALAN] CASHIER FORM : calculateTotal
[ADMIN] [1/19/2017 22:25] [PENJUALAN] CASHIER FORM : calculateTotal [0]
[ADMIN] [1/19/2017 22:25] [PENJUALAN] CASHIER FORM : calculateTotal, totalAfterDisc [0]
[ADMIN] [1/19/2017 22:25] [PENJUALAN] CASHIER FORM : cashierDataGridView_CellValueChanged [disc2]
[ADMIN] [1/19/2017 22:25] [PENJUALAN] CASHIER FORM : TextBox_TextChanged, previousInput [0]
[ADMIN] [1/19/2017 22:25] [PENJUALAN] CASHIER FORM : TextBox_TextChanged, dataGridViewTextBoxEditingControl.Text [0]
[ADMIN] [1/19/2017 22:25] [PENJUALAN] CASHIER FORM : TextBox_TextChanged, dataGridViewTextBoxEditingControl.Text pass REGEX Checking
[ADMIN] [1/19/2017 22:25] [PENJUALAN] CASHIER FORM : CALCULATE SUBTOTAL
[ADMIN] [1/19/2017 22:25] [PENJUALAN] CASHIER FORM : SUBTOTAL [0]
[ADMIN] [1/19/2017 22:25] [PENJUALAN] CASHIER FORM : TextBox_TextChanged, subtotal value [0]
[ADMIN] [1/19/2017 22:25] [PENJUALAN] CASHIER FORM : TextBox_TextChanged, attempt to calculate total value
[ADMIN] [1/19/2017 22:25] [PENJUALAN] CASHIER FORM : calculateTotal
[ADMIN] [1/19/2017 22:25] [PENJUALAN] CASHIER FORM : calculateTotal [0]
[ADMIN] [1/19/2017 22:25] [PENJUALAN] CASHIER FORM : calculateTotal, totalAfterDisc [0]
[ADMIN] [1/19/2017 22:25] [PENJUALAN] CASHIER FORM : cashierDataGridView_CellValueChanged [discRP]
[ADMIN] [1/19/2017 22:25] [PENJUALAN] CASHIER FORM : TextBox_TextChanged, previousInput [0]
[ADMIN] [1/19/2017 22:25] [PENJUALAN] CASHIER FORM : TextBox_TextChanged, dataGridViewTextBoxEditingControl.Text [0]
[ADMIN] [1/19/2017 22:25] [PENJUALAN] CASHIER FORM : TextBox_TextChanged, dataGridViewTextBoxEditingControl.Text pass REGEX Checking
[ADMIN] [1/19/2017 22:25] [PENJUALAN] CASHIER FORM : CALCULATE SUBTOTAL
[ADMIN] [1/19/2017 22:25] [PENJUALAN] CASHIER FORM : SUBTOTAL [0]
[ADMIN] [1/19/2017 22:25] [PENJUALAN] CASHIER FORM : TextBox_TextChanged, subtotal value [0]
[ADMIN] [1/19/2017 22:25] [PENJUALAN] CASHIER FORM : TextBox_TextChanged, attempt to calculate total value
[ADMIN] [1/19/2017 22:25] [PENJUALAN] CASHIER FORM : calculateTotal
[ADMIN] [1/19/2017 22:25] [PENJUALAN] CASHIER FORM : calculateTotal [0]
[ADMIN] [1/19/2017 22:25] [PENJUALAN] CASHIER FORM : calculateTotal, totalAfterDisc [0]
[ADMIN] [1/19/2017 22:25] [PENJUALAN] CASHIER FORM : cashierDataGridView_CellValueChanged [jumlah]
[ADMIN] [1/19/2017 22:25] [PENJUALAN] CASHIER FORM : HOTKEY TO OPEN PRODUK SEARCH FORM PRESSED
[ADMIN] [1/19/2017 22:25] [PENJUALAN] CASHIER FORM : UNREGISTER HOTKEY
[ADMIN] [1/19/2017 22:26] [PENJUALAN] CASHIER FORM : ADD NEW ROW FROM BARCODE [TRIPLEK SUPER]
[ADMIN] [1/19/2017 22:26] [PENJUALAN] CASHIER FORM : cashierDataGridView_CellValueChanged [productID]
[ADMIN] [1/19/2017 22:26] [PENJUALAN] CASHIER FORM : cashierDataGridView_CellValueChanged [productName]
[ADMIN] [1/19/2017 22:26] [PENJUALAN] CASHIER FORM : PRODUCT PRICE TYPE [PRODUCT_BASE_PRICE]
[ADMIN] [1/19/2017 22:26] [PENJUALAN] CASHIER FORM : PRODUCT PRICE [1000000]
[ADMIN] [1/19/2017 22:26] [PENJUALAN] CASHIER FORM : ComboBox_SelectedIndexChanged, PRODUCT_BASE_PRICE [1000000]
[ADMIN] [1/19/2017 22:26] [PENJUALAN] CASHIER FORM : cashierDataGridView_CellValueChanged [hpp]
[ADMIN] [1/19/2017 22:26] [PENJUALAN] CASHIER FORM : PRODUCT PRICE TYPE [PRODUCT_RETAIL_PRICE]
[ADMIN] [1/19/2017 22:26] [PENJUALAN] CASHIER FORM : PRODUCT PRICE [1000000]
[ADMIN] [1/19/2017 22:26] [PENJUALAN] CASHIER FORM : ComboBox_SelectedIndexChanged, PRODUCT_SALES_PRICE [1000000]
[ADMIN] [1/19/2017 22:26] [PENJUALAN] CASHIER FORM : cashierDataGridView_CellValueChanged [productPrice]
[ADMIN] [1/19/2017 22:26] [PENJUALAN] CASHIER FORM : TextBox_TextChanged, previousInput []
[ADMIN] [1/19/2017 22:26] [PENJUALAN] CASHIER FORM : TextBox_TextChanged, dataGridViewTextBoxEditingControl.Text pass REGEX Checking
[ADMIN] [1/19/2017 22:26] [PENJUALAN] CASHIER FORM : CALCULATE SUBTOTAL
[ADMIN] [1/19/2017 22:26] [PENJUALAN] CASHIER FORM : SUBTOTAL [0]
[ADMIN] [1/19/2017 22:26] [PENJUALAN] CASHIER FORM : TextBox_TextChanged, subtotal value [0]
[ADMIN] [1/19/2017 22:26] [PENJUALAN] CASHIER FORM : TextBox_TextChanged, attempt to calculate total value
[ADMIN] [1/19/2017 22:26] [PENJUALAN] CASHIER FORM : calculateTotal
[ADMIN] [1/19/2017 22:26] [PENJUALAN] CASHIER FORM : calculateTotal [0]
[ADMIN] [1/19/2017 22:26] [PENJUALAN] CASHIER FORM : calculateTotal, totalAfterDisc [0]
[ADMIN] [1/19/2017 22:26] [PENJUALAN] CASHIER FORM : cashierDataGridView_CellValueChanged [qty]
[ADMIN] [1/19/2017 22:26] [PENJUALAN] CASHIER FORM : TextBox_TextChanged, previousInput [0]
[ADMIN] [1/19/2017 22:26] [PENJUALAN] CASHIER FORM : TextBox_TextChanged, dataGridViewTextBoxEditingControl.Text [0]
[ADMIN] [1/19/2017 22:26] [PENJUALAN] CASHIER FORM : TextBox_TextChanged, dataGridViewTextBoxEditingControl.Text pass REGEX Checking
[ADMIN] [1/19/2017 22:26] [PENJUALAN] CASHIER FORM : CHECK STOCK QTY IS ENOUGH [1]
[ADMIN] [1/19/2017 22:26] [PENJUALAN] CASHIER FORM : CHECK STOCK QTY IS ENOUGH [4000, 0]
[ADMIN] [1/19/2017 22:26] [PENJUALAN] CASHIER FORM : CALCULATE SUBTOTAL
[ADMIN] [1/19/2017 22:26] [PENJUALAN] CASHIER FORM : SUBTOTAL [0]
[ADMIN] [1/19/2017 22:26] [PENJUALAN] CASHIER FORM : TextBox_TextChanged, subtotal value [0]
[ADMIN] [1/19/2017 22:26] [PENJUALAN] CASHIER FORM : TextBox_TextChanged, attempt to calculate total value
[ADMIN] [1/19/2017 22:26] [PENJUALAN] CASHIER FORM : calculateTotal
[ADMIN] [1/19/2017 22:26] [PENJUALAN] CASHIER FORM : calculateTotal [0]
[ADMIN] [1/19/2017 22:26] [PENJUALAN] CASHIER FORM : calculateTotal, totalAfterDisc [0]
[ADMIN] [1/19/2017 22:26] [PENJUALAN] CASHIER FORM : ComboBox_SelectedIndexChanged, attempt to calculate total
[ADMIN] [1/19/2017 22:26] [PENJUALAN] CASHIER FORM : calculateTotal
[ADMIN] [1/19/2017 22:26] [PENJUALAN] CASHIER FORM : calculateTotal [0]
[ADMIN] [1/19/2017 22:26] [PENJUALAN] CASHIER FORM : calculateTotal, totalAfterDisc [0]
[ADMIN] [1/19/2017 22:26] [PENJUALAN] CASHIER FORM : CHECK STOCK QTY IS ENOUGH [1]
[ADMIN] [1/19/2017 22:26] [PENJUALAN] CASHIER FORM : CHECK STOCK QTY IS ENOUGH [4000, 1]
[ADMIN] [1/19/2017 22:26] [PENJUALAN] CASHIER FORM : cashierDataGridView_CellValueChanged [qty]
[ADMIN] [1/19/2017 22:26] [PENJUALAN] CASHIER FORM : TextBox_TextChanged, previousInput [0]
[ADMIN] [1/19/2017 22:26] [PENJUALAN] CASHIER FORM : TextBox_TextChanged, dataGridViewTextBoxEditingControl.Text [1]
[ADMIN] [1/19/2017 22:26] [PENJUALAN] CASHIER FORM : TextBox_TextChanged, dataGridViewTextBoxEditingControl.Text pass REGEX Checking
[ADMIN] [1/19/2017 22:26] [PENJUALAN] CASHIER FORM : CHECK STOCK QTY IS ENOUGH [1]
[ADMIN] [1/19/2017 22:26] [PENJUALAN] CASHIER FORM : CHECK STOCK QTY IS ENOUGH [4000, 1]
[ADMIN] [1/19/2017 22:26] [PENJUALAN] CASHIER FORM : CALCULATE SUBTOTAL
[ADMIN] [1/19/2017 22:26] [PENJUALAN] CASHIER FORM : SUBTOTAL [1000000]
[ADMIN] [1/19/2017 22:26] [PENJUALAN] CASHIER FORM : TextBox_TextChanged, subtotal value [1000000]
[ADMIN] [1/19/2017 22:26] [PENJUALAN] CASHIER FORM : TextBox_TextChanged, attempt to calculate total value
[ADMIN] [1/19/2017 22:26] [PENJUALAN] CASHIER FORM : calculateTotal
[ADMIN] [1/19/2017 22:26] [PENJUALAN] CASHIER FORM : calculateTotal [1000000]
[ADMIN] [1/19/2017 22:26] [PENJUALAN] CASHIER FORM : calculateTotal, totalAfterDisc [1000000]
[ADMIN] [1/19/2017 22:26] [PENJUALAN] CASHIER FORM : SET QTY TO 1 BECAUSE OF NEW ROW
[ADMIN] [1/19/2017 22:26] [PENJUALAN] CASHIER FORM : CALCULATE SUBTOTAL
[ADMIN] [1/19/2017 22:26] [PENJUALAN] CASHIER FORM : SUBTOTAL [1000000]
[ADMIN] [1/19/2017 22:26] [PENJUALAN] CASHIER FORM : calculateTotal
[ADMIN] [1/19/2017 22:26] [PENJUALAN] CASHIER FORM : calculateTotal [1000000]
[ADMIN] [1/19/2017 22:26] [PENJUALAN] CASHIER FORM : calculateTotal, totalAfterDisc [1000000]
[ADMIN] [1/19/2017 22:26] [PENJUALAN] CASHIER FORM : REGISTER HOTKEY
[ADMIN] [1/19/2017 22:26] [PENJUALAN] CASHIER FORM : UNREGISTER HOTKEY
[ADMIN] [1/19/2017 22:26] [PENJUALAN] CASHIER FORM : UNREGISTER HOTKEY
[] [1/19/2017 22:35] [] USER = ADMIN IS ACTIVE
[ADMIN] [1/19/2017 22:35] [] USER ID = 1 LOGIN SUCCESSFULLY
[ADMIN] [1/19/2017 22:35] [] ACTIVATE USER ACCESS RIGHT
[ADMIN] [1/19/2017 22:35] [] DISPLAY ADMIN FORM
[ADMIN] [1/19/2017 22:35] [] adminForm Load
[ADMIN] [1/19/2017 22:35] [PENJUALAN] CASHIER FORM : MULTIPLE CASHIER INSTANCE [1]
[ADMIN] [1/19/2017 22:35] [PENJUALAN] CASHIER FORM : REGISTER HOTKEY
[ADMIN] [1/19/2017 22:35] [PENJUALAN] CASHIER FORM : cashierForm_Load, ATTEMPT TO LOAD NO FAKTUR
[ADMIN] [1/19/2017 22:35] [PENJUALAN] CASHIER FORM : loadNoFaktur, noFakturValue [SLO001]
[ADMIN] [1/19/2017 22:35] [PENJUALAN] CASHIER FORM : cashierForm_Load, ATTEMPT TO addColumnToDataGrid
[ADMIN] [1/19/2017 22:35] [PENJUALAN] CASHIER FORM : calculateTotal
[ADMIN] [1/19/2017 22:35] [PENJUALAN] CASHIER FORM : calculateTotal [0]
[ADMIN] [1/19/2017 22:35] [PENJUALAN] CASHIER FORM : calculateTotal, totalAfterDisc [0]
[ADMIN] [1/19/2017 22:35] [PENJUALAN] CASHIER FORM : REGISTER HOTKEY
[ADMIN] [1/19/2017 22:36] [PENJUALAN] CASHIER FORM : HOTKEY TO ADD NEW ROW PRESSED
[ADMIN] [1/19/2017 22:36] [PENJUALAN] CASHIER FORM : ADD NEW ROW,  isActive [True]
[ADMIN] [1/19/2017 22:36] [PENJUALAN] CASHIER FORM : ADD NEW ROW,  ROW COUNT [0]
[ADMIN] [1/19/2017 22:36] [PENJUALAN] CASHIER FORM : ADD NEW ROW,  ALLOW TO ADD [True]
[ADMIN] [1/19/2017 22:36] [PENJUALAN] CASHIER FORM : cashierDataGridView_CellValueChanged [F8]
[ADMIN] [1/19/2017 22:36] [PENJUALAN] CASHIER FORM : cashierDataGridView_CellValueChanged [hpp]
[ADMIN] [1/19/2017 22:36] [PENJUALAN] CASHIER FORM : cashierDataGridView_CellValueChanged [productPrice]
[ADMIN] [1/19/2017 22:36] [PENJUALAN] CASHIER FORM : TextBox_TextChanged, previousInput []
[ADMIN] [1/19/2017 22:36] [PENJUALAN] CASHIER FORM : TextBox_TextChanged, dataGridViewTextBoxEditingControl.Text pass REGEX Checking
[ADMIN] [1/19/2017 22:36] [PENJUALAN] CASHIER FORM : CALCULATE SUBTOTAL
[ADMIN] [1/19/2017 22:36] [PENJUALAN] CASHIER FORM : SUBTOTAL [0]
[ADMIN] [1/19/2017 22:36] [PENJUALAN] CASHIER FORM : TextBox_TextChanged, subtotal value [0]
[ADMIN] [1/19/2017 22:36] [PENJUALAN] CASHIER FORM : TextBox_TextChanged, attempt to calculate total value
[ADMIN] [1/19/2017 22:36] [PENJUALAN] CASHIER FORM : calculateTotal
[ADMIN] [1/19/2017 22:36] [PENJUALAN] CASHIER FORM : calculateTotal [0]
[ADMIN] [1/19/2017 22:36] [PENJUALAN] CASHIER FORM : calculateTotal, totalAfterDisc [0]
[ADMIN] [1/19/2017 22:36] [PENJUALAN] CASHIER FORM : cashierDataGridView_CellValueChanged [disc1]
[ADMIN] [1/19/2017 22:36] [PENJUALAN] CASHIER FORM : TextBox_TextChanged, previousInput [0]
[ADMIN] [1/19/2017 22:36] [PENJUALAN] CASHIER FORM : TextBox_TextChanged, dataGridViewTextBoxEditingControl.Text [0]
[ADMIN] [1/19/2017 22:36] [PENJUALAN] CASHIER FORM : TextBox_TextChanged, dataGridViewTextBoxEditingControl.Text pass REGEX Checking
[ADMIN] [1/19/2017 22:36] [PENJUALAN] CASHIER FORM : CALCULATE SUBTOTAL
[ADMIN] [1/19/2017 22:36] [PENJUALAN] CASHIER FORM : SUBTOTAL [0]
[ADMIN] [1/19/2017 22:36] [PENJUALAN] CASHIER FORM : TextBox_TextChanged, subtotal value [0]
[ADMIN] [1/19/2017 22:36] [PENJUALAN] CASHIER FORM : TextBox_TextChanged, attempt to calculate total value
[ADMIN] [1/19/2017 22:36] [PENJUALAN] CASHIER FORM : calculateTotal
[ADMIN] [1/19/2017 22:36] [PENJUALAN] CASHIER FORM : calculateTotal [0]
[ADMIN] [1/19/2017 22:36] [PENJUALAN] CASHIER FORM : calculateTotal, totalAfterDisc [0]
[ADMIN] [1/19/2017 22:36] [PENJUALAN] CASHIER FORM : cashierDataGridView_CellValueChanged [qty]
[ADMIN] [1/19/2017 22:36] [PENJUALAN] CASHIER FORM : TextBox_TextChanged, previousInput [0]
[ADMIN] [1/19/2017 22:36] [PENJUALAN] CASHIER FORM : TextBox_TextChanged, dataGridViewTextBoxEditingControl.Text [0]
[ADMIN] [1/19/2017 22:36] [PENJUALAN] CASHIER FORM : TextBox_TextChanged, dataGridViewTextBoxEditingControl.Text pass REGEX Checking
[ADMIN] [1/19/2017 22:36] [PENJUALAN] CASHIER FORM : CHECK STOCK QTY IS ENOUGH []
[ADMIN] [1/19/2017 22:36] [PENJUALAN] CASHIER FORM : CALCULATE SUBTOTAL
[ADMIN] [1/19/2017 22:36] [PENJUALAN] CASHIER FORM : SUBTOTAL [0]
[ADMIN] [1/19/2017 22:36] [PENJUALAN] CASHIER FORM : TextBox_TextChanged, subtotal value [0]
[ADMIN] [1/19/2017 22:36] [PENJUALAN] CASHIER FORM : TextBox_TextChanged, attempt to calculate total value
[ADMIN] [1/19/2017 22:36] [PENJUALAN] CASHIER FORM : calculateTotal
[ADMIN] [1/19/2017 22:36] [PENJUALAN] CASHIER FORM : calculateTotal [0]
[ADMIN] [1/19/2017 22:36] [PENJUALAN] CASHIER FORM : calculateTotal, totalAfterDisc [0]
[ADMIN] [1/19/2017 22:36] [PENJUALAN] CASHIER FORM : cashierDataGridView_CellValueChanged [disc2]
[ADMIN] [1/19/2017 22:36] [PENJUALAN] CASHIER FORM : TextBox_TextChanged, previousInput [0]
[ADMIN] [1/19/2017 22:36] [PENJUALAN] CASHIER FORM : TextBox_TextChanged, dataGridViewTextBoxEditingControl.Text [0]
[ADMIN] [1/19/2017 22:36] [PENJUALAN] CASHIER FORM : TextBox_TextChanged, dataGridViewTextBoxEditingControl.Text pass REGEX Checking
[ADMIN] [1/19/2017 22:36] [PENJUALAN] CASHIER FORM : CALCULATE SUBTOTAL
[ADMIN] [1/19/2017 22:36] [PENJUALAN] CASHIER FORM : SUBTOTAL [0]
[ADMIN] [1/19/2017 22:36] [PENJUALAN] CASHIER FORM : TextBox_TextChanged, subtotal value [0]
[ADMIN] [1/19/2017 22:36] [PENJUALAN] CASHIER FORM : TextBox_TextChanged, attempt to calculate total value
[ADMIN] [1/19/2017 22:36] [PENJUALAN] CASHIER FORM : calculateTotal
[ADMIN] [1/19/2017 22:36] [PENJUALAN] CASHIER FORM : calculateTotal [0]
[ADMIN] [1/19/2017 22:36] [PENJUALAN] CASHIER FORM : calculateTotal, totalAfterDisc [0]
[ADMIN] [1/19/2017 22:36] [PENJUALAN] CASHIER FORM : cashierDataGridView_CellValueChanged [discRP]
[ADMIN] [1/19/2017 22:36] [PENJUALAN] CASHIER FORM : TextBox_TextChanged, previousInput [0]
[ADMIN] [1/19/2017 22:36] [PENJUALAN] CASHIER FORM : TextBox_TextChanged, dataGridViewTextBoxEditingControl.Text [0]
[ADMIN] [1/19/2017 22:36] [PENJUALAN] CASHIER FORM : TextBox_TextChanged, dataGridViewTextBoxEditingControl.Text pass REGEX Checking
[ADMIN] [1/19/2017 22:36] [PENJUALAN] CASHIER FORM : CALCULATE SUBTOTAL
[ADMIN] [1/19/2017 22:36] [PENJUALAN] CASHIER FORM : SUBTOTAL [0]
[ADMIN] [1/19/2017 22:36] [PENJUALAN] CASHIER FORM : TextBox_TextChanged, subtotal value [0]
[ADMIN] [1/19/2017 22:36] [PENJUALAN] CASHIER FORM : TextBox_TextChanged, attempt to calculate total value
[ADMIN] [1/19/2017 22:36] [PENJUALAN] CASHIER FORM : calculateTotal
[ADMIN] [1/19/2017 22:36] [PENJUALAN] CASHIER FORM : calculateTotal [0]
[ADMIN] [1/19/2017 22:36] [PENJUALAN] CASHIER FORM : calculateTotal, totalAfterDisc [0]
[ADMIN] [1/19/2017 22:36] [PENJUALAN] CASHIER FORM : cashierDataGridView_CellValueChanged [jumlah]
[ADMIN] [1/19/2017 22:36] [PENJUALAN] CASHIER FORM : cashierDataGridView_CellValueChanged [productName]
[ADMIN] [1/19/2017 22:36] [PENJUALAN] CASHIER FORM : cashierDataGridView_CellValueChanged [productName]
[ADMIN] [1/19/2017 22:36] [PENJUALAN] CASHIER FORM : cashierDataGridView_CellValueChanged [productName]
[ADMIN] [1/19/2017 22:36] [PENJUALAN] CASHIER FORM : calculateTotal
[ADMIN] [1/19/2017 22:36] [PENJUALAN] CASHIER FORM : calculateTotal [0]
[ADMIN] [1/19/2017 22:36] [PENJUALAN] CASHIER FORM : calculateTotal, totalAfterDisc [0]
[ADMIN] [1/19/2017 22:36] [PENJUALAN] CASHIER FORM : calculateTotal
[ADMIN] [1/19/2017 22:36] [PENJUALAN] CASHIER FORM : calculateTotal [0]
[ADMIN] [1/19/2017 22:36] [PENJUALAN] CASHIER FORM : calculateTotal, totalAfterDisc [0]
[ADMIN] [1/19/2017 22:36] [PENJUALAN] CASHIER FORM : calculateTotal
[ADMIN] [1/19/2017 22:36] [PENJUALAN] CASHIER FORM : calculateTotal [0]
[ADMIN] [1/19/2017 22:36] [PENJUALAN] CASHIER FORM : calculateTotal, totalAfterDisc [0]
[ADMIN] [1/19/2017 22:36] [PENJUALAN] CASHIER FORM : UNREGISTER HOTKEY
[ADMIN] [1/19/2017 22:36] [PENJUALAN] CASHIER FORM : REGISTER HOTKEY
[ADMIN] [1/19/2017 22:36] [PENJUALAN] CASHIER FORM : UNREGISTER HOTKEY
[ADMIN] [1/19/2017 22:36] [PENJUALAN] CASHIER FORM : UNREGISTER HOTKEY
[ADMIN] [1/19/2017 22:36] [] USER ID = 1LOGOUT
