[] [12/14/2016 11:37] [] USER = ADMIN IS ACTIVE
[ADMIN] [12/14/2016 11:37] [] USER ID = 1 LOGIN SUCCESSFULLY
[ADMIN] [12/14/2016 11:37] [] ACTIVATE USER ACCESS RIGHT
[ADMIN] [12/14/2016 11:37] [] DISPLAY ADMIN FORM
[ADMIN] [12/14/2016 11:37] [] adminForm Load
[ADMIN] [12/14/2016 11:37] [PENJUALAN] CASHIER FORM : MULTIPLE CASHIER INSTANCE [1]
[ADMIN] [12/14/2016 11:37] [PENJUALAN] CASHIER FORM : REGISTER HOTKEY
[ADMIN] [12/14/2016 11:37] [PENJUALAN] CASHIER FORM : cashierForm_Load, ATTEMPT TO LOAD NO FAKTUR
[ADMIN] [12/14/2016 11:37] [PENJUALAN] CASHIER FORM : loadNoFaktur, noFakturValue [SLO001]
[ADMIN] [12/14/2016 11:37] [PENJUALAN] CASHIER FORM : cashierForm_Load, ATTEMPT TO addColumnToDataGrid
[ADMIN] [12/14/2016 11:37] [PENJUALAN] CASHIER FORM : calculateTotal
[ADMIN] [12/14/2016 11:37] [PENJUALAN] CASHIER FORM : calculateTotal [0]
[ADMIN] [12/14/2016 11:37] [PENJUALAN] CASHIER FORM : calculateTotal, totalAfterDisc [0]
[ADMIN] [12/14/2016 11:37] [PENJUALAN] CASHIER FORM : REGISTER HOTKEY
[ADMIN] [12/14/2016 11:37] [PENJUALAN] CASHIER FORM : HOTKEY TO ADD NEW ROW PRESSED
[ADMIN] [12/14/2016 11:37] [PENJUALAN] CASHIER FORM : ADD NEW ROW,  isActive [True]
[ADMIN] [12/14/2016 11:37] [PENJUALAN] CASHIER FORM : ADD NEW ROW,  ROW COUNT [0]
[ADMIN] [12/14/2016 11:37] [PENJUALAN] CASHIER FORM : ADD NEW ROW,  ALLOW TO ADD [True]
[ADMIN] [12/14/2016 11:37] [PENJUALAN] CASHIER FORM : cashierDataGridView_CellValueChanged [F8]
[ADMIN] [12/14/2016 11:37] [PENJUALAN] CASHIER FORM : cashierDataGridView_CellValueChanged [hpp]
[ADMIN] [12/14/2016 11:37] [PENJUALAN] CASHIER FORM : cashierDataGridView_CellValueChanged [productPrice]
[ADMIN] [12/14/2016 11:37] [PENJUALAN] CASHIER FORM : TextBox_TextChanged, previousInput []
[ADMIN] [12/14/2016 11:37] [PENJUALAN] CASHIER FORM : TextBox_TextChanged, dataGridViewTextBoxEditingControl.Text pass REGEX Checking
[ADMIN] [12/14/2016 11:37] [PENJUALAN] CASHIER FORM : CALCULATE SUBTOTAL
[ADMIN] [12/14/2016 11:37] [PENJUALAN] CASHIER FORM : SUBTOTAL [0]
[ADMIN] [12/14/2016 11:37] [PENJUALAN] CASHIER FORM : TextBox_TextChanged, subtotal value [0]
[ADMIN] [12/14/2016 11:37] [PENJUALAN] CASHIER FORM : TextBox_TextChanged, attempt to calculate total value
[ADMIN] [12/14/2016 11:37] [PENJUALAN] CASHIER FORM : calculateTotal
[ADMIN] [12/14/2016 11:37] [PENJUALAN] CASHIER FORM : calculateTotal [0]
[ADMIN] [12/14/2016 11:37] [PENJUALAN] CASHIER FORM : calculateTotal, totalAfterDisc [0]
[ADMIN] [12/14/2016 11:37] [PENJUALAN] CASHIER FORM : cashierDataGridView_CellValueChanged [disc1]
[ADMIN] [12/14/2016 11:37] [PENJUALAN] CASHIER FORM : TextBox_TextChanged, previousInput []
[ADMIN] [12/14/2016 11:37] [PENJUALAN] CASHIER FORM : TextBox_TextChanged, dataGridViewTextBoxEditingControl.Text pass REGEX Checking
[ADMIN] [12/14/2016 11:37] [PENJUALAN] CASHIER FORM : CALCULATE SUBTOTAL
[ADMIN] [12/14/2016 11:37] [PENJUALAN] CASHIER FORM : SUBTOTAL [0]
[ADMIN] [12/14/2016 11:37] [PENJUALAN] CASHIER FORM : TextBox_TextChanged, subtotal value [0]
[ADMIN] [12/14/2016 11:37] [PENJUALAN] CASHIER FORM : TextBox_TextChanged, attempt to calculate total value
[ADMIN] [12/14/2016 11:37] [PENJUALAN] CASHIER FORM : calculateTotal
[ADMIN] [12/14/2016 11:37] [PENJUALAN] CASHIER FORM : calculateTotal [0]
[ADMIN] [12/14/2016 11:37] [PENJUALAN] CASHIER FORM : calculateTotal, totalAfterDisc [0]
[ADMIN] [12/14/2016 11:37] [PENJUALAN] CASHIER FORM : cashierDataGridView_CellValueChanged [qty]
[ADMIN] [12/14/2016 11:37] [PENJUALAN] CASHIER FORM : TextBox_TextChanged, previousInput []
[ADMIN] [12/14/2016 11:37] [PENJUALAN] CASHIER FORM : TextBox_TextChanged, dataGridViewTextBoxEditingControl.Text pass REGEX Checking
[ADMIN] [12/14/2016 11:37] [PENJUALAN] CASHIER FORM : CALCULATE SUBTOTAL
[ADMIN] [12/14/2016 11:37] [PENJUALAN] CASHIER FORM : SUBTOTAL [0]
[ADMIN] [12/14/2016 11:37] [PENJUALAN] CASHIER FORM : TextBox_TextChanged, subtotal value [0]
[ADMIN] [12/14/2016 11:37] [PENJUALAN] CASHIER FORM : TextBox_TextChanged, attempt to calculate total value
[ADMIN] [12/14/2016 11:37] [PENJUALAN] CASHIER FORM : calculateTotal
[ADMIN] [12/14/2016 11:37] [PENJUALAN] CASHIER FORM : calculateTotal [0]
[ADMIN] [12/14/2016 11:37] [PENJUALAN] CASHIER FORM : calculateTotal, totalAfterDisc [0]
[ADMIN] [12/14/2016 11:37] [PENJUALAN] CASHIER FORM : cashierDataGridView_CellValueChanged [disc2]
[ADMIN] [12/14/2016 11:37] [PENJUALAN] CASHIER FORM : TextBox_TextChanged, previousInput []
[ADMIN] [12/14/2016 11:37] [PENJUALAN] CASHIER FORM : TextBox_TextChanged, dataGridViewTextBoxEditingControl.Text pass REGEX Checking
[ADMIN] [12/14/2016 11:37] [PENJUALAN] CASHIER FORM : CALCULATE SUBTOTAL
[ADMIN] [12/14/2016 11:37] [PENJUALAN] CASHIER FORM : SUBTOTAL [0]
[ADMIN] [12/14/2016 11:37] [PENJUALAN] CASHIER FORM : TextBox_TextChanged, subtotal value [0]
[ADMIN] [12/14/2016 11:37] [PENJUALAN] CASHIER FORM : TextBox_TextChanged, attempt to calculate total value
[ADMIN] [12/14/2016 11:37] [PENJUALAN] CASHIER FORM : calculateTotal
[ADMIN] [12/14/2016 11:37] [PENJUALAN] CASHIER FORM : calculateTotal [0]
[ADMIN] [12/14/2016 11:37] [PENJUALAN] CASHIER FORM : calculateTotal, totalAfterDisc [0]
[ADMIN] [12/14/2016 11:37] [PENJUALAN] CASHIER FORM : cashierDataGridView_CellValueChanged [discRP]
[ADMIN] [12/14/2016 11:37] [PENJUALAN] CASHIER FORM : TextBox_TextChanged, previousInput []
[ADMIN] [12/14/2016 11:37] [PENJUALAN] CASHIER FORM : TextBox_TextChanged, dataGridViewTextBoxEditingControl.Text pass REGEX Checking
[ADMIN] [12/14/2016 11:37] [PENJUALAN] CASHIER FORM : CALCULATE SUBTOTAL
[ADMIN] [12/14/2016 11:37] [PENJUALAN] CASHIER FORM : SUBTOTAL [0]
[ADMIN] [12/14/2016 11:37] [PENJUALAN] CASHIER FORM : TextBox_TextChanged, subtotal value [0]
[ADMIN] [12/14/2016 11:37] [PENJUALAN] CASHIER FORM : TextBox_TextChanged, attempt to calculate total value
[ADMIN] [12/14/2016 11:37] [PENJUALAN] CASHIER FORM : calculateTotal
[ADMIN] [12/14/2016 11:37] [PENJUALAN] CASHIER FORM : calculateTotal [0]
[ADMIN] [12/14/2016 11:37] [PENJUALAN] CASHIER FORM : calculateTotal, totalAfterDisc [0]
[ADMIN] [12/14/2016 11:37] [PENJUALAN] CASHIER FORM : cashierDataGridView_CellValueChanged [jumlah]
[ADMIN] [12/14/2016 11:38] [PENJUALAN] CASHIER FORM : cashierDataGridView_CellValueChanged [productName]
[ADMIN] [12/14/2016 11:38] [PENJUALAN] CASHIER FORM : cashierDataGridView_CellValueChanged [productName]
[ADMIN] [12/14/2016 11:38] [PENJUALAN] CASHIER FORM : cashierDataGridView_CellValueChanged [productName]
[ADMIN] [12/14/2016 11:38] [PENJUALAN] CASHIER FORM : cashierDataGridView_CellValueChanged [productName]
[ADMIN] [12/14/2016 11:38] [PENJUALAN] CASHIER FORM : cashierDataGridView_CellValueChanged [productName]
[ADMIN] [12/14/2016 11:38] [PENJUALAN] CASHIER FORM : cashierDataGridView_CellValueChanged [productName]
[ADMIN] [12/14/2016 11:38] [PENJUALAN] CASHIER FORM : cashierDataGridView_CellValueChanged [productID]
[ADMIN] [12/14/2016 11:38] [PENJUALAN] CASHIER FORM : PRODUCT PRICE TYPE [PRODUCT_BASE_PRICE]
[ADMIN] [12/14/2016 11:38] [PENJUALAN] CASHIER FORM : PRODUCT PRICE [1000000]
[ADMIN] [12/14/2016 11:38] [PENJUALAN] CASHIER FORM : ComboBox_SelectedIndexChanged, PRODUCT_BASE_PRICE [1000000]
[ADMIN] [12/14/2016 11:38] [PENJUALAN] CASHIER FORM : cashierDataGridView_CellValueChanged [hpp]
[ADMIN] [12/14/2016 11:38] [PENJUALAN] CASHIER FORM : PRODUCT PRICE TYPE [PRODUCT_RETAIL_PRICE]
[ADMIN] [12/14/2016 11:38] [PENJUALAN] CASHIER FORM : PRODUCT PRICE [1000000]
[ADMIN] [12/14/2016 11:38] [PENJUALAN] CASHIER FORM : ComboBox_SelectedIndexChanged, PRODUCT_SALES_PRICE [1000000]
[ADMIN] [12/14/2016 11:38] [PENJUALAN] CASHIER FORM : cashierDataGridView_CellValueChanged [productPrice]
[ADMIN] [12/14/2016 11:38] [PENJUALAN] CASHIER FORM : TextBox_TextChanged, previousInput []
[ADMIN] [12/14/2016 11:38] [PENJUALAN] CASHIER FORM : TextBox_TextChanged, dataGridViewTextBoxEditingControl.Text pass REGEX Checking
[ADMIN] [12/14/2016 11:38] [PENJUALAN] CASHIER FORM : CALCULATE SUBTOTAL
[ADMIN] [12/14/2016 11:38] [PENJUALAN] CASHIER FORM : SUBTOTAL [0]
[ADMIN] [12/14/2016 11:38] [PENJUALAN] CASHIER FORM : TextBox_TextChanged, subtotal value [0]
[ADMIN] [12/14/2016 11:38] [PENJUALAN] CASHIER FORM : TextBox_TextChanged, attempt to calculate total value
[ADMIN] [12/14/2016 11:38] [PENJUALAN] CASHIER FORM : calculateTotal
[ADMIN] [12/14/2016 11:38] [PENJUALAN] CASHIER FORM : calculateTotal [0]
[ADMIN] [12/14/2016 11:38] [PENJUALAN] CASHIER FORM : calculateTotal, totalAfterDisc [0]
[ADMIN] [12/14/2016 11:38] [PENJUALAN] CASHIER FORM : cashierDataGridView_CellValueChanged [qty]
[ADMIN] [12/14/2016 11:38] [PENJUALAN] CASHIER FORM : TextBox_TextChanged, previousInput []
[ADMIN] [12/14/2016 11:38] [PENJUALAN] CASHIER FORM : TextBox_TextChanged, dataGridViewTextBoxEditingControl.Text pass REGEX Checking
[ADMIN] [12/14/2016 11:38] [PENJUALAN] CASHIER FORM : CALCULATE SUBTOTAL
[ADMIN] [12/14/2016 11:38] [PENJUALAN] CASHIER FORM : SUBTOTAL [0]
[ADMIN] [12/14/2016 11:38] [PENJUALAN] CASHIER FORM : TextBox_TextChanged, subtotal value [0]
[ADMIN] [12/14/2016 11:38] [PENJUALAN] CASHIER FORM : TextBox_TextChanged, attempt to calculate total value
[ADMIN] [12/14/2016 11:38] [PENJUALAN] CASHIER FORM : calculateTotal
[ADMIN] [12/14/2016 11:38] [PENJUALAN] CASHIER FORM : calculateTotal [0]
[ADMIN] [12/14/2016 11:38] [PENJUALAN] CASHIER FORM : calculateTotal, totalAfterDisc [0]
[ADMIN] [12/14/2016 11:38] [PENJUALAN] CASHIER FORM : ComboBox_SelectedIndexChanged, attempt to calculate total
[ADMIN] [12/14/2016 11:38] [PENJUALAN] CASHIER FORM : calculateTotal
[ADMIN] [12/14/2016 11:38] [PENJUALAN] CASHIER FORM : calculateTotal [0]
[ADMIN] [12/14/2016 11:38] [PENJUALAN] CASHIER FORM : calculateTotal, totalAfterDisc [0]
[ADMIN] [12/14/2016 11:38] [PENJUALAN] CASHIER FORM : cashierDataGridView_CellValueChanged [qty]
[ADMIN] [12/14/2016 11:38] [PENJUALAN] CASHIER FORM : TextBox_TextChanged, previousInput [0]
[ADMIN] [12/14/2016 11:38] [PENJUALAN] CASHIER FORM : TextBox_TextChanged, dataGridViewTextBoxEditingControl.Text [2]
[ADMIN] [12/14/2016 11:38] [PENJUALAN] CASHIER FORM : TextBox_TextChanged, dataGridViewTextBoxEditingControl.Text pass REGEX Checking
[ADMIN] [12/14/2016 11:38] [PENJUALAN] CASHIER FORM : CHECK STOCK QTY IS ENOUGH [1]
[ADMIN] [12/14/2016 11:38] [PENJUALAN] CASHIER FORM : CHECK STOCK QTY IS ENOUGH [3998, 2]
[ADMIN] [12/14/2016 11:38] [PENJUALAN] CASHIER FORM : CALCULATE SUBTOTAL
[ADMIN] [12/14/2016 11:38] [PENJUALAN] CASHIER FORM : SUBTOTAL [2000000]
[ADMIN] [12/14/2016 11:38] [PENJUALAN] CASHIER FORM : TextBox_TextChanged, subtotal value [2000000]
[ADMIN] [12/14/2016 11:38] [PENJUALAN] CASHIER FORM : TextBox_TextChanged, attempt to calculate total value
[ADMIN] [12/14/2016 11:38] [PENJUALAN] CASHIER FORM : calculateTotal
[ADMIN] [12/14/2016 11:38] [PENJUALAN] CASHIER FORM : calculateTotal [2000000]
[ADMIN] [12/14/2016 11:38] [PENJUALAN] CASHIER FORM : calculateTotal, totalAfterDisc [2000000]
[ADMIN] [12/14/2016 11:39] [PENJUALAN] CASHIER FORM : DISPLAY PELANGGAN FORM
[ADMIN] [12/14/2016 11:39] [PENJUALAN] CASHIER FORM : UNREGISTER HOTKEY
[ADMIN] [12/14/2016 11:40] [PENJUALAN] CASHIER FORM : SELECTED CUSTOMER ID [1]
[ADMIN] [12/14/2016 11:40] [PENJUALAN] CASHIER FORM : ATTEMPT TO SET CUSTOMER PROFILE
[ADMIN] [12/14/2016 11:40] [PENJUALAN] CASHIER FORM : SET CUSTOMER PROFILE [ANDRI]
[ADMIN] [12/14/2016 11:40] [PENJUALAN] CASHIER FORM : CUSTOMER GROUP [P-UMUM [ECER]]
[ADMIN] [12/14/2016 11:40] [PENJUALAN] CASHIER FORM : FINISHED SET CUSTOMER PROFILE
[ADMIN] [12/14/2016 11:40] [PENJUALAN] CASHIER FORM : ATTEMPT TO REFRESH PRODUCT PRICE
[ADMIN] [12/14/2016 11:40] [PENJUALAN] CASHIER FORM : PRODUCT PRICE TYPE [PRODUCT_RETAIL_PRICE]
[ADMIN] [12/14/2016 11:40] [PENJUALAN] CASHIER FORM : PRODUCT PRICE [1000000]
[ADMIN] [12/14/2016 11:40] [PENJUALAN] CASHIER FORM : CHECK IF THERE'S ANY ENTRY IN THE PRODUCT DISC
[ADMIN] [12/14/2016 11:40] [PENJUALAN] CASHIER FORM : cashierDataGridView_CellValueChanged [disc1]
[ADMIN] [12/14/2016 11:40] [PENJUALAN] CASHIER FORM : TextBox_TextChanged, previousInput [2]
[ADMIN] [12/14/2016 11:40] [PENJUALAN] CASHIER FORM : TextBox_TextChanged, dataGridViewTextBoxEditingControl.Text pass REGEX Checking
[ADMIN] [12/14/2016 11:40] [PENJUALAN] CASHIER FORM : CHECK STOCK QTY IS ENOUGH [1]
[ADMIN] [12/14/2016 11:40] [PENJUALAN] CASHIER FORM : CHECK STOCK QTY IS ENOUGH [3998, 0]
[ADMIN] [12/14/2016 11:40] [PENJUALAN] CASHIER FORM : CALCULATE SUBTOTAL
[ADMIN] [12/14/2016 11:40] [PENJUALAN] CASHIER FORM : SUBTOTAL [0]
[ADMIN] [12/14/2016 11:40] [PENJUALAN] CASHIER FORM : TextBox_TextChanged, subtotal value [0]
[ADMIN] [12/14/2016 11:40] [PENJUALAN] CASHIER FORM : TextBox_TextChanged, attempt to calculate total value
[ADMIN] [12/14/2016 11:40] [PENJUALAN] CASHIER FORM : calculateTotal
[ADMIN] [12/14/2016 11:40] [PENJUALAN] CASHIER FORM : calculateTotal [0]
[ADMIN] [12/14/2016 11:40] [PENJUALAN] CASHIER FORM : calculateTotal, totalAfterDisc [0]
[ADMIN] [12/14/2016 11:40] [PENJUALAN] CASHIER FORM : cashierDataGridView_CellValueChanged [disc2]
[ADMIN] [12/14/2016 11:40] [PENJUALAN] CASHIER FORM : TextBox_TextChanged, previousInput [0]
[ADMIN] [12/14/2016 11:40] [PENJUALAN] CASHIER FORM : TextBox_TextChanged, dataGridViewTextBoxEditingControl.Text [0]
[ADMIN] [12/14/2016 11:40] [PENJUALAN] CASHIER FORM : TextBox_TextChanged, dataGridViewTextBoxEditingControl.Text pass REGEX Checking
[ADMIN] [12/14/2016 11:40] [PENJUALAN] CASHIER FORM : CHECK STOCK QTY IS ENOUGH [1]
[ADMIN] [12/14/2016 11:40] [PENJUALAN] CASHIER FORM : CHECK STOCK QTY IS ENOUGH [3998, 0]
[ADMIN] [12/14/2016 11:40] [PENJUALAN] CASHIER FORM : CALCULATE SUBTOTAL
[ADMIN] [12/14/2016 11:40] [PENJUALAN] CASHIER FORM : SUBTOTAL [0]
[ADMIN] [12/14/2016 11:40] [PENJUALAN] CASHIER FORM : TextBox_TextChanged, subtotal value [0]
[ADMIN] [12/14/2016 11:40] [PENJUALAN] CASHIER FORM : TextBox_TextChanged, attempt to calculate total value
[ADMIN] [12/14/2016 11:40] [PENJUALAN] CASHIER FORM : calculateTotal
[ADMIN] [12/14/2016 11:40] [PENJUALAN] CASHIER FORM : calculateTotal [0]
[ADMIN] [12/14/2016 11:40] [PENJUALAN] CASHIER FORM : calculateTotal, totalAfterDisc [0]
[ADMIN] [12/14/2016 11:40] [PENJUALAN] CASHIER FORM : cashierDataGridView_CellValueChanged [discRP]
[ADMIN] [12/14/2016 11:40] [PENJUALAN] CASHIER FORM : TextBox_TextChanged, previousInput [0]
[ADMIN] [12/14/2016 11:40] [PENJUALAN] CASHIER FORM : TextBox_TextChanged, dataGridViewTextBoxEditingControl.Text [0]
[ADMIN] [12/14/2016 11:40] [PENJUALAN] CASHIER FORM : TextBox_TextChanged, dataGridViewTextBoxEditingControl.Text pass REGEX Checking
[ADMIN] [12/14/2016 11:40] [PENJUALAN] CASHIER FORM : CHECK STOCK QTY IS ENOUGH [1]
[ADMIN] [12/14/2016 11:40] [PENJUALAN] CASHIER FORM : CHECK STOCK QTY IS ENOUGH [3998, 0]
[ADMIN] [12/14/2016 11:40] [PENJUALAN] CASHIER FORM : CALCULATE SUBTOTAL
[ADMIN] [12/14/2016 11:40] [PENJUALAN] CASHIER FORM : SUBTOTAL [0]
[ADMIN] [12/14/2016 11:40] [PENJUALAN] CASHIER FORM : TextBox_TextChanged, subtotal value [0]
[ADMIN] [12/14/2016 11:40] [PENJUALAN] CASHIER FORM : TextBox_TextChanged, attempt to calculate total value
[ADMIN] [12/14/2016 11:40] [PENJUALAN] CASHIER FORM : calculateTotal
[ADMIN] [12/14/2016 11:40] [PENJUALAN] CASHIER FORM : calculateTotal [0]
[ADMIN] [12/14/2016 11:40] [PENJUALAN] CASHIER FORM : calculateTotal, totalAfterDisc [0]
[ADMIN] [12/14/2016 11:40] [PENJUALAN] CASHIER FORM : CALCULATE SUBTOTAL
[ADMIN] [12/14/2016 11:40] [PENJUALAN] CASHIER FORM : SUBTOTAL [0]
[ADMIN] [12/14/2016 11:40] [PENJUALAN] CASHIER FORM : calculateTotal
[ADMIN] [12/14/2016 11:40] [PENJUALAN] CASHIER FORM : calculateTotal [0]
[ADMIN] [12/14/2016 11:40] [PENJUALAN] CASHIER FORM : calculateTotal, totalAfterDisc [0]
[ADMIN] [12/14/2016 11:40] [PENJUALAN] CASHIER FORM : PRODUCT PRICE REFRESHED
[ADMIN] [12/14/2016 11:40] [PENJUALAN] CASHIER FORM : REGISTER HOTKEY
[ADMIN] [12/14/2016 11:40] [] UPDATE POIN SUCCESS
[ADMIN] [12/14/2016 11:40] [PENJUALAN] CASHIER FORM : cashierDataGridView_CellValueChanged [qty]
[ADMIN] [12/14/2016 11:40] [PENJUALAN] CASHIER FORM : TextBox_TextChanged, previousInput [0]
[ADMIN] [12/14/2016 11:40] [PENJUALAN] CASHIER FORM : TextBox_TextChanged, dataGridViewTextBoxEditingControl.Text [23]
[ADMIN] [12/14/2016 11:40] [PENJUALAN] CASHIER FORM : TextBox_TextChanged, dataGridViewTextBoxEditingControl.Text pass REGEX Checking
[ADMIN] [12/14/2016 11:40] [PENJUALAN] CASHIER FORM : CHECK STOCK QTY IS ENOUGH [1]
[ADMIN] [12/14/2016 11:40] [PENJUALAN] CASHIER FORM : CHECK STOCK QTY IS ENOUGH [3998, 23]
[ADMIN] [12/14/2016 11:40] [PENJUALAN] CASHIER FORM : CALCULATE SUBTOTAL
[ADMIN] [12/14/2016 11:40] [PENJUALAN] CASHIER FORM : SUBTOTAL [23000000]
[ADMIN] [12/14/2016 11:40] [PENJUALAN] CASHIER FORM : TextBox_TextChanged, subtotal value [23000000]
[ADMIN] [12/14/2016 11:40] [PENJUALAN] CASHIER FORM : TextBox_TextChanged, attempt to calculate total value
[ADMIN] [12/14/2016 11:40] [PENJUALAN] CASHIER FORM : calculateTotal
[ADMIN] [12/14/2016 11:40] [PENJUALAN] CASHIER FORM : calculateTotal [23000000]
[ADMIN] [12/14/2016 11:40] [PENJUALAN] CASHIER FORM : calculateTotal, totalAfterDisc [23000000]
[ADMIN] [12/14/2016 11:40] [PENJUALAN] CASHIER FORM : cashierDataGridView_CellValueChanged [qty]
[ADMIN] [12/14/2016 11:40] [PENJUALAN] CASHIER FORM : TextBox_TextChanged, previousInput [23]
[ADMIN] [12/14/2016 11:40] [PENJUALAN] CASHIER FORM : TextBox_TextChanged, dataGridViewTextBoxEditingControl.Text pass REGEX Checking
[ADMIN] [12/14/2016 11:40] [PENJUALAN] CASHIER FORM : CHECK STOCK QTY IS ENOUGH [1]
[ADMIN] [12/14/2016 11:40] [PENJUALAN] CASHIER FORM : CHECK STOCK QTY IS ENOUGH [3998, 2]
[ADMIN] [12/14/2016 11:40] [PENJUALAN] CASHIER FORM : CALCULATE SUBTOTAL
[ADMIN] [12/14/2016 11:40] [PENJUALAN] CASHIER FORM : SUBTOTAL [2000000]
[ADMIN] [12/14/2016 11:40] [PENJUALAN] CASHIER FORM : TextBox_TextChanged, subtotal value [2000000]
[ADMIN] [12/14/2016 11:40] [PENJUALAN] CASHIER FORM : TextBox_TextChanged, attempt to calculate total value
[ADMIN] [12/14/2016 11:40] [PENJUALAN] CASHIER FORM : calculateTotal
[ADMIN] [12/14/2016 11:40] [PENJUALAN] CASHIER FORM : calculateTotal [2000000]
[ADMIN] [12/14/2016 11:40] [PENJUALAN] CASHIER FORM : calculateTotal, totalAfterDisc [2000000]
[ADMIN] [12/14/2016 11:40] [PENJUALAN] CASHIER FORM : DISPLAY PELANGGAN FORM
[ADMIN] [12/14/2016 11:40] [PENJUALAN] CASHIER FORM : UNREGISTER HOTKEY
[ADMIN] [12/14/2016 11:40] [PENJUALAN] CASHIER FORM : SELECTED CUSTOMER ID [1]
[ADMIN] [12/14/2016 11:40] [PENJUALAN] CASHIER FORM : ATTEMPT TO SET CUSTOMER PROFILE
[ADMIN] [12/14/2016 11:40] [PENJUALAN] CASHIER FORM : SET CUSTOMER PROFILE [ANDRI]
[ADMIN] [12/14/2016 11:40] [PENJUALAN] CASHIER FORM : CUSTOMER GROUP [P-UMUM [ECER]]
[ADMIN] [12/14/2016 11:40] [PENJUALAN] CASHIER FORM : FINISHED SET CUSTOMER PROFILE
[ADMIN] [12/14/2016 11:40] [PENJUALAN] CASHIER FORM : ATTEMPT TO REFRESH PRODUCT PRICE
[ADMIN] [12/14/2016 11:40] [PENJUALAN] CASHIER FORM : PRODUCT PRICE TYPE [PRODUCT_RETAIL_PRICE]
[ADMIN] [12/14/2016 11:40] [PENJUALAN] CASHIER FORM : PRODUCT PRICE [1000000]
[ADMIN] [12/14/2016 11:40] [PENJUALAN] CASHIER FORM : CHECK IF THERE'S ANY ENTRY IN THE PRODUCT DISC
[ADMIN] [12/14/2016 11:40] [PENJUALAN] CASHIER FORM : CALCULATE SUBTOTAL
[ADMIN] [12/14/2016 11:40] [PENJUALAN] CASHIER FORM : SUBTOTAL [2000000]
[ADMIN] [12/14/2016 11:40] [PENJUALAN] CASHIER FORM : calculateTotal
[ADMIN] [12/14/2016 11:40] [PENJUALAN] CASHIER FORM : calculateTotal [2000000]
[ADMIN] [12/14/2016 11:40] [PENJUALAN] CASHIER FORM : calculateTotal, totalAfterDisc [2000000]
[ADMIN] [12/14/2016 11:40] [PENJUALAN] CASHIER FORM : PRODUCT PRICE REFRESHED
[ADMIN] [12/14/2016 11:40] [PENJUALAN] CASHIER FORM : REGISTER HOTKEY
[ADMIN] [12/14/2016 11:40] [] UPDATE POIN SUCCESS
[ADMIN] [12/14/2016 11:40] [PENJUALAN] CASHIER FORM : calculateChangeValue, bayarTextBox.Text [2]
[ADMIN] [12/14/2016 11:40] [PENJUALAN] CASHIER FORM : calculateChangeValue, sisaBayar [0]
[ADMIN] [12/14/2016 11:40] [PENJUALAN] CASHIER FORM : calculateChangeValue, bayarTextBox.Text [20]
[ADMIN] [12/14/2016 11:40] [PENJUALAN] CASHIER FORM : calculateChangeValue, sisaBayar [0]
[ADMIN] [12/14/2016 11:40] [PENJUALAN] CASHIER FORM : calculateChangeValue, bayarTextBox.Text [200]
[ADMIN] [12/14/2016 11:40] [PENJUALAN] CASHIER FORM : calculateChangeValue, sisaBayar [0]
[ADMIN] [12/14/2016 11:40] [PENJUALAN] CASHIER FORM : calculateChangeValue, bayarTextBox.Text [2000]
[ADMIN] [12/14/2016 11:40] [PENJUALAN] CASHIER FORM : calculateChangeValue, sisaBayar [0]
[ADMIN] [12/14/2016 11:40] [PENJUALAN] CASHIER FORM : calculateChangeValue, bayarTextBox.Text [20000]
[ADMIN] [12/14/2016 11:40] [PENJUALAN] CASHIER FORM : calculateChangeValue, sisaBayar [0]
[ADMIN] [12/14/2016 11:40] [PENJUALAN] CASHIER FORM : calculateChangeValue, bayarTextBox.Text [200000]
[ADMIN] [12/14/2016 11:40] [PENJUALAN] CASHIER FORM : calculateChangeValue, sisaBayar [0]
[ADMIN] [12/14/2016 11:40] [PENJUALAN] CASHIER FORM : calculateChangeValue, bayarTextBox.Text [2000000]
[ADMIN] [12/14/2016 11:40] [PENJUALAN] CASHIER FORM : calculateChangeValue, sisaBayar [0]
[ADMIN] [12/14/2016 11:40] [PENJUALAN] CASHIER FORM : HOTKEY TO SAVE AND PRINT OUT INVOICE PRESSED
[ADMIN] [12/14/2016 11:40] [PENJUALAN] CASHIER FORM : UNREGISTER HOTKEY
[ADMIN] [12/14/2016 11:40] [PENJUALAN] CASHIER FORM : REGISTER HOTKEY
[ADMIN] [12/14/2016 11:40] [PENJUALAN] ATTEMPT TO SAVE AND PRINT OUT INVOICE
[ADMIN] [12/14/2016 11:40] [PENJUALAN] CASHIER FORM : UNREGISTER HOTKEY
[ADMIN] [12/14/2016 11:40] [PENJUALAN] CASHIER FORM : ATTEMPT TO SAVE SALES DATA [14-12-2016 11:40]
[ADMIN] [12/14/2016 11:40] [PENJUALAN] CASHIER FORM : CASH SALES
[ADMIN] [12/14/2016 11:40] [PENJUALAN] CHECK IF TAX LIMIT SET FOR PERCENTAGE PURCHASE [0]
[ADMIN] [12/14/2016 11:40] [PENJUALAN] CHECK IF TAX LIMIT SET FOR AVERAGE DAILY PURCHASE [0]
[ADMIN] [12/14/2016 11:40] [PENJUALAN] CASHIER FORM : NO FAKTUR [SLO001]
[ADMIN] [12/14/2016 11:40] [PENJUALAN] CASHIER FORM : MAX SALES INVOICE [0]
[ADMIN] [12/14/2016 11:40] [PENJUALAN] CASHIER FORM : SALES INVOICE [SLO001-1]
[ADMIN] [12/14/2016 11:40] [PENJUALAN] INSERT INTO SALES HEADER [SLO001-1]
[ADMIN] [12/14/2016 11:40] [PENJUALAN] EXCEPTION THROWN [Truncated incorrect date value: '14-12-2016 11:40']
[ADMIN] [12/14/2016 11:58] [PENJUALAN] CASHIER FORM : REGISTER HOTKEY
[ADMIN] [12/14/2016 11:58] [PENJUALAN] CASHIER FORM : UNREGISTER HOTKEY
[ADMIN] [12/14/2016 11:58] [PENJUALAN] CASHIER FORM : UNREGISTER HOTKEY
[ADMIN] [12/14/2016 11:58] [] USER ID = 1LOGOUT
