[] [12/14/2016 11:33] [] USER = ADMIN IS ACTIVE
[ADMIN] [12/14/2016 11:33] [] USER ID = 1 LOGIN SUCCESSFULLY
[ADMIN] [12/14/2016 11:33] [] ACTIVATE USER ACCESS RIGHT
[ADMIN] [12/14/2016 11:33] [] DISPLAY ADMIN FORM
[ADMIN] [12/14/2016 11:33] [] adminForm Load
[ADMIN] [12/14/2016 11:33] [PENJUALAN] CASHIER FORM : MULTIPLE CASHIER INSTANCE [1]
[ADMIN] [12/14/2016 11:33] [PENJUALAN] CASHIER FORM : REGISTER HOTKEY
[ADMIN] [12/14/2016 11:33] [PENJUALAN] CASHIER FORM : cashierForm_Load, ATTEMPT TO LOAD NO FAKTUR
[ADMIN] [12/14/2016 11:33] [PENJUALAN] CASHIER FORM : loadNoFaktur, noFakturValue [SLO001]
[ADMIN] [12/14/2016 11:33] [PENJUALAN] CASHIER FORM : cashierForm_Load, ATTEMPT TO addColumnToDataGrid
[ADMIN] [12/14/2016 11:33] [PENJUALAN] CASHIER FORM : calculateTotal
[ADMIN] [12/14/2016 11:33] [PENJUALAN] CASHIER FORM : calculateTotal [0]
[ADMIN] [12/14/2016 11:33] [PENJUALAN] CASHIER FORM : calculateTotal, totalAfterDisc [0]
[ADMIN] [12/14/2016 11:33] [PENJUALAN] CASHIER FORM : REGISTER HOTKEY
[ADMIN] [12/14/2016 11:33] [PENJUALAN] CASHIER FORM : HOTKEY TO ADD NEW ROW PRESSED
[ADMIN] [12/14/2016 11:33] [PENJUALAN] CASHIER FORM : ADD NEW ROW,  isActive [True]
[ADMIN] [12/14/2016 11:33] [PENJUALAN] CASHIER FORM : ADD NEW ROW,  ROW COUNT [0]
[ADMIN] [12/14/2016 11:33] [PENJUALAN] CASHIER FORM : ADD NEW ROW,  ALLOW TO ADD [True]
[ADMIN] [12/14/2016 11:33] [PENJUALAN] CASHIER FORM : cashierDataGridView_CellValueChanged [F8]
[ADMIN] [12/14/2016 11:33] [PENJUALAN] CASHIER FORM : cashierDataGridView_CellValueChanged [hpp]
[ADMIN] [12/14/2016 11:33] [PENJUALAN] CASHIER FORM : cashierDataGridView_CellValueChanged [productPrice]
[ADMIN] [12/14/2016 11:33] [PENJUALAN] CASHIER FORM : TextBox_TextChanged, previousInput []
[ADMIN] [12/14/2016 11:33] [PENJUALAN] CASHIER FORM : TextBox_TextChanged, dataGridViewTextBoxEditingControl.Text pass REGEX Checking
[ADMIN] [12/14/2016 11:33] [PENJUALAN] CASHIER FORM : CALCULATE SUBTOTAL
[ADMIN] [12/14/2016 11:33] [PENJUALAN] CASHIER FORM : SUBTOTAL [0]
[ADMIN] [12/14/2016 11:33] [PENJUALAN] CASHIER FORM : TextBox_TextChanged, subtotal value [0]
[ADMIN] [12/14/2016 11:33] [PENJUALAN] CASHIER FORM : TextBox_TextChanged, attempt to calculate total value
[ADMIN] [12/14/2016 11:33] [PENJUALAN] CASHIER FORM : calculateTotal
[ADMIN] [12/14/2016 11:33] [PENJUALAN] CASHIER FORM : calculateTotal [0]
[ADMIN] [12/14/2016 11:33] [PENJUALAN] CASHIER FORM : calculateTotal, totalAfterDisc [0]
[ADMIN] [12/14/2016 11:33] [PENJUALAN] CASHIER FORM : cashierDataGridView_CellValueChanged [disc1]
[ADMIN] [12/14/2016 11:33] [PENJUALAN] CASHIER FORM : TextBox_TextChanged, previousInput []
[ADMIN] [12/14/2016 11:33] [PENJUALAN] CASHIER FORM : TextBox_TextChanged, dataGridViewTextBoxEditingControl.Text pass REGEX Checking
[ADMIN] [12/14/2016 11:33] [PENJUALAN] CASHIER FORM : CALCULATE SUBTOTAL
[ADMIN] [12/14/2016 11:33] [PENJUALAN] CASHIER FORM : SUBTOTAL [0]
[ADMIN] [12/14/2016 11:33] [PENJUALAN] CASHIER FORM : TextBox_TextChanged, subtotal value [0]
[ADMIN] [12/14/2016 11:33] [PENJUALAN] CASHIER FORM : TextBox_TextChanged, attempt to calculate total value
[ADMIN] [12/14/2016 11:33] [PENJUALAN] CASHIER FORM : calculateTotal
[ADMIN] [12/14/2016 11:33] [PENJUALAN] CASHIER FORM : calculateTotal [0]
[ADMIN] [12/14/2016 11:33] [PENJUALAN] CASHIER FORM : calculateTotal, totalAfterDisc [0]
[ADMIN] [12/14/2016 11:33] [PENJUALAN] CASHIER FORM : cashierDataGridView_CellValueChanged [qty]
[ADMIN] [12/14/2016 11:33] [PENJUALAN] CASHIER FORM : TextBox_TextChanged, previousInput []
[ADMIN] [12/14/2016 11:33] [PENJUALAN] CASHIER FORM : TextBox_TextChanged, dataGridViewTextBoxEditingControl.Text pass REGEX Checking
[ADMIN] [12/14/2016 11:33] [PENJUALAN] CASHIER FORM : CALCULATE SUBTOTAL
[ADMIN] [12/14/2016 11:33] [PENJUALAN] CASHIER FORM : SUBTOTAL [0]
[ADMIN] [12/14/2016 11:33] [PENJUALAN] CASHIER FORM : TextBox_TextChanged, subtotal value [0]
[ADMIN] [12/14/2016 11:33] [PENJUALAN] CASHIER FORM : TextBox_TextChanged, attempt to calculate total value
[ADMIN] [12/14/2016 11:33] [PENJUALAN] CASHIER FORM : calculateTotal
[ADMIN] [12/14/2016 11:33] [PENJUALAN] CASHIER FORM : calculateTotal [0]
[ADMIN] [12/14/2016 11:33] [PENJUALAN] CASHIER FORM : calculateTotal, totalAfterDisc [0]
[ADMIN] [12/14/2016 11:33] [PENJUALAN] CASHIER FORM : cashierDataGridView_CellValueChanged [disc2]
[ADMIN] [12/14/2016 11:33] [PENJUALAN] CASHIER FORM : TextBox_TextChanged, previousInput []
[ADMIN] [12/14/2016 11:33] [PENJUALAN] CASHIER FORM : TextBox_TextChanged, dataGridViewTextBoxEditingControl.Text pass REGEX Checking
[ADMIN] [12/14/2016 11:33] [PENJUALAN] CASHIER FORM : CALCULATE SUBTOTAL
[ADMIN] [12/14/2016 11:33] [PENJUALAN] CASHIER FORM : SUBTOTAL [0]
[ADMIN] [12/14/2016 11:33] [PENJUALAN] CASHIER FORM : TextBox_TextChanged, subtotal value [0]
[ADMIN] [12/14/2016 11:33] [PENJUALAN] CASHIER FORM : TextBox_TextChanged, attempt to calculate total value
[ADMIN] [12/14/2016 11:33] [PENJUALAN] CASHIER FORM : calculateTotal
[ADMIN] [12/14/2016 11:33] [PENJUALAN] CASHIER FORM : calculateTotal [0]
[ADMIN] [12/14/2016 11:33] [PENJUALAN] CASHIER FORM : calculateTotal, totalAfterDisc [0]
[ADMIN] [12/14/2016 11:33] [PENJUALAN] CASHIER FORM : cashierDataGridView_CellValueChanged [discRP]
[ADMIN] [12/14/2016 11:33] [PENJUALAN] CASHIER FORM : TextBox_TextChanged, previousInput []
[ADMIN] [12/14/2016 11:33] [PENJUALAN] CASHIER FORM : TextBox_TextChanged, dataGridViewTextBoxEditingControl.Text pass REGEX Checking
[ADMIN] [12/14/2016 11:33] [PENJUALAN] CASHIER FORM : CALCULATE SUBTOTAL
[ADMIN] [12/14/2016 11:33] [PENJUALAN] CASHIER FORM : SUBTOTAL [0]
[ADMIN] [12/14/2016 11:33] [PENJUALAN] CASHIER FORM : TextBox_TextChanged, subtotal value [0]
[ADMIN] [12/14/2016 11:33] [PENJUALAN] CASHIER FORM : TextBox_TextChanged, attempt to calculate total value
[ADMIN] [12/14/2016 11:33] [PENJUALAN] CASHIER FORM : calculateTotal
[ADMIN] [12/14/2016 11:33] [PENJUALAN] CASHIER FORM : calculateTotal [0]
[ADMIN] [12/14/2016 11:33] [PENJUALAN] CASHIER FORM : calculateTotal, totalAfterDisc [0]
[ADMIN] [12/14/2016 11:33] [PENJUALAN] CASHIER FORM : cashierDataGridView_CellValueChanged [jumlah]
[ADMIN] [12/14/2016 11:33] [PENJUALAN] CASHIER FORM : cashierDataGridView_CellValueChanged [productName]
[ADMIN] [12/14/2016 11:33] [PENJUALAN] CASHIER FORM : cashierDataGridView_CellValueChanged [productName]
[ADMIN] [12/14/2016 11:33] [PENJUALAN] CASHIER FORM : cashierDataGridView_CellValueChanged [productID]
[ADMIN] [12/14/2016 11:33] [PENJUALAN] CASHIER FORM : PRODUCT PRICE TYPE [PRODUCT_BASE_PRICE]
[ADMIN] [12/14/2016 11:33] [PENJUALAN] CASHIER FORM : PRODUCT PRICE [1000000]
[ADMIN] [12/14/2016 11:33] [PENJUALAN] CASHIER FORM : ComboBox_SelectedIndexChanged, PRODUCT_BASE_PRICE [1000000]
[ADMIN] [12/14/2016 11:33] [PENJUALAN] CASHIER FORM : cashierDataGridView_CellValueChanged [hpp]
[ADMIN] [12/14/2016 11:33] [PENJUALAN] CASHIER FORM : PRODUCT PRICE TYPE [PRODUCT_RETAIL_PRICE]
[ADMIN] [12/14/2016 11:33] [PENJUALAN] CASHIER FORM : PRODUCT PRICE [1000000]
[ADMIN] [12/14/2016 11:33] [PENJUALAN] CASHIER FORM : ComboBox_SelectedIndexChanged, PRODUCT_SALES_PRICE [1000000]
[ADMIN] [12/14/2016 11:33] [PENJUALAN] CASHIER FORM : cashierDataGridView_CellValueChanged [productPrice]
[ADMIN] [12/14/2016 11:33] [PENJUALAN] CASHIER FORM : TextBox_TextChanged, previousInput []
[ADMIN] [12/14/2016 11:33] [PENJUALAN] CASHIER FORM : TextBox_TextChanged, dataGridViewTextBoxEditingControl.Text pass REGEX Checking
[ADMIN] [12/14/2016 11:33] [PENJUALAN] CASHIER FORM : CALCULATE SUBTOTAL
[ADMIN] [12/14/2016 11:33] [PENJUALAN] CASHIER FORM : SUBTOTAL [0]
[ADMIN] [12/14/2016 11:33] [PENJUALAN] CASHIER FORM : TextBox_TextChanged, subtotal value [0]
[ADMIN] [12/14/2016 11:33] [PENJUALAN] CASHIER FORM : TextBox_TextChanged, attempt to calculate total value
[ADMIN] [12/14/2016 11:33] [PENJUALAN] CASHIER FORM : calculateTotal
[ADMIN] [12/14/2016 11:33] [PENJUALAN] CASHIER FORM : calculateTotal [0]
[ADMIN] [12/14/2016 11:33] [PENJUALAN] CASHIER FORM : calculateTotal, totalAfterDisc [0]
[ADMIN] [12/14/2016 11:33] [PENJUALAN] CASHIER FORM : cashierDataGridView_CellValueChanged [qty]
[ADMIN] [12/14/2016 11:33] [PENJUALAN] CASHIER FORM : TextBox_TextChanged, previousInput []
[ADMIN] [12/14/2016 11:33] [PENJUALAN] CASHIER FORM : TextBox_TextChanged, dataGridViewTextBoxEditingControl.Text pass REGEX Checking
[ADMIN] [12/14/2016 11:33] [PENJUALAN] CASHIER FORM : CALCULATE SUBTOTAL
[ADMIN] [12/14/2016 11:33] [PENJUALAN] CASHIER FORM : SUBTOTAL [0]
[ADMIN] [12/14/2016 11:33] [PENJUALAN] CASHIER FORM : TextBox_TextChanged, subtotal value [0]
[ADMIN] [12/14/2016 11:33] [PENJUALAN] CASHIER FORM : TextBox_TextChanged, attempt to calculate total value
[ADMIN] [12/14/2016 11:33] [PENJUALAN] CASHIER FORM : calculateTotal
[ADMIN] [12/14/2016 11:33] [PENJUALAN] CASHIER FORM : calculateTotal [0]
[ADMIN] [12/14/2016 11:33] [PENJUALAN] CASHIER FORM : calculateTotal, totalAfterDisc [0]
[ADMIN] [12/14/2016 11:33] [PENJUALAN] CASHIER FORM : ComboBox_SelectedIndexChanged, attempt to calculate total
[ADMIN] [12/14/2016 11:33] [PENJUALAN] CASHIER FORM : calculateTotal
[ADMIN] [12/14/2016 11:33] [PENJUALAN] CASHIER FORM : calculateTotal [0]
[ADMIN] [12/14/2016 11:33] [PENJUALAN] CASHIER FORM : calculateTotal, totalAfterDisc [0]
[ADMIN] [12/14/2016 11:33] [PENJUALAN] CASHIER FORM : HOTKEY TO ADD NEW ROW PRESSED
[ADMIN] [12/14/2016 11:33] [PENJUALAN] CASHIER FORM : ADD NEW ROW,  isActive [True]
[ADMIN] [12/14/2016 11:33] [PENJUALAN] CASHIER FORM : ADD NEW ROW,  ROW COUNT [1]
[ADMIN] [12/14/2016 11:33] [PENJUALAN] CASHIER FORM : ADD NEW ROW,  ALLOW TO ADD [True]
[ADMIN] [12/14/2016 11:33] [PENJUALAN] CASHIER FORM : cashierDataGridView_CellValueChanged [F8]
[ADMIN] [12/14/2016 11:33] [PENJUALAN] CASHIER FORM : cashierDataGridView_CellValueChanged [hpp]
[ADMIN] [12/14/2016 11:33] [PENJUALAN] CASHIER FORM : cashierDataGridView_CellValueChanged [productPrice]
[ADMIN] [12/14/2016 11:33] [PENJUALAN] CASHIER FORM : TextBox_TextChanged, previousInput []
[ADMIN] [12/14/2016 11:33] [PENJUALAN] CASHIER FORM : TextBox_TextChanged, dataGridViewTextBoxEditingControl.Text pass REGEX Checking
[ADMIN] [12/14/2016 11:33] [PENJUALAN] CASHIER FORM : CALCULATE SUBTOTAL
[ADMIN] [12/14/2016 11:33] [PENJUALAN] CASHIER FORM : SUBTOTAL [0]
[ADMIN] [12/14/2016 11:33] [PENJUALAN] CASHIER FORM : TextBox_TextChanged, subtotal value [0]
[ADMIN] [12/14/2016 11:33] [PENJUALAN] CASHIER FORM : TextBox_TextChanged, attempt to calculate total value
[ADMIN] [12/14/2016 11:33] [PENJUALAN] CASHIER FORM : calculateTotal
[ADMIN] [12/14/2016 11:33] [PENJUALAN] CASHIER FORM : calculateTotal [0]
[ADMIN] [12/14/2016 11:33] [PENJUALAN] CASHIER FORM : calculateTotal, totalAfterDisc [0]
[ADMIN] [12/14/2016 11:33] [PENJUALAN] CASHIER FORM : cashierDataGridView_CellValueChanged [disc1]
[ADMIN] [12/14/2016 11:33] [PENJUALAN] CASHIER FORM : TextBox_TextChanged, previousInput []
[ADMIN] [12/14/2016 11:33] [PENJUALAN] CASHIER FORM : TextBox_TextChanged, dataGridViewTextBoxEditingControl.Text pass REGEX Checking
[ADMIN] [12/14/2016 11:33] [PENJUALAN] CASHIER FORM : CALCULATE SUBTOTAL
[ADMIN] [12/14/2016 11:33] [PENJUALAN] CASHIER FORM : SUBTOTAL [0]
[ADMIN] [12/14/2016 11:33] [PENJUALAN] CASHIER FORM : TextBox_TextChanged, subtotal value [0]
[ADMIN] [12/14/2016 11:33] [PENJUALAN] CASHIER FORM : TextBox_TextChanged, attempt to calculate total value
[ADMIN] [12/14/2016 11:33] [PENJUALAN] CASHIER FORM : calculateTotal
[ADMIN] [12/14/2016 11:33] [PENJUALAN] CASHIER FORM : calculateTotal [0]
[ADMIN] [12/14/2016 11:33] [PENJUALAN] CASHIER FORM : calculateTotal, totalAfterDisc [0]
[ADMIN] [12/14/2016 11:33] [PENJUALAN] CASHIER FORM : cashierDataGridView_CellValueChanged [qty]
[ADMIN] [12/14/2016 11:33] [PENJUALAN] CASHIER FORM : TextBox_TextChanged, previousInput []
[ADMIN] [12/14/2016 11:33] [PENJUALAN] CASHIER FORM : TextBox_TextChanged, dataGridViewTextBoxEditingControl.Text pass REGEX Checking
[ADMIN] [12/14/2016 11:33] [PENJUALAN] CASHIER FORM : CALCULATE SUBTOTAL
[ADMIN] [12/14/2016 11:33] [PENJUALAN] CASHIER FORM : SUBTOTAL [0]
[ADMIN] [12/14/2016 11:33] [PENJUALAN] CASHIER FORM : TextBox_TextChanged, subtotal value [0]
[ADMIN] [12/14/2016 11:33] [PENJUALAN] CASHIER FORM : TextBox_TextChanged, attempt to calculate total value
[ADMIN] [12/14/2016 11:33] [PENJUALAN] CASHIER FORM : calculateTotal
[ADMIN] [12/14/2016 11:33] [PENJUALAN] CASHIER FORM : calculateTotal [0]
[ADMIN] [12/14/2016 11:33] [PENJUALAN] CASHIER FORM : calculateTotal, totalAfterDisc [0]
[ADMIN] [12/14/2016 11:33] [PENJUALAN] CASHIER FORM : cashierDataGridView_CellValueChanged [disc2]
[ADMIN] [12/14/2016 11:33] [PENJUALAN] CASHIER FORM : TextBox_TextChanged, previousInput []
[ADMIN] [12/14/2016 11:33] [PENJUALAN] CASHIER FORM : TextBox_TextChanged, dataGridViewTextBoxEditingControl.Text pass REGEX Checking
[ADMIN] [12/14/2016 11:33] [PENJUALAN] CASHIER FORM : CALCULATE SUBTOTAL
[ADMIN] [12/14/2016 11:33] [PENJUALAN] CASHIER FORM : SUBTOTAL [0]
[ADMIN] [12/14/2016 11:33] [PENJUALAN] CASHIER FORM : TextBox_TextChanged, subtotal value [0]
[ADMIN] [12/14/2016 11:33] [PENJUALAN] CASHIER FORM : TextBox_TextChanged, attempt to calculate total value
[ADMIN] [12/14/2016 11:33] [PENJUALAN] CASHIER FORM : calculateTotal
[ADMIN] [12/14/2016 11:33] [PENJUALAN] CASHIER FORM : calculateTotal [0]
[ADMIN] [12/14/2016 11:33] [PENJUALAN] CASHIER FORM : calculateTotal, totalAfterDisc [0]
[ADMIN] [12/14/2016 11:33] [PENJUALAN] CASHIER FORM : cashierDataGridView_CellValueChanged [discRP]
[ADMIN] [12/14/2016 11:33] [PENJUALAN] CASHIER FORM : TextBox_TextChanged, previousInput []
[ADMIN] [12/14/2016 11:33] [PENJUALAN] CASHIER FORM : TextBox_TextChanged, dataGridViewTextBoxEditingControl.Text pass REGEX Checking
[ADMIN] [12/14/2016 11:33] [PENJUALAN] CASHIER FORM : CALCULATE SUBTOTAL
[ADMIN] [12/14/2016 11:33] [PENJUALAN] CASHIER FORM : SUBTOTAL [0]
[ADMIN] [12/14/2016 11:33] [PENJUALAN] CASHIER FORM : TextBox_TextChanged, subtotal value [0]
[ADMIN] [12/14/2016 11:33] [PENJUALAN] CASHIER FORM : TextBox_TextChanged, attempt to calculate total value
[ADMIN] [12/14/2016 11:33] [PENJUALAN] CASHIER FORM : calculateTotal
[ADMIN] [12/14/2016 11:33] [PENJUALAN] CASHIER FORM : calculateTotal [0]
[ADMIN] [12/14/2016 11:33] [PENJUALAN] CASHIER FORM : calculateTotal, totalAfterDisc [0]
[ADMIN] [12/14/2016 11:33] [PENJUALAN] CASHIER FORM : cashierDataGridView_CellValueChanged [jumlah]
[ADMIN] [12/14/2016 11:33] [PENJUALAN] CASHIER FORM : cashierDataGridView_CellValueChanged [productName]
[ADMIN] [12/14/2016 11:33] [PENJUALAN] CASHIER FORM : cashierDataGridView_CellValueChanged [productName]
[ADMIN] [12/14/2016 11:33] [PENJUALAN] CASHIER FORM : cashierDataGridView_CellValueChanged [productName]
[ADMIN] [12/14/2016 11:33] [PENJUALAN] CASHIER FORM : cashierDataGridView_CellValueChanged [productName]
[ADMIN] [12/14/2016 11:33] [PENJUALAN] CASHIER FORM : calculateTotal
[ADMIN] [12/14/2016 11:33] [PENJUALAN] CASHIER FORM : calculateTotal [0]
[ADMIN] [12/14/2016 11:33] [PENJUALAN] CASHIER FORM : calculateTotal, totalAfterDisc [0]
[ADMIN] [12/14/2016 11:33] [PENJUALAN] CASHIER FORM : cashierDataGridView_CellValueChanged [productName]
[ADMIN] [12/14/2016 11:33] [PENJUALAN] CASHIER FORM : cashierDataGridView_CellValueChanged [productName]
[ADMIN] [12/14/2016 11:33] [PENJUALAN] CASHIER FORM : cashierDataGridView_CellValueChanged [productName]
[ADMIN] [12/14/2016 11:33] [PENJUALAN] CASHIER FORM : cashierDataGridView_CellValueChanged [productName]
[ADMIN] [12/14/2016 11:33] [PENJUALAN] CASHIER FORM : cashierDataGridView_CellValueChanged [productName]
[ADMIN] [12/14/2016 11:33] [PENJUALAN] CASHIER FORM : cashierDataGridView_CellValueChanged [productName]
[ADMIN] [12/14/2016 11:33] [PENJUALAN] CASHIER FORM : cashierDataGridView_CellValueChanged [productID]
[ADMIN] [12/14/2016 11:33] [PENJUALAN] CASHIER FORM : PRODUCT PRICE TYPE [PRODUCT_BASE_PRICE]
[ADMIN] [12/14/2016 11:33] [PENJUALAN] CASHIER FORM : PRODUCT PRICE [1000000]
[ADMIN] [12/14/2016 11:33] [PENJUALAN] CASHIER FORM : ComboBox_SelectedIndexChanged, PRODUCT_BASE_PRICE [1000000]
[ADMIN] [12/14/2016 11:33] [PENJUALAN] CASHIER FORM : cashierDataGridView_CellValueChanged [hpp]
[ADMIN] [12/14/2016 11:33] [PENJUALAN] CASHIER FORM : PRODUCT PRICE TYPE [PRODUCT_RETAIL_PRICE]
[ADMIN] [12/14/2016 11:33] [PENJUALAN] CASHIER FORM : PRODUCT PRICE [1000000]
[ADMIN] [12/14/2016 11:33] [PENJUALAN] CASHIER FORM : ComboBox_SelectedIndexChanged, PRODUCT_SALES_PRICE [1000000]
[ADMIN] [12/14/2016 11:33] [PENJUALAN] CASHIER FORM : cashierDataGridView_CellValueChanged [productPrice]
[ADMIN] [12/14/2016 11:33] [PENJUALAN] CASHIER FORM : TextBox_TextChanged, previousInput []
[ADMIN] [12/14/2016 11:33] [PENJUALAN] CASHIER FORM : TextBox_TextChanged, dataGridViewTextBoxEditingControl.Text pass REGEX Checking
[ADMIN] [12/14/2016 11:33] [PENJUALAN] CASHIER FORM : CALCULATE SUBTOTAL
[ADMIN] [12/14/2016 11:33] [PENJUALAN] CASHIER FORM : SUBTOTAL [0]
[ADMIN] [12/14/2016 11:33] [PENJUALAN] CASHIER FORM : TextBox_TextChanged, subtotal value [0]
[ADMIN] [12/14/2016 11:33] [PENJUALAN] CASHIER FORM : TextBox_TextChanged, attempt to calculate total value
[ADMIN] [12/14/2016 11:33] [PENJUALAN] CASHIER FORM : calculateTotal
[ADMIN] [12/14/2016 11:33] [PENJUALAN] CASHIER FORM : calculateTotal [0]
[ADMIN] [12/14/2016 11:33] [PENJUALAN] CASHIER FORM : calculateTotal, totalAfterDisc [0]
[ADMIN] [12/14/2016 11:33] [PENJUALAN] CASHIER FORM : cashierDataGridView_CellValueChanged [qty]
[ADMIN] [12/14/2016 11:33] [PENJUALAN] CASHIER FORM : TextBox_TextChanged, previousInput []
[ADMIN] [12/14/2016 11:33] [PENJUALAN] CASHIER FORM : TextBox_TextChanged, dataGridViewTextBoxEditingControl.Text pass REGEX Checking
[ADMIN] [12/14/2016 11:33] [PENJUALAN] CASHIER FORM : CALCULATE SUBTOTAL
[ADMIN] [12/14/2016 11:33] [PENJUALAN] CASHIER FORM : SUBTOTAL [0]
[ADMIN] [12/14/2016 11:33] [PENJUALAN] CASHIER FORM : TextBox_TextChanged, subtotal value [0]
[ADMIN] [12/14/2016 11:33] [PENJUALAN] CASHIER FORM : TextBox_TextChanged, attempt to calculate total value
[ADMIN] [12/14/2016 11:33] [PENJUALAN] CASHIER FORM : calculateTotal
[ADMIN] [12/14/2016 11:33] [PENJUALAN] CASHIER FORM : calculateTotal [0]
[ADMIN] [12/14/2016 11:33] [PENJUALAN] CASHIER FORM : calculateTotal, totalAfterDisc [0]
[ADMIN] [12/14/2016 11:33] [PENJUALAN] CASHIER FORM : ComboBox_SelectedIndexChanged, attempt to calculate total
[ADMIN] [12/14/2016 11:33] [PENJUALAN] CASHIER FORM : calculateTotal
[ADMIN] [12/14/2016 11:33] [PENJUALAN] CASHIER FORM : calculateTotal [0]
[ADMIN] [12/14/2016 11:33] [PENJUALAN] CASHIER FORM : calculateTotal, totalAfterDisc [0]
[ADMIN] [12/14/2016 11:33] [PENJUALAN] CASHIER FORM : cashierDataGridView_CellValueChanged [qty]
[ADMIN] [12/14/2016 11:33] [PENJUALAN] CASHIER FORM : cashierDataGridView_CellValueChanged , empty texbox, reset [qty] value to 0
[ADMIN] [12/14/2016 11:33] [PENJUALAN] CASHIER FORM : TextBox_TextChanged, recalculate total value
[ADMIN] [12/14/2016 11:33] [PENJUALAN] CASHIER FORM : calculateTotal
[ADMIN] [12/14/2016 11:33] [PENJUALAN] CASHIER FORM : calculateTotal [0]
[ADMIN] [12/14/2016 11:33] [PENJUALAN] CASHIER FORM : calculateTotal, totalAfterDisc [0]
[ADMIN] [12/14/2016 11:33] [PENJUALAN] CASHIER FORM : UNREGISTER HOTKEY
[ADMIN] [12/14/2016 11:33] [PENJUALAN] CASHIER FORM : REGISTER HOTKEY
[ADMIN] [12/14/2016 11:33] [PENJUALAN] CASHIER FORM : cashierDataGridView_KeyDown ATTEMPT TO DELETE ROW
[ADMIN] [12/14/2016 11:33] [PENJUALAN] CASHIER FORM : deleteCurrentRow [1]
[ADMIN] [12/14/2016 11:33] [PENJUALAN] CASHIER FORM : UPDATE ROW NUMBER, TOTAL ROW [1]
[ADMIN] [12/14/2016 11:33] [PENJUALAN] CASHIER FORM : calculateTotal
[ADMIN] [12/14/2016 11:33] [PENJUALAN] CASHIER FORM : calculateTotal [0]
[ADMIN] [12/14/2016 11:33] [PENJUALAN] CASHIER FORM : calculateTotal, totalAfterDisc [0]
[ADMIN] [12/14/2016 11:33] [PENJUALAN] CASHIER FORM : cashierDataGridView_CellValueChanged [qty]
[ADMIN] [12/14/2016 11:33] [PENJUALAN] CASHIER FORM : TextBox_TextChanged, previousInput [0]
[ADMIN] [12/14/2016 11:33] [PENJUALAN] CASHIER FORM : TextBox_TextChanged, dataGridViewTextBoxEditingControl.Text [1]
[ADMIN] [12/14/2016 11:33] [PENJUALAN] CASHIER FORM : TextBox_TextChanged, dataGridViewTextBoxEditingControl.Text pass REGEX Checking
[ADMIN] [12/14/2016 11:33] [PENJUALAN] CASHIER FORM : CHECK STOCK QTY IS ENOUGH [1]
[ADMIN] [12/14/2016 11:33] [PENJUALAN] CASHIER FORM : CHECK STOCK QTY IS ENOUGH [3998, 1]
[ADMIN] [12/14/2016 11:33] [PENJUALAN] CASHIER FORM : CALCULATE SUBTOTAL
[ADMIN] [12/14/2016 11:33] [PENJUALAN] CASHIER FORM : SUBTOTAL [1000000]
[ADMIN] [12/14/2016 11:33] [PENJUALAN] CASHIER FORM : TextBox_TextChanged, subtotal value [1000000]
[ADMIN] [12/14/2016 11:33] [PENJUALAN] CASHIER FORM : TextBox_TextChanged, attempt to calculate total value
[ADMIN] [12/14/2016 11:33] [PENJUALAN] CASHIER FORM : calculateTotal
[ADMIN] [12/14/2016 11:33] [PENJUALAN] CASHIER FORM : calculateTotal [1000000]
[ADMIN] [12/14/2016 11:33] [PENJUALAN] CASHIER FORM : calculateTotal, totalAfterDisc [1000000]
[ADMIN] [12/14/2016 11:33] [PENJUALAN] CASHIER FORM : DISPLAY PELANGGAN FORM
[ADMIN] [12/14/2016 11:33] [PENJUALAN] CASHIER FORM : UNREGISTER HOTKEY
[ADMIN] [12/14/2016 11:33] [PENJUALAN] CASHIER FORM : SELECTED CUSTOMER ID [1]
[ADMIN] [12/14/2016 11:33] [PENJUALAN] CASHIER FORM : ATTEMPT TO SET CUSTOMER PROFILE
[ADMIN] [12/14/2016 11:33] [PENJUALAN] CASHIER FORM : SET CUSTOMER PROFILE [ANDRI]
[ADMIN] [12/14/2016 11:33] [PENJUALAN] CASHIER FORM : CUSTOMER GROUP [P-UMUM [ECER]]
[ADMIN] [12/14/2016 11:33] [PENJUALAN] CASHIER FORM : FINISHED SET CUSTOMER PROFILE
[ADMIN] [12/14/2016 11:33] [PENJUALAN] CASHIER FORM : ATTEMPT TO REFRESH PRODUCT PRICE
[ADMIN] [12/14/2016 11:33] [PENJUALAN] CASHIER FORM : PRODUCT PRICE TYPE [PRODUCT_RETAIL_PRICE]
[ADMIN] [12/14/2016 11:33] [PENJUALAN] CASHIER FORM : PRODUCT PRICE [1000000]
[ADMIN] [12/14/2016 11:33] [PENJUALAN] CASHIER FORM : CHECK IF THERE'S ANY ENTRY IN THE PRODUCT DISC
[ADMIN] [12/14/2016 11:33] [PENJUALAN] CASHIER FORM : cashierDataGridView_CellValueChanged [disc1]
[ADMIN] [12/14/2016 11:33] [PENJUALAN] CASHIER FORM : TextBox_TextChanged, previousInput []
[ADMIN] [12/14/2016 11:33] [PENJUALAN] CASHIER FORM : TextBox_TextChanged, dataGridViewTextBoxEditingControl.Text pass REGEX Checking
[ADMIN] [12/14/2016 11:33] [PENJUALAN] CASHIER FORM : CALCULATE SUBTOTAL
[ADMIN] [12/14/2016 11:33] [PENJUALAN] CASHIER FORM : SUBTOTAL [1000000]
[ADMIN] [12/14/2016 11:33] [PENJUALAN] CASHIER FORM : TextBox_TextChanged, subtotal value [1000000]
[ADMIN] [12/14/2016 11:33] [PENJUALAN] CASHIER FORM : TextBox_TextChanged, attempt to calculate total value
[ADMIN] [12/14/2016 11:33] [PENJUALAN] CASHIER FORM : calculateTotal
[ADMIN] [12/14/2016 11:33] [PENJUALAN] CASHIER FORM : calculateTotal [1000000]
[ADMIN] [12/14/2016 11:33] [PENJUALAN] CASHIER FORM : calculateTotal, totalAfterDisc [1000000]
[ADMIN] [12/14/2016 11:33] [PENJUALAN] CASHIER FORM : cashierDataGridView_CellValueChanged [disc2]
[ADMIN] [12/14/2016 11:33] [PENJUALAN] CASHIER FORM : TextBox_TextChanged, previousInput []
[ADMIN] [12/14/2016 11:33] [PENJUALAN] CASHIER FORM : TextBox_TextChanged, dataGridViewTextBoxEditingControl.Text pass REGEX Checking
[ADMIN] [12/14/2016 11:33] [PENJUALAN] CASHIER FORM : CALCULATE SUBTOTAL
[ADMIN] [12/14/2016 11:33] [PENJUALAN] CASHIER FORM : SUBTOTAL [1000000]
[ADMIN] [12/14/2016 11:33] [PENJUALAN] CASHIER FORM : TextBox_TextChanged, subtotal value [1000000]
[ADMIN] [12/14/2016 11:33] [PENJUALAN] CASHIER FORM : TextBox_TextChanged, attempt to calculate total value
[ADMIN] [12/14/2016 11:33] [PENJUALAN] CASHIER FORM : calculateTotal
[ADMIN] [12/14/2016 11:33] [PENJUALAN] CASHIER FORM : calculateTotal [1000000]
[ADMIN] [12/14/2016 11:33] [PENJUALAN] CASHIER FORM : calculateTotal, totalAfterDisc [1000000]
[ADMIN] [12/14/2016 11:33] [PENJUALAN] CASHIER FORM : cashierDataGridView_CellValueChanged [discRP]
[ADMIN] [12/14/2016 11:33] [PENJUALAN] CASHIER FORM : TextBox_TextChanged, previousInput []
[ADMIN] [12/14/2016 11:33] [PENJUALAN] CASHIER FORM : TextBox_TextChanged, dataGridViewTextBoxEditingControl.Text pass REGEX Checking
[ADMIN] [12/14/2016 11:33] [PENJUALAN] CASHIER FORM : CALCULATE SUBTOTAL
[ADMIN] [12/14/2016 11:33] [PENJUALAN] CASHIER FORM : SUBTOTAL [1000000]
[ADMIN] [12/14/2016 11:33] [PENJUALAN] CASHIER FORM : TextBox_TextChanged, subtotal value [1000000]
[ADMIN] [12/14/2016 11:33] [PENJUALAN] CASHIER FORM : TextBox_TextChanged, attempt to calculate total value
[ADMIN] [12/14/2016 11:33] [PENJUALAN] CASHIER FORM : calculateTotal
[ADMIN] [12/14/2016 11:33] [PENJUALAN] CASHIER FORM : calculateTotal [1000000]
[ADMIN] [12/14/2016 11:33] [PENJUALAN] CASHIER FORM : calculateTotal, totalAfterDisc [1000000]
[ADMIN] [12/14/2016 11:33] [PENJUALAN] CASHIER FORM : CALCULATE SUBTOTAL
[ADMIN] [12/14/2016 11:33] [PENJUALAN] CASHIER FORM : SUBTOTAL [1000000]
[ADMIN] [12/14/2016 11:33] [PENJUALAN] CASHIER FORM : calculateTotal
[ADMIN] [12/14/2016 11:33] [PENJUALAN] CASHIER FORM : calculateTotal [1000000]
[ADMIN] [12/14/2016 11:33] [PENJUALAN] CASHIER FORM : calculateTotal, totalAfterDisc [1000000]
[ADMIN] [12/14/2016 11:33] [PENJUALAN] CASHIER FORM : PRODUCT PRICE REFRESHED
[ADMIN] [12/14/2016 11:33] [PENJUALAN] CASHIER FORM : REGISTER HOTKEY
[ADMIN] [12/14/2016 11:34] [] UPDATE POIN SUCCESS
[ADMIN] [12/14/2016 11:34] [PENJUALAN] CASHIER FORM : calculateChangeValue, bayarTextBox.Text [1]
[ADMIN] [12/14/2016 11:34] [PENJUALAN] CASHIER FORM : calculateChangeValue, sisaBayar [0]
[ADMIN] [12/14/2016 11:34] [PENJUALAN] CASHIER FORM : calculateChangeValue, bayarTextBox.Text [10]
[ADMIN] [12/14/2016 11:34] [PENJUALAN] CASHIER FORM : calculateChangeValue, sisaBayar [0]
[ADMIN] [12/14/2016 11:34] [PENJUALAN] CASHIER FORM : calculateChangeValue, bayarTextBox.Text [100]
[ADMIN] [12/14/2016 11:34] [PENJUALAN] CASHIER FORM : calculateChangeValue, sisaBayar [0]
[ADMIN] [12/14/2016 11:34] [PENJUALAN] CASHIER FORM : calculateChangeValue, bayarTextBox.Text [1000]
[ADMIN] [12/14/2016 11:34] [PENJUALAN] CASHIER FORM : calculateChangeValue, sisaBayar [0]
[ADMIN] [12/14/2016 11:34] [PENJUALAN] CASHIER FORM : calculateChangeValue, bayarTextBox.Text [10000]
[ADMIN] [12/14/2016 11:34] [PENJUALAN] CASHIER FORM : calculateChangeValue, sisaBayar [0]
[ADMIN] [12/14/2016 11:34] [PENJUALAN] CASHIER FORM : calculateChangeValue, bayarTextBox.Text [100000]
[ADMIN] [12/14/2016 11:34] [PENJUALAN] CASHIER FORM : calculateChangeValue, sisaBayar [0]
[ADMIN] [12/14/2016 11:34] [PENJUALAN] CASHIER FORM : calculateChangeValue, bayarTextBox.Text [1000000]
[ADMIN] [12/14/2016 11:34] [PENJUALAN] CASHIER FORM : calculateChangeValue, sisaBayar [0]
[ADMIN] [12/14/2016 11:34] [PENJUALAN] CASHIER FORM : HOTKEY TO SAVE AND PRINT OUT INVOICE PRESSED
[ADMIN] [12/14/2016 11:34] [PENJUALAN] CASHIER FORM : UNREGISTER HOTKEY
[ADMIN] [12/14/2016 11:34] [PENJUALAN] CASHIER FORM : REGISTER HOTKEY
[ADMIN] [12/14/2016 11:34] [PENJUALAN] ATTEMPT TO SAVE AND PRINT OUT INVOICE
[ADMIN] [12/14/2016 11:34] [PENJUALAN] CASHIER FORM : UNREGISTER HOTKEY
[ADMIN] [12/14/2016 11:34] [PENJUALAN] CASHIER FORM : ATTEMPT TO SAVE SALES DATA [14-12-2016 11:34]
[ADMIN] [12/14/2016 11:34] [PENJUALAN] CASHIER FORM : CASH SALES
[ADMIN] [12/14/2016 11:34] [PENJUALAN] CHECK IF TAX LIMIT SET FOR PERCENTAGE PURCHASE [0]
[ADMIN] [12/14/2016 11:34] [PENJUALAN] CHECK IF TAX LIMIT SET FOR AVERAGE DAILY PURCHASE [0]
[ADMIN] [12/14/2016 11:34] [PENJUALAN] CASHIER FORM : NO FAKTUR [SLO001]
[ADMIN] [12/14/2016 11:34] [PENJUALAN] CASHIER FORM : MAX SALES INVOICE [0]
[ADMIN] [12/14/2016 11:34] [PENJUALAN] CASHIER FORM : SALES INVOICE [SLO001-1]
[ADMIN] [12/14/2016 11:34] [PENJUALAN] INSERT INTO SALES HEADER [SLO001-1]
[ADMIN] [12/14/2016 11:34] [PENJUALAN] EXCEPTION THROWN [You have an error in your SQL syntax; check the manual that corresponds to your MySQL server version for the right syntax to use near '), SET POINTS_AMOUNT = 10 WHERE CUSTOMER_ID = 1' at line 1]
[ADMIN] [12/14/2016 11:34] [PENJUALAN] CASHIER FORM : REGISTER HOTKEY
[ADMIN] [12/14/2016 11:34] [PENJUALAN] CASHIER FORM : UNREGISTER HOTKEY
[ADMIN] [12/14/2016 11:34] [PENJUALAN] CASHIER FORM : UNREGISTER HOTKEY
[ADMIN] [12/14/2016 11:34] [] USER ID = 1LOGOUT
