[] [10/25/2016 01:52] [] USER = ADMIN IS ACTIVE
[ADMIN] [10/25/2016 01:52] [] USER ID = 1 LOGIN SUCCESSFULLY
[ADMIN] [10/25/2016 01:52] [] ACTIVATE USER ACCESS RIGHT
[ADMIN] [10/25/2016 01:52] [] DISPLAY ADMIN FORM
[ADMIN] [10/25/2016 01:52] [] adminForm Load
[ADMIN] [10/25/2016 01:54] [TAMBAH / UPDATE PRODUK] INSERT NEW PRODUCT [111]
[ADMIN] [10/25/2016 01:54] [TAMBAH / UPDATE PRODUK] INSERT PRODUCT CATEGORY FOR [111]
[ADMIN] [10/25/2016 01:54] [RETUR PENJUALAN] RETUR PENJUALAN : detailGridView_CellValueChanged [productID]
[ADMIN] [10/25/2016 01:54] [RETUR PENJUALAN] RETUR PENJUALAN : detailGridView_CellValueChanged [productName]
[ADMIN] [10/25/2016 01:54] [PENJUALAN] CASHIER FORM : ComboBox_SelectedIndexChanged, PRODUCT_BASE_PRICE [1]
[ADMIN] [10/25/2016 01:54] [RETUR PENJUALAN] RETUR PENJUALAN : detailGridView_CellValueChanged [hpp]
[ADMIN] [10/25/2016 01:54] [RETUR PENJUALAN] RETUR PENJUALAN : detailGridView_CellValueChanged [subtotal]
[ADMIN] [10/25/2016 01:54] [RETUR PENJUALAN] RETUR PENJUALAN : detailGridView_CellValueChanged [qtyReceived]
[ADMIN] [10/25/2016 01:54] [RETUR PENJUALAN] RETUR PENJUALAN : detailGridView_CellValueChanged [subtotal]
[ADMIN] [10/25/2016 01:54] [PENJUALAN] CASHIER FORM : ComboBox_SelectedIndexChanged, attempt to calculate total
[ADMIN] [10/25/2016 01:54] [RETUR PENJUALAN] RETUR PENJUALAN : detailGridView_CellValueChanged [qtyReceived]
[ADMIN] [10/25/2016 01:54] [RETUR PENJUALAN] RETUR PENJUALAN : detailGridView_CellValueChanged [subtotal]
[ADMIN] [10/25/2016 01:54] [RETUR PENJUALAN] RETUR PENJUALAN : detailGridView_CellValueChanged [subtotal]
[ADMIN] [10/25/2016 01:54] [RETUR PENJUALAN] RETUR PENJUALAN : detailGridView_CellValueChanged [productID]
[ADMIN] [10/25/2016 01:54] [RETUR PENJUALAN] RETUR PENJUALAN : detailGridView_CellValueChanged [productName]
[ADMIN] [10/25/2016 01:54] [PENJUALAN] CASHIER FORM : ComboBox_SelectedIndexChanged, PRODUCT_BASE_PRICE [49500]
[ADMIN] [10/25/2016 01:54] [RETUR PENJUALAN] RETUR PENJUALAN : detailGridView_CellValueChanged [hpp]
[ADMIN] [10/25/2016 01:54] [RETUR PENJUALAN] RETUR PENJUALAN : detailGridView_CellValueChanged [subtotal]
[ADMIN] [10/25/2016 01:54] [RETUR PENJUALAN] RETUR PENJUALAN : detailGridView_CellValueChanged [qtyReceived]
[ADMIN] [10/25/2016 01:54] [RETUR PENJUALAN] RETUR PENJUALAN : detailGridView_CellValueChanged [subtotal]
[ADMIN] [10/25/2016 01:54] [PENJUALAN] CASHIER FORM : ComboBox_SelectedIndexChanged, attempt to calculate total
[ADMIN] [10/25/2016 01:54] [RETUR PENJUALAN] RETUR PENJUALAN : detailGridView_CellValueChanged [qtyReceived]
[ADMIN] [10/25/2016 01:54] [RETUR PENJUALAN] RETUR PENJUALAN : detailGridView_CellValueChanged [subtotal]
[ADMIN] [10/25/2016 01:54] [RETUR PENJUALAN] RETUR PENJUALAN : detailGridView_CellValueChanged [subtotal]
[] [10/25/2016 01:55] [] USER = ADMIN IS ACTIVE
[ADMIN] [10/25/2016 01:55] [] USER ID = 1 LOGIN SUCCESSFULLY
[ADMIN] [10/25/2016 01:55] [] ACTIVATE USER ACCESS RIGHT
[ADMIN] [10/25/2016 01:55] [] DISPLAY ADMIN FORM
[ADMIN] [10/25/2016 01:55] [] adminForm Load
[ADMIN] [10/25/2016 01:55] [RETUR PENJUALAN] RETUR PENJUALAN : detailGridView_CellValueChanged [productID]
[ADMIN] [10/25/2016 01:55] [RETUR PENJUALAN] RETUR PENJUALAN : detailGridView_CellValueChanged [productName]
[ADMIN] [10/25/2016 01:55] [PENJUALAN] CASHIER FORM : ComboBox_SelectedIndexChanged, PRODUCT_BASE_PRICE [49500]
[ADMIN] [10/25/2016 01:55] [RETUR PENJUALAN] RETUR PENJUALAN : detailGridView_CellValueChanged [hpp]
[ADMIN] [10/25/2016 01:55] [RETUR PENJUALAN] RETUR PENJUALAN : detailGridView_CellValueChanged [subtotal]
[ADMIN] [10/25/2016 01:55] [RETUR PENJUALAN] RETUR PENJUALAN : detailGridView_CellValueChanged [qtyReceived]
[ADMIN] [10/25/2016 01:55] [RETUR PENJUALAN] RETUR PENJUALAN : detailGridView_CellValueChanged [subtotal]
[ADMIN] [10/25/2016 01:55] [PENJUALAN] CASHIER FORM : ComboBox_SelectedIndexChanged, attempt to calculate total
[ADMIN] [10/25/2016 01:55] [RETUR PENJUALAN] RETUR PENJUALAN : detailGridView_CellValueChanged [qtyReceived]
[ADMIN] [10/25/2016 01:55] [RETUR PENJUALAN] RETUR PENJUALAN : detailGridView_CellValueChanged [subtotal]
[ADMIN] [10/25/2016 01:55] [RETUR PENJUALAN] RETUR PENJUALAN : detailGridView_CellValueChanged [subtotal]
[ADMIN] [10/25/2016 01:59] [RETUR PENJUALAN] RETUR PENJUALAN : detailGridView_CellValueChanged [productID]
[ADMIN] [10/25/2016 01:59] [RETUR PENJUALAN] RETUR PENJUALAN : detailGridView_CellValueChanged [productName]
[ADMIN] [10/25/2016 01:59] [PENJUALAN] CASHIER FORM : ComboBox_SelectedIndexChanged, PRODUCT_BASE_PRICE [28000]
[ADMIN] [10/25/2016 01:59] [RETUR PENJUALAN] RETUR PENJUALAN : detailGridView_CellValueChanged [hpp]
[ADMIN] [10/25/2016 01:59] [RETUR PENJUALAN] RETUR PENJUALAN : detailGridView_CellValueChanged [subtotal]
[ADMIN] [10/25/2016 01:59] [RETUR PENJUALAN] RETUR PENJUALAN : detailGridView_CellValueChanged [qtyReceived]
[ADMIN] [10/25/2016 01:59] [RETUR PENJUALAN] RETUR PENJUALAN : detailGridView_CellValueChanged [subtotal]
[ADMIN] [10/25/2016 01:59] [PENJUALAN] CASHIER FORM : ComboBox_SelectedIndexChanged, attempt to calculate total
[ADMIN] [10/25/2016 01:59] [RETUR PENJUALAN] RETUR PENJUALAN : detailGridView_CellValueChanged [qtyReceived]
[ADMIN] [10/25/2016 01:59] [RETUR PENJUALAN] RETUR PENJUALAN : detailGridView_CellValueChanged [subtotal]
[ADMIN] [10/25/2016 02:00] [RETUR PENJUALAN] RETUR PENJUALAN : detailGridView_CellValueChanged [subtotal]
[ADMIN] [10/25/2016 02:00] [RETUR PENJUALAN] RETUR PENJUALAN : detailGridView_CellValueChanged [productID]
[ADMIN] [10/25/2016 02:00] [RETUR PENJUALAN] RETUR PENJUALAN : detailGridView_CellValueChanged [productName]
[ADMIN] [10/25/2016 02:00] [PENJUALAN] CASHIER FORM : ComboBox_SelectedIndexChanged, PRODUCT_BASE_PRICE [103500]
[ADMIN] [10/25/2016 02:00] [RETUR PENJUALAN] RETUR PENJUALAN : detailGridView_CellValueChanged [hpp]
[ADMIN] [10/25/2016 02:00] [RETUR PENJUALAN] RETUR PENJUALAN : detailGridView_CellValueChanged [subtotal]
[ADMIN] [10/25/2016 02:00] [RETUR PENJUALAN] RETUR PENJUALAN : detailGridView_CellValueChanged [qtyReceived]
[ADMIN] [10/25/2016 02:00] [RETUR PENJUALAN] RETUR PENJUALAN : detailGridView_CellValueChanged [subtotal]
[ADMIN] [10/25/2016 02:00] [PENJUALAN] CASHIER FORM : ComboBox_SelectedIndexChanged, attempt to calculate total
[ADMIN] [10/25/2016 02:00] [RETUR PENJUALAN] RETUR PENJUALAN : detailGridView_CellValueChanged [qtyReceived]
[ADMIN] [10/25/2016 02:00] [RETUR PENJUALAN] RETUR PENJUALAN : detailGridView_CellValueChanged [subtotal]
[ADMIN] [10/25/2016 02:00] [RETUR PENJUALAN] RETUR PENJUALAN : detailGridView_CellValueChanged [subtotal]
[ADMIN] [10/25/2016 02:00] [RETUR PENJUALAN] RETUR PENJUALAN : detailGridView_CellValueChanged [productID]
[ADMIN] [10/25/2016 02:00] [RETUR PENJUALAN] RETUR PENJUALAN : detailGridView_CellValueChanged [productName]
[ADMIN] [10/25/2016 02:00] [PENJUALAN] CASHIER FORM : ComboBox_SelectedIndexChanged, PRODUCT_BASE_PRICE [49500]
[ADMIN] [10/25/2016 02:00] [RETUR PENJUALAN] RETUR PENJUALAN : detailGridView_CellValueChanged [hpp]
[ADMIN] [10/25/2016 02:00] [RETUR PENJUALAN] RETUR PENJUALAN : detailGridView_CellValueChanged [subtotal]
[ADMIN] [10/25/2016 02:00] [RETUR PENJUALAN] RETUR PENJUALAN : detailGridView_CellValueChanged [qtyReceived]
[ADMIN] [10/25/2016 02:00] [RETUR PENJUALAN] RETUR PENJUALAN : detailGridView_CellValueChanged [subtotal]
[ADMIN] [10/25/2016 02:00] [PENJUALAN] CASHIER FORM : ComboBox_SelectedIndexChanged, attempt to calculate total
[ADMIN] [10/25/2016 02:00] [RETUR PENJUALAN] RETUR PENJUALAN : detailGridView_CellValueChanged [qtyReceived]
[ADMIN] [10/25/2016 02:00] [RETUR PENJUALAN] RETUR PENJUALAN : detailGridView_CellValueChanged [subtotal]
[ADMIN] [10/25/2016 02:00] [RETUR PENJUALAN] RETUR PENJUALAN : detailGridView_CellValueChanged [subtotal]
[ADMIN] [10/25/2016 02:01] [RETUR PENJUALAN] RETUR PENJUALAN : detailGridView_CellValueChanged [productID]
[ADMIN] [10/25/2016 02:01] [RETUR PENJUALAN] RETUR PENJUALAN : detailGridView_CellValueChanged [productName]
[ADMIN] [10/25/2016 02:01] [PENJUALAN] CASHIER FORM : ComboBox_SelectedIndexChanged, PRODUCT_BASE_PRICE [28000]
[ADMIN] [10/25/2016 02:01] [RETUR PENJUALAN] RETUR PENJUALAN : detailGridView_CellValueChanged [hpp]
[ADMIN] [10/25/2016 02:01] [RETUR PENJUALAN] RETUR PENJUALAN : detailGridView_CellValueChanged [subtotal]
[ADMIN] [10/25/2016 02:01] [RETUR PENJUALAN] RETUR PENJUALAN : detailGridView_CellValueChanged [qtyReceived]
[ADMIN] [10/25/2016 02:01] [RETUR PENJUALAN] RETUR PENJUALAN : detailGridView_CellValueChanged [subtotal]
[ADMIN] [10/25/2016 02:01] [PENJUALAN] CASHIER FORM : ComboBox_SelectedIndexChanged, attempt to calculate total
[ADMIN] [10/25/2016 02:01] [RETUR PENJUALAN] RETUR PENJUALAN : detailGridView_CellValueChanged [qtyReceived]
[ADMIN] [10/25/2016 02:01] [RETUR PENJUALAN] RETUR PENJUALAN : detailGridView_CellValueChanged [subtotal]
[ADMIN] [10/25/2016 02:01] [RETUR PENJUALAN] RETUR PENJUALAN : detailGridView_CellValueChanged [subtotal]
[] [10/25/2016 02:07] [] USER = ADMIN IS ACTIVE
[ADMIN] [10/25/2016 02:07] [] USER ID = 1 LOGIN SUCCESSFULLY
[ADMIN] [10/25/2016 02:07] [] ACTIVATE USER ACCESS RIGHT
[ADMIN] [10/25/2016 02:07] [] DISPLAY ADMIN FORM
[ADMIN] [10/25/2016 02:07] [] adminForm Load
[ADMIN] [10/25/2016 02:08] [RETUR PENJUALAN] RETUR PENJUALAN : detailGridView_CellValueChanged [productID]
[ADMIN] [10/25/2016 02:08] [RETUR PENJUALAN] RETUR PENJUALAN : detailGridView_CellValueChanged [productName]
[ADMIN] [10/25/2016 02:08] [PENJUALAN] CASHIER FORM : ComboBox_SelectedIndexChanged, PRODUCT_BASE_PRICE [49500]
[ADMIN] [10/25/2016 02:08] [RETUR PENJUALAN] RETUR PENJUALAN : detailGridView_CellValueChanged [hpp]
[ADMIN] [10/25/2016 02:08] [RETUR PENJUALAN] RETUR PENJUALAN : detailGridView_CellValueChanged [subtotal]
[ADMIN] [10/25/2016 02:08] [RETUR PENJUALAN] RETUR PENJUALAN : detailGridView_CellValueChanged [qtyReceived]
[ADMIN] [10/25/2016 02:08] [RETUR PENJUALAN] RETUR PENJUALAN : detailGridView_CellValueChanged [subtotal]
[ADMIN] [10/25/2016 02:08] [PENJUALAN] CASHIER FORM : ComboBox_SelectedIndexChanged, attempt to calculate total
[ADMIN] [10/25/2016 02:08] [RETUR PENJUALAN] RETUR PENJUALAN : detailGridView_CellValueChanged [qtyReceived]
[ADMIN] [10/25/2016 02:08] [RETUR PENJUALAN] RETUR PENJUALAN : detailGridView_CellValueChanged [subtotal]
[ADMIN] [10/25/2016 02:08] [RETUR PENJUALAN] RETUR PENJUALAN : detailGridView_CellValueChanged [subtotal]
[] [10/25/2016 02:10] [] USER = ADMIN IS ACTIVE
[ADMIN] [10/25/2016 02:10] [] USER ID = 1 LOGIN SUCCESSFULLY
[ADMIN] [10/25/2016 02:10] [] ACTIVATE USER ACCESS RIGHT
[ADMIN] [10/25/2016 02:10] [] DISPLAY ADMIN FORM
[ADMIN] [10/25/2016 02:10] [] adminForm Load
[ADMIN] [10/25/2016 02:11] [RETUR PENJUALAN] RETUR PENJUALAN : detailGridView_CellValueChanged [productID]
[ADMIN] [10/25/2016 02:11] [RETUR PENJUALAN] RETUR PENJUALAN : detailGridView_CellValueChanged [productName]
[ADMIN] [10/25/2016 02:11] [PENJUALAN] CASHIER FORM : ComboBox_SelectedIndexChanged, PRODUCT_BASE_PRICE [49500]
[ADMIN] [10/25/2016 02:11] [RETUR PENJUALAN] RETUR PENJUALAN : detailGridView_CellValueChanged [hpp]
[ADMIN] [10/25/2016 02:11] [RETUR PENJUALAN] RETUR PENJUALAN : detailGridView_CellValueChanged [subtotal]
[ADMIN] [10/25/2016 02:11] [RETUR PENJUALAN] RETUR PENJUALAN : detailGridView_CellValueChanged [qtyReceived]
[ADMIN] [10/25/2016 02:11] [RETUR PENJUALAN] RETUR PENJUALAN : detailGridView_CellValueChanged [subtotal]
[ADMIN] [10/25/2016 02:11] [PENJUALAN] CASHIER FORM : ComboBox_SelectedIndexChanged, attempt to calculate total
[ADMIN] [10/25/2016 02:11] [RETUR PENJUALAN] RETUR PENJUALAN : detailGridView_CellValueChanged [qtyReceived]
[ADMIN] [10/25/2016 02:11] [RETUR PENJUALAN] RETUR PENJUALAN : detailGridView_CellValueChanged [subtotal]
[ADMIN] [10/25/2016 02:11] [RETUR PENJUALAN] RETUR PENJUALAN : detailGridView_CellValueChanged [subtotal]
[ADMIN] [10/25/2016 02:11] [RETUR PENJUALAN] RETUR PENJUALAN : detailGridView_CellValueChanged [productID]
[ADMIN] [10/25/2016 02:11] [RETUR PENJUALAN] RETUR PENJUALAN : detailGridView_CellValueChanged [productName]
[ADMIN] [10/25/2016 02:11] [PENJUALAN] CASHIER FORM : ComboBox_SelectedIndexChanged, PRODUCT_BASE_PRICE [103500]
[ADMIN] [10/25/2016 02:11] [RETUR PENJUALAN] RETUR PENJUALAN : detailGridView_CellValueChanged [hpp]
[ADMIN] [10/25/2016 02:11] [RETUR PENJUALAN] RETUR PENJUALAN : detailGridView_CellValueChanged [subtotal]
[ADMIN] [10/25/2016 02:11] [RETUR PENJUALAN] RETUR PENJUALAN : detailGridView_CellValueChanged [qtyReceived]
[ADMIN] [10/25/2016 02:11] [RETUR PENJUALAN] RETUR PENJUALAN : detailGridView_CellValueChanged [subtotal]
[ADMIN] [10/25/2016 02:11] [PENJUALAN] CASHIER FORM : ComboBox_SelectedIndexChanged, attempt to calculate total
[ADMIN] [10/25/2016 02:11] [RETUR PENJUALAN] RETUR PENJUALAN : detailGridView_CellValueChanged [qtyReceived]
[ADMIN] [10/25/2016 02:11] [RETUR PENJUALAN] RETUR PENJUALAN : detailGridView_CellValueChanged [subtotal]
[ADMIN] [10/25/2016 02:11] [RETUR PENJUALAN] RETUR PENJUALAN : detailGridView_CellValueChanged [subtotal]
[ADMIN] [10/25/2016 02:11] [RETUR PENJUALAN] RETUR PENJUALAN : detailGridView_CellValueChanged [productID]
[ADMIN] [10/25/2016 02:11] [RETUR PENJUALAN] RETUR PENJUALAN : detailGridView_CellValueChanged [productName]
[ADMIN] [10/25/2016 02:11] [PENJUALAN] CASHIER FORM : ComboBox_SelectedIndexChanged, PRODUCT_BASE_PRICE [58500]
[ADMIN] [10/25/2016 02:11] [RETUR PENJUALAN] RETUR PENJUALAN : detailGridView_CellValueChanged [hpp]
[ADMIN] [10/25/2016 02:11] [RETUR PENJUALAN] RETUR PENJUALAN : detailGridView_CellValueChanged [subtotal]
[ADMIN] [10/25/2016 02:11] [RETUR PENJUALAN] RETUR PENJUALAN : detailGridView_CellValueChanged [qtyReceived]
[ADMIN] [10/25/2016 02:11] [RETUR PENJUALAN] RETUR PENJUALAN : detailGridView_CellValueChanged [subtotal]
[ADMIN] [10/25/2016 02:11] [PENJUALAN] CASHIER FORM : ComboBox_SelectedIndexChanged, attempt to calculate total
[ADMIN] [10/25/2016 02:11] [RETUR PENJUALAN] RETUR PENJUALAN : detailGridView_CellValueChanged [qtyReceived]
[ADMIN] [10/25/2016 02:11] [RETUR PENJUALAN] RETUR PENJUALAN : detailGridView_CellValueChanged [subtotal]
[ADMIN] [10/25/2016 02:11] [RETUR PENJUALAN] RETUR PENJUALAN : detailGridView_CellValueChanged [subtotal]
[ADMIN] [10/25/2016 02:11] [] USER ID = 1LOGOUT
