[] [12/15/2016 14:35] [] USER = ADMIN IS ACTIVE
[ADMIN] [12/15/2016 14:35] [] USER ID = 1 LOGIN SUCCESSFULLY
[ADMIN] [12/15/2016 14:35] [] ACTIVATE USER ACCESS RIGHT
[ADMIN] [12/15/2016 14:35] [] DISPLAY ADMIN FORM
[ADMIN] [12/15/2016 14:35] [] adminForm Load
[ADMIN] [12/15/2016 14:35] [PENJUALAN] CASHIER FORM : MULTIPLE CASHIER INSTANCE [1]
[ADMIN] [12/15/2016 14:35] [PENJUALAN] CASHIER FORM : REGISTER HOTKEY
[ADMIN] [12/15/2016 14:35] [PENJUALAN] CASHIER FORM : cashierForm_Load, ATTEMPT TO LOAD NO FAKTUR
[ADMIN] [12/15/2016 14:35] [PENJUALAN] CASHIER FORM : loadNoFaktur, noFakturValue [SLO001]
[ADMIN] [12/15/2016 14:35] [PENJUALAN] CASHIER FORM : cashierForm_Load, ATTEMPT TO addColumnToDataGrid
[ADMIN] [12/15/2016 14:35] [PENJUALAN] CASHIER FORM : calculateTotal
[ADMIN] [12/15/2016 14:35] [PENJUALAN] CASHIER FORM : calculateTotal [0]
[ADMIN] [12/15/2016 14:35] [PENJUALAN] CASHIER FORM : calculateTotal, totalAfterDisc [0]
[ADMIN] [12/15/2016 14:35] [PENJUALAN] CASHIER FORM : REGISTER HOTKEY
[ADMIN] [12/15/2016 14:35] [PENJUALAN] CASHIER FORM : UNREGISTER HOTKEY
[ADMIN] [12/15/2016 14:35] [PENJUALAN] CASHIER FORM : REGISTER HOTKEY
[ADMIN] [12/15/2016 14:35] [PENJUALAN] CASHIER FORM : HOTKEY TO ADD NEW ROW PRESSED
[ADMIN] [12/15/2016 14:35] [PENJUALAN] CASHIER FORM : ADD NEW ROW,  isActive [True]
[ADMIN] [12/15/2016 14:35] [PENJUALAN] CASHIER FORM : ADD NEW ROW,  ROW COUNT [0]
[ADMIN] [12/15/2016 14:35] [PENJUALAN] CASHIER FORM : ADD NEW ROW,  ALLOW TO ADD [True]
[ADMIN] [12/15/2016 14:35] [PENJUALAN] CASHIER FORM : cashierDataGridView_CellValueChanged [F8]
[ADMIN] [12/15/2016 14:35] [PENJUALAN] CASHIER FORM : cashierDataGridView_CellValueChanged [hpp]
[ADMIN] [12/15/2016 14:35] [PENJUALAN] CASHIER FORM : cashierDataGridView_CellValueChanged [productPrice]
[ADMIN] [12/15/2016 14:35] [PENJUALAN] CASHIER FORM : TextBox_TextChanged, previousInput []
[ADMIN] [12/15/2016 14:35] [PENJUALAN] CASHIER FORM : TextBox_TextChanged, dataGridViewTextBoxEditingControl.Text pass REGEX Checking
[ADMIN] [12/15/2016 14:35] [PENJUALAN] CASHIER FORM : CALCULATE SUBTOTAL
[ADMIN] [12/15/2016 14:35] [PENJUALAN] CASHIER FORM : SUBTOTAL [0]
[ADMIN] [12/15/2016 14:35] [PENJUALAN] CASHIER FORM : TextBox_TextChanged, subtotal value [0]
[ADMIN] [12/15/2016 14:35] [PENJUALAN] CASHIER FORM : TextBox_TextChanged, attempt to calculate total value
[ADMIN] [12/15/2016 14:35] [PENJUALAN] CASHIER FORM : calculateTotal
[ADMIN] [12/15/2016 14:35] [PENJUALAN] CASHIER FORM : calculateTotal [0]
[ADMIN] [12/15/2016 14:35] [PENJUALAN] CASHIER FORM : calculateTotal, totalAfterDisc [0]
[ADMIN] [12/15/2016 14:35] [PENJUALAN] CASHIER FORM : cashierDataGridView_CellValueChanged [disc1]
[ADMIN] [12/15/2016 14:35] [PENJUALAN] CASHIER FORM : TextBox_TextChanged, previousInput [0]
[ADMIN] [12/15/2016 14:35] [PENJUALAN] CASHIER FORM : TextBox_TextChanged, dataGridViewTextBoxEditingControl.Text [0]
[ADMIN] [12/15/2016 14:35] [PENJUALAN] CASHIER FORM : TextBox_TextChanged, dataGridViewTextBoxEditingControl.Text pass REGEX Checking
[ADMIN] [12/15/2016 14:35] [PENJUALAN] CASHIER FORM : CALCULATE SUBTOTAL
[ADMIN] [12/15/2016 14:35] [PENJUALAN] CASHIER FORM : SUBTOTAL [0]
[ADMIN] [12/15/2016 14:35] [PENJUALAN] CASHIER FORM : TextBox_TextChanged, subtotal value [0]
[ADMIN] [12/15/2016 14:35] [PENJUALAN] CASHIER FORM : TextBox_TextChanged, attempt to calculate total value
[ADMIN] [12/15/2016 14:35] [PENJUALAN] CASHIER FORM : calculateTotal
[ADMIN] [12/15/2016 14:35] [PENJUALAN] CASHIER FORM : calculateTotal [0]
[ADMIN] [12/15/2016 14:35] [PENJUALAN] CASHIER FORM : calculateTotal, totalAfterDisc [0]
[ADMIN] [12/15/2016 14:35] [PENJUALAN] CASHIER FORM : cashierDataGridView_CellValueChanged [qty]
[ADMIN] [12/15/2016 14:35] [PENJUALAN] CASHIER FORM : TextBox_TextChanged, previousInput [0]
[ADMIN] [12/15/2016 14:35] [PENJUALAN] CASHIER FORM : TextBox_TextChanged, dataGridViewTextBoxEditingControl.Text [0]
[ADMIN] [12/15/2016 14:35] [PENJUALAN] CASHIER FORM : TextBox_TextChanged, dataGridViewTextBoxEditingControl.Text pass REGEX Checking
[ADMIN] [12/15/2016 14:35] [PENJUALAN] CASHIER FORM : CHECK STOCK QTY IS ENOUGH []
[ADMIN] [12/15/2016 14:35] [PENJUALAN] CASHIER FORM : CALCULATE SUBTOTAL
[ADMIN] [12/15/2016 14:35] [PENJUALAN] CASHIER FORM : SUBTOTAL [0]
[ADMIN] [12/15/2016 14:35] [PENJUALAN] CASHIER FORM : TextBox_TextChanged, subtotal value [0]
[ADMIN] [12/15/2016 14:35] [PENJUALAN] CASHIER FORM : TextBox_TextChanged, attempt to calculate total value
[ADMIN] [12/15/2016 14:35] [PENJUALAN] CASHIER FORM : calculateTotal
[ADMIN] [12/15/2016 14:35] [PENJUALAN] CASHIER FORM : calculateTotal [0]
[ADMIN] [12/15/2016 14:35] [PENJUALAN] CASHIER FORM : calculateTotal, totalAfterDisc [0]
[ADMIN] [12/15/2016 14:35] [PENJUALAN] CASHIER FORM : cashierDataGridView_CellValueChanged [disc2]
[ADMIN] [12/15/2016 14:35] [PENJUALAN] CASHIER FORM : TextBox_TextChanged, previousInput [0]
[ADMIN] [12/15/2016 14:35] [PENJUALAN] CASHIER FORM : TextBox_TextChanged, dataGridViewTextBoxEditingControl.Text [0]
[ADMIN] [12/15/2016 14:35] [PENJUALAN] CASHIER FORM : TextBox_TextChanged, dataGridViewTextBoxEditingControl.Text pass REGEX Checking
[ADMIN] [12/15/2016 14:35] [PENJUALAN] CASHIER FORM : CALCULATE SUBTOTAL
[ADMIN] [12/15/2016 14:35] [PENJUALAN] CASHIER FORM : SUBTOTAL [0]
[ADMIN] [12/15/2016 14:35] [PENJUALAN] CASHIER FORM : TextBox_TextChanged, subtotal value [0]
[ADMIN] [12/15/2016 14:35] [PENJUALAN] CASHIER FORM : TextBox_TextChanged, attempt to calculate total value
[ADMIN] [12/15/2016 14:35] [PENJUALAN] CASHIER FORM : calculateTotal
[ADMIN] [12/15/2016 14:35] [PENJUALAN] CASHIER FORM : calculateTotal [0]
[ADMIN] [12/15/2016 14:35] [PENJUALAN] CASHIER FORM : calculateTotal, totalAfterDisc [0]
[ADMIN] [12/15/2016 14:35] [PENJUALAN] CASHIER FORM : cashierDataGridView_CellValueChanged [discRP]
[ADMIN] [12/15/2016 14:35] [PENJUALAN] CASHIER FORM : TextBox_TextChanged, previousInput [0]
[ADMIN] [12/15/2016 14:35] [PENJUALAN] CASHIER FORM : TextBox_TextChanged, dataGridViewTextBoxEditingControl.Text [0]
[ADMIN] [12/15/2016 14:35] [PENJUALAN] CASHIER FORM : TextBox_TextChanged, dataGridViewTextBoxEditingControl.Text pass REGEX Checking
[ADMIN] [12/15/2016 14:35] [PENJUALAN] CASHIER FORM : CALCULATE SUBTOTAL
[ADMIN] [12/15/2016 14:35] [PENJUALAN] CASHIER FORM : SUBTOTAL [0]
[ADMIN] [12/15/2016 14:35] [PENJUALAN] CASHIER FORM : TextBox_TextChanged, subtotal value [0]
[ADMIN] [12/15/2016 14:35] [PENJUALAN] CASHIER FORM : TextBox_TextChanged, attempt to calculate total value
[ADMIN] [12/15/2016 14:35] [PENJUALAN] CASHIER FORM : calculateTotal
[ADMIN] [12/15/2016 14:35] [PENJUALAN] CASHIER FORM : calculateTotal [0]
[ADMIN] [12/15/2016 14:35] [PENJUALAN] CASHIER FORM : calculateTotal, totalAfterDisc [0]
[ADMIN] [12/15/2016 14:35] [PENJUALAN] CASHIER FORM : cashierDataGridView_CellValueChanged [jumlah]
[ADMIN] [12/15/2016 14:35] [PENJUALAN] CASHIER FORM : cashierDataGridView_CellValueChanged [productName]
[ADMIN] [12/15/2016 14:35] [PENJUALAN] CASHIER FORM : cashierDataGridView_CellValueChanged [productName]
[ADMIN] [12/15/2016 14:35] [PENJUALAN] CASHIER FORM : cashierDataGridView_CellValueChanged [productName]
[ADMIN] [12/15/2016 14:35] [PENJUALAN] CASHIER FORM : cashierDataGridView_CellValueChanged [productName]
[ADMIN] [12/15/2016 14:35] [PENJUALAN] CASHIER FORM : cashierDataGridView_CellValueChanged [productID]
[ADMIN] [12/15/2016 14:35] [PENJUALAN] CASHIER FORM : PRODUCT PRICE TYPE [PRODUCT_BASE_PRICE]
[ADMIN] [12/15/2016 14:35] [PENJUALAN] CASHIER FORM : PRODUCT PRICE [1000000]
[ADMIN] [12/15/2016 14:35] [PENJUALAN] CASHIER FORM : ComboBox_SelectedIndexChanged, PRODUCT_BASE_PRICE [1000000]
[ADMIN] [12/15/2016 14:35] [PENJUALAN] CASHIER FORM : cashierDataGridView_CellValueChanged [hpp]
[ADMIN] [12/15/2016 14:35] [PENJUALAN] CASHIER FORM : PRODUCT PRICE TYPE [PRODUCT_RETAIL_PRICE]
[ADMIN] [12/15/2016 14:35] [PENJUALAN] CASHIER FORM : PRODUCT PRICE [1000000]
[ADMIN] [12/15/2016 14:35] [PENJUALAN] CASHIER FORM : ComboBox_SelectedIndexChanged, PRODUCT_SALES_PRICE [1000000]
[ADMIN] [12/15/2016 14:35] [PENJUALAN] CASHIER FORM : cashierDataGridView_CellValueChanged [productPrice]
[ADMIN] [12/15/2016 14:35] [PENJUALAN] CASHIER FORM : TextBox_TextChanged, previousInput []
[ADMIN] [12/15/2016 14:35] [PENJUALAN] CASHIER FORM : TextBox_TextChanged, dataGridViewTextBoxEditingControl.Text pass REGEX Checking
[ADMIN] [12/15/2016 14:35] [PENJUALAN] CASHIER FORM : CALCULATE SUBTOTAL
[ADMIN] [12/15/2016 14:35] [PENJUALAN] CASHIER FORM : SUBTOTAL [0]
[ADMIN] [12/15/2016 14:35] [PENJUALAN] CASHIER FORM : TextBox_TextChanged, subtotal value [0]
[ADMIN] [12/15/2016 14:35] [PENJUALAN] CASHIER FORM : TextBox_TextChanged, attempt to calculate total value
[ADMIN] [12/15/2016 14:35] [PENJUALAN] CASHIER FORM : calculateTotal
[ADMIN] [12/15/2016 14:35] [PENJUALAN] CASHIER FORM : calculateTotal [0]
[ADMIN] [12/15/2016 14:35] [PENJUALAN] CASHIER FORM : calculateTotal, totalAfterDisc [0]
[ADMIN] [12/15/2016 14:35] [PENJUALAN] CASHIER FORM : cashierDataGridView_CellValueChanged [qty]
[ADMIN] [12/15/2016 14:35] [PENJUALAN] CASHIER FORM : TextBox_TextChanged, previousInput [0]
[ADMIN] [12/15/2016 14:35] [PENJUALAN] CASHIER FORM : TextBox_TextChanged, dataGridViewTextBoxEditingControl.Text [0]
[ADMIN] [12/15/2016 14:35] [PENJUALAN] CASHIER FORM : TextBox_TextChanged, dataGridViewTextBoxEditingControl.Text pass REGEX Checking
[ADMIN] [12/15/2016 14:35] [PENJUALAN] CASHIER FORM : CHECK STOCK QTY IS ENOUGH [1]
[ADMIN] [12/15/2016 14:35] [PENJUALAN] CASHIER FORM : CHECK STOCK QTY IS ENOUGH [4000, 0]
[ADMIN] [12/15/2016 14:35] [PENJUALAN] CASHIER FORM : CALCULATE SUBTOTAL
[ADMIN] [12/15/2016 14:35] [PENJUALAN] CASHIER FORM : SUBTOTAL [0]
[ADMIN] [12/15/2016 14:35] [PENJUALAN] CASHIER FORM : TextBox_TextChanged, subtotal value [0]
[ADMIN] [12/15/2016 14:35] [PENJUALAN] CASHIER FORM : TextBox_TextChanged, attempt to calculate total value
[ADMIN] [12/15/2016 14:35] [PENJUALAN] CASHIER FORM : calculateTotal
[ADMIN] [12/15/2016 14:35] [PENJUALAN] CASHIER FORM : calculateTotal [0]
[ADMIN] [12/15/2016 14:35] [PENJUALAN] CASHIER FORM : calculateTotal, totalAfterDisc [0]
[ADMIN] [12/15/2016 14:35] [PENJUALAN] CASHIER FORM : ComboBox_SelectedIndexChanged, attempt to calculate total
[ADMIN] [12/15/2016 14:35] [PENJUALAN] CASHIER FORM : calculateTotal
[ADMIN] [12/15/2016 14:35] [PENJUALAN] CASHIER FORM : calculateTotal [0]
[ADMIN] [12/15/2016 14:35] [PENJUALAN] CASHIER FORM : calculateTotal, totalAfterDisc [0]
[ADMIN] [12/15/2016 14:35] [PENJUALAN] CASHIER FORM : cashierDataGridView_CellValueChanged [qty]
[ADMIN] [12/15/2016 14:35] [PENJUALAN] CASHIER FORM : TextBox_TextChanged, previousInput [0]
[ADMIN] [12/15/2016 14:35] [PENJUALAN] CASHIER FORM : TextBox_TextChanged, dataGridViewTextBoxEditingControl.Text [2]
[ADMIN] [12/15/2016 14:35] [PENJUALAN] CASHIER FORM : TextBox_TextChanged, dataGridViewTextBoxEditingControl.Text pass REGEX Checking
[ADMIN] [12/15/2016 14:35] [PENJUALAN] CASHIER FORM : CHECK STOCK QTY IS ENOUGH [1]
[ADMIN] [12/15/2016 14:35] [PENJUALAN] CASHIER FORM : CHECK STOCK QTY IS ENOUGH [4000, 2]
[ADMIN] [12/15/2016 14:35] [PENJUALAN] CASHIER FORM : CALCULATE SUBTOTAL
[ADMIN] [12/15/2016 14:35] [PENJUALAN] CASHIER FORM : SUBTOTAL [2000000]
[ADMIN] [12/15/2016 14:35] [PENJUALAN] CASHIER FORM : TextBox_TextChanged, subtotal value [2000000]
[ADMIN] [12/15/2016 14:35] [PENJUALAN] CASHIER FORM : TextBox_TextChanged, attempt to calculate total value
[ADMIN] [12/15/2016 14:35] [PENJUALAN] CASHIER FORM : calculateTotal
[ADMIN] [12/15/2016 14:35] [PENJUALAN] CASHIER FORM : calculateTotal [2000000]
[ADMIN] [12/15/2016 14:35] [PENJUALAN] CASHIER FORM : calculateTotal, totalAfterDisc [2000000]
[ADMIN] [12/15/2016 14:35] [PENJUALAN] CASHIER FORM : DISPLAY PELANGGAN FORM
[ADMIN] [12/15/2016 14:35] [PENJUALAN] CASHIER FORM : UNREGISTER HOTKEY
[ADMIN] [12/15/2016 14:35] [PENJUALAN] CASHIER FORM : SELECTED CUSTOMER ID [1]
[ADMIN] [12/15/2016 14:35] [PENJUALAN] CASHIER FORM : ATTEMPT TO SET CUSTOMER PROFILE
[ADMIN] [12/15/2016 14:35] [PENJUALAN] CASHIER FORM : SET CUSTOMER PROFILE [ANDRI]
[ADMIN] [12/15/2016 14:35] [PENJUALAN] CASHIER FORM : CUSTOMER GROUP [P-UMUM [ECER]]
[ADMIN] [12/15/2016 14:35] [PENJUALAN] CASHIER FORM : FINISHED SET CUSTOMER PROFILE
[ADMIN] [12/15/2016 14:35] [PENJUALAN] CASHIER FORM : ATTEMPT TO REFRESH PRODUCT PRICE
[ADMIN] [12/15/2016 14:35] [PENJUALAN] CASHIER FORM : PRODUCT PRICE TYPE [PRODUCT_RETAIL_PRICE]
[ADMIN] [12/15/2016 14:35] [PENJUALAN] CASHIER FORM : PRODUCT PRICE [1000000]
[ADMIN] [12/15/2016 14:35] [PENJUALAN] CASHIER FORM : CHECK IF THERE'S ANY ENTRY IN THE PRODUCT DISC
[ADMIN] [12/15/2016 14:35] [PENJUALAN] CASHIER FORM : ENTRY IN THE PRODUCT DISC FOUND, RETRIEVE THE DISC VALUE
[ADMIN] [12/15/2016 14:35] [PENJUALAN] CASHIER FORM : DISC FOUND [0, 0, 0]
[ADMIN] [12/15/2016 14:35] [PENJUALAN] CASHIER FORM : CALCULATE SUBTOTAL
[ADMIN] [12/15/2016 14:35] [PENJUALAN] CASHIER FORM : SUBTOTAL [2000000]
[ADMIN] [12/15/2016 14:35] [PENJUALAN] CASHIER FORM : calculateTotal
[ADMIN] [12/15/2016 14:35] [PENJUALAN] CASHIER FORM : calculateTotal [2000000]
[ADMIN] [12/15/2016 14:35] [PENJUALAN] CASHIER FORM : calculateTotal, totalAfterDisc [2000000]
[ADMIN] [12/15/2016 14:35] [PENJUALAN] CASHIER FORM : PRODUCT PRICE REFRESHED
[ADMIN] [12/15/2016 14:35] [PENJUALAN] CASHIER FORM : REGISTER HOTKEY
[ADMIN] [12/15/2016 14:35] [PENJUALAN] CASHIER FORM : UNREGISTER HOTKEY
[ADMIN] [12/15/2016 14:36] [PENJUALAN] CASHIER FORM : calculateTotal
[ADMIN] [12/15/2016 14:36] [PENJUALAN] CASHIER FORM : calculateTotal [2000000]
[ADMIN] [12/15/2016 14:36] [PENJUALAN] CASHIER FORM : calculateTotal, totalAfterDisc [1950000]
[ADMIN] [12/15/2016 14:36] [PENJUALAN] CASHIER FORM : REGISTER HOTKEY
[ADMIN] [12/15/2016 14:36] [PENJUALAN] CASHIER FORM : UNREGISTER HOTKEY
[ADMIN] [12/15/2016 14:36] [PENJUALAN] CASHIER FORM : REGISTER HOTKEY
[ADMIN] [12/15/2016 14:36] [PENJUALAN] CASHIER FORM : calculateChangeValue, bayarTextBox.Text [1]
[ADMIN] [12/15/2016 14:36] [PENJUALAN] CASHIER FORM : calculateChangeValue, sisaBayar [0]
[ADMIN] [12/15/2016 14:36] [PENJUALAN] CASHIER FORM : calculateChangeValue, bayarTextBox.Text [19]
[ADMIN] [12/15/2016 14:36] [PENJUALAN] CASHIER FORM : calculateChangeValue, sisaBayar [0]
[ADMIN] [12/15/2016 14:36] [PENJUALAN] CASHIER FORM : calculateChangeValue, bayarTextBox.Text [195]
[ADMIN] [12/15/2016 14:36] [PENJUALAN] CASHIER FORM : calculateChangeValue, sisaBayar [0]
[ADMIN] [12/15/2016 14:36] [PENJUALAN] CASHIER FORM : calculateChangeValue, bayarTextBox.Text [1950]
[ADMIN] [12/15/2016 14:36] [PENJUALAN] CASHIER FORM : calculateChangeValue, sisaBayar [0]
[ADMIN] [12/15/2016 14:36] [PENJUALAN] CASHIER FORM : calculateChangeValue, bayarTextBox.Text [19500]
[ADMIN] [12/15/2016 14:36] [PENJUALAN] CASHIER FORM : calculateChangeValue, sisaBayar [0]
[ADMIN] [12/15/2016 14:36] [PENJUALAN] CASHIER FORM : calculateChangeValue, bayarTextBox.Text [195000]
[ADMIN] [12/15/2016 14:36] [PENJUALAN] CASHIER FORM : calculateChangeValue, sisaBayar [0]
[ADMIN] [12/15/2016 14:36] [PENJUALAN] CASHIER FORM : calculateChangeValue, bayarTextBox.Text [1950000]
[ADMIN] [12/15/2016 14:36] [PENJUALAN] CASHIER FORM : calculateChangeValue, sisaBayar [0]
[ADMIN] [12/15/2016 14:36] [PENJUALAN] CASHIER FORM : HOTKEY TO SAVE AND PRINT OUT INVOICE PRESSED
[ADMIN] [12/15/2016 14:36] [PENJUALAN] CASHIER FORM : UNREGISTER HOTKEY
[ADMIN] [12/15/2016 14:36] [PENJUALAN] CASHIER FORM : REGISTER HOTKEY
[ADMIN] [12/15/2016 14:36] [PENJUALAN] ATTEMPT TO SAVE AND PRINT OUT INVOICE
[ADMIN] [12/15/2016 14:36] [PENJUALAN] CASHIER FORM : UNREGISTER HOTKEY
[ADMIN] [12/15/2016 14:36] [PENJUALAN] CASHIER FORM : ATTEMPT TO SAVE SALES DATA [15-12-2016 14:36]
[ADMIN] [12/15/2016 14:36] [PENJUALAN] CASHIER FORM : CASH SALES
[ADMIN] [12/15/2016 14:36] [PENJUALAN] CHECK IF TAX LIMIT SET FOR PERCENTAGE PURCHASE [0]
[ADMIN] [12/15/2016 14:36] [PENJUALAN] CHECK IF TAX LIMIT SET FOR AVERAGE DAILY PURCHASE [0]
[ADMIN] [12/15/2016 14:36] [PENJUALAN] CASHIER FORM : NO FAKTUR [SLO001]
[ADMIN] [12/15/2016 14:36] [PENJUALAN] CASHIER FORM : MAX SALES INVOICE [5]
[ADMIN] [12/15/2016 14:36] [PENJUALAN] CASHIER FORM : SALES INVOICE [SLO001-6]
[ADMIN] [12/15/2016 14:36] [PENJUALAN] INSERT INTO SALES HEADER [SLO001-6]
[ADMIN] [12/15/2016 14:36] [PENJUALAN] EXCEPTION THROWN [Unknown column 'SLO001' in 'field list']
[ADMIN] [12/15/2016 14:36] [PENJUALAN] CASHIER FORM : REGISTER HOTKEY
[ADMIN] [12/15/2016 14:36] [PENJUALAN] CASHIER FORM : UNREGISTER HOTKEY
[] [12/15/2016 14:37] [] USER = ADMIN IS ACTIVE
[ADMIN] [12/15/2016 14:37] [] USER ID = 1 LOGIN SUCCESSFULLY
[ADMIN] [12/15/2016 14:37] [] ACTIVATE USER ACCESS RIGHT
[ADMIN] [12/15/2016 14:37] [] DISPLAY ADMIN FORM
[ADMIN] [12/15/2016 14:37] [] adminForm Load
[ADMIN] [12/15/2016 14:37] [PENJUALAN] CASHIER FORM : MULTIPLE CASHIER INSTANCE [1]
[ADMIN] [12/15/2016 14:37] [PENJUALAN] CASHIER FORM : REGISTER HOTKEY
[ADMIN] [12/15/2016 14:37] [PENJUALAN] CASHIER FORM : cashierForm_Load, ATTEMPT TO LOAD NO FAKTUR
[ADMIN] [12/15/2016 14:37] [PENJUALAN] CASHIER FORM : loadNoFaktur, noFakturValue [SLO001]
[ADMIN] [12/15/2016 14:37] [PENJUALAN] CASHIER FORM : cashierForm_Load, ATTEMPT TO addColumnToDataGrid
[ADMIN] [12/15/2016 14:37] [PENJUALAN] CASHIER FORM : calculateTotal
[ADMIN] [12/15/2016 14:37] [PENJUALAN] CASHIER FORM : calculateTotal [0]
[ADMIN] [12/15/2016 14:37] [PENJUALAN] CASHIER FORM : calculateTotal, totalAfterDisc [0]
[ADMIN] [12/15/2016 14:37] [PENJUALAN] CASHIER FORM : REGISTER HOTKEY
[ADMIN] [12/15/2016 14:37] [PENJUALAN] CASHIER FORM : HOTKEY TO ADD NEW ROW PRESSED
[ADMIN] [12/15/2016 14:37] [PENJUALAN] CASHIER FORM : ADD NEW ROW,  isActive [True]
[ADMIN] [12/15/2016 14:37] [PENJUALAN] CASHIER FORM : ADD NEW ROW,  ROW COUNT [0]
[ADMIN] [12/15/2016 14:37] [PENJUALAN] CASHIER FORM : ADD NEW ROW,  ALLOW TO ADD [True]
[ADMIN] [12/15/2016 14:37] [PENJUALAN] CASHIER FORM : cashierDataGridView_CellValueChanged [F8]
[ADMIN] [12/15/2016 14:37] [PENJUALAN] CASHIER FORM : cashierDataGridView_CellValueChanged [hpp]
[ADMIN] [12/15/2016 14:37] [PENJUALAN] CASHIER FORM : cashierDataGridView_CellValueChanged [productPrice]
[ADMIN] [12/15/2016 14:37] [PENJUALAN] CASHIER FORM : TextBox_TextChanged, previousInput []
[ADMIN] [12/15/2016 14:37] [PENJUALAN] CASHIER FORM : TextBox_TextChanged, dataGridViewTextBoxEditingControl.Text pass REGEX Checking
[ADMIN] [12/15/2016 14:37] [PENJUALAN] CASHIER FORM : CALCULATE SUBTOTAL
[ADMIN] [12/15/2016 14:37] [PENJUALAN] CASHIER FORM : SUBTOTAL [0]
[ADMIN] [12/15/2016 14:37] [PENJUALAN] CASHIER FORM : TextBox_TextChanged, subtotal value [0]
[ADMIN] [12/15/2016 14:37] [PENJUALAN] CASHIER FORM : TextBox_TextChanged, attempt to calculate total value
[ADMIN] [12/15/2016 14:37] [PENJUALAN] CASHIER FORM : calculateTotal
[ADMIN] [12/15/2016 14:37] [PENJUALAN] CASHIER FORM : calculateTotal [0]
[ADMIN] [12/15/2016 14:37] [PENJUALAN] CASHIER FORM : calculateTotal, totalAfterDisc [0]
[ADMIN] [12/15/2016 14:37] [PENJUALAN] CASHIER FORM : cashierDataGridView_CellValueChanged [disc1]
[ADMIN] [12/15/2016 14:37] [PENJUALAN] CASHIER FORM : TextBox_TextChanged, previousInput [0]
[ADMIN] [12/15/2016 14:37] [PENJUALAN] CASHIER FORM : TextBox_TextChanged, dataGridViewTextBoxEditingControl.Text [0]
[ADMIN] [12/15/2016 14:37] [PENJUALAN] CASHIER FORM : TextBox_TextChanged, dataGridViewTextBoxEditingControl.Text pass REGEX Checking
[ADMIN] [12/15/2016 14:37] [PENJUALAN] CASHIER FORM : CALCULATE SUBTOTAL
[ADMIN] [12/15/2016 14:37] [PENJUALAN] CASHIER FORM : SUBTOTAL [0]
[ADMIN] [12/15/2016 14:37] [PENJUALAN] CASHIER FORM : TextBox_TextChanged, subtotal value [0]
[ADMIN] [12/15/2016 14:37] [PENJUALAN] CASHIER FORM : TextBox_TextChanged, attempt to calculate total value
[ADMIN] [12/15/2016 14:37] [PENJUALAN] CASHIER FORM : calculateTotal
[ADMIN] [12/15/2016 14:37] [PENJUALAN] CASHIER FORM : calculateTotal [0]
[ADMIN] [12/15/2016 14:37] [PENJUALAN] CASHIER FORM : calculateTotal, totalAfterDisc [0]
[ADMIN] [12/15/2016 14:37] [PENJUALAN] CASHIER FORM : cashierDataGridView_CellValueChanged [qty]
[ADMIN] [12/15/2016 14:37] [PENJUALAN] CASHIER FORM : TextBox_TextChanged, previousInput [0]
[ADMIN] [12/15/2016 14:37] [PENJUALAN] CASHIER FORM : TextBox_TextChanged, dataGridViewTextBoxEditingControl.Text [0]
[ADMIN] [12/15/2016 14:37] [PENJUALAN] CASHIER FORM : TextBox_TextChanged, dataGridViewTextBoxEditingControl.Text pass REGEX Checking
[ADMIN] [12/15/2016 14:37] [PENJUALAN] CASHIER FORM : CHECK STOCK QTY IS ENOUGH []
[ADMIN] [12/15/2016 14:37] [PENJUALAN] CASHIER FORM : CALCULATE SUBTOTAL
[ADMIN] [12/15/2016 14:37] [PENJUALAN] CASHIER FORM : SUBTOTAL [0]
[ADMIN] [12/15/2016 14:37] [PENJUALAN] CASHIER FORM : TextBox_TextChanged, subtotal value [0]
[ADMIN] [12/15/2016 14:37] [PENJUALAN] CASHIER FORM : TextBox_TextChanged, attempt to calculate total value
[ADMIN] [12/15/2016 14:37] [PENJUALAN] CASHIER FORM : calculateTotal
[ADMIN] [12/15/2016 14:37] [PENJUALAN] CASHIER FORM : calculateTotal [0]
[ADMIN] [12/15/2016 14:37] [PENJUALAN] CASHIER FORM : calculateTotal, totalAfterDisc [0]
[ADMIN] [12/15/2016 14:37] [PENJUALAN] CASHIER FORM : cashierDataGridView_CellValueChanged [disc2]
[ADMIN] [12/15/2016 14:37] [PENJUALAN] CASHIER FORM : TextBox_TextChanged, previousInput [0]
[ADMIN] [12/15/2016 14:37] [PENJUALAN] CASHIER FORM : TextBox_TextChanged, dataGridViewTextBoxEditingControl.Text [0]
[ADMIN] [12/15/2016 14:37] [PENJUALAN] CASHIER FORM : TextBox_TextChanged, dataGridViewTextBoxEditingControl.Text pass REGEX Checking
[ADMIN] [12/15/2016 14:37] [PENJUALAN] CASHIER FORM : CALCULATE SUBTOTAL
[ADMIN] [12/15/2016 14:37] [PENJUALAN] CASHIER FORM : SUBTOTAL [0]
[ADMIN] [12/15/2016 14:37] [PENJUALAN] CASHIER FORM : TextBox_TextChanged, subtotal value [0]
[ADMIN] [12/15/2016 14:37] [PENJUALAN] CASHIER FORM : TextBox_TextChanged, attempt to calculate total value
[ADMIN] [12/15/2016 14:37] [PENJUALAN] CASHIER FORM : calculateTotal
[ADMIN] [12/15/2016 14:37] [PENJUALAN] CASHIER FORM : calculateTotal [0]
[ADMIN] [12/15/2016 14:37] [PENJUALAN] CASHIER FORM : calculateTotal, totalAfterDisc [0]
[ADMIN] [12/15/2016 14:37] [PENJUALAN] CASHIER FORM : cashierDataGridView_CellValueChanged [discRP]
[ADMIN] [12/15/2016 14:37] [PENJUALAN] CASHIER FORM : TextBox_TextChanged, previousInput [0]
[ADMIN] [12/15/2016 14:37] [PENJUALAN] CASHIER FORM : TextBox_TextChanged, dataGridViewTextBoxEditingControl.Text [0]
[ADMIN] [12/15/2016 14:37] [PENJUALAN] CASHIER FORM : TextBox_TextChanged, dataGridViewTextBoxEditingControl.Text pass REGEX Checking
[ADMIN] [12/15/2016 14:37] [PENJUALAN] CASHIER FORM : CALCULATE SUBTOTAL
[ADMIN] [12/15/2016 14:37] [PENJUALAN] CASHIER FORM : SUBTOTAL [0]
[ADMIN] [12/15/2016 14:37] [PENJUALAN] CASHIER FORM : TextBox_TextChanged, subtotal value [0]
[ADMIN] [12/15/2016 14:37] [PENJUALAN] CASHIER FORM : TextBox_TextChanged, attempt to calculate total value
[ADMIN] [12/15/2016 14:37] [PENJUALAN] CASHIER FORM : calculateTotal
[ADMIN] [12/15/2016 14:37] [PENJUALAN] CASHIER FORM : calculateTotal [0]
[ADMIN] [12/15/2016 14:37] [PENJUALAN] CASHIER FORM : calculateTotal, totalAfterDisc [0]
[ADMIN] [12/15/2016 14:37] [PENJUALAN] CASHIER FORM : cashierDataGridView_CellValueChanged [jumlah]
[ADMIN] [12/15/2016 14:37] [PENJUALAN] CASHIER FORM : cashierDataGridView_CellValueChanged [productName]
[ADMIN] [12/15/2016 14:37] [PENJUALAN] CASHIER FORM : cashierDataGridView_CellValueChanged [productName]
[ADMIN] [12/15/2016 14:37] [PENJUALAN] CASHIER FORM : cashierDataGridView_CellValueChanged [productName]
[ADMIN] [12/15/2016 14:37] [PENJUALAN] CASHIER FORM : cashierDataGridView_CellValueChanged [productName]
[ADMIN] [12/15/2016 14:37] [PENJUALAN] CASHIER FORM : cashierDataGridView_CellValueChanged [productName]
[ADMIN] [12/15/2016 14:37] [PENJUALAN] CASHIER FORM : cashierDataGridView_CellValueChanged [productName]
[ADMIN] [12/15/2016 14:37] [PENJUALAN] CASHIER FORM : cashierDataGridView_CellValueChanged [productID]
[ADMIN] [12/15/2016 14:37] [PENJUALAN] CASHIER FORM : PRODUCT PRICE TYPE [PRODUCT_BASE_PRICE]
[ADMIN] [12/15/2016 14:37] [PENJUALAN] CASHIER FORM : PRODUCT PRICE [1000000]
[ADMIN] [12/15/2016 14:37] [PENJUALAN] CASHIER FORM : ComboBox_SelectedIndexChanged, PRODUCT_BASE_PRICE [1000000]
[ADMIN] [12/15/2016 14:37] [PENJUALAN] CASHIER FORM : cashierDataGridView_CellValueChanged [hpp]
[ADMIN] [12/15/2016 14:37] [PENJUALAN] CASHIER FORM : PRODUCT PRICE TYPE [PRODUCT_RETAIL_PRICE]
[ADMIN] [12/15/2016 14:37] [PENJUALAN] CASHIER FORM : PRODUCT PRICE [1000000]
[ADMIN] [12/15/2016 14:37] [PENJUALAN] CASHIER FORM : ComboBox_SelectedIndexChanged, PRODUCT_SALES_PRICE [1000000]
[ADMIN] [12/15/2016 14:37] [PENJUALAN] CASHIER FORM : cashierDataGridView_CellValueChanged [productPrice]
[ADMIN] [12/15/2016 14:37] [PENJUALAN] CASHIER FORM : TextBox_TextChanged, previousInput []
[ADMIN] [12/15/2016 14:37] [PENJUALAN] CASHIER FORM : TextBox_TextChanged, dataGridViewTextBoxEditingControl.Text pass REGEX Checking
[ADMIN] [12/15/2016 14:37] [PENJUALAN] CASHIER FORM : CALCULATE SUBTOTAL
[ADMIN] [12/15/2016 14:37] [PENJUALAN] CASHIER FORM : SUBTOTAL [0]
[ADMIN] [12/15/2016 14:37] [PENJUALAN] CASHIER FORM : TextBox_TextChanged, subtotal value [0]
[ADMIN] [12/15/2016 14:37] [PENJUALAN] CASHIER FORM : TextBox_TextChanged, attempt to calculate total value
[ADMIN] [12/15/2016 14:37] [PENJUALAN] CASHIER FORM : calculateTotal
[ADMIN] [12/15/2016 14:37] [PENJUALAN] CASHIER FORM : calculateTotal [0]
[ADMIN] [12/15/2016 14:37] [PENJUALAN] CASHIER FORM : calculateTotal, totalAfterDisc [0]
[ADMIN] [12/15/2016 14:37] [PENJUALAN] CASHIER FORM : cashierDataGridView_CellValueChanged [qty]
[ADMIN] [12/15/2016 14:37] [PENJUALAN] CASHIER FORM : TextBox_TextChanged, previousInput [0]
[ADMIN] [12/15/2016 14:37] [PENJUALAN] CASHIER FORM : TextBox_TextChanged, dataGridViewTextBoxEditingControl.Text [0]
[ADMIN] [12/15/2016 14:37] [PENJUALAN] CASHIER FORM : TextBox_TextChanged, dataGridViewTextBoxEditingControl.Text pass REGEX Checking
[ADMIN] [12/15/2016 14:37] [PENJUALAN] CASHIER FORM : CHECK STOCK QTY IS ENOUGH [1]
[ADMIN] [12/15/2016 14:37] [PENJUALAN] CASHIER FORM : CHECK STOCK QTY IS ENOUGH [4000, 0]
[ADMIN] [12/15/2016 14:37] [PENJUALAN] CASHIER FORM : CALCULATE SUBTOTAL
[ADMIN] [12/15/2016 14:37] [PENJUALAN] CASHIER FORM : SUBTOTAL [0]
[ADMIN] [12/15/2016 14:37] [PENJUALAN] CASHIER FORM : TextBox_TextChanged, subtotal value [0]
[ADMIN] [12/15/2016 14:37] [PENJUALAN] CASHIER FORM : TextBox_TextChanged, attempt to calculate total value
[ADMIN] [12/15/2016 14:37] [PENJUALAN] CASHIER FORM : calculateTotal
[ADMIN] [12/15/2016 14:37] [PENJUALAN] CASHIER FORM : calculateTotal [0]
[ADMIN] [12/15/2016 14:37] [PENJUALAN] CASHIER FORM : calculateTotal, totalAfterDisc [0]
[ADMIN] [12/15/2016 14:37] [PENJUALAN] CASHIER FORM : ComboBox_SelectedIndexChanged, attempt to calculate total
[ADMIN] [12/15/2016 14:37] [PENJUALAN] CASHIER FORM : calculateTotal
[ADMIN] [12/15/2016 14:37] [PENJUALAN] CASHIER FORM : calculateTotal [0]
[ADMIN] [12/15/2016 14:37] [PENJUALAN] CASHIER FORM : calculateTotal, totalAfterDisc [0]
[ADMIN] [12/15/2016 14:37] [PENJUALAN] CASHIER FORM : cashierDataGridView_CellValueChanged [qty]
[ADMIN] [12/15/2016 14:37] [PENJUALAN] CASHIER FORM : TextBox_TextChanged, previousInput [0]
[ADMIN] [12/15/2016 14:37] [PENJUALAN] CASHIER FORM : TextBox_TextChanged, dataGridViewTextBoxEditingControl.Text [2]
[ADMIN] [12/15/2016 14:37] [PENJUALAN] CASHIER FORM : TextBox_TextChanged, dataGridViewTextBoxEditingControl.Text pass REGEX Checking
[ADMIN] [12/15/2016 14:37] [PENJUALAN] CASHIER FORM : CHECK STOCK QTY IS ENOUGH [1]
[ADMIN] [12/15/2016 14:37] [PENJUALAN] CASHIER FORM : CHECK STOCK QTY IS ENOUGH [4000, 2]
[ADMIN] [12/15/2016 14:37] [PENJUALAN] CASHIER FORM : CALCULATE SUBTOTAL
[ADMIN] [12/15/2016 14:37] [PENJUALAN] CASHIER FORM : SUBTOTAL [2000000]
[ADMIN] [12/15/2016 14:37] [PENJUALAN] CASHIER FORM : TextBox_TextChanged, subtotal value [2000000]
[ADMIN] [12/15/2016 14:37] [PENJUALAN] CASHIER FORM : TextBox_TextChanged, attempt to calculate total value
[ADMIN] [12/15/2016 14:37] [PENJUALAN] CASHIER FORM : calculateTotal
[ADMIN] [12/15/2016 14:37] [PENJUALAN] CASHIER FORM : calculateTotal [2000000]
[ADMIN] [12/15/2016 14:37] [PENJUALAN] CASHIER FORM : calculateTotal, totalAfterDisc [2000000]
[ADMIN] [12/15/2016 14:37] [PENJUALAN] CASHIER FORM : UNREGISTER HOTKEY
[ADMIN] [12/15/2016 14:37] [PENJUALAN] CASHIER FORM : REGISTER HOTKEY
[ADMIN] [12/15/2016 14:37] [PENJUALAN] CASHIER FORM : DISPLAY PELANGGAN FORM
[ADMIN] [12/15/2016 14:37] [PENJUALAN] CASHIER FORM : UNREGISTER HOTKEY
[ADMIN] [12/15/2016 14:38] [PENJUALAN] CASHIER FORM : SELECTED CUSTOMER ID [1]
[ADMIN] [12/15/2016 14:38] [PENJUALAN] CASHIER FORM : ATTEMPT TO SET CUSTOMER PROFILE
[ADMIN] [12/15/2016 14:38] [PENJUALAN] CASHIER FORM : SET CUSTOMER PROFILE [ANDRI]
[ADMIN] [12/15/2016 14:38] [PENJUALAN] CASHIER FORM : CUSTOMER GROUP [P-UMUM [ECER]]
[ADMIN] [12/15/2016 14:38] [PENJUALAN] CASHIER FORM : FINISHED SET CUSTOMER PROFILE
[ADMIN] [12/15/2016 14:38] [PENJUALAN] CASHIER FORM : ATTEMPT TO REFRESH PRODUCT PRICE
[ADMIN] [12/15/2016 14:38] [PENJUALAN] CASHIER FORM : PRODUCT PRICE TYPE [PRODUCT_RETAIL_PRICE]
[ADMIN] [12/15/2016 14:38] [PENJUALAN] CASHIER FORM : PRODUCT PRICE [1000000]
[ADMIN] [12/15/2016 14:38] [PENJUALAN] CASHIER FORM : CHECK IF THERE'S ANY ENTRY IN THE PRODUCT DISC
[ADMIN] [12/15/2016 14:38] [PENJUALAN] CASHIER FORM : ENTRY IN THE PRODUCT DISC FOUND, RETRIEVE THE DISC VALUE
[ADMIN] [12/15/2016 14:38] [PENJUALAN] CASHIER FORM : DISC FOUND [0, 0, 0]
[ADMIN] [12/15/2016 14:38] [PENJUALAN] CASHIER FORM : CALCULATE SUBTOTAL
[ADMIN] [12/15/2016 14:38] [PENJUALAN] CASHIER FORM : SUBTOTAL [2000000]
[ADMIN] [12/15/2016 14:38] [PENJUALAN] CASHIER FORM : calculateTotal
[ADMIN] [12/15/2016 14:38] [PENJUALAN] CASHIER FORM : calculateTotal [2000000]
[ADMIN] [12/15/2016 14:38] [PENJUALAN] CASHIER FORM : calculateTotal, totalAfterDisc [2000000]
[ADMIN] [12/15/2016 14:38] [PENJUALAN] CASHIER FORM : PRODUCT PRICE REFRESHED
[ADMIN] [12/15/2016 14:38] [PENJUALAN] CASHIER FORM : REGISTER HOTKEY
[ADMIN] [12/15/2016 14:38] [PENJUALAN] CASHIER FORM : UNREGISTER HOTKEY
[ADMIN] [12/15/2016 14:38] [PENJUALAN] CASHIER FORM : calculateTotal
[ADMIN] [12/15/2016 14:38] [PENJUALAN] CASHIER FORM : calculateTotal [2000000]
[ADMIN] [12/15/2016 14:38] [PENJUALAN] CASHIER FORM : calculateTotal, totalAfterDisc [1975000]
[ADMIN] [12/15/2016 14:38] [PENJUALAN] CASHIER FORM : REGISTER HOTKEY
[ADMIN] [12/15/2016 14:38] [PENJUALAN] CASHIER FORM : discJualMaskedTextBox_Validating, totalAfterDisc [2000000]
[ADMIN] [12/15/2016 14:38] [PENJUALAN] CASHIER FORM : calculateChangeValue, bayarTextBox.Text [2]
[ADMIN] [12/15/2016 14:38] [PENJUALAN] CASHIER FORM : calculateChangeValue, sisaBayar [0]
[ADMIN] [12/15/2016 14:38] [PENJUALAN] CASHIER FORM : calculateChangeValue, bayarTextBox.Text [20]
[ADMIN] [12/15/2016 14:38] [PENJUALAN] CASHIER FORM : calculateChangeValue, sisaBayar [0]
[ADMIN] [12/15/2016 14:38] [PENJUALAN] CASHIER FORM : calculateChangeValue, bayarTextBox.Text [200]
[ADMIN] [12/15/2016 14:38] [PENJUALAN] CASHIER FORM : calculateChangeValue, sisaBayar [0]
[ADMIN] [12/15/2016 14:38] [PENJUALAN] CASHIER FORM : calculateChangeValue, bayarTextBox.Text [2000]
[ADMIN] [12/15/2016 14:38] [PENJUALAN] CASHIER FORM : calculateChangeValue, sisaBayar [0]
[ADMIN] [12/15/2016 14:38] [PENJUALAN] CASHIER FORM : calculateChangeValue, bayarTextBox.Text [20000]
[ADMIN] [12/15/2016 14:38] [PENJUALAN] CASHIER FORM : calculateChangeValue, sisaBayar [0]
[ADMIN] [12/15/2016 14:38] [PENJUALAN] CASHIER FORM : calculateChangeValue, bayarTextBox.Text [200000]
[ADMIN] [12/15/2016 14:38] [PENJUALAN] CASHIER FORM : calculateChangeValue, sisaBayar [0]
[ADMIN] [12/15/2016 14:38] [PENJUALAN] CASHIER FORM : calculateChangeValue, bayarTextBox.Text [2000000]
[ADMIN] [12/15/2016 14:38] [PENJUALAN] CASHIER FORM : calculateChangeValue, sisaBayar [0]
[ADMIN] [12/15/2016 14:38] [PENJUALAN] CASHIER FORM : calculateChangeValue, bayarTextBox.Text [20000000]
[ADMIN] [12/15/2016 14:38] [PENJUALAN] CASHIER FORM : calculateChangeValue, sisaBayar [18000000]
[ADMIN] [12/15/2016 14:38] [PENJUALAN] CASHIER FORM : calculateChangeValue, bayarTextBox.Text [2000000]
[ADMIN] [12/15/2016 14:38] [PENJUALAN] CASHIER FORM : calculateChangeValue, sisaBayar [0]
[ADMIN] [12/15/2016 14:38] [PENJUALAN] CASHIER FORM : HOTKEY TO SAVE AND PRINT OUT INVOICE PRESSED
[ADMIN] [12/15/2016 14:38] [PENJUALAN] CASHIER FORM : UNREGISTER HOTKEY
[ADMIN] [12/15/2016 14:38] [PENJUALAN] CASHIER FORM : REGISTER HOTKEY
[ADMIN] [12/15/2016 14:38] [PENJUALAN] ATTEMPT TO SAVE AND PRINT OUT INVOICE
[ADMIN] [12/15/2016 14:38] [PENJUALAN] CASHIER FORM : UNREGISTER HOTKEY
[ADMIN] [12/15/2016 14:38] [PENJUALAN] CASHIER FORM : ATTEMPT TO SAVE SALES DATA [15-12-2016 14:38]
[ADMIN] [12/15/2016 14:38] [PENJUALAN] CASHIER FORM : CASH SALES
[ADMIN] [12/15/2016 14:38] [PENJUALAN] CHECK IF TAX LIMIT SET FOR PERCENTAGE PURCHASE [0]
[ADMIN] [12/15/2016 14:38] [PENJUALAN] CHECK IF TAX LIMIT SET FOR AVERAGE DAILY PURCHASE [0]
[ADMIN] [12/15/2016 14:38] [PENJUALAN] CASHIER FORM : NO FAKTUR [SLO001]
[ADMIN] [12/15/2016 14:38] [PENJUALAN] CASHIER FORM : MAX SALES INVOICE [5]
[ADMIN] [12/15/2016 14:38] [PENJUALAN] CASHIER FORM : SALES INVOICE [SLO001-6]
[ADMIN] [12/15/2016 14:38] [PENJUALAN] INSERT INTO SALES HEADER [SLO001-6]
[ADMIN] [12/15/2016 14:38] [PENJUALAN] INSERT INTO SALES DETAIL[1, 1000000, 2]
[ADMIN] [12/15/2016 14:38] [PENJUALAN] UPDATE CUSTOMER PRODUCT DISC [1]
[ADMIN] [12/15/2016 14:38] [PENJUALAN] INSERT TO CREDIT TABLE [SLO001-6]
[ADMIN] [12/15/2016 14:38] [PENJUALAN] INSERT TO DAILY JOURNAL TABLE [2000000]
[ADMIN] [12/15/2016 14:38] [PENJUALAN] CASHIER FORM : REGISTER HOTKEY
[ADMIN] [12/15/2016 14:38] [PENJUALAN] TRANSACTION SAVED
[ADMIN] [12/15/2016 14:38] [PENJUALAN] PRINT OUT INVOICE
[ADMIN] [12/15/2016 14:38] [PENJUALAN] CASHIER FORM : PrintReceipt
[ADMIN] [12/15/2016 14:38] [PENJUALAN] CASHIER FORM : PrintReceipt, papermode [0]
[ADMIN] [12/15/2016 14:38] [PENJUALAN] CASHIER FORM : PrintReceipt, display SalesReceiptForm
[ADMIN] [12/15/2016 14:38] [PENJUALAN] CASHIER FORM : UNREGISTER HOTKEY
[ADMIN] [12/15/2016 14:38] [PENJUALAN] CASHIER FORM : REGISTER HOTKEY
[ADMIN] [12/15/2016 14:38] [PENJUALAN] VALIDATE USER CREDIT STATUS
[ADMIN] [12/15/2016 14:38] [PENJUALAN] CASHIER FORM : UNREGISTER HOTKEY
[ADMIN] [12/15/2016 14:38] [PENJUALAN] CASHIER FORM : REGISTER HOTKEY
[ADMIN] [12/15/2016 14:38] [PENJUALAN] CASHIER FORM : UNREGISTER HOTKEY
[ADMIN] [12/15/2016 14:38] [PENJUALAN] CASHIER FORM : REGISTER HOTKEY
[ADMIN] [12/15/2016 14:38] [PENJUALAN] CASHIER FORM : UNREGISTER HOTKEY
[ADMIN] [12/15/2016 14:38] [PENJUALAN] CASHIER FORM : UNREGISTER HOTKEY
[ADMIN] [12/15/2016 14:38] [] USER ID = 1LOGOUT
