[] [10/25/2016 01:21] [] USER = ADMIN IS ACTIVE
[ADMIN] [10/25/2016 01:21] [] USER ID = 1 LOGIN SUCCESSFULLY
[ADMIN] [10/25/2016 01:22] [] ACTIVATE USER ACCESS RIGHT
[ADMIN] [10/25/2016 01:22] [] DISPLAY ADMIN FORM
[ADMIN] [10/25/2016 01:22] [] adminForm Load
[ADMIN] [10/25/2016 01:23] [TAMBAH / UPDATE PRODUK] INSERT NEW PRODUCT [107]
[ADMIN] [10/25/2016 01:23] [TAMBAH / UPDATE PRODUK] INSERT PRODUCT CATEGORY FOR [107]
[ADMIN] [10/25/2016 01:24] [RETUR PENJUALAN] RETUR PENJUALAN : detailGridView_CellValueChanged [productID]
[ADMIN] [10/25/2016 01:24] [RETUR PENJUALAN] RETUR PENJUALAN : detailGridView_CellValueChanged [productName]
[ADMIN] [10/25/2016 01:24] [RETUR PENJUALAN] RETUR PENJUALAN : detailGridView_CellValueChanged [productName]
[ADMIN] [10/25/2016 01:24] [RETUR PENJUALAN] RETUR PENJUALAN : detailGridView_CellValueChanged [hpp]
[ADMIN] [10/25/2016 01:24] [RETUR PENJUALAN] RETUR PENJUALAN : detailGridView_CellValueChanged [subtotal]
[ADMIN] [10/25/2016 01:24] [RETUR PENJUALAN] RETUR PENJUALAN : detailGridView_CellValueChanged [subtotal]
[ADMIN] [10/25/2016 01:24] [RETUR PENJUALAN] RETUR PENJUALAN : detailGridView_CellValueChanged [qtyReceived]
[ADMIN] [10/25/2016 01:24] [RETUR PENJUALAN] RETUR PENJUALAN : detailGridView_CellValueChanged [subtotal]
[ADMIN] [10/25/2016 01:24] [PENJUALAN] CASHIER FORM : ComboBox_SelectedIndexChanged, PRODUCT_BASE_PRICE [10]
[ADMIN] [10/25/2016 01:24] [RETUR PENJUALAN] RETUR PENJUALAN : detailGridView_CellValueChanged [hpp]
[ADMIN] [10/25/2016 01:24] [RETUR PENJUALAN] RETUR PENJUALAN : detailGridView_CellValueChanged [qtyReceived]
[ADMIN] [10/25/2016 01:24] [RETUR PENJUALAN] RETUR PENJUALAN : detailGridView_CellValueChanged [subtotal]
[ADMIN] [10/25/2016 01:24] [PENJUALAN] CASHIER FORM : ComboBox_SelectedIndexChanged, attempt to calculate total
[ADMIN] [10/25/2016 01:24] [RETUR PENJUALAN] RETUR PENJUALAN : detailGridView_CellValueChanged [qtyReceived]
[ADMIN] [10/25/2016 01:24] [RETUR PENJUALAN] RETUR PENJUALAN : detailGridView_CellValueChanged [subtotal]
[ADMIN] [10/25/2016 01:24] [RETUR PENJUALAN] RETUR PENJUALAN : detailGridView_CellValueChanged [subtotal]
[ADMIN] [10/25/2016 01:25] [RETUR PENJUALAN] RETUR PENJUALAN : detailGridView_CellValueChanged [productID]
[ADMIN] [10/25/2016 01:25] [RETUR PENJUALAN] RETUR PENJUALAN : detailGridView_CellValueChanged [productID]
[ADMIN] [10/25/2016 01:25] [RETUR PENJUALAN] RETUR PENJUALAN : detailGridView_CellValueChanged [productID]
[ADMIN] [10/25/2016 01:26] [TAMBAH / UPDATE PRODUK] INSERT NEW PRODUCT [108]
[ADMIN] [10/25/2016 01:26] [TAMBAH / UPDATE PRODUK] INSERT PRODUCT CATEGORY FOR [108]
[ADMIN] [10/25/2016 01:27] [RETUR PENJUALAN] RETUR PENJUALAN : detailGridView_CellValueChanged [productID]
[ADMIN] [10/25/2016 01:27] [RETUR PENJUALAN] RETUR PENJUALAN : detailGridView_CellValueChanged [productName]
[ADMIN] [10/25/2016 01:27] [RETUR PENJUALAN] RETUR PENJUALAN : detailGridView_CellValueChanged [productName]
[ADMIN] [10/25/2016 01:27] [RETUR PENJUALAN] RETUR PENJUALAN : detailGridView_CellValueChanged [hpp]
[ADMIN] [10/25/2016 01:27] [RETUR PENJUALAN] RETUR PENJUALAN : detailGridView_CellValueChanged [subtotal]
[ADMIN] [10/25/2016 01:27] [RETUR PENJUALAN] RETUR PENJUALAN : detailGridView_CellValueChanged [subtotal]
[ADMIN] [10/25/2016 01:27] [RETUR PENJUALAN] RETUR PENJUALAN : detailGridView_CellValueChanged [qtyReceived]
[ADMIN] [10/25/2016 01:27] [RETUR PENJUALAN] RETUR PENJUALAN : detailGridView_CellValueChanged [subtotal]
[ADMIN] [10/25/2016 01:27] [PENJUALAN] CASHIER FORM : ComboBox_SelectedIndexChanged, PRODUCT_BASE_PRICE [101]
[ADMIN] [10/25/2016 01:27] [RETUR PENJUALAN] RETUR PENJUALAN : detailGridView_CellValueChanged [hpp]
[ADMIN] [10/25/2016 01:27] [RETUR PENJUALAN] RETUR PENJUALAN : detailGridView_CellValueChanged [qtyReceived]
[ADMIN] [10/25/2016 01:27] [RETUR PENJUALAN] RETUR PENJUALAN : detailGridView_CellValueChanged [subtotal]
[ADMIN] [10/25/2016 01:27] [PENJUALAN] CASHIER FORM : ComboBox_SelectedIndexChanged, attempt to calculate total
[ADMIN] [10/25/2016 01:27] [RETUR PENJUALAN] RETUR PENJUALAN : detailGridView_CellValueChanged [qtyReceived]
[ADMIN] [10/25/2016 01:27] [RETUR PENJUALAN] RETUR PENJUALAN : detailGridView_CellValueChanged [subtotal]
[ADMIN] [10/25/2016 01:28] [RETUR PENJUALAN] RETUR PENJUALAN : detailGridView_CellValueChanged [subtotal]
[ADMIN] [10/25/2016 01:28] [RETUR PENJUALAN] RETUR PENJUALAN : detailGridView_CellValueChanged [productID]
[ADMIN] [10/25/2016 01:28] [RETUR PENJUALAN] RETUR PENJUALAN : detailGridView_CellValueChanged [productName]
[ADMIN] [10/25/2016 01:28] [RETUR PENJUALAN] RETUR PENJUALAN : detailGridView_CellValueChanged [productName]
[ADMIN] [10/25/2016 01:28] [RETUR PENJUALAN] RETUR PENJUALAN : detailGridView_CellValueChanged [hpp]
[ADMIN] [10/25/2016 01:28] [RETUR PENJUALAN] RETUR PENJUALAN : detailGridView_CellValueChanged [subtotal]
[ADMIN] [10/25/2016 01:28] [RETUR PENJUALAN] RETUR PENJUALAN : detailGridView_CellValueChanged [subtotal]
[ADMIN] [10/25/2016 01:28] [RETUR PENJUALAN] RETUR PENJUALAN : detailGridView_CellValueChanged [qtyReceived]
[ADMIN] [10/25/2016 01:28] [RETUR PENJUALAN] RETUR PENJUALAN : detailGridView_CellValueChanged [subtotal]
[ADMIN] [10/25/2016 01:28] [PENJUALAN] CASHIER FORM : ComboBox_SelectedIndexChanged, PRODUCT_BASE_PRICE [49500]
[ADMIN] [10/25/2016 01:28] [RETUR PENJUALAN] RETUR PENJUALAN : detailGridView_CellValueChanged [hpp]
[ADMIN] [10/25/2016 01:28] [RETUR PENJUALAN] RETUR PENJUALAN : detailGridView_CellValueChanged [qtyReceived]
[ADMIN] [10/25/2016 01:28] [RETUR PENJUALAN] RETUR PENJUALAN : detailGridView_CellValueChanged [subtotal]
[ADMIN] [10/25/2016 01:28] [PENJUALAN] CASHIER FORM : ComboBox_SelectedIndexChanged, attempt to calculate total
[ADMIN] [10/25/2016 01:28] [RETUR PENJUALAN] RETUR PENJUALAN : detailGridView_CellValueChanged [qtyReceived]
[ADMIN] [10/25/2016 01:28] [RETUR PENJUALAN] RETUR PENJUALAN : detailGridView_CellValueChanged [subtotal]
[ADMIN] [10/25/2016 01:28] [RETUR PENJUALAN] RETUR PENJUALAN : detailGridView_CellValueChanged [subtotal]
[ADMIN] [10/25/2016 01:28] [RETUR PENJUALAN] RETUR PENJUALAN : detailGridView_CellValueChanged [productID]
[ADMIN] [10/25/2016 01:28] [RETUR PENJUALAN] RETUR PENJUALAN : detailGridView_CellValueChanged [productName]
[ADMIN] [10/25/2016 01:28] [RETUR PENJUALAN] RETUR PENJUALAN : detailGridView_CellValueChanged [productName]
[ADMIN] [10/25/2016 01:28] [RETUR PENJUALAN] RETUR PENJUALAN : detailGridView_CellValueChanged [hpp]
[ADMIN] [10/25/2016 01:28] [RETUR PENJUALAN] RETUR PENJUALAN : detailGridView_CellValueChanged [subtotal]
[ADMIN] [10/25/2016 01:28] [RETUR PENJUALAN] RETUR PENJUALAN : detailGridView_CellValueChanged [subtotal]
[ADMIN] [10/25/2016 01:28] [RETUR PENJUALAN] RETUR PENJUALAN : detailGridView_CellValueChanged [qtyReceived]
[ADMIN] [10/25/2016 01:28] [RETUR PENJUALAN] RETUR PENJUALAN : detailGridView_CellValueChanged [subtotal]
[ADMIN] [10/25/2016 01:28] [PENJUALAN] CASHIER FORM : ComboBox_SelectedIndexChanged, PRODUCT_BASE_PRICE [182500]
[ADMIN] [10/25/2016 01:28] [RETUR PENJUALAN] RETUR PENJUALAN : detailGridView_CellValueChanged [hpp]
[ADMIN] [10/25/2016 01:28] [RETUR PENJUALAN] RETUR PENJUALAN : detailGridView_CellValueChanged [qtyReceived]
[ADMIN] [10/25/2016 01:28] [RETUR PENJUALAN] RETUR PENJUALAN : detailGridView_CellValueChanged [subtotal]
[ADMIN] [10/25/2016 01:28] [PENJUALAN] CASHIER FORM : ComboBox_SelectedIndexChanged, attempt to calculate total
[ADMIN] [10/25/2016 01:28] [RETUR PENJUALAN] RETUR PENJUALAN : detailGridView_CellValueChanged [qtyReceived]
[ADMIN] [10/25/2016 01:28] [RETUR PENJUALAN] RETUR PENJUALAN : detailGridView_CellValueChanged [subtotal]
[ADMIN] [10/25/2016 01:28] [RETUR PENJUALAN] RETUR PENJUALAN : detailGridView_CellValueChanged [subtotal]
[ADMIN] [10/25/2016 01:28] [RETUR PENJUALAN] RETUR PENJUALAN : detailGridView_CellValueChanged [productID]
[ADMIN] [10/25/2016 01:28] [RETUR PENJUALAN] RETUR PENJUALAN : detailGridView_CellValueChanged [productName]
[ADMIN] [10/25/2016 01:28] [RETUR PENJUALAN] RETUR PENJUALAN : detailGridView_CellValueChanged [productName]
[ADMIN] [10/25/2016 01:28] [RETUR PENJUALAN] RETUR PENJUALAN : detailGridView_CellValueChanged [hpp]
[ADMIN] [10/25/2016 01:28] [RETUR PENJUALAN] RETUR PENJUALAN : detailGridView_CellValueChanged [subtotal]
[ADMIN] [10/25/2016 01:28] [RETUR PENJUALAN] RETUR PENJUALAN : detailGridView_CellValueChanged [subtotal]
[ADMIN] [10/25/2016 01:28] [RETUR PENJUALAN] RETUR PENJUALAN : detailGridView_CellValueChanged [qtyReceived]
[ADMIN] [10/25/2016 01:28] [RETUR PENJUALAN] RETUR PENJUALAN : detailGridView_CellValueChanged [subtotal]
[ADMIN] [10/25/2016 01:28] [PENJUALAN] CASHIER FORM : ComboBox_SelectedIndexChanged, PRODUCT_BASE_PRICE [28000]
[ADMIN] [10/25/2016 01:28] [RETUR PENJUALAN] RETUR PENJUALAN : detailGridView_CellValueChanged [hpp]
[ADMIN] [10/25/2016 01:28] [RETUR PENJUALAN] RETUR PENJUALAN : detailGridView_CellValueChanged [qtyReceived]
[ADMIN] [10/25/2016 01:28] [RETUR PENJUALAN] RETUR PENJUALAN : detailGridView_CellValueChanged [subtotal]
[ADMIN] [10/25/2016 01:28] [PENJUALAN] CASHIER FORM : ComboBox_SelectedIndexChanged, attempt to calculate total
[ADMIN] [10/25/2016 01:28] [RETUR PENJUALAN] RETUR PENJUALAN : detailGridView_CellValueChanged [qtyReceived]
[ADMIN] [10/25/2016 01:28] [RETUR PENJUALAN] RETUR PENJUALAN : detailGridView_CellValueChanged [subtotal]
[ADMIN] [10/25/2016 01:28] [RETUR PENJUALAN] RETUR PENJUALAN : detailGridView_CellValueChanged [subtotal]
[] [10/25/2016 01:41] [] USER = ADMIN IS ACTIVE
[ADMIN] [10/25/2016 01:41] [] USER ID = 1 LOGIN SUCCESSFULLY
[ADMIN] [10/25/2016 01:41] [] ACTIVATE USER ACCESS RIGHT
[ADMIN] [10/25/2016 01:41] [] DISPLAY ADMIN FORM
[ADMIN] [10/25/2016 01:41] [] adminForm Load
[ADMIN] [10/25/2016 01:43] [TAMBAH / UPDATE PRODUK] INSERT NEW PRODUCT [109]
[ADMIN] [10/25/2016 01:43] [TAMBAH / UPDATE PRODUK] INSERT PRODUCT CATEGORY FOR [109]
[ADMIN] [10/25/2016 01:43] [RETUR PENJUALAN] RETUR PENJUALAN : detailGridView_CellValueChanged [productName]
[ADMIN] [10/25/2016 01:43] [RETUR PENJUALAN] RETUR PENJUALAN : detailGridView_CellValueChanged [hpp]
[ADMIN] [10/25/2016 01:44] [RETUR PENJUALAN] RETUR PENJUALAN : detailGridView_CellValueChanged [subtotal]
[ADMIN] [10/25/2016 01:44] [RETUR PENJUALAN] RETUR PENJUALAN : detailGridView_CellValueChanged [subtotal]
[ADMIN] [10/25/2016 01:44] [RETUR PENJUALAN] RETUR PENJUALAN : detailGridView_CellValueChanged [qtyReceived]
[ADMIN] [10/25/2016 01:44] [RETUR PENJUALAN] RETUR PENJUALAN : detailGridView_CellValueChanged [subtotal]
[ADMIN] [10/25/2016 01:44] [RETUR PENJUALAN] RETUR PENJUALAN : detailGridView_CellValueChanged [qtyReceived]
[ADMIN] [10/25/2016 01:44] [RETUR PENJUALAN] RETUR PENJUALAN : detailGridView_CellValueChanged [subtotal]
[ADMIN] [10/25/2016 01:44] [] USER ID = 1LOGOUT
