[] [21/10/2016 13.42] [] USER = ADMIN IS ACTIVE
[ADMIN] [21/10/2016 13.42] [] USER ID = 1 LOGIN SUCCESSFULLY
[ADMIN] [21/10/2016 13.42] [] ACTIVATE USER ACCESS RIGHT
[ADMIN] [21/10/2016 13.43] [] DISPLAY ADMIN FORM
[ADMIN] [21/10/2016 13.43] [] adminForm Load
[] [21/10/2016 13.45] [] USER = ADMIN IS ACTIVE
[ADMIN] [21/10/2016 13.45] [] USER ID = 1 LOGIN SUCCESSFULLY
[ADMIN] [21/10/2016 13.45] [] ACTIVATE USER ACCESS RIGHT
[ADMIN] [21/10/2016 13.45] [] DISPLAY ADMIN FORM
[ADMIN] [21/10/2016 13.45] [] adminForm Load
[ADMIN] [21/10/2016 13.45] [] USER ID = 1LOGOUT
[] [24/10/2016 22.40] [] USER = ADMIN IS ACTIVE
[] [24/10/2016 22.40] [] USER = ADMIN IS ACTIVE
[] [24/10/2016 22.40] [] USER = ADMIN IS ACTIVE
[] [24/10/2016 22.40] [] USER = ADMIN IS ACTIVE
[ADMIN] [24/10/2016 22.40] [] USER ID = 1 LOGIN SUCCESSFULLY
[ADMIN] [24/10/2016 22.40] [] ACTIVATE USER ACCESS RIGHT
[ADMIN] [24/10/2016 22.40] [] DISPLAY ADMIN FORM
[ADMIN] [24/10/2016 22.40] [] adminForm Load
[] [10/25/2016 00:26] [] USER = ADMIN IS ACTIVE
[ADMIN] [10/25/2016 00:26] [] USER ID = 1 LOGIN SUCCESSFULLY
[ADMIN] [10/25/2016 00:26] [] ACTIVATE USER ACCESS RIGHT
[ADMIN] [10/25/2016 00:26] [] DISPLAY ADMIN FORM
[ADMIN] [10/25/2016 00:26] [] adminForm Load
[ADMIN] [10/25/2016 00:26] [] CREATE DATA GROUP FORM MODULE_ID [2]
[ADMIN] [10/25/2016 00:41] [PENJUALAN] CASHIER FORM : MULTIPLE CASHIER INSTANCE [1]
[ADMIN] [10/25/2016 00:42] [PENJUALAN] CASHIER FORM : REGISTER HOTKEY
[ADMIN] [10/25/2016 00:42] [PENJUALAN] CASHIER FORM : cashierForm_Load, ATTEMPT TO LOAD NO FAKTUR
[ADMIN] [10/25/2016 00:42] [PENJUALAN] CASHIER FORM : loadNoFaktur, noFakturValue [SLO001]
[ADMIN] [10/25/2016 00:42] [PENJUALAN] CASHIER FORM : cashierForm_Load, ATTEMPT TO addColumnToDataGrid
[ADMIN] [10/25/2016 00:42] [PENJUALAN] CASHIER FORM : calculateTotal
[ADMIN] [10/25/2016 00:42] [PENJUALAN] CASHIER FORM : calculateTotal [0]
[ADMIN] [10/25/2016 00:42] [PENJUALAN] CASHIER FORM : calculateTotal, totalAfterDisc [0]
[ADMIN] [10/25/2016 00:42] [PENJUALAN] CASHIER FORM : REGISTER HOTKEY
[ADMIN] [10/25/2016 00:42] [PENJUALAN] CASHIER FORM : UNREGISTER HOTKEY
[ADMIN] [10/25/2016 00:42] [PENJUALAN] CASHIER FORM : UNREGISTER HOTKEY
[ADMIN] [10/25/2016 00:43] [] USER ID = 1LOGOUT
