[] [2/4/2017 13:27] [] USER = ADMIN IS ACTIVE
[ADMIN] [2/4/2017 13:27] [] USER ID = 1 LOGIN SUCCESSFULLY
[ADMIN] [2/4/2017 13:27] [] ACTIVATE USER ACCESS RIGHT
[ADMIN] [2/4/2017 13:27] [] DISPLAY ADMIN FORM
[ADMIN] [2/4/2017 13:27] [] adminForm Load
[] [2/5/2017 23:03] [] USER = ADMIN IS ACTIVE
[ADMIN] [2/5/2017 23:03] [] USER ID = 1 LOGIN SUCCESSFULLY
[ADMIN] [2/5/2017 23:03] [] ACTIVATE USER ACCESS RIGHT
[ADMIN] [2/5/2017 23:03] [] DISPLAY ADMIN FORM
[ADMIN] [2/5/2017 23:03] [] adminForm Load
[ADMIN] [2/5/2017 23:03] [PENERIMAAN BARANG] PENERIMAAN BARANG : detailGridView_CellValueChanged [productName]
[ADMIN] [2/5/2017 23:03] [PENERIMAAN BARANG] PENERIMAAN BARANG : detailGridView_CellValueChanged [productName]
[ADMIN] [2/5/2017 23:03] [PENERIMAAN BARANG] PENERIMAAN BARANG : detailGridView_CellValueChanged [productName]
[ADMIN] [2/5/2017 23:03] [PENERIMAAN BARANG] PENERIMAAN BARANG : detailGridView_CellValueChanged [productName]
[ADMIN] [2/5/2017 23:04] [TAMBAH / UPDATE PRODUK] INSERT NEW PRODUCT [2]
[ADMIN] [2/5/2017 23:04] [TAMBAH / UPDATE PRODUK] INSERT PRODUCT CATEGORY FOR [2]
[ADMIN] [2/5/2017 23:09] [PENERIMAAN BARANG] PENERIMAAN BARANG : detailGridView_CellValueChanged [productName]
[ADMIN] [2/5/2017 23:09] [PENERIMAAN BARANG] PENERIMAAN BARANG : detailGridView_CellValueChanged [productName]
[] [2/5/2017 23:10] [] USER = ADMIN IS ACTIVE
[ADMIN] [2/5/2017 23:10] [] USER ID = 1 LOGIN SUCCESSFULLY
[ADMIN] [2/5/2017 23:10] [] ACTIVATE USER ACCESS RIGHT
[ADMIN] [2/5/2017 23:10] [] DISPLAY ADMIN FORM
[ADMIN] [2/5/2017 23:10] [] adminForm Load
[ADMIN] [2/5/2017 23:14] [PENERIMAAN BARANG] PENERIMAAN BARANG : detailGridView_CellValueChanged [productName]
[ADMIN] [2/5/2017 23:14] [PENERIMAAN BARANG] PENERIMAAN BARANG : detailGridView_CellValueChanged [productName]
[ADMIN] [2/5/2017 23:14] [PENERIMAAN BARANG] PENERIMAAN BARANG : detailGridView_CellValueChanged [productName]
[ADMIN] [2/5/2017 23:14] [PENERIMAAN BARANG] PENERIMAAN BARANG : detailGridView_CellValueChanged [productName]
[ADMIN] [2/5/2017 23:17] [PENERIMAAN BARANG] PENERIMAAN BARANG : detailGridView_CellValueChanged [productID]
[ADMIN] [2/5/2017 23:17] [PENERIMAAN BARANG] PENERIMAAN BARANG : detailGridView_CellValueChanged [productName]
[ADMIN] [2/5/2017 23:17] [PENJUALAN] CASHIER FORM : ComboBox_SelectedIndexChanged, PRODUCT_BASE_PRICE [1]
[ADMIN] [2/5/2017 23:17] [PENJUALAN] CASHIER FORM : ComboBox_SelectedIndexChanged, attempt to calculate total
[ADMIN] [2/5/2017 23:17] [PENERIMAAN BARANG] PENERIMAAN BARANG : detailGridView_CellValueChanged [qtyReceived]
[ADMIN] [2/5/2017 23:17] [PENERIMAAN BARANG] PENERIMAAN BARANG : detailGridView_CellValueChanged [subtotal]
[ADMIN] [2/5/2017 23:17] [PENERIMAAN BARANG] PENERIMAAN BARANG : detailGridView_CellValueChanged [subtotal]
[ADMIN] [2/5/2017 23:18] [PENERIMAAN BARANG] PENERIMAAN BARANG : detailGridView_CellValueChanged [productName]
[ADMIN] [2/5/2017 23:18] [PENERIMAAN BARANG] PENERIMAAN BARANG : detailGridView_CellValueChanged [productName]
[ADMIN] [2/5/2017 23:18] [PENERIMAAN BARANG] PENERIMAAN BARANG : detailGridView_CellValueChanged [productName]
[ADMIN] [2/5/2017 23:18] [PENERIMAAN BARANG] PENERIMAAN BARANG : detailGridView_CellValueChanged [productName]
[] [2/5/2017 23:21] [] USER = ADMIN IS ACTIVE
[ADMIN] [2/5/2017 23:21] [] USER ID = 1 LOGIN SUCCESSFULLY
[ADMIN] [2/5/2017 23:21] [] ACTIVATE USER ACCESS RIGHT
[ADMIN] [2/5/2017 23:21] [] DISPLAY ADMIN FORM
[ADMIN] [2/5/2017 23:21] [] adminForm Load
[ADMIN] [2/5/2017 23:21] [] CREATE DATA GROUP FORM MODULE_ID [51]
[ADMIN] [2/5/2017 23:21] [] CREATE DATA GROUP ACCESS MODULE FORM, GROUP USER ID [1]
[ADMIN] [2/5/2017 23:21] [] USER ID = 1LOGOUT
