[] [12/14/2016 23:04] [] USER = ADMIN IS ACTIVE
[ADMIN] [12/14/2016 23:04] [] USER ID = 1 LOGIN SUCCESSFULLY
[ADMIN] [12/14/2016 23:04] [] ACTIVATE USER ACCESS RIGHT
[ADMIN] [12/14/2016 23:04] [] DISPLAY ADMIN FORM
[ADMIN] [12/14/2016 23:04] [] adminForm Load
[ADMIN] [12/14/2016 23:05] [PENJUALAN] CASHIER FORM : MULTIPLE CASHIER INSTANCE [1]
[ADMIN] [12/14/2016 23:05] [PENJUALAN] CASHIER FORM : REGISTER HOTKEY
[ADMIN] [12/14/2016 23:05] [PENJUALAN] CASHIER FORM : cashierForm_Load, ATTEMPT TO LOAD NO FAKTUR
[ADMIN] [12/14/2016 23:05] [PENJUALAN] CASHIER FORM : loadNoFaktur, noFakturValue [SLO001]
[ADMIN] [12/14/2016 23:05] [PENJUALAN] CASHIER FORM : cashierForm_Load, ATTEMPT TO addColumnToDataGrid
[ADMIN] [12/14/2016 23:05] [PENJUALAN] CASHIER FORM : calculateTotal
[ADMIN] [12/14/2016 23:05] [PENJUALAN] CASHIER FORM : calculateTotal [0]
[ADMIN] [12/14/2016 23:05] [PENJUALAN] CASHIER FORM : calculateTotal, totalAfterDisc [0]
[ADMIN] [12/14/2016 23:05] [PENJUALAN] CASHIER FORM : REGISTER HOTKEY
[ADMIN] [12/14/2016 23:05] [PENJUALAN] CASHIER FORM : UNREGISTER HOTKEY
[ADMIN] [12/14/2016 23:05] [PENJUALAN] CASHIER FORM : REGISTER HOTKEY
[ADMIN] [12/14/2016 23:05] [PENJUALAN] CASHIER FORM : UNREGISTER HOTKEY
[ADMIN] [12/14/2016 23:05] [PENJUALAN] CASHIER FORM : REGISTER HOTKEY
[ADMIN] [12/14/2016 23:05] [PENJUALAN] CASHIER FORM : HOTKEY TO ADD NEW ROW PRESSED
[ADMIN] [12/14/2016 23:05] [PENJUALAN] CASHIER FORM : ADD NEW ROW,  isActive [True]
[ADMIN] [12/14/2016 23:05] [PENJUALAN] CASHIER FORM : ADD NEW ROW,  ROW COUNT [0]
[ADMIN] [12/14/2016 23:05] [PENJUALAN] CASHIER FORM : ADD NEW ROW,  ALLOW TO ADD [True]
[ADMIN] [12/14/2016 23:05] [PENJUALAN] CASHIER FORM : cashierDataGridView_CellValueChanged [F8]
[ADMIN] [12/14/2016 23:05] [PENJUALAN] CASHIER FORM : cashierDataGridView_CellValueChanged [hpp]
[ADMIN] [12/14/2016 23:05] [PENJUALAN] CASHIER FORM : cashierDataGridView_CellValueChanged [productPrice]
[ADMIN] [12/14/2016 23:05] [PENJUALAN] CASHIER FORM : TextBox_TextChanged, previousInput []
[ADMIN] [12/14/2016 23:05] [PENJUALAN] CASHIER FORM : TextBox_TextChanged, dataGridViewTextBoxEditingControl.Text pass REGEX Checking
[ADMIN] [12/14/2016 23:05] [PENJUALAN] CASHIER FORM : CALCULATE SUBTOTAL
[ADMIN] [12/14/2016 23:05] [PENJUALAN] CASHIER FORM : SUBTOTAL [0]
[ADMIN] [12/14/2016 23:05] [PENJUALAN] CASHIER FORM : TextBox_TextChanged, subtotal value [0]
[ADMIN] [12/14/2016 23:05] [PENJUALAN] CASHIER FORM : TextBox_TextChanged, attempt to calculate total value
[ADMIN] [12/14/2016 23:05] [PENJUALAN] CASHIER FORM : calculateTotal
[ADMIN] [12/14/2016 23:05] [PENJUALAN] CASHIER FORM : calculateTotal [0]
[ADMIN] [12/14/2016 23:05] [PENJUALAN] CASHIER FORM : calculateTotal, totalAfterDisc [0]
[ADMIN] [12/14/2016 23:05] [PENJUALAN] CASHIER FORM : cashierDataGridView_CellValueChanged [disc1]
[ADMIN] [12/14/2016 23:05] [PENJUALAN] CASHIER FORM : TextBox_TextChanged, previousInput []
[ADMIN] [12/14/2016 23:05] [PENJUALAN] CASHIER FORM : TextBox_TextChanged, dataGridViewTextBoxEditingControl.Text pass REGEX Checking
[ADMIN] [12/14/2016 23:05] [PENJUALAN] CASHIER FORM : CALCULATE SUBTOTAL
[ADMIN] [12/14/2016 23:05] [PENJUALAN] CASHIER FORM : SUBTOTAL [0]
[ADMIN] [12/14/2016 23:05] [PENJUALAN] CASHIER FORM : TextBox_TextChanged, subtotal value [0]
[ADMIN] [12/14/2016 23:05] [PENJUALAN] CASHIER FORM : TextBox_TextChanged, attempt to calculate total value
[ADMIN] [12/14/2016 23:05] [PENJUALAN] CASHIER FORM : calculateTotal
[ADMIN] [12/14/2016 23:05] [PENJUALAN] CASHIER FORM : calculateTotal [0]
[ADMIN] [12/14/2016 23:05] [PENJUALAN] CASHIER FORM : calculateTotal, totalAfterDisc [0]
[ADMIN] [12/14/2016 23:05] [PENJUALAN] CASHIER FORM : cashierDataGridView_CellValueChanged [qty]
[ADMIN] [12/14/2016 23:05] [PENJUALAN] CASHIER FORM : TextBox_TextChanged, previousInput []
[ADMIN] [12/14/2016 23:05] [PENJUALAN] CASHIER FORM : TextBox_TextChanged, dataGridViewTextBoxEditingControl.Text pass REGEX Checking
[ADMIN] [12/14/2016 23:05] [PENJUALAN] CASHIER FORM : CALCULATE SUBTOTAL
[ADMIN] [12/14/2016 23:05] [PENJUALAN] CASHIER FORM : SUBTOTAL [0]
[ADMIN] [12/14/2016 23:05] [PENJUALAN] CASHIER FORM : TextBox_TextChanged, subtotal value [0]
[ADMIN] [12/14/2016 23:05] [PENJUALAN] CASHIER FORM : TextBox_TextChanged, attempt to calculate total value
[ADMIN] [12/14/2016 23:05] [PENJUALAN] CASHIER FORM : calculateTotal
[ADMIN] [12/14/2016 23:05] [PENJUALAN] CASHIER FORM : calculateTotal [0]
[ADMIN] [12/14/2016 23:05] [PENJUALAN] CASHIER FORM : calculateTotal, totalAfterDisc [0]
[ADMIN] [12/14/2016 23:05] [PENJUALAN] CASHIER FORM : cashierDataGridView_CellValueChanged [disc2]
[ADMIN] [12/14/2016 23:05] [PENJUALAN] CASHIER FORM : TextBox_TextChanged, previousInput []
[ADMIN] [12/14/2016 23:05] [PENJUALAN] CASHIER FORM : TextBox_TextChanged, dataGridViewTextBoxEditingControl.Text pass REGEX Checking
[ADMIN] [12/14/2016 23:05] [PENJUALAN] CASHIER FORM : CALCULATE SUBTOTAL
[ADMIN] [12/14/2016 23:05] [PENJUALAN] CASHIER FORM : SUBTOTAL [0]
[ADMIN] [12/14/2016 23:05] [PENJUALAN] CASHIER FORM : TextBox_TextChanged, subtotal value [0]
[ADMIN] [12/14/2016 23:05] [PENJUALAN] CASHIER FORM : TextBox_TextChanged, attempt to calculate total value
[ADMIN] [12/14/2016 23:05] [PENJUALAN] CASHIER FORM : calculateTotal
[ADMIN] [12/14/2016 23:05] [PENJUALAN] CASHIER FORM : calculateTotal [0]
[ADMIN] [12/14/2016 23:05] [PENJUALAN] CASHIER FORM : calculateTotal, totalAfterDisc [0]
[ADMIN] [12/14/2016 23:05] [PENJUALAN] CASHIER FORM : cashierDataGridView_CellValueChanged [discRP]
[ADMIN] [12/14/2016 23:05] [PENJUALAN] CASHIER FORM : TextBox_TextChanged, previousInput []
[ADMIN] [12/14/2016 23:05] [PENJUALAN] CASHIER FORM : TextBox_TextChanged, dataGridViewTextBoxEditingControl.Text pass REGEX Checking
[ADMIN] [12/14/2016 23:05] [PENJUALAN] CASHIER FORM : CALCULATE SUBTOTAL
[ADMIN] [12/14/2016 23:05] [PENJUALAN] CASHIER FORM : SUBTOTAL [0]
[ADMIN] [12/14/2016 23:05] [PENJUALAN] CASHIER FORM : TextBox_TextChanged, subtotal value [0]
[ADMIN] [12/14/2016 23:05] [PENJUALAN] CASHIER FORM : TextBox_TextChanged, attempt to calculate total value
[ADMIN] [12/14/2016 23:05] [PENJUALAN] CASHIER FORM : calculateTotal
[ADMIN] [12/14/2016 23:05] [PENJUALAN] CASHIER FORM : calculateTotal [0]
[ADMIN] [12/14/2016 23:05] [PENJUALAN] CASHIER FORM : calculateTotal, totalAfterDisc [0]
[ADMIN] [12/14/2016 23:05] [PENJUALAN] CASHIER FORM : cashierDataGridView_CellValueChanged [jumlah]
[ADMIN] [12/14/2016 23:05] [PENJUALAN] CASHIER FORM : cashierDataGridView_CellValueChanged [productName]
[ADMIN] [12/14/2016 23:05] [PENJUALAN] CASHIER FORM : cashierDataGridView_CellValueChanged [productName]
[ADMIN] [12/14/2016 23:05] [PENJUALAN] CASHIER FORM : cashierDataGridView_CellValueChanged [productName]
[ADMIN] [12/14/2016 23:05] [PENJUALAN] CASHIER FORM : cashierDataGridView_CellValueChanged [productName]
[ADMIN] [12/14/2016 23:05] [PENJUALAN] CASHIER FORM : cashierDataGridView_CellValueChanged [productID]
[ADMIN] [12/14/2016 23:05] [PENJUALAN] CASHIER FORM : PRODUCT PRICE TYPE [PRODUCT_BASE_PRICE]
[ADMIN] [12/14/2016 23:05] [PENJUALAN] CASHIER FORM : PRODUCT PRICE [1000000]
[ADMIN] [12/14/2016 23:05] [PENJUALAN] CASHIER FORM : ComboBox_SelectedIndexChanged, PRODUCT_BASE_PRICE [1000000]
[ADMIN] [12/14/2016 23:05] [PENJUALAN] CASHIER FORM : cashierDataGridView_CellValueChanged [hpp]
[ADMIN] [12/14/2016 23:05] [PENJUALAN] CASHIER FORM : PRODUCT PRICE TYPE [PRODUCT_RETAIL_PRICE]
[ADMIN] [12/14/2016 23:05] [PENJUALAN] CASHIER FORM : PRODUCT PRICE [1000000]
[ADMIN] [12/14/2016 23:05] [PENJUALAN] CASHIER FORM : ComboBox_SelectedIndexChanged, PRODUCT_SALES_PRICE [1000000]
[ADMIN] [12/14/2016 23:05] [PENJUALAN] CASHIER FORM : cashierDataGridView_CellValueChanged [productPrice]
[ADMIN] [12/14/2016 23:05] [PENJUALAN] CASHIER FORM : TextBox_TextChanged, previousInput []
[ADMIN] [12/14/2016 23:05] [PENJUALAN] CASHIER FORM : TextBox_TextChanged, dataGridViewTextBoxEditingControl.Text pass REGEX Checking
[ADMIN] [12/14/2016 23:05] [PENJUALAN] CASHIER FORM : CALCULATE SUBTOTAL
[ADMIN] [12/14/2016 23:05] [PENJUALAN] CASHIER FORM : SUBTOTAL [0]
[ADMIN] [12/14/2016 23:05] [PENJUALAN] CASHIER FORM : TextBox_TextChanged, subtotal value [0]
[ADMIN] [12/14/2016 23:05] [PENJUALAN] CASHIER FORM : TextBox_TextChanged, attempt to calculate total value
[ADMIN] [12/14/2016 23:05] [PENJUALAN] CASHIER FORM : calculateTotal
[ADMIN] [12/14/2016 23:05] [PENJUALAN] CASHIER FORM : calculateTotal [0]
[ADMIN] [12/14/2016 23:05] [PENJUALAN] CASHIER FORM : calculateTotal, totalAfterDisc [0]
[ADMIN] [12/14/2016 23:05] [PENJUALAN] CASHIER FORM : cashierDataGridView_CellValueChanged [qty]
[ADMIN] [12/14/2016 23:05] [PENJUALAN] CASHIER FORM : TextBox_TextChanged, previousInput []
[ADMIN] [12/14/2016 23:05] [PENJUALAN] CASHIER FORM : TextBox_TextChanged, dataGridViewTextBoxEditingControl.Text pass REGEX Checking
[ADMIN] [12/14/2016 23:05] [PENJUALAN] CASHIER FORM : CALCULATE SUBTOTAL
[ADMIN] [12/14/2016 23:05] [PENJUALAN] CASHIER FORM : SUBTOTAL [0]
[ADMIN] [12/14/2016 23:05] [PENJUALAN] CASHIER FORM : TextBox_TextChanged, subtotal value [0]
[ADMIN] [12/14/2016 23:05] [PENJUALAN] CASHIER FORM : TextBox_TextChanged, attempt to calculate total value
[ADMIN] [12/14/2016 23:05] [PENJUALAN] CASHIER FORM : calculateTotal
[ADMIN] [12/14/2016 23:05] [PENJUALAN] CASHIER FORM : calculateTotal [0]
[ADMIN] [12/14/2016 23:05] [PENJUALAN] CASHIER FORM : calculateTotal, totalAfterDisc [0]
[ADMIN] [12/14/2016 23:05] [PENJUALAN] CASHIER FORM : ComboBox_SelectedIndexChanged, attempt to calculate total
[ADMIN] [12/14/2016 23:05] [PENJUALAN] CASHIER FORM : calculateTotal
[ADMIN] [12/14/2016 23:05] [PENJUALAN] CASHIER FORM : calculateTotal [0]
[ADMIN] [12/14/2016 23:05] [PENJUALAN] CASHIER FORM : calculateTotal, totalAfterDisc [0]
[ADMIN] [12/14/2016 23:05] [PENJUALAN] CASHIER FORM : UNREGISTER HOTKEY
[ADMIN] [12/14/2016 23:05] [PENJUALAN] CASHIER FORM : REGISTER HOTKEY
[ADMIN] [12/14/2016 23:05] [PENJUALAN] CASHIER FORM : cashierDataGridView_CellValueChanged [qty]
[ADMIN] [12/14/2016 23:05] [PENJUALAN] CASHIER FORM : TextBox_TextChanged, previousInput [0]
[ADMIN] [12/14/2016 23:05] [PENJUALAN] CASHIER FORM : TextBox_TextChanged, dataGridViewTextBoxEditingControl.Text [2]
[ADMIN] [12/14/2016 23:05] [PENJUALAN] CASHIER FORM : TextBox_TextChanged, dataGridViewTextBoxEditingControl.Text pass REGEX Checking
[ADMIN] [12/14/2016 23:05] [PENJUALAN] CASHIER FORM : CHECK STOCK QTY IS ENOUGH [1]
[ADMIN] [12/14/2016 23:05] [PENJUALAN] CASHIER FORM : CHECK STOCK QTY IS ENOUGH [3998, 2]
[ADMIN] [12/14/2016 23:05] [PENJUALAN] CASHIER FORM : CALCULATE SUBTOTAL
[ADMIN] [12/14/2016 23:05] [PENJUALAN] CASHIER FORM : SUBTOTAL [2000000]
[ADMIN] [12/14/2016 23:05] [PENJUALAN] CASHIER FORM : TextBox_TextChanged, subtotal value [2000000]
[ADMIN] [12/14/2016 23:05] [PENJUALAN] CASHIER FORM : TextBox_TextChanged, attempt to calculate total value
[ADMIN] [12/14/2016 23:05] [PENJUALAN] CASHIER FORM : calculateTotal
[ADMIN] [12/14/2016 23:05] [PENJUALAN] CASHIER FORM : calculateTotal [2000000]
[ADMIN] [12/14/2016 23:05] [PENJUALAN] CASHIER FORM : calculateTotal, totalAfterDisc [2000000]
[ADMIN] [12/14/2016 23:06] [PENJUALAN] CASHIER FORM : DISPLAY PELANGGAN FORM
[ADMIN] [12/14/2016 23:06] [PENJUALAN] CASHIER FORM : UNREGISTER HOTKEY
[ADMIN] [12/14/2016 23:06] [PENJUALAN] CASHIER FORM : SELECTED CUSTOMER ID [1]
[ADMIN] [12/14/2016 23:06] [PENJUALAN] CASHIER FORM : ATTEMPT TO SET CUSTOMER PROFILE
[ADMIN] [12/14/2016 23:06] [PENJUALAN] CASHIER FORM : SET CUSTOMER PROFILE [ANDRI]
[ADMIN] [12/14/2016 23:06] [PENJUALAN] CASHIER FORM : CUSTOMER GROUP [P-UMUM [ECER]]
[ADMIN] [12/14/2016 23:06] [PENJUALAN] CASHIER FORM : FINISHED SET CUSTOMER PROFILE
[ADMIN] [12/14/2016 23:06] [PENJUALAN] CASHIER FORM : ATTEMPT TO REFRESH PRODUCT PRICE
[ADMIN] [12/14/2016 23:06] [PENJUALAN] CASHIER FORM : PRODUCT PRICE TYPE [PRODUCT_RETAIL_PRICE]
[ADMIN] [12/14/2016 23:06] [PENJUALAN] CASHIER FORM : PRODUCT PRICE [1000000]
[ADMIN] [12/14/2016 23:06] [PENJUALAN] CASHIER FORM : CHECK IF THERE'S ANY ENTRY IN THE PRODUCT DISC
[ADMIN] [12/14/2016 23:07] [PENJUALAN] CASHIER FORM : cashierDataGridView_CellValueChanged [disc1]
[ADMIN] [12/14/2016 23:07] [PENJUALAN] CASHIER FORM : TextBox_TextChanged, previousInput [2]
[ADMIN] [12/14/2016 23:07] [PENJUALAN] CASHIER FORM : TextBox_TextChanged, dataGridViewTextBoxEditingControl.Text pass REGEX Checking
[ADMIN] [12/14/2016 23:07] [PENJUALAN] CASHIER FORM : CHECK STOCK QTY IS ENOUGH [1]
[ADMIN] [12/14/2016 23:07] [PENJUALAN] CASHIER FORM : CHECK STOCK QTY IS ENOUGH [3998, 0]
[ADMIN] [12/14/2016 23:07] [PENJUALAN] CASHIER FORM : CALCULATE SUBTOTAL
[ADMIN] [12/14/2016 23:07] [PENJUALAN] CASHIER FORM : SUBTOTAL [0]
[ADMIN] [12/14/2016 23:07] [PENJUALAN] CASHIER FORM : TextBox_TextChanged, subtotal value [0]
[ADMIN] [12/14/2016 23:07] [PENJUALAN] CASHIER FORM : TextBox_TextChanged, attempt to calculate total value
[ADMIN] [12/14/2016 23:07] [PENJUALAN] CASHIER FORM : calculateTotal
[ADMIN] [12/14/2016 23:07] [PENJUALAN] CASHIER FORM : calculateTotal [0]
[ADMIN] [12/14/2016 23:07] [PENJUALAN] CASHIER FORM : calculateTotal, totalAfterDisc [0]
[ADMIN] [12/14/2016 23:07] [PENJUALAN] CASHIER FORM : cashierDataGridView_CellValueChanged [disc2]
[ADMIN] [12/14/2016 23:07] [PENJUALAN] CASHIER FORM : TextBox_TextChanged, previousInput [0]
[ADMIN] [12/14/2016 23:07] [PENJUALAN] CASHIER FORM : TextBox_TextChanged, dataGridViewTextBoxEditingControl.Text [0]
[ADMIN] [12/14/2016 23:07] [PENJUALAN] CASHIER FORM : TextBox_TextChanged, dataGridViewTextBoxEditingControl.Text pass REGEX Checking
[ADMIN] [12/14/2016 23:07] [PENJUALAN] CASHIER FORM : CHECK STOCK QTY IS ENOUGH [1]
[ADMIN] [12/14/2016 23:07] [PENJUALAN] CASHIER FORM : CHECK STOCK QTY IS ENOUGH [3998, 0]
[ADMIN] [12/14/2016 23:07] [PENJUALAN] CASHIER FORM : CALCULATE SUBTOTAL
[ADMIN] [12/14/2016 23:07] [PENJUALAN] CASHIER FORM : SUBTOTAL [0]
[ADMIN] [12/14/2016 23:07] [PENJUALAN] CASHIER FORM : TextBox_TextChanged, subtotal value [0]
[ADMIN] [12/14/2016 23:07] [PENJUALAN] CASHIER FORM : TextBox_TextChanged, attempt to calculate total value
[ADMIN] [12/14/2016 23:07] [PENJUALAN] CASHIER FORM : calculateTotal
[ADMIN] [12/14/2016 23:07] [PENJUALAN] CASHIER FORM : calculateTotal [0]
[ADMIN] [12/14/2016 23:07] [PENJUALAN] CASHIER FORM : calculateTotal, totalAfterDisc [0]
[ADMIN] [12/14/2016 23:07] [PENJUALAN] CASHIER FORM : cashierDataGridView_CellValueChanged [discRP]
[ADMIN] [12/14/2016 23:07] [PENJUALAN] CASHIER FORM : TextBox_TextChanged, previousInput [0]
[ADMIN] [12/14/2016 23:07] [PENJUALAN] CASHIER FORM : TextBox_TextChanged, dataGridViewTextBoxEditingControl.Text [0]
[ADMIN] [12/14/2016 23:07] [PENJUALAN] CASHIER FORM : TextBox_TextChanged, dataGridViewTextBoxEditingControl.Text pass REGEX Checking
[ADMIN] [12/14/2016 23:07] [PENJUALAN] CASHIER FORM : CHECK STOCK QTY IS ENOUGH [1]
[ADMIN] [12/14/2016 23:07] [PENJUALAN] CASHIER FORM : CHECK STOCK QTY IS ENOUGH [3998, 0]
[ADMIN] [12/14/2016 23:07] [PENJUALAN] CASHIER FORM : CALCULATE SUBTOTAL
[ADMIN] [12/14/2016 23:07] [PENJUALAN] CASHIER FORM : SUBTOTAL [0]
[ADMIN] [12/14/2016 23:07] [PENJUALAN] CASHIER FORM : TextBox_TextChanged, subtotal value [0]
[ADMIN] [12/14/2016 23:07] [PENJUALAN] CASHIER FORM : TextBox_TextChanged, attempt to calculate total value
[ADMIN] [12/14/2016 23:07] [PENJUALAN] CASHIER FORM : calculateTotal
[ADMIN] [12/14/2016 23:07] [PENJUALAN] CASHIER FORM : calculateTotal [0]
[ADMIN] [12/14/2016 23:07] [PENJUALAN] CASHIER FORM : calculateTotal, totalAfterDisc [0]
[ADMIN] [12/14/2016 23:07] [PENJUALAN] CASHIER FORM : CALCULATE SUBTOTAL
[ADMIN] [12/14/2016 23:08] [PENJUALAN] CASHIER FORM : SUBTOTAL [0]
[ADMIN] [12/14/2016 23:08] [PENJUALAN] CASHIER FORM : calculateTotal
[ADMIN] [12/14/2016 23:08] [PENJUALAN] CASHIER FORM : calculateTotal [0]
[ADMIN] [12/14/2016 23:08] [PENJUALAN] CASHIER FORM : calculateTotal, totalAfterDisc [0]
[ADMIN] [12/14/2016 23:08] [PENJUALAN] CASHIER FORM : PRODUCT PRICE REFRESHED
[ADMIN] [12/14/2016 23:08] [PENJUALAN] CASHIER FORM : REGISTER HOTKEY
[ADMIN] [12/14/2016 23:08] [PENJUALAN] CASHIER FORM : UNREGISTER HOTKEY
[ADMIN] [12/14/2016 23:08] [] UPDATE POIN SUCCESS
[ADMIN] [12/14/2016 23:08] [PENJUALAN] CASHIER FORM : REGISTER HOTKEY
[ADMIN] [12/14/2016 23:08] [PENJUALAN] CASHIER FORM : cashierDataGridView_CellValueChanged [qty]
[ADMIN] [12/14/2016 23:08] [PENJUALAN] CASHIER FORM : TextBox_TextChanged, previousInput [0]
[ADMIN] [12/14/2016 23:08] [PENJUALAN] CASHIER FORM : TextBox_TextChanged, dataGridViewTextBoxEditingControl.Text [3]
[ADMIN] [12/14/2016 23:08] [PENJUALAN] CASHIER FORM : TextBox_TextChanged, dataGridViewTextBoxEditingControl.Text pass REGEX Checking
[ADMIN] [12/14/2016 23:08] [PENJUALAN] CASHIER FORM : CHECK STOCK QTY IS ENOUGH [1]
[ADMIN] [12/14/2016 23:08] [PENJUALAN] CASHIER FORM : CHECK STOCK QTY IS ENOUGH [3998, 3]
[ADMIN] [12/14/2016 23:08] [PENJUALAN] CASHIER FORM : CALCULATE SUBTOTAL
[ADMIN] [12/14/2016 23:08] [PENJUALAN] CASHIER FORM : SUBTOTAL [3000000]
[ADMIN] [12/14/2016 23:08] [PENJUALAN] CASHIER FORM : TextBox_TextChanged, subtotal value [3000000]
[ADMIN] [12/14/2016 23:08] [PENJUALAN] CASHIER FORM : TextBox_TextChanged, attempt to calculate total value
[ADMIN] [12/14/2016 23:08] [PENJUALAN] CASHIER FORM : calculateTotal
[ADMIN] [12/14/2016 23:08] [PENJUALAN] CASHIER FORM : calculateTotal [3000000]
[ADMIN] [12/14/2016 23:08] [PENJUALAN] CASHIER FORM : calculateTotal, totalAfterDisc [3000000]
[ADMIN] [12/14/2016 23:08] [PENJUALAN] CASHIER FORM : UNREGISTER HOTKEY
[ADMIN] [12/14/2016 23:08] [PENJUALAN] CASHIER FORM : REGISTER HOTKEY
[ADMIN] [12/14/2016 23:08] [PENJUALAN] CASHIER FORM : DISPLAY PELANGGAN FORM
[ADMIN] [12/14/2016 23:08] [PENJUALAN] CASHIER FORM : UNREGISTER HOTKEY
[ADMIN] [12/14/2016 23:08] [PENJUALAN] CASHIER FORM : SELECTED CUSTOMER ID [1]
[ADMIN] [12/14/2016 23:08] [PENJUALAN] CASHIER FORM : ATTEMPT TO SET CUSTOMER PROFILE
[ADMIN] [12/14/2016 23:08] [PENJUALAN] CASHIER FORM : SET CUSTOMER PROFILE [ANDRI]
[ADMIN] [12/14/2016 23:08] [PENJUALAN] CASHIER FORM : CUSTOMER GROUP [P-UMUM [ECER]]
[ADMIN] [12/14/2016 23:08] [PENJUALAN] CASHIER FORM : FINISHED SET CUSTOMER PROFILE
[ADMIN] [12/14/2016 23:08] [PENJUALAN] CASHIER FORM : ATTEMPT TO REFRESH PRODUCT PRICE
[ADMIN] [12/14/2016 23:09] [PENJUALAN] CASHIER FORM : PRODUCT PRICE TYPE [PRODUCT_RETAIL_PRICE]
[ADMIN] [12/14/2016 23:09] [PENJUALAN] CASHIER FORM : PRODUCT PRICE [1000000]
[ADMIN] [12/14/2016 23:09] [PENJUALAN] CASHIER FORM : CHECK IF THERE'S ANY ENTRY IN THE PRODUCT DISC
[ADMIN] [12/14/2016 23:09] [PENJUALAN] CASHIER FORM : CALCULATE SUBTOTAL
[ADMIN] [12/14/2016 23:09] [PENJUALAN] CASHIER FORM : SUBTOTAL [3000000]
[ADMIN] [12/14/2016 23:09] [PENJUALAN] CASHIER FORM : calculateTotal
[ADMIN] [12/14/2016 23:09] [PENJUALAN] CASHIER FORM : calculateTotal [3000000]
[ADMIN] [12/14/2016 23:09] [PENJUALAN] CASHIER FORM : calculateTotal, totalAfterDisc [3000000]
[ADMIN] [12/14/2016 23:09] [PENJUALAN] CASHIER FORM : PRODUCT PRICE REFRESHED
[ADMIN] [12/14/2016 23:09] [PENJUALAN] CASHIER FORM : REGISTER HOTKEY
[ADMIN] [12/14/2016 23:09] [] UPDATE POIN SUCCESS
[ADMIN] [12/14/2016 23:09] [PENJUALAN] CASHIER FORM : UNREGISTER HOTKEY
[ADMIN] [12/14/2016 23:09] [PENJUALAN] CASHIER FORM : UNREGISTER HOTKEY
[ADMIN] [12/14/2016 23:09] [PENJUALAN] CASHIER FORM : MULTIPLE CASHIER INSTANCE [1]
[ADMIN] [12/14/2016 23:09] [PENJUALAN] CASHIER FORM : REGISTER HOTKEY
[ADMIN] [12/14/2016 23:09] [PENJUALAN] CASHIER FORM : cashierForm_Load, ATTEMPT TO LOAD NO FAKTUR
[ADMIN] [12/14/2016 23:09] [PENJUALAN] CASHIER FORM : loadNoFaktur, noFakturValue [SLO001]
[ADMIN] [12/14/2016 23:09] [PENJUALAN] CASHIER FORM : cashierForm_Load, ATTEMPT TO addColumnToDataGrid
[ADMIN] [12/14/2016 23:09] [PENJUALAN] CASHIER FORM : calculateTotal
[ADMIN] [12/14/2016 23:09] [PENJUALAN] CASHIER FORM : calculateTotal [0]
[ADMIN] [12/14/2016 23:09] [PENJUALAN] CASHIER FORM : calculateTotal, totalAfterDisc [0]
[ADMIN] [12/14/2016 23:09] [PENJUALAN] CASHIER FORM : REGISTER HOTKEY
[ADMIN] [12/14/2016 23:13] [PENJUALAN] CASHIER FORM : HOTKEY TO ADD NEW ROW PRESSED
[ADMIN] [12/14/2016 23:13] [PENJUALAN] CASHIER FORM : ADD NEW ROW,  isActive [True]
[ADMIN] [12/14/2016 23:13] [PENJUALAN] CASHIER FORM : ADD NEW ROW,  ROW COUNT [0]
[ADMIN] [12/14/2016 23:13] [PENJUALAN] CASHIER FORM : ADD NEW ROW,  ALLOW TO ADD [True]
[ADMIN] [12/14/2016 23:13] [PENJUALAN] CASHIER FORM : cashierDataGridView_CellValueChanged [F8]
[ADMIN] [12/14/2016 23:13] [PENJUALAN] CASHIER FORM : cashierDataGridView_CellValueChanged [hpp]
[ADMIN] [12/14/2016 23:13] [PENJUALAN] CASHIER FORM : cashierDataGridView_CellValueChanged [productPrice]
[ADMIN] [12/14/2016 23:13] [PENJUALAN] CASHIER FORM : TextBox_TextChanged, previousInput []
[ADMIN] [12/14/2016 23:13] [PENJUALAN] CASHIER FORM : TextBox_TextChanged, dataGridViewTextBoxEditingControl.Text pass REGEX Checking
[ADMIN] [12/14/2016 23:13] [PENJUALAN] CASHIER FORM : CALCULATE SUBTOTAL
[ADMIN] [12/14/2016 23:13] [PENJUALAN] CASHIER FORM : SUBTOTAL [0]
[ADMIN] [12/14/2016 23:13] [PENJUALAN] CASHIER FORM : TextBox_TextChanged, subtotal value [0]
[ADMIN] [12/14/2016 23:13] [PENJUALAN] CASHIER FORM : TextBox_TextChanged, attempt to calculate total value
[ADMIN] [12/14/2016 23:13] [PENJUALAN] CASHIER FORM : calculateTotal
[ADMIN] [12/14/2016 23:13] [PENJUALAN] CASHIER FORM : calculateTotal [0]
[ADMIN] [12/14/2016 23:13] [PENJUALAN] CASHIER FORM : calculateTotal, totalAfterDisc [0]
[ADMIN] [12/14/2016 23:13] [PENJUALAN] CASHIER FORM : cashierDataGridView_CellValueChanged [disc1]
[ADMIN] [12/14/2016 23:13] [PENJUALAN] CASHIER FORM : TextBox_TextChanged, previousInput []
[ADMIN] [12/14/2016 23:13] [PENJUALAN] CASHIER FORM : TextBox_TextChanged, dataGridViewTextBoxEditingControl.Text pass REGEX Checking
[ADMIN] [12/14/2016 23:13] [PENJUALAN] CASHIER FORM : CALCULATE SUBTOTAL
[ADMIN] [12/14/2016 23:13] [PENJUALAN] CASHIER FORM : SUBTOTAL [0]
[ADMIN] [12/14/2016 23:13] [PENJUALAN] CASHIER FORM : TextBox_TextChanged, subtotal value [0]
[ADMIN] [12/14/2016 23:13] [PENJUALAN] CASHIER FORM : TextBox_TextChanged, attempt to calculate total value
[ADMIN] [12/14/2016 23:13] [PENJUALAN] CASHIER FORM : calculateTotal
[ADMIN] [12/14/2016 23:13] [PENJUALAN] CASHIER FORM : calculateTotal [0]
[ADMIN] [12/14/2016 23:13] [PENJUALAN] CASHIER FORM : calculateTotal, totalAfterDisc [0]
[ADMIN] [12/14/2016 23:13] [PENJUALAN] CASHIER FORM : cashierDataGridView_CellValueChanged [qty]
[ADMIN] [12/14/2016 23:13] [PENJUALAN] CASHIER FORM : TextBox_TextChanged, previousInput []
[ADMIN] [12/14/2016 23:13] [PENJUALAN] CASHIER FORM : TextBox_TextChanged, dataGridViewTextBoxEditingControl.Text pass REGEX Checking
[ADMIN] [12/14/2016 23:13] [PENJUALAN] CASHIER FORM : CALCULATE SUBTOTAL
[ADMIN] [12/14/2016 23:13] [PENJUALAN] CASHIER FORM : SUBTOTAL [0]
[ADMIN] [12/14/2016 23:13] [PENJUALAN] CASHIER FORM : TextBox_TextChanged, subtotal value [0]
[ADMIN] [12/14/2016 23:13] [PENJUALAN] CASHIER FORM : TextBox_TextChanged, attempt to calculate total value
[ADMIN] [12/14/2016 23:13] [PENJUALAN] CASHIER FORM : calculateTotal
[ADMIN] [12/14/2016 23:13] [PENJUALAN] CASHIER FORM : calculateTotal [0]
[ADMIN] [12/14/2016 23:13] [PENJUALAN] CASHIER FORM : calculateTotal, totalAfterDisc [0]
[ADMIN] [12/14/2016 23:13] [PENJUALAN] CASHIER FORM : cashierDataGridView_CellValueChanged [disc2]
[ADMIN] [12/14/2016 23:13] [PENJUALAN] CASHIER FORM : TextBox_TextChanged, previousInput []
[ADMIN] [12/14/2016 23:13] [PENJUALAN] CASHIER FORM : TextBox_TextChanged, dataGridViewTextBoxEditingControl.Text pass REGEX Checking
[ADMIN] [12/14/2016 23:13] [PENJUALAN] CASHIER FORM : CALCULATE SUBTOTAL
[ADMIN] [12/14/2016 23:13] [PENJUALAN] CASHIER FORM : SUBTOTAL [0]
[ADMIN] [12/14/2016 23:13] [PENJUALAN] CASHIER FORM : TextBox_TextChanged, subtotal value [0]
[ADMIN] [12/14/2016 23:13] [PENJUALAN] CASHIER FORM : TextBox_TextChanged, attempt to calculate total value
[ADMIN] [12/14/2016 23:13] [PENJUALAN] CASHIER FORM : calculateTotal
[ADMIN] [12/14/2016 23:13] [PENJUALAN] CASHIER FORM : calculateTotal [0]
[ADMIN] [12/14/2016 23:13] [PENJUALAN] CASHIER FORM : calculateTotal, totalAfterDisc [0]
[ADMIN] [12/14/2016 23:13] [PENJUALAN] CASHIER FORM : cashierDataGridView_CellValueChanged [discRP]
[ADMIN] [12/14/2016 23:13] [PENJUALAN] CASHIER FORM : TextBox_TextChanged, previousInput []
[ADMIN] [12/14/2016 23:13] [PENJUALAN] CASHIER FORM : TextBox_TextChanged, dataGridViewTextBoxEditingControl.Text pass REGEX Checking
[ADMIN] [12/14/2016 23:13] [PENJUALAN] CASHIER FORM : CALCULATE SUBTOTAL
[ADMIN] [12/14/2016 23:13] [PENJUALAN] CASHIER FORM : SUBTOTAL [0]
[ADMIN] [12/14/2016 23:13] [PENJUALAN] CASHIER FORM : TextBox_TextChanged, subtotal value [0]
[ADMIN] [12/14/2016 23:13] [PENJUALAN] CASHIER FORM : TextBox_TextChanged, attempt to calculate total value
[ADMIN] [12/14/2016 23:13] [PENJUALAN] CASHIER FORM : calculateTotal
[ADMIN] [12/14/2016 23:13] [PENJUALAN] CASHIER FORM : calculateTotal [0]
[ADMIN] [12/14/2016 23:13] [PENJUALAN] CASHIER FORM : calculateTotal, totalAfterDisc [0]
[ADMIN] [12/14/2016 23:13] [PENJUALAN] CASHIER FORM : cashierDataGridView_CellValueChanged [jumlah]
[ADMIN] [12/14/2016 23:13] [PENJUALAN] CASHIER FORM : UNREGISTER HOTKEY
[ADMIN] [12/14/2016 23:13] [PENJUALAN] CASHIER FORM : REGISTER HOTKEY
[ADMIN] [12/14/2016 23:13] [PENJUALAN] CASHIER FORM : cashierDataGridView_CellValueChanged [productName]
[ADMIN] [12/14/2016 23:13] [PENJUALAN] CASHIER FORM : cashierDataGridView_CellValueChanged [productName]
[ADMIN] [12/14/2016 23:13] [PENJUALAN] CASHIER FORM : cashierDataGridView_CellValueChanged [productName]
[ADMIN] [12/14/2016 23:13] [PENJUALAN] CASHIER FORM : cashierDataGridView_CellValueChanged [productName]
[ADMIN] [12/14/2016 23:13] [PENJUALAN] CASHIER FORM : cashierDataGridView_CellValueChanged [productName]
[ADMIN] [12/14/2016 23:13] [PENJUALAN] CASHIER FORM : cashierDataGridView_CellValueChanged [productName]
[ADMIN] [12/14/2016 23:13] [PENJUALAN] CASHIER FORM : cashierDataGridView_CellValueChanged [productName]
[ADMIN] [12/14/2016 23:13] [PENJUALAN] CASHIER FORM : cashierDataGridView_CellValueChanged [productName]
[ADMIN] [12/14/2016 23:13] [PENJUALAN] CASHIER FORM : cashierDataGridView_CellValueChanged [productName]
[ADMIN] [12/14/2016 23:13] [PENJUALAN] CASHIER FORM : cashierDataGridView_CellValueChanged [productName]
[ADMIN] [12/14/2016 23:13] [PENJUALAN] CASHIER FORM : cashierDataGridView_CellValueChanged [productID]
[ADMIN] [12/14/2016 23:13] [PENJUALAN] CASHIER FORM : PRODUCT PRICE TYPE [PRODUCT_BASE_PRICE]
[ADMIN] [12/14/2016 23:13] [PENJUALAN] CASHIER FORM : PRODUCT PRICE [1000000]
[ADMIN] [12/14/2016 23:13] [PENJUALAN] CASHIER FORM : ComboBox_SelectedIndexChanged, PRODUCT_BASE_PRICE [1000000]
[ADMIN] [12/14/2016 23:13] [PENJUALAN] CASHIER FORM : cashierDataGridView_CellValueChanged [hpp]
[ADMIN] [12/14/2016 23:13] [PENJUALAN] CASHIER FORM : PRODUCT PRICE TYPE [PRODUCT_RETAIL_PRICE]
[ADMIN] [12/14/2016 23:13] [PENJUALAN] CASHIER FORM : PRODUCT PRICE [1000000]
[ADMIN] [12/14/2016 23:13] [PENJUALAN] CASHIER FORM : ComboBox_SelectedIndexChanged, PRODUCT_SALES_PRICE [1000000]
[ADMIN] [12/14/2016 23:13] [PENJUALAN] CASHIER FORM : cashierDataGridView_CellValueChanged [productPrice]
[ADMIN] [12/14/2016 23:13] [PENJUALAN] CASHIER FORM : TextBox_TextChanged, previousInput []
[ADMIN] [12/14/2016 23:13] [PENJUALAN] CASHIER FORM : TextBox_TextChanged, dataGridViewTextBoxEditingControl.Text pass REGEX Checking
[ADMIN] [12/14/2016 23:13] [PENJUALAN] CASHIER FORM : CALCULATE SUBTOTAL
[ADMIN] [12/14/2016 23:13] [PENJUALAN] CASHIER FORM : SUBTOTAL [0]
[ADMIN] [12/14/2016 23:13] [PENJUALAN] CASHIER FORM : TextBox_TextChanged, subtotal value [0]
[ADMIN] [12/14/2016 23:13] [PENJUALAN] CASHIER FORM : TextBox_TextChanged, attempt to calculate total value
[ADMIN] [12/14/2016 23:13] [PENJUALAN] CASHIER FORM : calculateTotal
[ADMIN] [12/14/2016 23:13] [PENJUALAN] CASHIER FORM : calculateTotal [0]
[ADMIN] [12/14/2016 23:13] [PENJUALAN] CASHIER FORM : calculateTotal, totalAfterDisc [0]
[ADMIN] [12/14/2016 23:13] [PENJUALAN] CASHIER FORM : cashierDataGridView_CellValueChanged [qty]
[ADMIN] [12/14/2016 23:13] [PENJUALAN] CASHIER FORM : TextBox_TextChanged, previousInput []
[ADMIN] [12/14/2016 23:13] [PENJUALAN] CASHIER FORM : TextBox_TextChanged, dataGridViewTextBoxEditingControl.Text pass REGEX Checking
[ADMIN] [12/14/2016 23:13] [PENJUALAN] CASHIER FORM : CALCULATE SUBTOTAL
[ADMIN] [12/14/2016 23:13] [PENJUALAN] CASHIER FORM : SUBTOTAL [0]
[ADMIN] [12/14/2016 23:13] [PENJUALAN] CASHIER FORM : TextBox_TextChanged, subtotal value [0]
[ADMIN] [12/14/2016 23:13] [PENJUALAN] CASHIER FORM : TextBox_TextChanged, attempt to calculate total value
[ADMIN] [12/14/2016 23:13] [PENJUALAN] CASHIER FORM : calculateTotal
[ADMIN] [12/14/2016 23:13] [PENJUALAN] CASHIER FORM : calculateTotal [0]
[ADMIN] [12/14/2016 23:13] [PENJUALAN] CASHIER FORM : calculateTotal, totalAfterDisc [0]
[ADMIN] [12/14/2016 23:13] [PENJUALAN] CASHIER FORM : ComboBox_SelectedIndexChanged, attempt to calculate total
[ADMIN] [12/14/2016 23:13] [PENJUALAN] CASHIER FORM : calculateTotal
[ADMIN] [12/14/2016 23:13] [PENJUALAN] CASHIER FORM : calculateTotal [0]
[ADMIN] [12/14/2016 23:13] [PENJUALAN] CASHIER FORM : calculateTotal, totalAfterDisc [0]
[ADMIN] [12/14/2016 23:13] [PENJUALAN] CASHIER FORM : UNREGISTER HOTKEY
[ADMIN] [12/14/2016 23:13] [PENJUALAN] CASHIER FORM : REGISTER HOTKEY
[ADMIN] [12/14/2016 23:13] [PENJUALAN] CASHIER FORM : UNREGISTER HOTKEY
[ADMIN] [12/14/2016 23:13] [PENJUALAN] CASHIER FORM : REGISTER HOTKEY
[ADMIN] [12/14/2016 23:13] [PENJUALAN] CASHIER FORM : UNREGISTER HOTKEY
[ADMIN] [12/14/2016 23:14] [PENJUALAN] CASHIER FORM : REGISTER HOTKEY
[ADMIN] [12/14/2016 23:14] [PENJUALAN] CASHIER FORM : cashierDataGridView_CellValueChanged [qty]
[ADMIN] [12/14/2016 23:14] [PENJUALAN] CASHIER FORM : TextBox_TextChanged, previousInput [0]
[ADMIN] [12/14/2016 23:14] [PENJUALAN] CASHIER FORM : TextBox_TextChanged, dataGridViewTextBoxEditingControl.Text [3]
[ADMIN] [12/14/2016 23:14] [PENJUALAN] CASHIER FORM : TextBox_TextChanged, dataGridViewTextBoxEditingControl.Text pass REGEX Checking
[ADMIN] [12/14/2016 23:14] [PENJUALAN] CASHIER FORM : CHECK STOCK QTY IS ENOUGH [1]
[ADMIN] [12/14/2016 23:14] [PENJUALAN] CASHIER FORM : CHECK STOCK QTY IS ENOUGH [3998, 3]
[ADMIN] [12/14/2016 23:14] [PENJUALAN] CASHIER FORM : CALCULATE SUBTOTAL
[ADMIN] [12/14/2016 23:14] [PENJUALAN] CASHIER FORM : SUBTOTAL [3000000]
[ADMIN] [12/14/2016 23:14] [PENJUALAN] CASHIER FORM : TextBox_TextChanged, subtotal value [3000000]
[ADMIN] [12/14/2016 23:14] [PENJUALAN] CASHIER FORM : TextBox_TextChanged, attempt to calculate total value
[ADMIN] [12/14/2016 23:14] [PENJUALAN] CASHIER FORM : calculateTotal
[ADMIN] [12/14/2016 23:14] [PENJUALAN] CASHIER FORM : calculateTotal [3000000]
[ADMIN] [12/14/2016 23:14] [PENJUALAN] CASHIER FORM : calculateTotal, totalAfterDisc [3000000]
[ADMIN] [12/14/2016 23:14] [PENJUALAN] CASHIER FORM : UNREGISTER HOTKEY
[ADMIN] [12/14/2016 23:14] [PENJUALAN] CASHIER FORM : REGISTER HOTKEY
[ADMIN] [12/14/2016 23:14] [PENJUALAN] CASHIER FORM : UNREGISTER HOTKEY
[ADMIN] [12/14/2016 23:14] [PENJUALAN] CASHIER FORM : REGISTER HOTKEY
[ADMIN] [12/14/2016 23:14] [PENJUALAN] CASHIER FORM : UNREGISTER HOTKEY
[ADMIN] [12/14/2016 23:14] [PENJUALAN] CASHIER FORM : REGISTER HOTKEY
[ADMIN] [12/14/2016 23:14] [PENJUALAN] CASHIER FORM : cashierDataGridView_CellValueChanged [qty]
[ADMIN] [12/14/2016 23:14] [PENJUALAN] CASHIER FORM : TextBox_TextChanged, previousInput [3]
[ADMIN] [12/14/2016 23:14] [PENJUALAN] CASHIER FORM : TextBox_TextChanged, dataGridViewTextBoxEditingControl.Text pass REGEX Checking
[ADMIN] [12/14/2016 23:14] [PENJUALAN] CASHIER FORM : CHECK STOCK QTY IS ENOUGH [1]
[ADMIN] [12/14/2016 23:14] [PENJUALAN] CASHIER FORM : CHECK STOCK QTY IS ENOUGH [3998, 2]
[ADMIN] [12/14/2016 23:14] [PENJUALAN] CASHIER FORM : CALCULATE SUBTOTAL
[ADMIN] [12/14/2016 23:14] [PENJUALAN] CASHIER FORM : SUBTOTAL [2000000]
[ADMIN] [12/14/2016 23:14] [PENJUALAN] CASHIER FORM : TextBox_TextChanged, subtotal value [2000000]
[ADMIN] [12/14/2016 23:14] [PENJUALAN] CASHIER FORM : TextBox_TextChanged, attempt to calculate total value
[ADMIN] [12/14/2016 23:14] [PENJUALAN] CASHIER FORM : calculateTotal
[ADMIN] [12/14/2016 23:14] [PENJUALAN] CASHIER FORM : calculateTotal [2000000]
[ADMIN] [12/14/2016 23:14] [PENJUALAN] CASHIER FORM : calculateTotal, totalAfterDisc [2000000]
[ADMIN] [12/14/2016 23:14] [PENJUALAN] CASHIER FORM : UNREGISTER HOTKEY
[ADMIN] [12/14/2016 23:15] [PENJUALAN] CASHIER FORM : REGISTER HOTKEY
[ADMIN] [12/14/2016 23:15] [PENJUALAN] CASHIER FORM : UNREGISTER HOTKEY
[ADMIN] [12/14/2016 23:15] [PENJUALAN] CASHIER FORM : REGISTER HOTKEY
[ADMIN] [12/14/2016 23:15] [PENJUALAN] CASHIER FORM : DISPLAY PELANGGAN FORM
[ADMIN] [12/14/2016 23:15] [PENJUALAN] CASHIER FORM : UNREGISTER HOTKEY
[ADMIN] [12/14/2016 23:15] [PENJUALAN] CASHIER FORM : SELECTED CUSTOMER ID [1]
[ADMIN] [12/14/2016 23:15] [PENJUALAN] CASHIER FORM : ATTEMPT TO SET CUSTOMER PROFILE
[ADMIN] [12/14/2016 23:15] [PENJUALAN] CASHIER FORM : SET CUSTOMER PROFILE [ANDRI]
[ADMIN] [12/14/2016 23:15] [PENJUALAN] CASHIER FORM : CUSTOMER GROUP [P-UMUM [ECER]]
[ADMIN] [12/14/2016 23:15] [PENJUALAN] CASHIER FORM : FINISHED SET CUSTOMER PROFILE
[ADMIN] [12/14/2016 23:15] [PENJUALAN] CASHIER FORM : ATTEMPT TO REFRESH PRODUCT PRICE
[ADMIN] [12/14/2016 23:15] [PENJUALAN] CASHIER FORM : PRODUCT PRICE TYPE [PRODUCT_RETAIL_PRICE]
[ADMIN] [12/14/2016 23:15] [PENJUALAN] CASHIER FORM : PRODUCT PRICE [1000000]
[ADMIN] [12/14/2016 23:15] [PENJUALAN] CASHIER FORM : CHECK IF THERE'S ANY ENTRY IN THE PRODUCT DISC
[ADMIN] [12/14/2016 23:15] [PENJUALAN] CASHIER FORM : cashierDataGridView_CellValueChanged [disc1]
[] [12/14/2016 23:17] [] USER = ADMIN IS ACTIVE
[ADMIN] [12/14/2016 23:17] [] USER ID = 1 LOGIN SUCCESSFULLY
[ADMIN] [12/14/2016 23:17] [] ACTIVATE USER ACCESS RIGHT
[ADMIN] [12/14/2016 23:17] [] DISPLAY ADMIN FORM
[ADMIN] [12/14/2016 23:17] [] adminForm Load
[ADMIN] [12/14/2016 23:17] [PENJUALAN] CASHIER FORM : MULTIPLE CASHIER INSTANCE [1]
[ADMIN] [12/14/2016 23:17] [PENJUALAN] CASHIER FORM : REGISTER HOTKEY
[ADMIN] [12/14/2016 23:17] [PENJUALAN] CASHIER FORM : cashierForm_Load, ATTEMPT TO LOAD NO FAKTUR
[ADMIN] [12/14/2016 23:17] [PENJUALAN] CASHIER FORM : loadNoFaktur, noFakturValue [SLO001]
[ADMIN] [12/14/2016 23:17] [PENJUALAN] CASHIER FORM : cashierForm_Load, ATTEMPT TO addColumnToDataGrid
[ADMIN] [12/14/2016 23:17] [PENJUALAN] CASHIER FORM : calculateTotal
[ADMIN] [12/14/2016 23:17] [PENJUALAN] CASHIER FORM : calculateTotal [0]
[ADMIN] [12/14/2016 23:17] [PENJUALAN] CASHIER FORM : calculateTotal, totalAfterDisc [0]
[ADMIN] [12/14/2016 23:17] [PENJUALAN] CASHIER FORM : REGISTER HOTKEY
[ADMIN] [12/14/2016 23:17] [PENJUALAN] CASHIER FORM : HOTKEY TO ADD NEW ROW PRESSED
[ADMIN] [12/14/2016 23:17] [PENJUALAN] CASHIER FORM : ADD NEW ROW,  isActive [True]
[ADMIN] [12/14/2016 23:17] [PENJUALAN] CASHIER FORM : ADD NEW ROW,  ROW COUNT [0]
[ADMIN] [12/14/2016 23:17] [PENJUALAN] CASHIER FORM : ADD NEW ROW,  ALLOW TO ADD [True]
[ADMIN] [12/14/2016 23:17] [PENJUALAN] CASHIER FORM : cashierDataGridView_CellValueChanged [F8]
[ADMIN] [12/14/2016 23:17] [PENJUALAN] CASHIER FORM : cashierDataGridView_CellValueChanged [hpp]
[ADMIN] [12/14/2016 23:17] [PENJUALAN] CASHIER FORM : cashierDataGridView_CellValueChanged [productPrice]
[ADMIN] [12/14/2016 23:17] [PENJUALAN] CASHIER FORM : TextBox_TextChanged, previousInput []
[ADMIN] [12/14/2016 23:17] [PENJUALAN] CASHIER FORM : TextBox_TextChanged, dataGridViewTextBoxEditingControl.Text pass REGEX Checking
[ADMIN] [12/14/2016 23:17] [PENJUALAN] CASHIER FORM : CALCULATE SUBTOTAL
[ADMIN] [12/14/2016 23:17] [PENJUALAN] CASHIER FORM : SUBTOTAL [0]
[ADMIN] [12/14/2016 23:17] [PENJUALAN] CASHIER FORM : TextBox_TextChanged, subtotal value [0]
[ADMIN] [12/14/2016 23:17] [PENJUALAN] CASHIER FORM : TextBox_TextChanged, attempt to calculate total value
[ADMIN] [12/14/2016 23:17] [PENJUALAN] CASHIER FORM : calculateTotal
[ADMIN] [12/14/2016 23:17] [PENJUALAN] CASHIER FORM : calculateTotal [0]
[ADMIN] [12/14/2016 23:17] [PENJUALAN] CASHIER FORM : calculateTotal, totalAfterDisc [0]
[ADMIN] [12/14/2016 23:17] [PENJUALAN] CASHIER FORM : cashierDataGridView_CellValueChanged [disc1]
[ADMIN] [12/14/2016 23:17] [PENJUALAN] CASHIER FORM : TextBox_TextChanged, previousInput [0]
[ADMIN] [12/14/2016 23:17] [PENJUALAN] CASHIER FORM : TextBox_TextChanged, dataGridViewTextBoxEditingControl.Text [0]
[ADMIN] [12/14/2016 23:17] [PENJUALAN] CASHIER FORM : TextBox_TextChanged, dataGridViewTextBoxEditingControl.Text pass REGEX Checking
[ADMIN] [12/14/2016 23:17] [PENJUALAN] CASHIER FORM : CALCULATE SUBTOTAL
[ADMIN] [12/14/2016 23:17] [PENJUALAN] CASHIER FORM : SUBTOTAL [0]
[ADMIN] [12/14/2016 23:17] [PENJUALAN] CASHIER FORM : TextBox_TextChanged, subtotal value [0]
[ADMIN] [12/14/2016 23:17] [PENJUALAN] CASHIER FORM : TextBox_TextChanged, attempt to calculate total value
[ADMIN] [12/14/2016 23:17] [PENJUALAN] CASHIER FORM : calculateTotal
[ADMIN] [12/14/2016 23:17] [PENJUALAN] CASHIER FORM : calculateTotal [0]
[ADMIN] [12/14/2016 23:17] [PENJUALAN] CASHIER FORM : calculateTotal, totalAfterDisc [0]
[ADMIN] [12/14/2016 23:17] [PENJUALAN] CASHIER FORM : cashierDataGridView_CellValueChanged [qty]
[ADMIN] [12/14/2016 23:17] [PENJUALAN] CASHIER FORM : TextBox_TextChanged, previousInput [0]
[ADMIN] [12/14/2016 23:17] [PENJUALAN] CASHIER FORM : TextBox_TextChanged, dataGridViewTextBoxEditingControl.Text [0]
[ADMIN] [12/14/2016 23:17] [PENJUALAN] CASHIER FORM : TextBox_TextChanged, dataGridViewTextBoxEditingControl.Text pass REGEX Checking
[ADMIN] [12/14/2016 23:17] [PENJUALAN] CASHIER FORM : CHECK STOCK QTY IS ENOUGH []
[ADMIN] [12/14/2016 23:17] [PENJUALAN] CASHIER FORM : CALCULATE SUBTOTAL
[ADMIN] [12/14/2016 23:17] [PENJUALAN] CASHIER FORM : SUBTOTAL [0]
[ADMIN] [12/14/2016 23:17] [PENJUALAN] CASHIER FORM : TextBox_TextChanged, subtotal value [0]
[ADMIN] [12/14/2016 23:17] [PENJUALAN] CASHIER FORM : TextBox_TextChanged, attempt to calculate total value
[ADMIN] [12/14/2016 23:17] [PENJUALAN] CASHIER FORM : calculateTotal
[ADMIN] [12/14/2016 23:17] [PENJUALAN] CASHIER FORM : calculateTotal [0]
[ADMIN] [12/14/2016 23:17] [PENJUALAN] CASHIER FORM : calculateTotal, totalAfterDisc [0]
[ADMIN] [12/14/2016 23:17] [PENJUALAN] CASHIER FORM : cashierDataGridView_CellValueChanged [disc2]
[ADMIN] [12/14/2016 23:17] [PENJUALAN] CASHIER FORM : TextBox_TextChanged, previousInput [0]
[ADMIN] [12/14/2016 23:17] [PENJUALAN] CASHIER FORM : TextBox_TextChanged, dataGridViewTextBoxEditingControl.Text [0]
[ADMIN] [12/14/2016 23:17] [PENJUALAN] CASHIER FORM : TextBox_TextChanged, dataGridViewTextBoxEditingControl.Text pass REGEX Checking
[ADMIN] [12/14/2016 23:17] [PENJUALAN] CASHIER FORM : CALCULATE SUBTOTAL
[ADMIN] [12/14/2016 23:17] [PENJUALAN] CASHIER FORM : SUBTOTAL [0]
[ADMIN] [12/14/2016 23:17] [PENJUALAN] CASHIER FORM : TextBox_TextChanged, subtotal value [0]
[ADMIN] [12/14/2016 23:17] [PENJUALAN] CASHIER FORM : TextBox_TextChanged, attempt to calculate total value
[ADMIN] [12/14/2016 23:17] [PENJUALAN] CASHIER FORM : calculateTotal
[ADMIN] [12/14/2016 23:17] [PENJUALAN] CASHIER FORM : calculateTotal [0]
[ADMIN] [12/14/2016 23:17] [PENJUALAN] CASHIER FORM : calculateTotal, totalAfterDisc [0]
[ADMIN] [12/14/2016 23:17] [PENJUALAN] CASHIER FORM : cashierDataGridView_CellValueChanged [discRP]
[ADMIN] [12/14/2016 23:17] [PENJUALAN] CASHIER FORM : TextBox_TextChanged, previousInput [0]
[ADMIN] [12/14/2016 23:17] [PENJUALAN] CASHIER FORM : TextBox_TextChanged, dataGridViewTextBoxEditingControl.Text [0]
[ADMIN] [12/14/2016 23:17] [PENJUALAN] CASHIER FORM : TextBox_TextChanged, dataGridViewTextBoxEditingControl.Text pass REGEX Checking
[ADMIN] [12/14/2016 23:17] [PENJUALAN] CASHIER FORM : CALCULATE SUBTOTAL
[ADMIN] [12/14/2016 23:17] [PENJUALAN] CASHIER FORM : SUBTOTAL [0]
[ADMIN] [12/14/2016 23:17] [PENJUALAN] CASHIER FORM : TextBox_TextChanged, subtotal value [0]
[ADMIN] [12/14/2016 23:17] [PENJUALAN] CASHIER FORM : TextBox_TextChanged, attempt to calculate total value
[ADMIN] [12/14/2016 23:17] [PENJUALAN] CASHIER FORM : calculateTotal
[ADMIN] [12/14/2016 23:17] [PENJUALAN] CASHIER FORM : calculateTotal [0]
[ADMIN] [12/14/2016 23:17] [PENJUALAN] CASHIER FORM : calculateTotal, totalAfterDisc [0]
[ADMIN] [12/14/2016 23:17] [PENJUALAN] CASHIER FORM : cashierDataGridView_CellValueChanged [jumlah]
[ADMIN] [12/14/2016 23:17] [PENJUALAN] CASHIER FORM : UNREGISTER HOTKEY
[ADMIN] [12/14/2016 23:17] [PENJUALAN] CASHIER FORM : REGISTER HOTKEY
[ADMIN] [12/14/2016 23:17] [PENJUALAN] CASHIER FORM : cashierDataGridView_CellValueChanged [productName]
[ADMIN] [12/14/2016 23:17] [PENJUALAN] CASHIER FORM : cashierDataGridView_CellValueChanged [productName]
[ADMIN] [12/14/2016 23:17] [PENJUALAN] CASHIER FORM : cashierDataGridView_CellValueChanged [productName]
[ADMIN] [12/14/2016 23:17] [PENJUALAN] CASHIER FORM : cashierDataGridView_CellValueChanged [productName]
[ADMIN] [12/14/2016 23:17] [PENJUALAN] CASHIER FORM : cashierDataGridView_CellValueChanged [productName]
[ADMIN] [12/14/2016 23:17] [PENJUALAN] CASHIER FORM : cashierDataGridView_CellValueChanged [productName]
[ADMIN] [12/14/2016 23:17] [PENJUALAN] CASHIER FORM : cashierDataGridView_CellValueChanged [productName]
[ADMIN] [12/14/2016 23:17] [PENJUALAN] CASHIER FORM : cashierDataGridView_CellValueChanged [productName]
[ADMIN] [12/14/2016 23:17] [PENJUALAN] CASHIER FORM : cashierDataGridView_CellValueChanged [productName]
[ADMIN] [12/14/2016 23:17] [PENJUALAN] CASHIER FORM : cashierDataGridView_CellValueChanged [productName]
[ADMIN] [12/14/2016 23:17] [PENJUALAN] CASHIER FORM : cashierDataGridView_CellValueChanged [productID]
[ADMIN] [12/14/2016 23:17] [PENJUALAN] CASHIER FORM : PRODUCT PRICE TYPE [PRODUCT_BASE_PRICE]
[ADMIN] [12/14/2016 23:17] [PENJUALAN] CASHIER FORM : PRODUCT PRICE [1000000]
[ADMIN] [12/14/2016 23:17] [PENJUALAN] CASHIER FORM : ComboBox_SelectedIndexChanged, PRODUCT_BASE_PRICE [1000000]
[ADMIN] [12/14/2016 23:17] [PENJUALAN] CASHIER FORM : cashierDataGridView_CellValueChanged [hpp]
[ADMIN] [12/14/2016 23:17] [PENJUALAN] CASHIER FORM : PRODUCT PRICE TYPE [PRODUCT_RETAIL_PRICE]
[ADMIN] [12/14/2016 23:17] [PENJUALAN] CASHIER FORM : PRODUCT PRICE [1000000]
[ADMIN] [12/14/2016 23:17] [PENJUALAN] CASHIER FORM : ComboBox_SelectedIndexChanged, PRODUCT_SALES_PRICE [1000000]
[ADMIN] [12/14/2016 23:17] [PENJUALAN] CASHIER FORM : cashierDataGridView_CellValueChanged [productPrice]
[ADMIN] [12/14/2016 23:17] [PENJUALAN] CASHIER FORM : TextBox_TextChanged, previousInput []
[ADMIN] [12/14/2016 23:17] [PENJUALAN] CASHIER FORM : TextBox_TextChanged, dataGridViewTextBoxEditingControl.Text pass REGEX Checking
[ADMIN] [12/14/2016 23:17] [PENJUALAN] CASHIER FORM : CALCULATE SUBTOTAL
[ADMIN] [12/14/2016 23:17] [PENJUALAN] CASHIER FORM : SUBTOTAL [0]
[ADMIN] [12/14/2016 23:17] [PENJUALAN] CASHIER FORM : TextBox_TextChanged, subtotal value [0]
[ADMIN] [12/14/2016 23:17] [PENJUALAN] CASHIER FORM : TextBox_TextChanged, attempt to calculate total value
[ADMIN] [12/14/2016 23:17] [PENJUALAN] CASHIER FORM : calculateTotal
[ADMIN] [12/14/2016 23:17] [PENJUALAN] CASHIER FORM : calculateTotal [0]
[ADMIN] [12/14/2016 23:17] [PENJUALAN] CASHIER FORM : calculateTotal, totalAfterDisc [0]
[ADMIN] [12/14/2016 23:17] [PENJUALAN] CASHIER FORM : cashierDataGridView_CellValueChanged [qty]
[ADMIN] [12/14/2016 23:17] [PENJUALAN] CASHIER FORM : TextBox_TextChanged, previousInput [0]
[ADMIN] [12/14/2016 23:17] [PENJUALAN] CASHIER FORM : TextBox_TextChanged, dataGridViewTextBoxEditingControl.Text [0]
[ADMIN] [12/14/2016 23:17] [PENJUALAN] CASHIER FORM : TextBox_TextChanged, dataGridViewTextBoxEditingControl.Text pass REGEX Checking
[ADMIN] [12/14/2016 23:17] [PENJUALAN] CASHIER FORM : CHECK STOCK QTY IS ENOUGH [1]
[ADMIN] [12/14/2016 23:17] [PENJUALAN] CASHIER FORM : CHECK STOCK QTY IS ENOUGH [3998, 0]
[ADMIN] [12/14/2016 23:17] [PENJUALAN] CASHIER FORM : CALCULATE SUBTOTAL
[ADMIN] [12/14/2016 23:17] [PENJUALAN] CASHIER FORM : SUBTOTAL [0]
[ADMIN] [12/14/2016 23:17] [PENJUALAN] CASHIER FORM : TextBox_TextChanged, subtotal value [0]
[ADMIN] [12/14/2016 23:17] [PENJUALAN] CASHIER FORM : TextBox_TextChanged, attempt to calculate total value
[ADMIN] [12/14/2016 23:17] [PENJUALAN] CASHIER FORM : calculateTotal
[ADMIN] [12/14/2016 23:17] [PENJUALAN] CASHIER FORM : calculateTotal [0]
[ADMIN] [12/14/2016 23:17] [PENJUALAN] CASHIER FORM : calculateTotal, totalAfterDisc [0]
[ADMIN] [12/14/2016 23:17] [PENJUALAN] CASHIER FORM : ComboBox_SelectedIndexChanged, attempt to calculate total
[ADMIN] [12/14/2016 23:17] [PENJUALAN] CASHIER FORM : calculateTotal
[ADMIN] [12/14/2016 23:17] [PENJUALAN] CASHIER FORM : calculateTotal [0]
[ADMIN] [12/14/2016 23:17] [PENJUALAN] CASHIER FORM : calculateTotal, totalAfterDisc [0]
[ADMIN] [12/14/2016 23:17] [PENJUALAN] CASHIER FORM : UNREGISTER HOTKEY
[ADMIN] [12/14/2016 23:17] [PENJUALAN] CASHIER FORM : REGISTER HOTKEY
[ADMIN] [12/14/2016 23:17] [PENJUALAN] CASHIER FORM : cashierDataGridView_CellValueChanged [qty]
[ADMIN] [12/14/2016 23:17] [PENJUALAN] CASHIER FORM : TextBox_TextChanged, previousInput [0]
[ADMIN] [12/14/2016 23:17] [PENJUALAN] CASHIER FORM : TextBox_TextChanged, dataGridViewTextBoxEditingControl.Text [2]
[ADMIN] [12/14/2016 23:17] [PENJUALAN] CASHIER FORM : TextBox_TextChanged, dataGridViewTextBoxEditingControl.Text pass REGEX Checking
[ADMIN] [12/14/2016 23:17] [PENJUALAN] CASHIER FORM : CHECK STOCK QTY IS ENOUGH [1]
[ADMIN] [12/14/2016 23:17] [PENJUALAN] CASHIER FORM : CHECK STOCK QTY IS ENOUGH [3998, 2]
[ADMIN] [12/14/2016 23:17] [PENJUALAN] CASHIER FORM : CALCULATE SUBTOTAL
[ADMIN] [12/14/2016 23:17] [PENJUALAN] CASHIER FORM : SUBTOTAL [2000000]
[ADMIN] [12/14/2016 23:17] [PENJUALAN] CASHIER FORM : TextBox_TextChanged, subtotal value [2000000]
[ADMIN] [12/14/2016 23:17] [PENJUALAN] CASHIER FORM : TextBox_TextChanged, attempt to calculate total value
[ADMIN] [12/14/2016 23:17] [PENJUALAN] CASHIER FORM : calculateTotal
[ADMIN] [12/14/2016 23:17] [PENJUALAN] CASHIER FORM : calculateTotal [2000000]
[ADMIN] [12/14/2016 23:17] [PENJUALAN] CASHIER FORM : calculateTotal, totalAfterDisc [2000000]
[ADMIN] [12/14/2016 23:17] [PENJUALAN] CASHIER FORM : DISPLAY PELANGGAN FORM
[ADMIN] [12/14/2016 23:17] [PENJUALAN] CASHIER FORM : UNREGISTER HOTKEY
[ADMIN] [12/14/2016 23:17] [PENJUALAN] CASHIER FORM : SELECTED CUSTOMER ID [1]
[ADMIN] [12/14/2016 23:17] [PENJUALAN] CASHIER FORM : ATTEMPT TO SET CUSTOMER PROFILE
[ADMIN] [12/14/2016 23:17] [PENJUALAN] CASHIER FORM : SET CUSTOMER PROFILE [ANDRI]
[ADMIN] [12/14/2016 23:17] [PENJUALAN] CASHIER FORM : CUSTOMER GROUP [P-UMUM [ECER]]
[ADMIN] [12/14/2016 23:17] [PENJUALAN] CASHIER FORM : FINISHED SET CUSTOMER PROFILE
[ADMIN] [12/14/2016 23:17] [PENJUALAN] CASHIER FORM : ATTEMPT TO REFRESH PRODUCT PRICE
[ADMIN] [12/14/2016 23:17] [PENJUALAN] CASHIER FORM : PRODUCT PRICE TYPE [PRODUCT_RETAIL_PRICE]
[ADMIN] [12/14/2016 23:17] [PENJUALAN] CASHIER FORM : PRODUCT PRICE [1000000]
[ADMIN] [12/14/2016 23:17] [PENJUALAN] CASHIER FORM : CHECK IF THERE'S ANY ENTRY IN THE PRODUCT DISC
[ADMIN] [12/14/2016 23:17] [PENJUALAN] CASHIER FORM : cashierDataGridView_CellValueChanged [disc1]
[ADMIN] [12/14/2016 23:17] [PENJUALAN] CASHIER FORM : TextBox_TextChanged, previousInput [0]
[ADMIN] [12/14/2016 23:17] [PENJUALAN] CASHIER FORM : TextBox_TextChanged, dataGridViewTextBoxEditingControl.Text [0]
[ADMIN] [12/14/2016 23:17] [PENJUALAN] CASHIER FORM : TextBox_TextChanged, dataGridViewTextBoxEditingControl.Text pass REGEX Checking
[ADMIN] [12/14/2016 23:17] [PENJUALAN] CASHIER FORM : CALCULATE SUBTOTAL
[ADMIN] [12/14/2016 23:17] [PENJUALAN] CASHIER FORM : SUBTOTAL [2000000]
[ADMIN] [12/14/2016 23:17] [PENJUALAN] CASHIER FORM : TextBox_TextChanged, subtotal value [2000000]
[ADMIN] [12/14/2016 23:17] [PENJUALAN] CASHIER FORM : TextBox_TextChanged, attempt to calculate total value
[ADMIN] [12/14/2016 23:17] [PENJUALAN] CASHIER FORM : calculateTotal
[ADMIN] [12/14/2016 23:17] [PENJUALAN] CASHIER FORM : calculateTotal [2000000]
[ADMIN] [12/14/2016 23:17] [PENJUALAN] CASHIER FORM : calculateTotal, totalAfterDisc [2000000]
[ADMIN] [12/14/2016 23:17] [PENJUALAN] CASHIER FORM : cashierDataGridView_CellValueChanged [disc2]
[ADMIN] [12/14/2016 23:17] [PENJUALAN] CASHIER FORM : TextBox_TextChanged, previousInput [0]
[ADMIN] [12/14/2016 23:17] [PENJUALAN] CASHIER FORM : TextBox_TextChanged, dataGridViewTextBoxEditingControl.Text [0]
[ADMIN] [12/14/2016 23:17] [PENJUALAN] CASHIER FORM : TextBox_TextChanged, dataGridViewTextBoxEditingControl.Text pass REGEX Checking
[ADMIN] [12/14/2016 23:17] [PENJUALAN] CASHIER FORM : CALCULATE SUBTOTAL
[ADMIN] [12/14/2016 23:17] [PENJUALAN] CASHIER FORM : SUBTOTAL [2000000]
[ADMIN] [12/14/2016 23:17] [PENJUALAN] CASHIER FORM : TextBox_TextChanged, subtotal value [2000000]
[ADMIN] [12/14/2016 23:17] [PENJUALAN] CASHIER FORM : TextBox_TextChanged, attempt to calculate total value
[ADMIN] [12/14/2016 23:17] [PENJUALAN] CASHIER FORM : calculateTotal
[ADMIN] [12/14/2016 23:17] [PENJUALAN] CASHIER FORM : calculateTotal [2000000]
[ADMIN] [12/14/2016 23:17] [PENJUALAN] CASHIER FORM : calculateTotal, totalAfterDisc [2000000]
[ADMIN] [12/14/2016 23:17] [PENJUALAN] CASHIER FORM : cashierDataGridView_CellValueChanged [discRP]
[ADMIN] [12/14/2016 23:17] [PENJUALAN] CASHIER FORM : TextBox_TextChanged, previousInput [0]
[ADMIN] [12/14/2016 23:17] [PENJUALAN] CASHIER FORM : TextBox_TextChanged, dataGridViewTextBoxEditingControl.Text [0]
[ADMIN] [12/14/2016 23:17] [PENJUALAN] CASHIER FORM : TextBox_TextChanged, dataGridViewTextBoxEditingControl.Text pass REGEX Checking
[ADMIN] [12/14/2016 23:17] [PENJUALAN] CASHIER FORM : CALCULATE SUBTOTAL
[ADMIN] [12/14/2016 23:17] [PENJUALAN] CASHIER FORM : SUBTOTAL [2000000]
[ADMIN] [12/14/2016 23:17] [PENJUALAN] CASHIER FORM : TextBox_TextChanged, subtotal value [2000000]
[ADMIN] [12/14/2016 23:17] [PENJUALAN] CASHIER FORM : TextBox_TextChanged, attempt to calculate total value
[ADMIN] [12/14/2016 23:17] [PENJUALAN] CASHIER FORM : calculateTotal
[ADMIN] [12/14/2016 23:17] [PENJUALAN] CASHIER FORM : calculateTotal [2000000]
[ADMIN] [12/14/2016 23:17] [PENJUALAN] CASHIER FORM : calculateTotal, totalAfterDisc [2000000]
[ADMIN] [12/14/2016 23:17] [PENJUALAN] CASHIER FORM : CALCULATE SUBTOTAL
[ADMIN] [12/14/2016 23:17] [PENJUALAN] CASHIER FORM : SUBTOTAL [2000000]
[ADMIN] [12/14/2016 23:17] [PENJUALAN] CASHIER FORM : calculateTotal
[ADMIN] [12/14/2016 23:17] [PENJUALAN] CASHIER FORM : calculateTotal [2000000]
[ADMIN] [12/14/2016 23:17] [PENJUALAN] CASHIER FORM : calculateTotal, totalAfterDisc [2000000]
[ADMIN] [12/14/2016 23:17] [PENJUALAN] CASHIER FORM : PRODUCT PRICE REFRESHED
[ADMIN] [12/14/2016 23:17] [PENJUALAN] CASHIER FORM : REGISTER HOTKEY
[ADMIN] [12/14/2016 23:17] [] UPDATE POIN SUCCESS
[ADMIN] [12/14/2016 23:17] [PENJUALAN] CASHIER FORM : calculateChangeValue, bayarTextBox.Text [2]
[ADMIN] [12/14/2016 23:17] [PENJUALAN] CASHIER FORM : calculateChangeValue, sisaBayar [0]
[ADMIN] [12/14/2016 23:17] [PENJUALAN] CASHIER FORM : calculateChangeValue, bayarTextBox.Text [20]
[ADMIN] [12/14/2016 23:17] [PENJUALAN] CASHIER FORM : calculateChangeValue, sisaBayar [0]
[ADMIN] [12/14/2016 23:17] [PENJUALAN] CASHIER FORM : calculateChangeValue, bayarTextBox.Text [200]
[ADMIN] [12/14/2016 23:17] [PENJUALAN] CASHIER FORM : calculateChangeValue, sisaBayar [0]
[ADMIN] [12/14/2016 23:17] [PENJUALAN] CASHIER FORM : calculateChangeValue, bayarTextBox.Text [2000]
[ADMIN] [12/14/2016 23:17] [PENJUALAN] CASHIER FORM : calculateChangeValue, sisaBayar [0]
[ADMIN] [12/14/2016 23:17] [PENJUALAN] CASHIER FORM : calculateChangeValue, bayarTextBox.Text [20000]
[ADMIN] [12/14/2016 23:17] [PENJUALAN] CASHIER FORM : calculateChangeValue, sisaBayar [0]
[ADMIN] [12/14/2016 23:17] [PENJUALAN] CASHIER FORM : calculateChangeValue, bayarTextBox.Text [200000]
[ADMIN] [12/14/2016 23:17] [PENJUALAN] CASHIER FORM : calculateChangeValue, sisaBayar [0]
[ADMIN] [12/14/2016 23:17] [PENJUALAN] CASHIER FORM : calculateChangeValue, bayarTextBox.Text [2000000]
[ADMIN] [12/14/2016 23:17] [PENJUALAN] CASHIER FORM : calculateChangeValue, sisaBayar [0]
[ADMIN] [12/14/2016 23:17] [PENJUALAN] CASHIER FORM : HOTKEY TO SAVE AND PRINT OUT INVOICE PRESSED
[ADMIN] [12/14/2016 23:17] [PENJUALAN] CASHIER FORM : UNREGISTER HOTKEY
[ADMIN] [12/14/2016 23:17] [PENJUALAN] CASHIER FORM : REGISTER HOTKEY
[ADMIN] [12/14/2016 23:17] [PENJUALAN] ATTEMPT TO SAVE AND PRINT OUT INVOICE
[ADMIN] [12/14/2016 23:17] [PENJUALAN] CASHIER FORM : UNREGISTER HOTKEY
[ADMIN] [12/14/2016 23:17] [PENJUALAN] CASHIER FORM : ATTEMPT TO SAVE SALES DATA [14-12-2016 23:17]
[ADMIN] [12/14/2016 23:17] [PENJUALAN] CASHIER FORM : CASH SALES
[ADMIN] [12/14/2016 23:17] [PENJUALAN] CHECK IF TAX LIMIT SET FOR PERCENTAGE PURCHASE [0]
[ADMIN] [12/14/2016 23:17] [PENJUALAN] CHECK IF TAX LIMIT SET FOR AVERAGE DAILY PURCHASE [0]
[ADMIN] [12/14/2016 23:17] [PENJUALAN] CASHIER FORM : NO FAKTUR [SLO001]
[ADMIN] [12/14/2016 23:17] [PENJUALAN] CASHIER FORM : MAX SALES INVOICE [0]
[ADMIN] [12/14/2016 23:17] [PENJUALAN] CASHIER FORM : SALES INVOICE [SLO001-1]
[ADMIN] [12/14/2016 23:17] [PENJUALAN] INSERT INTO SALES HEADER [SLO001-1]
[ADMIN] [12/14/2016 23:17] [PENJUALAN] INSERT INTO SALES DETAIL[1, 1000000, 2]
[ADMIN] [12/14/2016 23:17] [PENJUALAN] INSERT CUSTOMER PRODUCT DISC [1]
[ADMIN] [12/14/2016 23:17] [PENJUALAN] INSERT TO CREDIT TABLE [SLO001-1]
[ADMIN] [12/14/2016 23:17] [PENJUALAN] INSERT TO DAILY JOURNAL TABLE [2000000]
[ADMIN] [12/14/2016 23:17] [PENJUALAN] CASHIER FORM : REGISTER HOTKEY
[ADMIN] [12/14/2016 23:17] [PENJUALAN] TRANSACTION SAVED
[ADMIN] [12/14/2016 23:17] [PENJUALAN] PRINT OUT INVOICE
[ADMIN] [12/14/2016 23:17] [PENJUALAN] CASHIER FORM : PrintReceipt
[ADMIN] [12/14/2016 23:17] [PENJUALAN] CASHIER FORM : PrintReceipt, papermode [0]
[ADMIN] [12/14/2016 23:17] [PENJUALAN] CASHIER FORM : PrintReceipt, display SalesReceiptForm
[ADMIN] [12/14/2016 23:18] [PENJUALAN] CASHIER FORM : UNREGISTER HOTKEY
[ADMIN] [12/14/2016 23:18] [PENJUALAN] CASHIER FORM : REGISTER HOTKEY
[ADMIN] [12/14/2016 23:18] [PENJUALAN] VALIDATE USER CREDIT STATUS
[ADMIN] [12/14/2016 23:18] [PENJUALAN] CASHIER FORM : UNREGISTER HOTKEY
[ADMIN] [12/14/2016 23:18] [PENJUALAN] CASHIER FORM : REGISTER HOTKEY
[ADMIN] [12/14/2016 23:18] [PENJUALAN] CASHIER FORM : UNREGISTER HOTKEY
[ADMIN] [12/14/2016 23:20] [PENJUALAN] CASHIER FORM : REGISTER HOTKEY
[ADMIN] [12/14/2016 23:20] [PENJUALAN] CASHIER FORM : UNREGISTER HOTKEY
[ADMIN] [12/14/2016 23:20] [PENJUALAN] CASHIER FORM : UNREGISTER HOTKEY
[ADMIN] [12/14/2016 23:20] [PENJUALAN] CASHIER FORM : MULTIPLE CASHIER INSTANCE [1]
[ADMIN] [12/14/2016 23:20] [PENJUALAN] CASHIER FORM : REGISTER HOTKEY
[ADMIN] [12/14/2016 23:20] [PENJUALAN] CASHIER FORM : cashierForm_Load, ATTEMPT TO LOAD NO FAKTUR
[ADMIN] [12/14/2016 23:20] [PENJUALAN] CASHIER FORM : loadNoFaktur, noFakturValue [SLO001]
[ADMIN] [12/14/2016 23:20] [PENJUALAN] CASHIER FORM : cashierForm_Load, ATTEMPT TO addColumnToDataGrid
[ADMIN] [12/14/2016 23:20] [PENJUALAN] CASHIER FORM : calculateTotal
[ADMIN] [12/14/2016 23:20] [PENJUALAN] CASHIER FORM : calculateTotal [0]
[ADMIN] [12/14/2016 23:20] [PENJUALAN] CASHIER FORM : calculateTotal, totalAfterDisc [0]
[ADMIN] [12/14/2016 23:20] [PENJUALAN] CASHIER FORM : REGISTER HOTKEY
[ADMIN] [12/14/2016 23:20] [PENJUALAN] CASHIER FORM : DISPLAY PELANGGAN FORM
[ADMIN] [12/14/2016 23:20] [PENJUALAN] CASHIER FORM : UNREGISTER HOTKEY
[ADMIN] [12/14/2016 23:20] [PENJUALAN] CASHIER FORM : SELECTED CUSTOMER ID [1]
[ADMIN] [12/14/2016 23:20] [PENJUALAN] CASHIER FORM : ATTEMPT TO SET CUSTOMER PROFILE
[ADMIN] [12/14/2016 23:20] [PENJUALAN] CASHIER FORM : SET CUSTOMER PROFILE [ANDRI]
[ADMIN] [12/14/2016 23:20] [PENJUALAN] CASHIER FORM : CUSTOMER GROUP [P-UMUM [ECER]]
[ADMIN] [12/14/2016 23:20] [PENJUALAN] CASHIER FORM : FINISHED SET CUSTOMER PROFILE
[ADMIN] [12/14/2016 23:20] [PENJUALAN] CASHIER FORM : REGISTER HOTKEY
[ADMIN] [12/14/2016 23:20] [PENJUALAN] CASHIER FORM : UNREGISTER HOTKEY
[ADMIN] [12/14/2016 23:20] [PENJUALAN] CASHIER FORM : REGISTER HOTKEY
[ADMIN] [12/14/2016 23:20] [PENJUALAN] CASHIER FORM : DISPLAY PELANGGAN FORM
[ADMIN] [12/14/2016 23:20] [PENJUALAN] CASHIER FORM : UNREGISTER HOTKEY
[ADMIN] [12/14/2016 23:21] [PENJUALAN] CASHIER FORM : SELECTED CUSTOMER ID [1]
[ADMIN] [12/14/2016 23:21] [PENJUALAN] CASHIER FORM : ATTEMPT TO SET CUSTOMER PROFILE
[ADMIN] [12/14/2016 23:21] [PENJUALAN] CASHIER FORM : SET CUSTOMER PROFILE [ANDRI]
[ADMIN] [12/14/2016 23:21] [PENJUALAN] CASHIER FORM : CUSTOMER GROUP [P-UMUM [ECER]]
[ADMIN] [12/14/2016 23:21] [PENJUALAN] CASHIER FORM : FINISHED SET CUSTOMER PROFILE
[ADMIN] [12/14/2016 23:21] [PENJUALAN] CASHIER FORM : REGISTER HOTKEY
[ADMIN] [12/14/2016 23:21] [PENJUALAN] CASHIER FORM : HOTKEY TO ADD NEW ROW PRESSED
[ADMIN] [12/14/2016 23:21] [PENJUALAN] CASHIER FORM : ADD NEW ROW,  isActive [True]
[ADMIN] [12/14/2016 23:21] [PENJUALAN] CASHIER FORM : ADD NEW ROW,  ROW COUNT [0]
[ADMIN] [12/14/2016 23:21] [PENJUALAN] CASHIER FORM : ADD NEW ROW,  ALLOW TO ADD [True]
[ADMIN] [12/14/2016 23:21] [PENJUALAN] CASHIER FORM : cashierDataGridView_CellValueChanged [F8]
[ADMIN] [12/14/2016 23:21] [PENJUALAN] CASHIER FORM : cashierDataGridView_CellValueChanged [hpp]
[ADMIN] [12/14/2016 23:21] [PENJUALAN] CASHIER FORM : cashierDataGridView_CellValueChanged [productPrice]
[ADMIN] [12/14/2016 23:21] [PENJUALAN] CASHIER FORM : TextBox_TextChanged, previousInput []
[ADMIN] [12/14/2016 23:21] [PENJUALAN] CASHIER FORM : TextBox_TextChanged, dataGridViewTextBoxEditingControl.Text pass REGEX Checking
[ADMIN] [12/14/2016 23:21] [PENJUALAN] CASHIER FORM : CALCULATE SUBTOTAL
[ADMIN] [12/14/2016 23:21] [PENJUALAN] CASHIER FORM : SUBTOTAL [0]
[ADMIN] [12/14/2016 23:21] [PENJUALAN] CASHIER FORM : TextBox_TextChanged, subtotal value [0]
[ADMIN] [12/14/2016 23:21] [PENJUALAN] CASHIER FORM : TextBox_TextChanged, attempt to calculate total value
[ADMIN] [12/14/2016 23:21] [PENJUALAN] CASHIER FORM : calculateTotal
[ADMIN] [12/14/2016 23:21] [PENJUALAN] CASHIER FORM : calculateTotal [0]
[ADMIN] [12/14/2016 23:21] [PENJUALAN] CASHIER FORM : calculateTotal, totalAfterDisc [0]
[ADMIN] [12/14/2016 23:21] [PENJUALAN] CASHIER FORM : cashierDataGridView_CellValueChanged [disc1]
[ADMIN] [12/14/2016 23:21] [PENJUALAN] CASHIER FORM : TextBox_TextChanged, previousInput [0]
[ADMIN] [12/14/2016 23:21] [PENJUALAN] CASHIER FORM : TextBox_TextChanged, dataGridViewTextBoxEditingControl.Text [0]
[ADMIN] [12/14/2016 23:21] [PENJUALAN] CASHIER FORM : TextBox_TextChanged, dataGridViewTextBoxEditingControl.Text pass REGEX Checking
[ADMIN] [12/14/2016 23:21] [PENJUALAN] CASHIER FORM : CALCULATE SUBTOTAL
[ADMIN] [12/14/2016 23:21] [PENJUALAN] CASHIER FORM : SUBTOTAL [0]
[ADMIN] [12/14/2016 23:21] [PENJUALAN] CASHIER FORM : TextBox_TextChanged, subtotal value [0]
[ADMIN] [12/14/2016 23:21] [PENJUALAN] CASHIER FORM : TextBox_TextChanged, attempt to calculate total value
[ADMIN] [12/14/2016 23:21] [PENJUALAN] CASHIER FORM : calculateTotal
[ADMIN] [12/14/2016 23:21] [PENJUALAN] CASHIER FORM : calculateTotal [0]
[ADMIN] [12/14/2016 23:21] [PENJUALAN] CASHIER FORM : calculateTotal, totalAfterDisc [0]
[ADMIN] [12/14/2016 23:21] [PENJUALAN] CASHIER FORM : cashierDataGridView_CellValueChanged [qty]
[ADMIN] [12/14/2016 23:21] [PENJUALAN] CASHIER FORM : TextBox_TextChanged, previousInput [0]
[ADMIN] [12/14/2016 23:21] [PENJUALAN] CASHIER FORM : TextBox_TextChanged, dataGridViewTextBoxEditingControl.Text [0]
[ADMIN] [12/14/2016 23:21] [PENJUALAN] CASHIER FORM : TextBox_TextChanged, dataGridViewTextBoxEditingControl.Text pass REGEX Checking
[ADMIN] [12/14/2016 23:21] [PENJUALAN] CASHIER FORM : CHECK STOCK QTY IS ENOUGH []
[ADMIN] [12/14/2016 23:21] [PENJUALAN] CASHIER FORM : CALCULATE SUBTOTAL
[ADMIN] [12/14/2016 23:21] [PENJUALAN] CASHIER FORM : SUBTOTAL [0]
[ADMIN] [12/14/2016 23:21] [PENJUALAN] CASHIER FORM : TextBox_TextChanged, subtotal value [0]
[ADMIN] [12/14/2016 23:21] [PENJUALAN] CASHIER FORM : TextBox_TextChanged, attempt to calculate total value
[ADMIN] [12/14/2016 23:21] [PENJUALAN] CASHIER FORM : calculateTotal
[ADMIN] [12/14/2016 23:21] [PENJUALAN] CASHIER FORM : calculateTotal [0]
[ADMIN] [12/14/2016 23:21] [PENJUALAN] CASHIER FORM : calculateTotal, totalAfterDisc [0]
[ADMIN] [12/14/2016 23:21] [PENJUALAN] CASHIER FORM : cashierDataGridView_CellValueChanged [disc2]
[ADMIN] [12/14/2016 23:21] [PENJUALAN] CASHIER FORM : TextBox_TextChanged, previousInput [0]
[ADMIN] [12/14/2016 23:21] [PENJUALAN] CASHIER FORM : TextBox_TextChanged, dataGridViewTextBoxEditingControl.Text [0]
[ADMIN] [12/14/2016 23:21] [PENJUALAN] CASHIER FORM : TextBox_TextChanged, dataGridViewTextBoxEditingControl.Text pass REGEX Checking
[ADMIN] [12/14/2016 23:21] [PENJUALAN] CASHIER FORM : CALCULATE SUBTOTAL
[ADMIN] [12/14/2016 23:21] [PENJUALAN] CASHIER FORM : SUBTOTAL [0]
[ADMIN] [12/14/2016 23:21] [PENJUALAN] CASHIER FORM : TextBox_TextChanged, subtotal value [0]
[ADMIN] [12/14/2016 23:21] [PENJUALAN] CASHIER FORM : TextBox_TextChanged, attempt to calculate total value
[ADMIN] [12/14/2016 23:21] [PENJUALAN] CASHIER FORM : calculateTotal
[ADMIN] [12/14/2016 23:21] [PENJUALAN] CASHIER FORM : calculateTotal [0]
[ADMIN] [12/14/2016 23:21] [PENJUALAN] CASHIER FORM : calculateTotal, totalAfterDisc [0]
[ADMIN] [12/14/2016 23:21] [PENJUALAN] CASHIER FORM : cashierDataGridView_CellValueChanged [discRP]
[ADMIN] [12/14/2016 23:21] [PENJUALAN] CASHIER FORM : TextBox_TextChanged, previousInput [0]
[ADMIN] [12/14/2016 23:21] [PENJUALAN] CASHIER FORM : TextBox_TextChanged, dataGridViewTextBoxEditingControl.Text [0]
[ADMIN] [12/14/2016 23:21] [PENJUALAN] CASHIER FORM : TextBox_TextChanged, dataGridViewTextBoxEditingControl.Text pass REGEX Checking
[ADMIN] [12/14/2016 23:21] [PENJUALAN] CASHIER FORM : CALCULATE SUBTOTAL
[ADMIN] [12/14/2016 23:21] [PENJUALAN] CASHIER FORM : SUBTOTAL [0]
[ADMIN] [12/14/2016 23:21] [PENJUALAN] CASHIER FORM : TextBox_TextChanged, subtotal value [0]
[ADMIN] [12/14/2016 23:21] [PENJUALAN] CASHIER FORM : TextBox_TextChanged, attempt to calculate total value
[ADMIN] [12/14/2016 23:21] [PENJUALAN] CASHIER FORM : calculateTotal
[ADMIN] [12/14/2016 23:21] [PENJUALAN] CASHIER FORM : calculateTotal [0]
[ADMIN] [12/14/2016 23:21] [PENJUALAN] CASHIER FORM : calculateTotal, totalAfterDisc [0]
[ADMIN] [12/14/2016 23:21] [PENJUALAN] CASHIER FORM : cashierDataGridView_CellValueChanged [jumlah]
[ADMIN] [12/14/2016 23:21] [PENJUALAN] CASHIER FORM : cashierDataGridView_CellValueChanged [productName]
[ADMIN] [12/14/2016 23:21] [PENJUALAN] CASHIER FORM : cashierDataGridView_CellValueChanged [productName]
[ADMIN] [12/14/2016 23:21] [PENJUALAN] CASHIER FORM : cashierDataGridView_CellValueChanged [productName]
[ADMIN] [12/14/2016 23:21] [PENJUALAN] CASHIER FORM : cashierDataGridView_CellValueChanged [productName]
[ADMIN] [12/14/2016 23:21] [PENJUALAN] CASHIER FORM : cashierDataGridView_CellValueChanged [productName]
[ADMIN] [12/14/2016 23:21] [PENJUALAN] CASHIER FORM : cashierDataGridView_CellValueChanged [productName]
[ADMIN] [12/14/2016 23:21] [PENJUALAN] CASHIER FORM : cashierDataGridView_CellValueChanged [productName]
[ADMIN] [12/14/2016 23:21] [PENJUALAN] CASHIER FORM : cashierDataGridView_CellValueChanged [productName]
[ADMIN] [12/14/2016 23:21] [PENJUALAN] CASHIER FORM : cashierDataGridView_CellValueChanged [productName]
[ADMIN] [12/14/2016 23:21] [PENJUALAN] CASHIER FORM : cashierDataGridView_CellValueChanged [productName]
[ADMIN] [12/14/2016 23:21] [PENJUALAN] CASHIER FORM : cashierDataGridView_CellValueChanged [productID]
[ADMIN] [12/14/2016 23:21] [PENJUALAN] CASHIER FORM : PRODUCT PRICE TYPE [PRODUCT_BASE_PRICE]
[ADMIN] [12/14/2016 23:21] [PENJUALAN] CASHIER FORM : PRODUCT PRICE [1000000]
[ADMIN] [12/14/2016 23:21] [PENJUALAN] CASHIER FORM : ComboBox_SelectedIndexChanged, PRODUCT_BASE_PRICE [1000000]
[ADMIN] [12/14/2016 23:21] [PENJUALAN] CASHIER FORM : cashierDataGridView_CellValueChanged [hpp]
[ADMIN] [12/14/2016 23:21] [PENJUALAN] CASHIER FORM : PRODUCT PRICE TYPE [PRODUCT_RETAIL_PRICE]
[ADMIN] [12/14/2016 23:21] [PENJUALAN] CASHIER FORM : PRODUCT PRICE [1000000]
[ADMIN] [12/14/2016 23:21] [PENJUALAN] CASHIER FORM : ComboBox_SelectedIndexChanged, PRODUCT_SALES_PRICE [1000000]
[ADMIN] [12/14/2016 23:21] [PENJUALAN] CASHIER FORM : cashierDataGridView_CellValueChanged [productPrice]
[ADMIN] [12/14/2016 23:21] [PENJUALAN] CASHIER FORM : TextBox_TextChanged, previousInput []
[ADMIN] [12/14/2016 23:21] [PENJUALAN] CASHIER FORM : TextBox_TextChanged, dataGridViewTextBoxEditingControl.Text pass REGEX Checking
[ADMIN] [12/14/2016 23:21] [PENJUALAN] CASHIER FORM : CALCULATE SUBTOTAL
[ADMIN] [12/14/2016 23:21] [PENJUALAN] CASHIER FORM : SUBTOTAL [0]
[ADMIN] [12/14/2016 23:21] [PENJUALAN] CASHIER FORM : TextBox_TextChanged, subtotal value [0]
[ADMIN] [12/14/2016 23:21] [PENJUALAN] CASHIER FORM : TextBox_TextChanged, attempt to calculate total value
[ADMIN] [12/14/2016 23:21] [PENJUALAN] CASHIER FORM : calculateTotal
[ADMIN] [12/14/2016 23:21] [PENJUALAN] CASHIER FORM : calculateTotal [0]
[ADMIN] [12/14/2016 23:21] [PENJUALAN] CASHIER FORM : calculateTotal, totalAfterDisc [0]
[ADMIN] [12/14/2016 23:21] [PENJUALAN] CASHIER FORM : cashierDataGridView_CellValueChanged [qty]
[ADMIN] [12/14/2016 23:21] [PENJUALAN] CASHIER FORM : TextBox_TextChanged, previousInput [0]
[ADMIN] [12/14/2016 23:21] [PENJUALAN] CASHIER FORM : TextBox_TextChanged, dataGridViewTextBoxEditingControl.Text [0]
[ADMIN] [12/14/2016 23:21] [PENJUALAN] CASHIER FORM : TextBox_TextChanged, dataGridViewTextBoxEditingControl.Text pass REGEX Checking
[ADMIN] [12/14/2016 23:21] [PENJUALAN] CASHIER FORM : CHECK STOCK QTY IS ENOUGH [1]
[ADMIN] [12/14/2016 23:21] [PENJUALAN] CASHIER FORM : CHECK STOCK QTY IS ENOUGH [3998, 0]
[ADMIN] [12/14/2016 23:21] [PENJUALAN] CASHIER FORM : CALCULATE SUBTOTAL
[ADMIN] [12/14/2016 23:21] [PENJUALAN] CASHIER FORM : SUBTOTAL [0]
[ADMIN] [12/14/2016 23:21] [PENJUALAN] CASHIER FORM : TextBox_TextChanged, subtotal value [0]
[ADMIN] [12/14/2016 23:21] [PENJUALAN] CASHIER FORM : TextBox_TextChanged, attempt to calculate total value
[ADMIN] [12/14/2016 23:21] [PENJUALAN] CASHIER FORM : calculateTotal
[ADMIN] [12/14/2016 23:21] [PENJUALAN] CASHIER FORM : calculateTotal [0]
[ADMIN] [12/14/2016 23:21] [PENJUALAN] CASHIER FORM : calculateTotal, totalAfterDisc [0]
[ADMIN] [12/14/2016 23:21] [PENJUALAN] CASHIER FORM : ComboBox_SelectedIndexChanged, CHECK FOR CUST PRODUCT DISC, selectedPelangganID [1]
[ADMIN] [12/14/2016 23:21] [PENJUALAN] CASHIER FORM : ComboBox_SelectedIndexChanged, LOAD DISC [0, 0, 0]
[ADMIN] [12/14/2016 23:21] [PENJUALAN] CASHIER FORM : ComboBox_SelectedIndexChanged, attempt to calculate total
[ADMIN] [12/14/2016 23:21] [PENJUALAN] CASHIER FORM : calculateTotal
[ADMIN] [12/14/2016 23:21] [PENJUALAN] CASHIER FORM : calculateTotal [0]
[ADMIN] [12/14/2016 23:21] [PENJUALAN] CASHIER FORM : calculateTotal, totalAfterDisc [0]
[ADMIN] [12/14/2016 23:21] [PENJUALAN] CASHIER FORM : cashierDataGridView_CellValueChanged [qty]
[ADMIN] [12/14/2016 23:21] [PENJUALAN] CASHIER FORM : TextBox_TextChanged, previousInput [0]
[ADMIN] [12/14/2016 23:21] [PENJUALAN] CASHIER FORM : TextBox_TextChanged, dataGridViewTextBoxEditingControl.Text [3]
[ADMIN] [12/14/2016 23:21] [PENJUALAN] CASHIER FORM : TextBox_TextChanged, dataGridViewTextBoxEditingControl.Text pass REGEX Checking
[ADMIN] [12/14/2016 23:21] [PENJUALAN] CASHIER FORM : CHECK STOCK QTY IS ENOUGH [1]
[ADMIN] [12/14/2016 23:21] [PENJUALAN] CASHIER FORM : CHECK STOCK QTY IS ENOUGH [3998, 3]
[ADMIN] [12/14/2016 23:21] [PENJUALAN] CASHIER FORM : CALCULATE SUBTOTAL
[ADMIN] [12/14/2016 23:21] [PENJUALAN] CASHIER FORM : SUBTOTAL [3000000]
[ADMIN] [12/14/2016 23:21] [PENJUALAN] CASHIER FORM : TextBox_TextChanged, subtotal value [3000000]
[ADMIN] [12/14/2016 23:21] [PENJUALAN] CASHIER FORM : TextBox_TextChanged, attempt to calculate total value
[ADMIN] [12/14/2016 23:21] [PENJUALAN] CASHIER FORM : calculateTotal
[ADMIN] [12/14/2016 23:21] [PENJUALAN] CASHIER FORM : calculateTotal [3000000]
[ADMIN] [12/14/2016 23:21] [PENJUALAN] CASHIER FORM : calculateTotal, totalAfterDisc [3000000]
[ADMIN] [12/14/2016 23:21] [PENJUALAN] CASHIER FORM : UNREGISTER HOTKEY
[ADMIN] [12/14/2016 23:21] [PENJUALAN] CASHIER FORM : REGISTER HOTKEY
[ADMIN] [12/14/2016 23:21] [PENJUALAN] CASHIER FORM : UNREGISTER HOTKEY
[ADMIN] [12/14/2016 23:21] [PENJUALAN] CASHIER FORM : UNREGISTER HOTKEY
[ADMIN] [12/14/2016 23:21] [] USER ID = 1LOGOUT
