[] [2/23/2017 17:10] [] USER = ADMIN IS ACTIVE
[ADMIN] [2/23/2017 17:10] [] USER ID = 1 LOGIN SUCCESSFULLY
[ADMIN] [2/23/2017 17:10] [] ACTIVATE USER ACCESS RIGHT
[ADMIN] [2/23/2017 17:10] [] DISPLAY ADMIN FORM
[ADMIN] [2/23/2017 17:10] [] adminForm Load
[] [3/23/2017 22:13] [] USER = ADMIN IS ACTIVE
[ADMIN] [3/23/2017 22:13] [] USER ID = 1 LOGIN SUCCESSFULLY
[ADMIN] [3/23/2017 22:14] [] ACTIVATE USER ACCESS RIGHT
[ADMIN] [3/23/2017 22:14] [] DISPLAY ADMIN FORM
[ADMIN] [3/23/2017 22:14] [] adminForm Load
[ADMIN] [3/23/2017 22:14] [] CREATE CHANGE PASSWORD FORM UID[1]
[ADMIN] [3/23/2017 22:14] [] UPDATE NEW PASSWORD [admin123]
[ADMIN] [3/23/2017 22:14] [] UPDATE NEW PASSWORD [admin]
[ADMIN] [3/23/2017 22:14] [] CREATE DATA GROUP FORM MODULE_ID [2]
[ADMIN] [3/23/2017 22:14] [] CREATE DATA GROUP DETAIL FORM, GROUP USER ID [1]
[ADMIN] [3/23/2017 22:15] [] CREATE DATA GROUP FORM MODULE_ID [51]
[ADMIN] [3/23/2017 22:15] [] CREATE DATA GROUP ACCESS MODULE FORM, GROUP USER ID [1]
[ADMIN] [3/23/2017 22:15] [] USER ID = 1LOGOUT
[ADMIN] [3/23/2017 22:15] [] USER = ADMIN IS ACTIVE
[ADMIN] [3/23/2017 22:15] [] USER ID = 1 LOGIN SUCCESSFULLY
[ADMIN] [3/23/2017 22:15] [] ACTIVATE USER ACCESS RIGHT
[ADMIN] [3/23/2017 22:15] [] DISPLAY ADMIN FORM
[ADMIN] [3/23/2017 22:15] [] adminForm Load
[ADMIN] [3/23/2017 22:29] [] CREATE DATA GROUP FORM MODULE_ID [51]
[ADMIN] [3/23/2017 22:30] [] CREATE DATA GROUP ACCESS MODULE FORM, GROUP USER ID [1]
[ADMIN] [3/23/2017 22:41] [] USER ID = 1LOGOUT
[ADMIN] [3/23/2017 22:41] [] USER = ADMIN IS ACTIVE
[ADMIN] [3/23/2017 22:41] [] USER ID = 1 LOGIN SUCCESSFULLY
[ADMIN] [3/23/2017 22:41] [] ACTIVATE USER ACCESS RIGHT
[ADMIN] [3/23/2017 22:41] [] DISPLAY ADMIN FORM
[ADMIN] [3/23/2017 22:41] [] adminForm Load
[ADMIN] [3/23/2017 22:42] [] USER ID = 1LOGOUT
