[] [1/19/2017 22:22] [] USER = ADMIN IS ACTIVE
[ADMIN] [1/19/2017 22:22] [] USER ID = 1 LOGIN SUCCESSFULLY
[ADMIN] [1/19/2017 22:22] [] ACTIVATE USER ACCESS RIGHT
[ADMIN] [1/19/2017 22:22] [] DISPLAY ADMIN FORM
[ADMIN] [1/19/2017 22:22] [] adminForm Load
[ADMIN] [1/19/2017 22:23] [PENJUALAN] CASHIER FORM : MULTIPLE CASHIER INSTANCE [1]
[ADMIN] [1/19/2017 22:23] [PENJUALAN] CASHIER FORM : REGISTER HOTKEY
[ADMIN] [1/19/2017 22:23] [PENJUALAN] CASHIER FORM : cashierForm_Load, ATTEMPT TO LOAD NO FAKTUR
[ADMIN] [1/19/2017 22:23] [PENJUALAN] CASHIER FORM : loadNoFaktur, noFakturValue [SLO001]
[ADMIN] [1/19/2017 22:23] [PENJUALAN] CASHIER FORM : cashierForm_Load, ATTEMPT TO addColumnToDataGrid
[ADMIN] [1/19/2017 22:23] [PENJUALAN] CASHIER FORM : calculateTotal
[ADMIN] [1/19/2017 22:23] [PENJUALAN] CASHIER FORM : calculateTotal [0]
[ADMIN] [1/19/2017 22:23] [PENJUALAN] CASHIER FORM : calculateTotal, totalAfterDisc [0]
[ADMIN] [1/19/2017 22:23] [PENJUALAN] CASHIER FORM : REGISTER HOTKEY
[ADMIN] [1/19/2017 22:23] [PENJUALAN] CASHIER FORM : HOTKEY TO ADD NEW ROW PRESSED
[ADMIN] [1/19/2017 22:23] [PENJUALAN] CASHIER FORM : ADD NEW ROW,  isActive [True]
[ADMIN] [1/19/2017 22:23] [PENJUALAN] CASHIER FORM : ADD NEW ROW,  ROW COUNT [0]
[ADMIN] [1/19/2017 22:23] [PENJUALAN] CASHIER FORM : ADD NEW ROW,  ALLOW TO ADD [True]
[ADMIN] [1/19/2017 22:23] [PENJUALAN] CASHIER FORM : cashierDataGridView_CellValueChanged [F8]
[ADMIN] [1/19/2017 22:23] [PENJUALAN] CASHIER FORM : cashierDataGridView_CellValueChanged [hpp]
[ADMIN] [1/19/2017 22:23] [PENJUALAN] CASHIER FORM : cashierDataGridView_CellValueChanged [productPrice]
[ADMIN] [1/19/2017 22:23] [PENJUALAN] CASHIER FORM : TextBox_TextChanged, previousInput []
[ADMIN] [1/19/2017 22:23] [PENJUALAN] CASHIER FORM : TextBox_TextChanged, dataGridViewTextBoxEditingControl.Text pass REGEX Checking
[ADMIN] [1/19/2017 22:23] [PENJUALAN] CASHIER FORM : CALCULATE SUBTOTAL
[ADMIN] [1/19/2017 22:23] [PENJUALAN] CASHIER FORM : SUBTOTAL [0]
[ADMIN] [1/19/2017 22:23] [PENJUALAN] CASHIER FORM : TextBox_TextChanged, subtotal value [0]
[ADMIN] [1/19/2017 22:23] [PENJUALAN] CASHIER FORM : TextBox_TextChanged, attempt to calculate total value
[ADMIN] [1/19/2017 22:23] [PENJUALAN] CASHIER FORM : calculateTotal
[ADMIN] [1/19/2017 22:23] [PENJUALAN] CASHIER FORM : calculateTotal [0]
[ADMIN] [1/19/2017 22:23] [PENJUALAN] CASHIER FORM : calculateTotal, totalAfterDisc [0]
[ADMIN] [1/19/2017 22:23] [PENJUALAN] CASHIER FORM : cashierDataGridView_CellValueChanged [disc1]
[ADMIN] [1/19/2017 22:23] [PENJUALAN] CASHIER FORM : TextBox_TextChanged, previousInput [0]
[ADMIN] [1/19/2017 22:23] [PENJUALAN] CASHIER FORM : TextBox_TextChanged, dataGridViewTextBoxEditingControl.Text [0]
[ADMIN] [1/19/2017 22:23] [PENJUALAN] CASHIER FORM : TextBox_TextChanged, dataGridViewTextBoxEditingControl.Text pass REGEX Checking
[ADMIN] [1/19/2017 22:23] [PENJUALAN] CASHIER FORM : CALCULATE SUBTOTAL
[ADMIN] [1/19/2017 22:23] [PENJUALAN] CASHIER FORM : SUBTOTAL [0]
[ADMIN] [1/19/2017 22:23] [PENJUALAN] CASHIER FORM : TextBox_TextChanged, subtotal value [0]
[ADMIN] [1/19/2017 22:23] [PENJUALAN] CASHIER FORM : TextBox_TextChanged, attempt to calculate total value
[ADMIN] [1/19/2017 22:23] [PENJUALAN] CASHIER FORM : calculateTotal
[ADMIN] [1/19/2017 22:23] [PENJUALAN] CASHIER FORM : calculateTotal [0]
[ADMIN] [1/19/2017 22:23] [PENJUALAN] CASHIER FORM : calculateTotal, totalAfterDisc [0]
[ADMIN] [1/19/2017 22:23] [PENJUALAN] CASHIER FORM : cashierDataGridView_CellValueChanged [qty]
[ADMIN] [1/19/2017 22:23] [PENJUALAN] CASHIER FORM : TextBox_TextChanged, previousInput [0]
[ADMIN] [1/19/2017 22:23] [PENJUALAN] CASHIER FORM : TextBox_TextChanged, dataGridViewTextBoxEditingControl.Text [0]
[ADMIN] [1/19/2017 22:23] [PENJUALAN] CASHIER FORM : TextBox_TextChanged, dataGridViewTextBoxEditingControl.Text pass REGEX Checking
[ADMIN] [1/19/2017 22:23] [PENJUALAN] CASHIER FORM : CHECK STOCK QTY IS ENOUGH []
[ADMIN] [1/19/2017 22:23] [PENJUALAN] CASHIER FORM : CALCULATE SUBTOTAL
[ADMIN] [1/19/2017 22:23] [PENJUALAN] CASHIER FORM : SUBTOTAL [0]
[ADMIN] [1/19/2017 22:23] [PENJUALAN] CASHIER FORM : TextBox_TextChanged, subtotal value [0]
[ADMIN] [1/19/2017 22:23] [PENJUALAN] CASHIER FORM : TextBox_TextChanged, attempt to calculate total value
[ADMIN] [1/19/2017 22:23] [PENJUALAN] CASHIER FORM : calculateTotal
[ADMIN] [1/19/2017 22:23] [PENJUALAN] CASHIER FORM : calculateTotal [0]
[ADMIN] [1/19/2017 22:23] [PENJUALAN] CASHIER FORM : calculateTotal, totalAfterDisc [0]
[ADMIN] [1/19/2017 22:23] [PENJUALAN] CASHIER FORM : cashierDataGridView_CellValueChanged [disc2]
[ADMIN] [1/19/2017 22:23] [PENJUALAN] CASHIER FORM : TextBox_TextChanged, previousInput [0]
[ADMIN] [1/19/2017 22:23] [PENJUALAN] CASHIER FORM : TextBox_TextChanged, dataGridViewTextBoxEditingControl.Text [0]
[ADMIN] [1/19/2017 22:23] [PENJUALAN] CASHIER FORM : TextBox_TextChanged, dataGridViewTextBoxEditingControl.Text pass REGEX Checking
[ADMIN] [1/19/2017 22:23] [PENJUALAN] CASHIER FORM : CALCULATE SUBTOTAL
[ADMIN] [1/19/2017 22:23] [PENJUALAN] CASHIER FORM : SUBTOTAL [0]
[ADMIN] [1/19/2017 22:23] [PENJUALAN] CASHIER FORM : TextBox_TextChanged, subtotal value [0]
[ADMIN] [1/19/2017 22:23] [PENJUALAN] CASHIER FORM : TextBox_TextChanged, attempt to calculate total value
[ADMIN] [1/19/2017 22:23] [PENJUALAN] CASHIER FORM : calculateTotal
[ADMIN] [1/19/2017 22:23] [PENJUALAN] CASHIER FORM : calculateTotal [0]
[ADMIN] [1/19/2017 22:23] [PENJUALAN] CASHIER FORM : calculateTotal, totalAfterDisc [0]
[ADMIN] [1/19/2017 22:23] [PENJUALAN] CASHIER FORM : cashierDataGridView_CellValueChanged [discRP]
[ADMIN] [1/19/2017 22:23] [PENJUALAN] CASHIER FORM : TextBox_TextChanged, previousInput [0]
[ADMIN] [1/19/2017 22:23] [PENJUALAN] CASHIER FORM : TextBox_TextChanged, dataGridViewTextBoxEditingControl.Text [0]
[ADMIN] [1/19/2017 22:23] [PENJUALAN] CASHIER FORM : TextBox_TextChanged, dataGridViewTextBoxEditingControl.Text pass REGEX Checking
[ADMIN] [1/19/2017 22:23] [PENJUALAN] CASHIER FORM : CALCULATE SUBTOTAL
[ADMIN] [1/19/2017 22:23] [PENJUALAN] CASHIER FORM : SUBTOTAL [0]
[ADMIN] [1/19/2017 22:23] [PENJUALAN] CASHIER FORM : TextBox_TextChanged, subtotal value [0]
[ADMIN] [1/19/2017 22:23] [PENJUALAN] CASHIER FORM : TextBox_TextChanged, attempt to calculate total value
[ADMIN] [1/19/2017 22:23] [PENJUALAN] CASHIER FORM : calculateTotal
[ADMIN] [1/19/2017 22:23] [PENJUALAN] CASHIER FORM : calculateTotal [0]
[ADMIN] [1/19/2017 22:23] [PENJUALAN] CASHIER FORM : calculateTotal, totalAfterDisc [0]
[ADMIN] [1/19/2017 22:23] [PENJUALAN] CASHIER FORM : cashierDataGridView_CellValueChanged [jumlah]
[ADMIN] [1/19/2017 22:23] [PENJUALAN] CASHIER FORM : HOTKEY TO OPEN PRODUK SEARCH FORM PRESSED
[ADMIN] [1/19/2017 22:23] [PENJUALAN] CASHIER FORM : UNREGISTER HOTKEY
[ADMIN] [1/19/2017 22:23] [PENJUALAN] CASHIER FORM : REGISTER HOTKEY
[ADMIN] [1/19/2017 22:23] [PENJUALAN] CASHIER FORM : UNREGISTER HOTKEY
[ADMIN] [1/19/2017 22:23] [PENJUALAN] CASHIER FORM : UNREGISTER HOTKEY
[ADMIN] [1/19/2017 22:23] [] USER ID = 1LOGOUT
