[] [6/20/2017 12:23] [] USER = ADMIN IS ACTIVE
[ADMIN] [6/20/2017 12:24] [] USER ID = 1 LOGIN SUCCESSFULLY
[ADMIN] [6/20/2017 12:24] [] ACTIVATE USER ACCESS RIGHT
[ADMIN] [6/20/2017 12:24] [] DISPLAY ADMIN FORM
[ADMIN] [6/20/2017 12:24] [] adminForm Load
[ADMIN] [6/20/2017 12:25] [PECAH SATUAN PRODUK] REDUCE PRODUCT LOCATION QTY [1] AMT [12/1]
[ADMIN] [6/20/2017 12:25] [PECAH SATUAN PRODUK] REDUCE QTY [1] AMT [12]
[ADMIN] [6/20/2017 12:25] [PECAH SATUAN PRODUK] ADD PRODUCT LOCATION QTY [HPL VIOLAM VT 0075 FP] AMT [12] [1]
[ADMIN] [6/20/2017 12:25] [PECAH SATUAN PRODUK] ADD QTY [HPL VIOLAM VT 0075 FP] AMT [12]
[ADMIN] [6/20/2017 12:25] [PECAH SATUAN PRODUK] ADD PRODUCT LOSS QTY [1] AMT [0]
[ADMIN] [6/20/2017 12:25] [TAMBAH TRANSAKSI HARIAN] ATTEMPT TO SAVE DATA TRANSAKSI JURNAL HARIAN
[ADMIN] [6/20/2017 12:25] [TAMBAH TRANSAKSI HARIAN] INSERT NEW DATA TO DAILY JOURNAL TABLE [1, 1]
[ADMIN] [6/20/2017 12:25] [TAMBAH TRANSAKSI HARIAN] DATA TRANSAKSI JURNAL HARIAN SAVED
[ADMIN] [6/20/2017 12:25] [PENJUALAN] CASHIER FORM : MULTIPLE CASHIER INSTANCE [1]
[ADMIN] [6/20/2017 12:25] [PENJUALAN] CASHIER FORM : REGISTER HOTKEY
[ADMIN] [6/20/2017 12:25] [PENJUALAN] CASHIER FORM : cashierForm_Load, ATTEMPT TO LOAD NO FAKTUR
[ADMIN] [6/20/2017 12:25] [PENJUALAN] CASHIER FORM : loadNoFaktur, noFakturValue [SLO001]
[ADMIN] [6/20/2017 12:25] [PENJUALAN] CASHIER FORM : cashierForm_Load, ATTEMPT TO addColumnToDataGrid
[ADMIN] [6/20/2017 12:25] [PENJUALAN] CASHIER FORM : calculateTotal
[ADMIN] [6/20/2017 12:25] [PENJUALAN] CASHIER FORM : calculateTotal [0]
[ADMIN] [6/20/2017 12:25] [PENJUALAN] CASHIER FORM : calculateTotal, totalAfterDisc [0]
[ADMIN] [6/20/2017 12:25] [PENJUALAN] CASHIER FORM : calculateChangeValue, bayarTextBox.Text [0]
[ADMIN] [6/20/2017 12:25] [PENJUALAN] CASHIER FORM : calculateChangeValue, sisaBayar [0]
[ADMIN] [6/20/2017 12:25] [PENJUALAN] CASHIER FORM : REGISTER HOTKEY
[ADMIN] [6/20/2017 12:25] [PENJUALAN] CASHIER FORM : HOTKEY TO ADD NEW ROW PRESSED
[ADMIN] [6/20/2017 12:25] [PENJUALAN] CASHIER FORM : ADD NEW ROW,  isActive [True]
[ADMIN] [6/20/2017 12:25] [PENJUALAN] CASHIER FORM : ADD NEW ROW,  ROW COUNT [0]
[ADMIN] [6/20/2017 12:25] [PENJUALAN] CASHIER FORM : ADD NEW ROW,  ALLOW TO ADD [True]
[ADMIN] [6/20/2017 12:25] [PENJUALAN] CASHIER FORM : cashierDataGridView_CellValueChanged [F8]
[ADMIN] [6/20/2017 12:25] [PENJUALAN] CASHIER FORM : cashierDataGridView_CellValueChanged [hpp]
[ADMIN] [6/20/2017 12:25] [PENJUALAN] CASHIER FORM : cashierDataGridView_CellValueChanged [productPrice]
[ADMIN] [6/20/2017 12:25] [PENJUALAN] CASHIER FORM : TextBox_TextChanged, previousInput []
[ADMIN] [6/20/2017 12:25] [PENJUALAN] CASHIER FORM : TextBox_TextChanged, dataGridViewTextBoxEditingControl.Text pass REGEX Checking
[ADMIN] [6/20/2017 12:25] [PENJUALAN] CASHIER FORM : CALCULATE SUBTOTAL
[ADMIN] [6/20/2017 12:25] [PENJUALAN] CASHIER FORM : SUBTOTAL [0]
[ADMIN] [6/20/2017 12:25] [PENJUALAN] CASHIER FORM : TextBox_TextChanged, subtotal value [0]
[ADMIN] [6/20/2017 12:25] [PENJUALAN] CASHIER FORM : TextBox_TextChanged, attempt to calculate total value
[ADMIN] [6/20/2017 12:25] [PENJUALAN] CASHIER FORM : calculateTotal
[ADMIN] [6/20/2017 12:25] [PENJUALAN] CASHIER FORM : calculateTotal [0]
[ADMIN] [6/20/2017 12:25] [PENJUALAN] CASHIER FORM : calculateTotal, totalAfterDisc [0]
[ADMIN] [6/20/2017 12:25] [PENJUALAN] CASHIER FORM : calculateChangeValue, bayarTextBox.Text [0]
[ADMIN] [6/20/2017 12:25] [PENJUALAN] CASHIER FORM : calculateChangeValue, sisaBayar [0]
[ADMIN] [6/20/2017 12:25] [PENJUALAN] CASHIER FORM : cashierDataGridView_CellValueChanged [disc1]
[ADMIN] [6/20/2017 12:25] [PENJUALAN] CASHIER FORM : TextBox_TextChanged, previousInput []
[ADMIN] [6/20/2017 12:25] [PENJUALAN] CASHIER FORM : TextBox_TextChanged, dataGridViewTextBoxEditingControl.Text pass REGEX Checking
[ADMIN] [6/20/2017 12:25] [PENJUALAN] CASHIER FORM : CALCULATE SUBTOTAL
[ADMIN] [6/20/2017 12:25] [PENJUALAN] CASHIER FORM : SUBTOTAL [0]
[ADMIN] [6/20/2017 12:25] [PENJUALAN] CASHIER FORM : TextBox_TextChanged, subtotal value [0]
[ADMIN] [6/20/2017 12:25] [PENJUALAN] CASHIER FORM : TextBox_TextChanged, attempt to calculate total value
[ADMIN] [6/20/2017 12:25] [PENJUALAN] CASHIER FORM : calculateTotal
[ADMIN] [6/20/2017 12:25] [PENJUALAN] CASHIER FORM : calculateTotal [0]
[ADMIN] [6/20/2017 12:25] [PENJUALAN] CASHIER FORM : calculateTotal, totalAfterDisc [0]
[ADMIN] [6/20/2017 12:25] [PENJUALAN] CASHIER FORM : calculateChangeValue, bayarTextBox.Text [0]
[ADMIN] [6/20/2017 12:25] [PENJUALAN] CASHIER FORM : calculateChangeValue, sisaBayar [0]
[ADMIN] [6/20/2017 12:25] [PENJUALAN] CASHIER FORM : cashierDataGridView_CellValueChanged [qty]
[ADMIN] [6/20/2017 12:25] [PENJUALAN] CASHIER FORM : TextBox_TextChanged, previousInput []
[ADMIN] [6/20/2017 12:25] [PENJUALAN] CASHIER FORM : TextBox_TextChanged, dataGridViewTextBoxEditingControl.Text pass REGEX Checking
[ADMIN] [6/20/2017 12:25] [] CHECK STOCK QTY IS ENOUGH []
[ADMIN] [6/20/2017 12:25] [PENJUALAN] CASHIER FORM : CALCULATE SUBTOTAL
[ADMIN] [6/20/2017 12:25] [PENJUALAN] CASHIER FORM : SUBTOTAL [0]
[ADMIN] [6/20/2017 12:25] [PENJUALAN] CASHIER FORM : TextBox_TextChanged, subtotal value [0]
[ADMIN] [6/20/2017 12:25] [PENJUALAN] CASHIER FORM : TextBox_TextChanged, attempt to calculate total value
[ADMIN] [6/20/2017 12:25] [PENJUALAN] CASHIER FORM : calculateTotal
[ADMIN] [6/20/2017 12:25] [PENJUALAN] CASHIER FORM : calculateTotal [0]
[ADMIN] [6/20/2017 12:25] [PENJUALAN] CASHIER FORM : calculateTotal, totalAfterDisc [0]
[ADMIN] [6/20/2017 12:25] [PENJUALAN] CASHIER FORM : calculateChangeValue, bayarTextBox.Text [0]
[ADMIN] [6/20/2017 12:25] [PENJUALAN] CASHIER FORM : calculateChangeValue, sisaBayar [0]
[ADMIN] [6/20/2017 12:25] [PENJUALAN] CASHIER FORM : cashierDataGridView_CellValueChanged [disc2]
[ADMIN] [6/20/2017 12:25] [PENJUALAN] CASHIER FORM : TextBox_TextChanged, previousInput []
[ADMIN] [6/20/2017 12:25] [PENJUALAN] CASHIER FORM : TextBox_TextChanged, dataGridViewTextBoxEditingControl.Text pass REGEX Checking
[ADMIN] [6/20/2017 12:25] [PENJUALAN] CASHIER FORM : CALCULATE SUBTOTAL
[ADMIN] [6/20/2017 12:25] [PENJUALAN] CASHIER FORM : SUBTOTAL [0]
[ADMIN] [6/20/2017 12:25] [PENJUALAN] CASHIER FORM : TextBox_TextChanged, subtotal value [0]
[ADMIN] [6/20/2017 12:25] [PENJUALAN] CASHIER FORM : TextBox_TextChanged, attempt to calculate total value
[ADMIN] [6/20/2017 12:25] [PENJUALAN] CASHIER FORM : calculateTotal
[ADMIN] [6/20/2017 12:25] [PENJUALAN] CASHIER FORM : calculateTotal [0]
[ADMIN] [6/20/2017 12:25] [PENJUALAN] CASHIER FORM : calculateTotal, totalAfterDisc [0]
[ADMIN] [6/20/2017 12:25] [PENJUALAN] CASHIER FORM : calculateChangeValue, bayarTextBox.Text [0]
[ADMIN] [6/20/2017 12:25] [PENJUALAN] CASHIER FORM : calculateChangeValue, sisaBayar [0]
[ADMIN] [6/20/2017 12:25] [PENJUALAN] CASHIER FORM : cashierDataGridView_CellValueChanged [discRP]
[ADMIN] [6/20/2017 12:25] [PENJUALAN] CASHIER FORM : TextBox_TextChanged, previousInput []
[ADMIN] [6/20/2017 12:25] [PENJUALAN] CASHIER FORM : TextBox_TextChanged, dataGridViewTextBoxEditingControl.Text pass REGEX Checking
[ADMIN] [6/20/2017 12:25] [PENJUALAN] CASHIER FORM : CALCULATE SUBTOTAL
[ADMIN] [6/20/2017 12:25] [PENJUALAN] CASHIER FORM : SUBTOTAL [0]
[ADMIN] [6/20/2017 12:25] [PENJUALAN] CASHIER FORM : TextBox_TextChanged, subtotal value [0]
[ADMIN] [6/20/2017 12:25] [PENJUALAN] CASHIER FORM : TextBox_TextChanged, attempt to calculate total value
[ADMIN] [6/20/2017 12:25] [PENJUALAN] CASHIER FORM : calculateTotal
[ADMIN] [6/20/2017 12:25] [PENJUALAN] CASHIER FORM : calculateTotal [0]
[ADMIN] [6/20/2017 12:25] [PENJUALAN] CASHIER FORM : calculateTotal, totalAfterDisc [0]
[ADMIN] [6/20/2017 12:25] [PENJUALAN] CASHIER FORM : calculateChangeValue, bayarTextBox.Text [0]
[ADMIN] [6/20/2017 12:25] [PENJUALAN] CASHIER FORM : calculateChangeValue, sisaBayar [0]
[ADMIN] [6/20/2017 12:25] [PENJUALAN] CASHIER FORM : cashierDataGridView_CellValueChanged [jumlah]
[ADMIN] [6/20/2017 12:25] [PENJUALAN] CASHIER FORM : cashierDataGridView_CellValueChanged [productName]
[ADMIN] [6/20/2017 12:25] [PENJUALAN] CASHIER FORM : UNREGISTER HOTKEY
[ADMIN] [6/20/2017 12:26] [] [POS SEARCH PRODUCT] D:\Project\Draco\_CODE_\Draco\bin\Debug\PRODUCT_PHOTO\ 
[ADMIN] [6/20/2017 12:26] [] [POS SEARCH PRODUCT] D:\Project\Draco\_CODE_\Draco\bin\Debug\PRODUCT_PHOTO\3.jpg
[ADMIN] [6/20/2017 12:26] [] [POS SEARCH PRODUCT] D:\Project\Draco\_CODE_\Draco\bin\Debug\PRODUCT_PHOTO\ 
[ADMIN] [6/20/2017 12:26] [PENJUALAN] CASHIER FORM : ADD NEW ROW FROM BARCODE [HPL VIOLAM VS 0101 S]
[ADMIN] [6/20/2017 12:26] [PENJUALAN] CASHIER FORM : cashierDataGridView_CellValueChanged [productID]
[ADMIN] [6/20/2017 12:26] [PENJUALAN] CASHIER FORM : cashierDataGridView_CellValueChanged [productName]
[ADMIN] [6/20/2017 12:26] [PENJUALAN] CASHIER FORM : PRODUCT PRICE TYPE [PRODUCT_BASE_PRICE]
[ADMIN] [6/20/2017 12:26] [PENJUALAN] CASHIER FORM : PRODUCT PRICE [155000]
[ADMIN] [6/20/2017 12:26] [PENJUALAN] CASHIER FORM : ComboBox_SelectedIndexChanged, PRODUCT_BASE_PRICE [155000]
[ADMIN] [6/20/2017 12:26] [PENJUALAN] CASHIER FORM : cashierDataGridView_CellValueChanged [hpp]
[ADMIN] [6/20/2017 12:26] [PENJUALAN] CASHIER FORM : PRODUCT PRICE TYPE [PRODUCT_RETAIL_PRICE]
[ADMIN] [6/20/2017 12:26] [PENJUALAN] CASHIER FORM : PRODUCT PRICE [165000]
[ADMIN] [6/20/2017 12:26] [PENJUALAN] CASHIER FORM : ComboBox_SelectedIndexChanged, PRODUCT_SALES_PRICE [165000]
[ADMIN] [6/20/2017 12:26] [PENJUALAN] CASHIER FORM : cashierDataGridView_CellValueChanged [productPrice]
[ADMIN] [6/20/2017 12:26] [PENJUALAN] CASHIER FORM : TextBox_TextChanged, previousInput []
[ADMIN] [6/20/2017 12:26] [PENJUALAN] CASHIER FORM : TextBox_TextChanged, dataGridViewTextBoxEditingControl.Text pass REGEX Checking
[ADMIN] [6/20/2017 12:26] [PENJUALAN] CASHIER FORM : CALCULATE SUBTOTAL
[ADMIN] [6/20/2017 12:26] [PENJUALAN] CASHIER FORM : SUBTOTAL [0]
[ADMIN] [6/20/2017 12:26] [PENJUALAN] CASHIER FORM : TextBox_TextChanged, subtotal value [0]
[ADMIN] [6/20/2017 12:26] [PENJUALAN] CASHIER FORM : TextBox_TextChanged, attempt to calculate total value
[ADMIN] [6/20/2017 12:26] [PENJUALAN] CASHIER FORM : calculateTotal
[ADMIN] [6/20/2017 12:26] [PENJUALAN] CASHIER FORM : calculateTotal [0]
[ADMIN] [6/20/2017 12:26] [PENJUALAN] CASHIER FORM : calculateTotal, totalAfterDisc [0]
[ADMIN] [6/20/2017 12:26] [PENJUALAN] CASHIER FORM : calculateChangeValue, bayarTextBox.Text [0]
[ADMIN] [6/20/2017 12:26] [PENJUALAN] CASHIER FORM : calculateChangeValue, sisaBayar [0]
[ADMIN] [6/20/2017 12:26] [PENJUALAN] CASHIER FORM : cashierDataGridView_CellValueChanged [qty]
[ADMIN] [6/20/2017 12:26] [PENJUALAN] CASHIER FORM : TextBox_TextChanged, previousInput []
[ADMIN] [6/20/2017 12:26] [PENJUALAN] CASHIER FORM : TextBox_TextChanged, dataGridViewTextBoxEditingControl.Text pass REGEX Checking
[ADMIN] [6/20/2017 12:26] [] CHECK STOCK QTY IS ENOUGH [1]
[ADMIN] [6/20/2017 12:26] [] CHECK STOCK QTY IS ENOUGH [294, 0]
[ADMIN] [6/20/2017 12:26] [PENJUALAN] CASHIER FORM : CALCULATE SUBTOTAL
[ADMIN] [6/20/2017 12:26] [PENJUALAN] CASHIER FORM : SUBTOTAL [0]
[ADMIN] [6/20/2017 12:26] [PENJUALAN] CASHIER FORM : TextBox_TextChanged, subtotal value [0]
[ADMIN] [6/20/2017 12:26] [PENJUALAN] CASHIER FORM : TextBox_TextChanged, attempt to calculate total value
[ADMIN] [6/20/2017 12:26] [PENJUALAN] CASHIER FORM : calculateTotal
[ADMIN] [6/20/2017 12:26] [PENJUALAN] CASHIER FORM : calculateTotal [0]
[ADMIN] [6/20/2017 12:26] [PENJUALAN] CASHIER FORM : calculateTotal, totalAfterDisc [0]
[ADMIN] [6/20/2017 12:26] [PENJUALAN] CASHIER FORM : calculateChangeValue, bayarTextBox.Text [0]
[ADMIN] [6/20/2017 12:26] [PENJUALAN] CASHIER FORM : calculateChangeValue, sisaBayar [0]
[ADMIN] [6/20/2017 12:26] [PENJUALAN] CASHIER FORM : cashierDataGridView_CellValueChanged [jumlah]
[ADMIN] [6/20/2017 12:26] [PENJUALAN] CASHIER FORM : ComboBox_SelectedIndexChanged, attempt to calculate total
[ADMIN] [6/20/2017 12:26] [PENJUALAN] CASHIER FORM : calculateTotal
[ADMIN] [6/20/2017 12:26] [PENJUALAN] CASHIER FORM : calculateTotal [0]
[ADMIN] [6/20/2017 12:26] [PENJUALAN] CASHIER FORM : calculateTotal, totalAfterDisc [0]
[ADMIN] [6/20/2017 12:26] [PENJUALAN] CASHIER FORM : calculateChangeValue, bayarTextBox.Text [0]
[ADMIN] [6/20/2017 12:26] [PENJUALAN] CASHIER FORM : calculateChangeValue, sisaBayar [0]
[ADMIN] [6/20/2017 12:26] [] CHECK STOCK QTY IS ENOUGH [1]
[ADMIN] [6/20/2017 12:26] [] CHECK STOCK QTY IS ENOUGH [294, 1]
[ADMIN] [6/20/2017 12:26] [PENJUALAN] CASHIER FORM : cashierDataGridView_CellValueChanged [qty]
[ADMIN] [6/20/2017 12:26] [PENJUALAN] CASHIER FORM : TextBox_TextChanged, previousInput []
[ADMIN] [6/20/2017 12:26] [PENJUALAN] CASHIER FORM : TextBox_TextChanged, dataGridViewTextBoxEditingControl.Text pass REGEX Checking
[ADMIN] [6/20/2017 12:26] [] CHECK STOCK QTY IS ENOUGH [1]
[ADMIN] [6/20/2017 12:26] [] CHECK STOCK QTY IS ENOUGH [294, 1]
[ADMIN] [6/20/2017 12:26] [PENJUALAN] CASHIER FORM : CALCULATE SUBTOTAL
[ADMIN] [6/20/2017 12:26] [PENJUALAN] CASHIER FORM : SUBTOTAL [165000]
[ADMIN] [6/20/2017 12:26] [PENJUALAN] CASHIER FORM : TextBox_TextChanged, subtotal value [165000]
[ADMIN] [6/20/2017 12:26] [PENJUALAN] CASHIER FORM : TextBox_TextChanged, attempt to calculate total value
[ADMIN] [6/20/2017 12:26] [PENJUALAN] CASHIER FORM : calculateTotal
[ADMIN] [6/20/2017 12:26] [PENJUALAN] CASHIER FORM : calculateTotal [165000]
[ADMIN] [6/20/2017 12:26] [PENJUALAN] CASHIER FORM : calculateTotal, totalAfterDisc [165000]
[ADMIN] [6/20/2017 12:26] [PENJUALAN] CASHIER FORM : calculateChangeValue, bayarTextBox.Text [0]
[ADMIN] [6/20/2017 12:26] [PENJUALAN] CASHIER FORM : calculateChangeValue, sisaBayar [0]
[ADMIN] [6/20/2017 12:26] [PENJUALAN] CASHIER FORM : SET QTY TO 1 BECAUSE OF NEW ROW
[ADMIN] [6/20/2017 12:26] [PENJUALAN] CASHIER FORM : CALCULATE SUBTOTAL
[ADMIN] [6/20/2017 12:26] [PENJUALAN] CASHIER FORM : SUBTOTAL [165000]
[ADMIN] [6/20/2017 12:26] [PENJUALAN] CASHIER FORM : calculateTotal
[ADMIN] [6/20/2017 12:26] [PENJUALAN] CASHIER FORM : calculateTotal [165000]
[ADMIN] [6/20/2017 12:26] [PENJUALAN] CASHIER FORM : calculateTotal, totalAfterDisc [165000]
[ADMIN] [6/20/2017 12:26] [PENJUALAN] CASHIER FORM : calculateChangeValue, bayarTextBox.Text [0]
[ADMIN] [6/20/2017 12:26] [PENJUALAN] CASHIER FORM : calculateChangeValue, sisaBayar [0]
[ADMIN] [6/20/2017 12:26] [PENJUALAN] CASHIER FORM : REGISTER HOTKEY
[ADMIN] [6/20/2017 12:26] [PENJUALAN] CASHIER FORM : cashierDataGridView_CellValueChanged [qty]
[ADMIN] [6/20/2017 12:26] [PENJUALAN] CASHIER FORM : TextBox_TextChanged, previousInput []
[ADMIN] [6/20/2017 12:26] [PENJUALAN] CASHIER FORM : TextBox_TextChanged, dataGridViewTextBoxEditingControl.Text pass REGEX Checking
[ADMIN] [6/20/2017 12:26] [] CHECK STOCK QTY IS ENOUGH [1]
[ADMIN] [6/20/2017 12:26] [] CHECK STOCK QTY IS ENOUGH [294, 2]
[ADMIN] [6/20/2017 12:26] [PENJUALAN] CASHIER FORM : CALCULATE SUBTOTAL
[ADMIN] [6/20/2017 12:26] [PENJUALAN] CASHIER FORM : SUBTOTAL [330000]
[ADMIN] [6/20/2017 12:26] [PENJUALAN] CASHIER FORM : TextBox_TextChanged, subtotal value [330000]
[ADMIN] [6/20/2017 12:26] [PENJUALAN] CASHIER FORM : TextBox_TextChanged, attempt to calculate total value
[ADMIN] [6/20/2017 12:26] [PENJUALAN] CASHIER FORM : calculateTotal
[ADMIN] [6/20/2017 12:26] [PENJUALAN] CASHIER FORM : calculateTotal [330000]
[ADMIN] [6/20/2017 12:26] [PENJUALAN] CASHIER FORM : calculateTotal, totalAfterDisc [330000]
[ADMIN] [6/20/2017 12:26] [PENJUALAN] CASHIER FORM : calculateChangeValue, bayarTextBox.Text [0]
[ADMIN] [6/20/2017 12:26] [PENJUALAN] CASHIER FORM : calculateChangeValue, sisaBayar [0]
[ADMIN] [6/20/2017 12:26] [PENJUALAN] CASHIER FORM : calculateChangeValue, bayarTextBox.Text [1]
[ADMIN] [6/20/2017 12:26] [PENJUALAN] CASHIER FORM : calculateChangeValue, sisaBayar [0]
[ADMIN] [6/20/2017 12:26] [PENJUALAN] CASHIER FORM : calculateChangeValue, bayarTextBox.Text [11]
[ADMIN] [6/20/2017 12:26] [PENJUALAN] CASHIER FORM : calculateChangeValue, sisaBayar [0]
[ADMIN] [6/20/2017 12:26] [PENJUALAN] CASHIER FORM : calculateChangeValue, bayarTextBox.Text [111]
[ADMIN] [6/20/2017 12:26] [PENJUALAN] CASHIER FORM : calculateChangeValue, sisaBayar [0]
[ADMIN] [6/20/2017 12:26] [PENJUALAN] CASHIER FORM : calculateChangeValue, bayarTextBox.Text [1111]
[ADMIN] [6/20/2017 12:26] [PENJUALAN] CASHIER FORM : calculateChangeValue, sisaBayar [0]
[ADMIN] [6/20/2017 12:26] [PENJUALAN] CASHIER FORM : calculateChangeValue, bayarTextBox.Text [11111]
[ADMIN] [6/20/2017 12:26] [PENJUALAN] CASHIER FORM : calculateChangeValue, sisaBayar [0]
[ADMIN] [6/20/2017 12:26] [PENJUALAN] CASHIER FORM : calculateChangeValue, bayarTextBox.Text [111111]
[ADMIN] [6/20/2017 12:26] [PENJUALAN] CASHIER FORM : calculateChangeValue, sisaBayar [0]
[ADMIN] [6/20/2017 12:26] [PENJUALAN] CASHIER FORM : calculateChangeValue, bayarTextBox.Text [1111111]
[ADMIN] [6/20/2017 12:26] [PENJUALAN] CASHIER FORM : calculateChangeValue, sisaBayar [781111]
[ADMIN] [6/20/2017 12:26] [PENJUALAN] CASHIER FORM : HOTKEY TO SAVE AND PRINT OUT INVOICE PRESSED
[ADMIN] [6/20/2017 12:26] [PENJUALAN] CASHIER FORM : UNREGISTER HOTKEY
[ADMIN] [6/20/2017 12:26] [PENJUALAN] CASHIER FORM : REGISTER HOTKEY
[ADMIN] [6/20/2017 12:26] [PENJUALAN] ATTEMPT TO SAVE AND PRINT OUT INVOICE
[ADMIN] [6/20/2017 12:26] [] CHECK STOCK QTY IS ENOUGH [1]
[ADMIN] [6/20/2017 12:26] [] CHECK STOCK QTY IS ENOUGH [294, 2]
[ADMIN] [6/20/2017 12:26] [PENJUALAN] CASHIER FORM : UNREGISTER HOTKEY
[ADMIN] [6/20/2017 12:26] [PENJUALAN] CASHIER FORM : REGISTER HOTKEY
[ADMIN] [6/20/2017 12:26] [PENJUALAN] CASHIER FORM : UNREGISTER HOTKEY
[ADMIN] [6/20/2017 12:26] [PENJUALAN] CASHIER FORM : ATTEMPT TO SAVE SALES DATA [20-06-2017 12:26]
[ADMIN] [6/20/2017 12:26] [PENJUALAN] CASHIER FORM : SALES DISC FINAL [0]
[ADMIN] [6/20/2017 12:26] [PENJUALAN] CASHIER FORM : CASH SALES
[ADMIN] [6/20/2017 12:26] [PENJUALAN] CHECK IF TAX LIMIT SET FOR PERCENTAGE PURCHASE [0]
[ADMIN] [6/20/2017 12:26] [PENJUALAN] CHECK IF TAX LIMIT SET FOR AVERAGE DAILY PURCHASE [0]
[ADMIN] [6/20/2017 12:26] [PENJUALAN] CASHIER FORM : NO FAKTUR [SLO001]
[ADMIN] [6/20/2017 12:26] [PENJUALAN] CASHIER FORM : MAX SALES INVOICE [3]
[ADMIN] [6/20/2017 12:26] [PENJUALAN] CASHIER FORM : SALES INVOICE [SLO001-4]
[ADMIN] [6/20/2017 12:26] [PENJUALAN] INSERT INTO SALES HEADER [SLO001-4]
[ADMIN] [6/20/2017 12:26] [PENJUALAN] INSERT INTO SALES DETAIL[1, 165000, 2]
[ADMIN] [6/20/2017 12:26] [PENJUALAN] INSERT TO CREDIT TABLE [SLO001-4]
[ADMIN] [6/20/2017 12:26] [PENJUALAN] INSERT TO DAILY JOURNAL TABLE [330000]
[ADMIN] [6/20/2017 12:26] [PENJUALAN] CASHIER FORM : REGISTER HOTKEY
[ADMIN] [6/20/2017 12:26] [PENJUALAN] TRANSACTION SAVED
[ADMIN] [6/20/2017 12:26] [PENJUALAN] PRINT OUT INVOICE
[ADMIN] [6/20/2017 12:26] [PENJUALAN] CASHIER FORM : PrintReceipt
[ADMIN] [6/20/2017 12:26] [PENJUALAN] CASHIER FORM : PrintReceipt, papermode [1]
[ADMIN] [6/20/2017 12:26] [PENJUALAN] CASHIER FORM : PrintReceipt, display SalesReceiptForm
[ADMIN] [6/20/2017 12:26] [PENJUALAN] CASHIER FORM : UNREGISTER HOTKEY
[ADMIN] [6/20/2017 12:26] [PENJUALAN] CASHIER FORM : REGISTER HOTKEY
[ADMIN] [6/20/2017 12:26] [PENJUALAN] VALIDATE USER CREDIT STATUS
[ADMIN] [6/20/2017 12:26] [PENJUALAN] CASHIER FORM : UNREGISTER HOTKEY
[ADMIN] [6/20/2017 12:26] [PENJUALAN] CASHIER FORM : REGISTER HOTKEY
[ADMIN] [6/20/2017 12:26] [PENJUALAN] CASHIER FORM : UNREGISTER HOTKEY
[ADMIN] [6/20/2017 12:26] [PENJUALAN] CASHIER FORM : UNREGISTER HOTKEY
[ADMIN] [6/20/2017 12:26] [TAMBAH TRANSAKSI HARIAN] LOAD DATA TRANSAKSI
[ADMIN] [6/20/2017 12:27] [] USER ID = 1LOGOUT
