[] [10/13/2016 22:53] [] USER = ADMIN IS ACTIVE
[ADMIN] [10/13/2016 22:53] [] USER ID = 1 LOGIN SUCCESSFULLY
[ADMIN] [10/13/2016 22:53] [] ACTIVATE USER ACCESS RIGHT
[ADMIN] [10/13/2016 22:53] [] DISPLAY ADMIN FORM
[ADMIN] [10/13/2016 22:53] [] adminForm Load
[] [10/13/2016 22:55] [] USER = ADMIN IS ACTIVE
[ADMIN] [10/13/2016 22:55] [] USER ID = 1 LOGIN SUCCESSFULLY
[ADMIN] [10/13/2016 22:55] [] ACTIVATE USER ACCESS RIGHT
[ADMIN] [10/13/2016 22:55] [] DISPLAY ADMIN FORM
[ADMIN] [10/13/2016 22:55] [] adminForm Load
[] [10/13/2016 22:56] [] USER = ADMIN IS ACTIVE
[ADMIN] [10/13/2016 22:56] [] USER ID = 1 LOGIN SUCCESSFULLY
[ADMIN] [10/13/2016 22:56] [] ACTIVATE USER ACCESS RIGHT
[ADMIN] [10/13/2016 22:57] [] DISPLAY ADMIN FORM
[ADMIN] [10/13/2016 22:57] [] adminForm Load
[ADMIN] [10/13/2016 22:58] [PENJUALAN] CASHIER FORM : MULTIPLE CASHIER INSTANCE [1]
[ADMIN] [10/13/2016 22:58] [PENJUALAN] CASHIER FORM : REGISTER HOTKEY
[ADMIN] [10/13/2016 22:58] [PENJUALAN] CASHIER FORM : cashierForm_Load, ATTEMPT TO LOAD NO FAKTUR
[ADMIN] [10/13/2016 22:58] [PENJUALAN] CASHIER FORM : loadNoFaktur, noFakturValue [SLO001]
[ADMIN] [10/13/2016 22:58] [PENJUALAN] CASHIER FORM : cashierForm_Load, ATTEMPT TO addColumnToDataGrid
[ADMIN] [10/13/2016 22:58] [PENJUALAN] CASHIER FORM : calculateTotal
[ADMIN] [10/13/2016 22:58] [PENJUALAN] CASHIER FORM : calculateTotal [0]
[ADMIN] [10/13/2016 22:58] [PENJUALAN] CASHIER FORM : calculateTotal, totalAfterDisc [0]
[ADMIN] [10/13/2016 22:58] [PENJUALAN] CASHIER FORM : REGISTER HOTKEY
[ADMIN] [10/13/2016 22:58] [PENJUALAN] CASHIER FORM : UNREGISTER HOTKEY
[ADMIN] [10/13/2016 22:58] [PENJUALAN] CASHIER FORM : UNREGISTER HOTKEY
[ADMIN] [10/13/2016 22:59] [] USER ID = 1LOGOUT
[ADMIN] [10/13/2016 22:59] [] USER = ADMIN IS ACTIVE
[ADMIN] [10/13/2016 22:59] [] USER ID = 1 LOGIN SUCCESSFULLY
[ADMIN] [10/13/2016 22:59] [] ACTIVATE USER ACCESS RIGHT
[ADMIN] [10/13/2016 22:59] [] DISPLAY ADMIN FORM
[ADMIN] [10/13/2016 22:59] [] adminForm Load
[ADMIN] [10/13/2016 22:59] [] USER ID = 1LOGOUT
