[] [3/24/2017 00:00] [] USER = ADMIN IS ACTIVE
[ADMIN] [3/24/2017 00:00] [] USER ID = 1 LOGIN SUCCESSFULLY
[ADMIN] [3/24/2017 00:00] [] ACTIVATE USER ACCESS RIGHT
[ADMIN] [3/24/2017 00:00] [] DISPLAY ADMIN FORM
[ADMIN] [3/24/2017 00:00] [] adminForm Load
[ADMIN] [3/24/2017 00:00] [PENJUALAN] CASHIER FORM : MULTIPLE CASHIER INSTANCE [1]
[ADMIN] [3/24/2017 00:00] [PENJUALAN] CASHIER FORM : REGISTER HOTKEY
[ADMIN] [3/24/2017 00:00] [PENJUALAN] CASHIER FORM : cashierForm_Load, ATTEMPT TO LOAD NO FAKTUR
[ADMIN] [3/24/2017 00:00] [PENJUALAN] CASHIER FORM : loadNoFaktur, noFakturValue [SLO001]
[ADMIN] [3/24/2017 00:00] [PENJUALAN] CASHIER FORM : cashierForm_Load, ATTEMPT TO addColumnToDataGrid
[ADMIN] [3/24/2017 00:00] [PENJUALAN] CASHIER FORM : calculateTotal
[ADMIN] [3/24/2017 00:00] [PENJUALAN] CASHIER FORM : calculateTotal [0]
[ADMIN] [3/24/2017 00:00] [PENJUALAN] CASHIER FORM : calculateTotal, totalAfterDisc [0]
[ADMIN] [3/24/2017 00:00] [PENJUALAN] CASHIER FORM : calculateChangeValue, bayarTextBox.Text [0]
[ADMIN] [3/24/2017 00:00] [PENJUALAN] CASHIER FORM : calculateChangeValue, sisaBayar [0]
[ADMIN] [3/24/2017 00:00] [PENJUALAN] CASHIER FORM : REGISTER HOTKEY
[ADMIN] [3/24/2017 00:00] [PENJUALAN] CASHIER FORM : HOTKEY TO ADD NEW ROW PRESSED
[ADMIN] [3/24/2017 00:00] [PENJUALAN] CASHIER FORM : ADD NEW ROW,  isActive [True]
[ADMIN] [3/24/2017 00:00] [PENJUALAN] CASHIER FORM : ADD NEW ROW,  ROW COUNT [0]
[ADMIN] [3/24/2017 00:00] [PENJUALAN] CASHIER FORM : ADD NEW ROW,  ALLOW TO ADD [True]
[ADMIN] [3/24/2017 00:00] [PENJUALAN] CASHIER FORM : cashierDataGridView_CellValueChanged [F8]
[ADMIN] [3/24/2017 00:00] [PENJUALAN] CASHIER FORM : cashierDataGridView_CellValueChanged [hpp]
[ADMIN] [3/24/2017 00:00] [PENJUALAN] CASHIER FORM : cashierDataGridView_CellValueChanged [productPrice]
[ADMIN] [3/24/2017 00:00] [PENJUALAN] CASHIER FORM : TextBox_TextChanged, previousInput []
[ADMIN] [3/24/2017 00:00] [PENJUALAN] CASHIER FORM : TextBox_TextChanged, dataGridViewTextBoxEditingControl.Text pass REGEX Checking
[ADMIN] [3/24/2017 00:00] [PENJUALAN] CASHIER FORM : CALCULATE SUBTOTAL
[ADMIN] [3/24/2017 00:00] [PENJUALAN] CASHIER FORM : SUBTOTAL [0]
[ADMIN] [3/24/2017 00:00] [PENJUALAN] CASHIER FORM : TextBox_TextChanged, subtotal value [0]
[ADMIN] [3/24/2017 00:00] [PENJUALAN] CASHIER FORM : TextBox_TextChanged, attempt to calculate total value
[ADMIN] [3/24/2017 00:00] [PENJUALAN] CASHIER FORM : calculateTotal
[ADMIN] [3/24/2017 00:00] [PENJUALAN] CASHIER FORM : calculateTotal [0]
[ADMIN] [3/24/2017 00:00] [PENJUALAN] CASHIER FORM : calculateTotal, totalAfterDisc [0]
[ADMIN] [3/24/2017 00:00] [PENJUALAN] CASHIER FORM : calculateChangeValue, bayarTextBox.Text [0]
[ADMIN] [3/24/2017 00:00] [PENJUALAN] CASHIER FORM : calculateChangeValue, sisaBayar [0]
[ADMIN] [3/24/2017 00:00] [PENJUALAN] CASHIER FORM : cashierDataGridView_CellValueChanged [disc1]
[ADMIN] [3/24/2017 00:00] [PENJUALAN] CASHIER FORM : TextBox_TextChanged, previousInput []
[ADMIN] [3/24/2017 00:00] [PENJUALAN] CASHIER FORM : TextBox_TextChanged, dataGridViewTextBoxEditingControl.Text pass REGEX Checking
[ADMIN] [3/24/2017 00:00] [PENJUALAN] CASHIER FORM : CALCULATE SUBTOTAL
[ADMIN] [3/24/2017 00:00] [PENJUALAN] CASHIER FORM : SUBTOTAL [0]
[ADMIN] [3/24/2017 00:00] [PENJUALAN] CASHIER FORM : TextBox_TextChanged, subtotal value [0]
[ADMIN] [3/24/2017 00:00] [PENJUALAN] CASHIER FORM : TextBox_TextChanged, attempt to calculate total value
[ADMIN] [3/24/2017 00:00] [PENJUALAN] CASHIER FORM : calculateTotal
[ADMIN] [3/24/2017 00:00] [PENJUALAN] CASHIER FORM : calculateTotal [0]
[ADMIN] [3/24/2017 00:00] [PENJUALAN] CASHIER FORM : calculateTotal, totalAfterDisc [0]
[ADMIN] [3/24/2017 00:00] [PENJUALAN] CASHIER FORM : calculateChangeValue, bayarTextBox.Text [0]
[ADMIN] [3/24/2017 00:00] [PENJUALAN] CASHIER FORM : calculateChangeValue, sisaBayar [0]
[ADMIN] [3/24/2017 00:00] [PENJUALAN] CASHIER FORM : cashierDataGridView_CellValueChanged [qty]
[ADMIN] [3/24/2017 00:00] [PENJUALAN] CASHIER FORM : TextBox_TextChanged, previousInput []
[ADMIN] [3/24/2017 00:00] [PENJUALAN] CASHIER FORM : TextBox_TextChanged, dataGridViewTextBoxEditingControl.Text pass REGEX Checking
[ADMIN] [3/24/2017 00:00] [] CHECK STOCK QTY IS ENOUGH []
[ADMIN] [3/24/2017 00:00] [PENJUALAN] CASHIER FORM : CALCULATE SUBTOTAL
[ADMIN] [3/24/2017 00:00] [PENJUALAN] CASHIER FORM : SUBTOTAL [0]
[ADMIN] [3/24/2017 00:00] [PENJUALAN] CASHIER FORM : TextBox_TextChanged, subtotal value [0]
[ADMIN] [3/24/2017 00:00] [PENJUALAN] CASHIER FORM : TextBox_TextChanged, attempt to calculate total value
[ADMIN] [3/24/2017 00:00] [PENJUALAN] CASHIER FORM : calculateTotal
[ADMIN] [3/24/2017 00:00] [PENJUALAN] CASHIER FORM : calculateTotal [0]
[ADMIN] [3/24/2017 00:00] [PENJUALAN] CASHIER FORM : calculateTotal, totalAfterDisc [0]
[ADMIN] [3/24/2017 00:00] [PENJUALAN] CASHIER FORM : calculateChangeValue, bayarTextBox.Text [0]
[ADMIN] [3/24/2017 00:00] [PENJUALAN] CASHIER FORM : calculateChangeValue, sisaBayar [0]
[ADMIN] [3/24/2017 00:00] [PENJUALAN] CASHIER FORM : cashierDataGridView_CellValueChanged [disc2]
[ADMIN] [3/24/2017 00:00] [PENJUALAN] CASHIER FORM : TextBox_TextChanged, previousInput []
[ADMIN] [3/24/2017 00:00] [PENJUALAN] CASHIER FORM : TextBox_TextChanged, dataGridViewTextBoxEditingControl.Text pass REGEX Checking
[ADMIN] [3/24/2017 00:00] [PENJUALAN] CASHIER FORM : CALCULATE SUBTOTAL
[ADMIN] [3/24/2017 00:00] [PENJUALAN] CASHIER FORM : SUBTOTAL [0]
[ADMIN] [3/24/2017 00:00] [PENJUALAN] CASHIER FORM : TextBox_TextChanged, subtotal value [0]
[ADMIN] [3/24/2017 00:00] [PENJUALAN] CASHIER FORM : TextBox_TextChanged, attempt to calculate total value
[ADMIN] [3/24/2017 00:00] [PENJUALAN] CASHIER FORM : calculateTotal
[ADMIN] [3/24/2017 00:00] [PENJUALAN] CASHIER FORM : calculateTotal [0]
[ADMIN] [3/24/2017 00:00] [PENJUALAN] CASHIER FORM : calculateTotal, totalAfterDisc [0]
[ADMIN] [3/24/2017 00:00] [PENJUALAN] CASHIER FORM : calculateChangeValue, bayarTextBox.Text [0]
[ADMIN] [3/24/2017 00:00] [PENJUALAN] CASHIER FORM : calculateChangeValue, sisaBayar [0]
[ADMIN] [3/24/2017 00:00] [PENJUALAN] CASHIER FORM : cashierDataGridView_CellValueChanged [discRP]
[ADMIN] [3/24/2017 00:00] [PENJUALAN] CASHIER FORM : TextBox_TextChanged, previousInput []
[ADMIN] [3/24/2017 00:00] [PENJUALAN] CASHIER FORM : TextBox_TextChanged, dataGridViewTextBoxEditingControl.Text pass REGEX Checking
[ADMIN] [3/24/2017 00:00] [PENJUALAN] CASHIER FORM : CALCULATE SUBTOTAL
[ADMIN] [3/24/2017 00:00] [PENJUALAN] CASHIER FORM : SUBTOTAL [0]
[ADMIN] [3/24/2017 00:00] [PENJUALAN] CASHIER FORM : TextBox_TextChanged, subtotal value [0]
[ADMIN] [3/24/2017 00:00] [PENJUALAN] CASHIER FORM : TextBox_TextChanged, attempt to calculate total value
[ADMIN] [3/24/2017 00:00] [PENJUALAN] CASHIER FORM : calculateTotal
[ADMIN] [3/24/2017 00:00] [PENJUALAN] CASHIER FORM : calculateTotal [0]
[ADMIN] [3/24/2017 00:00] [PENJUALAN] CASHIER FORM : calculateTotal, totalAfterDisc [0]
[ADMIN] [3/24/2017 00:00] [PENJUALAN] CASHIER FORM : calculateChangeValue, bayarTextBox.Text [0]
[ADMIN] [3/24/2017 00:00] [PENJUALAN] CASHIER FORM : calculateChangeValue, sisaBayar [0]
[ADMIN] [3/24/2017 00:00] [PENJUALAN] CASHIER FORM : cashierDataGridView_CellValueChanged [jumlah]
[ADMIN] [3/24/2017 00:00] [PENJUALAN] CASHIER FORM : cashierDataGridView_CellValueChanged [productName]
[ADMIN] [3/24/2017 00:00] [PENJUALAN] CASHIER FORM : UNREGISTER HOTKEY
[ADMIN] [3/24/2017 00:00] [] [POS SEARCH PRODUCT] D:\Project\Draco\_CODE_\Draco\bin\Debug\PRODUCT_PHOTO\ 
[ADMIN] [3/24/2017 00:00] [PENJUALAN] CASHIER FORM : ADD NEW ROW FROM BARCODE [HPL VIOLAM VT 0071 GL]
[ADMIN] [3/24/2017 00:00] [PENJUALAN] CASHIER FORM : cashierDataGridView_CellValueChanged [productID]
[ADMIN] [3/24/2017 00:00] [PENJUALAN] CASHIER FORM : cashierDataGridView_CellValueChanged [productName]
[ADMIN] [3/24/2017 00:00] [PENJUALAN] CASHIER FORM : PRODUCT PRICE TYPE [PRODUCT_BASE_PRICE]
[ADMIN] [3/24/2017 00:00] [PENJUALAN] CASHIER FORM : PRODUCT PRICE [350000]
[ADMIN] [3/24/2017 00:00] [PENJUALAN] CASHIER FORM : ComboBox_SelectedIndexChanged, PRODUCT_BASE_PRICE [350000]
[ADMIN] [3/24/2017 00:00] [PENJUALAN] CASHIER FORM : cashierDataGridView_CellValueChanged [hpp]
[ADMIN] [3/24/2017 00:00] [PENJUALAN] CASHIER FORM : PRODUCT PRICE TYPE [PRODUCT_RETAIL_PRICE]
[ADMIN] [3/24/2017 00:00] [PENJUALAN] CASHIER FORM : PRODUCT PRICE [360000]
[ADMIN] [3/24/2017 00:00] [PENJUALAN] CASHIER FORM : ComboBox_SelectedIndexChanged, PRODUCT_SALES_PRICE [360000]
[ADMIN] [3/24/2017 00:00] [PENJUALAN] CASHIER FORM : cashierDataGridView_CellValueChanged [productPrice]
[ADMIN] [3/24/2017 00:00] [PENJUALAN] CASHIER FORM : TextBox_TextChanged, previousInput []
[ADMIN] [3/24/2017 00:00] [PENJUALAN] CASHIER FORM : TextBox_TextChanged, dataGridViewTextBoxEditingControl.Text pass REGEX Checking
[ADMIN] [3/24/2017 00:00] [PENJUALAN] CASHIER FORM : CALCULATE SUBTOTAL
[ADMIN] [3/24/2017 00:00] [PENJUALAN] CASHIER FORM : SUBTOTAL [0]
[ADMIN] [3/24/2017 00:00] [PENJUALAN] CASHIER FORM : TextBox_TextChanged, subtotal value [0]
[ADMIN] [3/24/2017 00:00] [PENJUALAN] CASHIER FORM : TextBox_TextChanged, attempt to calculate total value
[ADMIN] [3/24/2017 00:00] [PENJUALAN] CASHIER FORM : calculateTotal
[ADMIN] [3/24/2017 00:00] [PENJUALAN] CASHIER FORM : calculateTotal [0]
[ADMIN] [3/24/2017 00:00] [PENJUALAN] CASHIER FORM : calculateTotal, totalAfterDisc [0]
[ADMIN] [3/24/2017 00:00] [PENJUALAN] CASHIER FORM : calculateChangeValue, bayarTextBox.Text [0]
[ADMIN] [3/24/2017 00:00] [PENJUALAN] CASHIER FORM : calculateChangeValue, sisaBayar [0]
[ADMIN] [3/24/2017 00:00] [PENJUALAN] CASHIER FORM : cashierDataGridView_CellValueChanged [qty]
[ADMIN] [3/24/2017 00:00] [PENJUALAN] CASHIER FORM : TextBox_TextChanged, previousInput []
[ADMIN] [3/24/2017 00:00] [PENJUALAN] CASHIER FORM : TextBox_TextChanged, dataGridViewTextBoxEditingControl.Text pass REGEX Checking
[ADMIN] [3/24/2017 00:00] [] CHECK STOCK QTY IS ENOUGH [88]
[ADMIN] [3/24/2017 00:00] [] CHECK STOCK QTY IS ENOUGH [0, 0]
[ADMIN] [3/24/2017 00:00] [PENJUALAN] CASHIER FORM : CALCULATE SUBTOTAL
[ADMIN] [3/24/2017 00:00] [PENJUALAN] CASHIER FORM : SUBTOTAL [0]
[ADMIN] [3/24/2017 00:00] [PENJUALAN] CASHIER FORM : TextBox_TextChanged, subtotal value [0]
[ADMIN] [3/24/2017 00:00] [PENJUALAN] CASHIER FORM : TextBox_TextChanged, attempt to calculate total value
[ADMIN] [3/24/2017 00:00] [PENJUALAN] CASHIER FORM : calculateTotal
[ADMIN] [3/24/2017 00:00] [PENJUALAN] CASHIER FORM : calculateTotal [0]
[ADMIN] [3/24/2017 00:00] [PENJUALAN] CASHIER FORM : calculateTotal, totalAfterDisc [0]
[ADMIN] [3/24/2017 00:00] [PENJUALAN] CASHIER FORM : calculateChangeValue, bayarTextBox.Text [0]
[ADMIN] [3/24/2017 00:00] [PENJUALAN] CASHIER FORM : calculateChangeValue, sisaBayar [0]
[ADMIN] [3/24/2017 00:00] [PENJUALAN] CASHIER FORM : cashierDataGridView_CellValueChanged [jumlah]
[ADMIN] [3/24/2017 00:00] [PENJUALAN] CASHIER FORM : ComboBox_SelectedIndexChanged, attempt to calculate total
[ADMIN] [3/24/2017 00:00] [PENJUALAN] CASHIER FORM : calculateTotal
[ADMIN] [3/24/2017 00:00] [PENJUALAN] CASHIER FORM : calculateTotal [0]
[ADMIN] [3/24/2017 00:00] [PENJUALAN] CASHIER FORM : calculateTotal, totalAfterDisc [0]
[ADMIN] [3/24/2017 00:00] [PENJUALAN] CASHIER FORM : calculateChangeValue, bayarTextBox.Text [0]
[ADMIN] [3/24/2017 00:00] [PENJUALAN] CASHIER FORM : calculateChangeValue, sisaBayar [0]
[ADMIN] [3/24/2017 00:00] [] CHECK STOCK QTY IS ENOUGH [88]
[ADMIN] [3/24/2017 00:00] [] CHECK STOCK QTY IS ENOUGH [0, 1]
[ADMIN] [3/24/2017 00:00] [PENJUALAN] CASHIER FORM : SET QTY TO 0 BECAUSE OF NEW ROW BUT STOCK IS NOT ENOUGH
[ADMIN] [3/24/2017 00:00] [PENJUALAN] CASHIER FORM : CALCULATE SUBTOTAL
[ADMIN] [3/24/2017 00:00] [PENJUALAN] CASHIER FORM : SUBTOTAL [0]
[ADMIN] [3/24/2017 00:00] [PENJUALAN] CASHIER FORM : cashierDataGridView_CellValueChanged [jumlah]
[ADMIN] [3/24/2017 00:00] [PENJUALAN] CASHIER FORM : calculateTotal
[ADMIN] [3/24/2017 00:00] [PENJUALAN] CASHIER FORM : calculateTotal [0]
[ADMIN] [3/24/2017 00:00] [PENJUALAN] CASHIER FORM : calculateTotal, totalAfterDisc [0]
[ADMIN] [3/24/2017 00:00] [PENJUALAN] CASHIER FORM : calculateChangeValue, bayarTextBox.Text [0]
[ADMIN] [3/24/2017 00:00] [PENJUALAN] CASHIER FORM : calculateChangeValue, sisaBayar [0]
[ADMIN] [3/24/2017 00:00] [PENJUALAN] CASHIER FORM : REGISTER HOTKEY
[ADMIN] [3/24/2017 00:01] [PENJUALAN] CASHIER FORM : cashierDataGridView_CellValueChanged [qty]
[ADMIN] [3/24/2017 00:01] [PENJUALAN] CASHIER FORM : TextBox_TextChanged, previousInput []
[ADMIN] [3/24/2017 00:01] [PENJUALAN] CASHIER FORM : TextBox_TextChanged, dataGridViewTextBoxEditingControl.Text pass REGEX Checking
[ADMIN] [3/24/2017 00:01] [] CHECK STOCK QTY IS ENOUGH [88]
[ADMIN] [3/24/2017 00:01] [] CHECK STOCK QTY IS ENOUGH [0, 2]
[ADMIN] [3/24/2017 00:01] [PENJUALAN] CASHIER FORM : cashierDataGridView_CellValueChanged [productName]
[ADMIN] [3/24/2017 00:01] [PENJUALAN] CASHIER FORM : UNREGISTER HOTKEY
[ADMIN] [3/24/2017 00:01] [PENJUALAN] CASHIER FORM : ADD NEW ROW FROM BARCODE [HPL VIOLAM VS 0101 S]
[ADMIN] [3/24/2017 00:01] [PENJUALAN] CASHIER FORM : cashierDataGridView_CellValueChanged [productID]
[ADMIN] [3/24/2017 00:01] [PENJUALAN] CASHIER FORM : cashierDataGridView_CellValueChanged [productName]
[ADMIN] [3/24/2017 00:01] [PENJUALAN] CASHIER FORM : PRODUCT PRICE TYPE [PRODUCT_BASE_PRICE]
[ADMIN] [3/24/2017 00:01] [PENJUALAN] CASHIER FORM : PRODUCT PRICE [155000]
[ADMIN] [3/24/2017 00:01] [PENJUALAN] CASHIER FORM : ComboBox_SelectedIndexChanged, PRODUCT_BASE_PRICE [155000]
[ADMIN] [3/24/2017 00:01] [PENJUALAN] CASHIER FORM : cashierDataGridView_CellValueChanged [hpp]
[ADMIN] [3/24/2017 00:01] [PENJUALAN] CASHIER FORM : PRODUCT PRICE TYPE [PRODUCT_RETAIL_PRICE]
[ADMIN] [3/24/2017 00:01] [PENJUALAN] CASHIER FORM : PRODUCT PRICE [165000]
[ADMIN] [3/24/2017 00:01] [PENJUALAN] CASHIER FORM : ComboBox_SelectedIndexChanged, PRODUCT_SALES_PRICE [165000]
[ADMIN] [3/24/2017 00:01] [PENJUALAN] CASHIER FORM : cashierDataGridView_CellValueChanged [productPrice]
[ADMIN] [3/24/2017 00:01] [PENJUALAN] CASHIER FORM : TextBox_TextChanged, previousInput []
[ADMIN] [3/24/2017 00:01] [PENJUALAN] CASHIER FORM : TextBox_TextChanged, dataGridViewTextBoxEditingControl.Text pass REGEX Checking
[ADMIN] [3/24/2017 00:01] [PENJUALAN] CASHIER FORM : CALCULATE SUBTOTAL
[ADMIN] [3/24/2017 00:01] [PENJUALAN] CASHIER FORM : SUBTOTAL [330000]
[ADMIN] [3/24/2017 00:01] [PENJUALAN] CASHIER FORM : TextBox_TextChanged, subtotal value [330000]
[ADMIN] [3/24/2017 00:01] [PENJUALAN] CASHIER FORM : TextBox_TextChanged, attempt to calculate total value
[ADMIN] [3/24/2017 00:01] [PENJUALAN] CASHIER FORM : calculateTotal
[ADMIN] [3/24/2017 00:01] [PENJUALAN] CASHIER FORM : calculateTotal [330000]
[ADMIN] [3/24/2017 00:01] [PENJUALAN] CASHIER FORM : calculateTotal, totalAfterDisc [330000]
[ADMIN] [3/24/2017 00:01] [PENJUALAN] CASHIER FORM : calculateChangeValue, bayarTextBox.Text [0]
[ADMIN] [3/24/2017 00:01] [PENJUALAN] CASHIER FORM : calculateChangeValue, sisaBayar [0]
[ADMIN] [3/24/2017 00:01] [PENJUALAN] CASHIER FORM : cashierDataGridView_CellValueChanged [qty]
[ADMIN] [3/24/2017 00:01] [PENJUALAN] CASHIER FORM : TextBox_TextChanged, previousInput []
[ADMIN] [3/24/2017 00:01] [PENJUALAN] CASHIER FORM : TextBox_TextChanged, dataGridViewTextBoxEditingControl.Text pass REGEX Checking
[ADMIN] [3/24/2017 00:01] [] CHECK STOCK QTY IS ENOUGH [1]
[ADMIN] [3/24/2017 00:01] [] CHECK STOCK QTY IS ENOUGH [306, 0]
[ADMIN] [3/24/2017 00:01] [PENJUALAN] CASHIER FORM : CALCULATE SUBTOTAL
[ADMIN] [3/24/2017 00:01] [PENJUALAN] CASHIER FORM : SUBTOTAL [0]
[ADMIN] [3/24/2017 00:01] [PENJUALAN] CASHIER FORM : TextBox_TextChanged, subtotal value [0]
[ADMIN] [3/24/2017 00:01] [PENJUALAN] CASHIER FORM : TextBox_TextChanged, attempt to calculate total value
[ADMIN] [3/24/2017 00:01] [PENJUALAN] CASHIER FORM : calculateTotal
[ADMIN] [3/24/2017 00:01] [PENJUALAN] CASHIER FORM : calculateTotal [0]
[ADMIN] [3/24/2017 00:01] [PENJUALAN] CASHIER FORM : calculateTotal, totalAfterDisc [0]
[ADMIN] [3/24/2017 00:01] [PENJUALAN] CASHIER FORM : calculateChangeValue, bayarTextBox.Text [0]
[ADMIN] [3/24/2017 00:01] [PENJUALAN] CASHIER FORM : calculateChangeValue, sisaBayar [0]
[ADMIN] [3/24/2017 00:01] [PENJUALAN] CASHIER FORM : cashierDataGridView_CellValueChanged [jumlah]
[ADMIN] [3/24/2017 00:01] [PENJUALAN] CASHIER FORM : ComboBox_SelectedIndexChanged, attempt to calculate total
[ADMIN] [3/24/2017 00:01] [PENJUALAN] CASHIER FORM : calculateTotal
[ADMIN] [3/24/2017 00:01] [PENJUALAN] CASHIER FORM : calculateTotal [0]
[ADMIN] [3/24/2017 00:01] [PENJUALAN] CASHIER FORM : calculateTotal, totalAfterDisc [0]
[ADMIN] [3/24/2017 00:01] [PENJUALAN] CASHIER FORM : calculateChangeValue, bayarTextBox.Text [0]
[ADMIN] [3/24/2017 00:01] [PENJUALAN] CASHIER FORM : calculateChangeValue, sisaBayar [0]
[ADMIN] [3/24/2017 00:01] [] CHECK STOCK QTY IS ENOUGH [1]
[ADMIN] [3/24/2017 00:01] [] CHECK STOCK QTY IS ENOUGH [306, 1]
[ADMIN] [3/24/2017 00:01] [PENJUALAN] CASHIER FORM : cashierDataGridView_CellValueChanged [qty]
[ADMIN] [3/24/2017 00:01] [PENJUALAN] CASHIER FORM : TextBox_TextChanged, previousInput []
[ADMIN] [3/24/2017 00:01] [PENJUALAN] CASHIER FORM : TextBox_TextChanged, dataGridViewTextBoxEditingControl.Text pass REGEX Checking
[ADMIN] [3/24/2017 00:01] [] CHECK STOCK QTY IS ENOUGH [1]
[ADMIN] [3/24/2017 00:01] [] CHECK STOCK QTY IS ENOUGH [306, 1]
[ADMIN] [3/24/2017 00:01] [PENJUALAN] CASHIER FORM : CALCULATE SUBTOTAL
[ADMIN] [3/24/2017 00:01] [PENJUALAN] CASHIER FORM : SUBTOTAL [165000]
[ADMIN] [3/24/2017 00:01] [PENJUALAN] CASHIER FORM : TextBox_TextChanged, subtotal value [165000]
[ADMIN] [3/24/2017 00:01] [PENJUALAN] CASHIER FORM : TextBox_TextChanged, attempt to calculate total value
[ADMIN] [3/24/2017 00:01] [PENJUALAN] CASHIER FORM : calculateTotal
[ADMIN] [3/24/2017 00:01] [PENJUALAN] CASHIER FORM : calculateTotal [165000]
[ADMIN] [3/24/2017 00:01] [PENJUALAN] CASHIER FORM : calculateTotal, totalAfterDisc [165000]
[ADMIN] [3/24/2017 00:01] [PENJUALAN] CASHIER FORM : calculateChangeValue, bayarTextBox.Text [0]
[ADMIN] [3/24/2017 00:01] [PENJUALAN] CASHIER FORM : calculateChangeValue, sisaBayar [0]
[ADMIN] [3/24/2017 00:01] [PENJUALAN] CASHIER FORM : SET QTY TO 1 BECAUSE OF NEW ROW
[ADMIN] [3/24/2017 00:01] [PENJUALAN] CASHIER FORM : CALCULATE SUBTOTAL
[ADMIN] [3/24/2017 00:01] [PENJUALAN] CASHIER FORM : SUBTOTAL [165000]
[ADMIN] [3/24/2017 00:01] [PENJUALAN] CASHIER FORM : calculateTotal
[ADMIN] [3/24/2017 00:01] [PENJUALAN] CASHIER FORM : calculateTotal [165000]
[ADMIN] [3/24/2017 00:01] [PENJUALAN] CASHIER FORM : calculateTotal, totalAfterDisc [165000]
[ADMIN] [3/24/2017 00:01] [PENJUALAN] CASHIER FORM : calculateChangeValue, bayarTextBox.Text [0]
[ADMIN] [3/24/2017 00:01] [PENJUALAN] CASHIER FORM : calculateChangeValue, sisaBayar [0]
[ADMIN] [3/24/2017 00:01] [PENJUALAN] CASHIER FORM : REGISTER HOTKEY
[ADMIN] [3/24/2017 00:01] [PENJUALAN] CASHIER FORM : cashierDataGridView_CellValueChanged [qty]
[ADMIN] [3/24/2017 00:01] [PENJUALAN] CASHIER FORM : TextBox_TextChanged, previousInput []
[ADMIN] [3/24/2017 00:01] [PENJUALAN] CASHIER FORM : TextBox_TextChanged, dataGridViewTextBoxEditingControl.Text pass REGEX Checking
[ADMIN] [3/24/2017 00:01] [] CHECK STOCK QTY IS ENOUGH [1]
[ADMIN] [3/24/2017 00:01] [] CHECK STOCK QTY IS ENOUGH [306, 2]
[ADMIN] [3/24/2017 00:01] [PENJUALAN] CASHIER FORM : CALCULATE SUBTOTAL
[ADMIN] [3/24/2017 00:01] [PENJUALAN] CASHIER FORM : SUBTOTAL [330000]
[ADMIN] [3/24/2017 00:01] [PENJUALAN] CASHIER FORM : TextBox_TextChanged, subtotal value [330000]
[ADMIN] [3/24/2017 00:01] [PENJUALAN] CASHIER FORM : TextBox_TextChanged, attempt to calculate total value
[ADMIN] [3/24/2017 00:01] [PENJUALAN] CASHIER FORM : calculateTotal
[ADMIN] [3/24/2017 00:01] [PENJUALAN] CASHIER FORM : calculateTotal [330000]
[ADMIN] [3/24/2017 00:01] [PENJUALAN] CASHIER FORM : calculateTotal, totalAfterDisc [330000]
[ADMIN] [3/24/2017 00:01] [PENJUALAN] CASHIER FORM : calculateChangeValue, bayarTextBox.Text [0]
[ADMIN] [3/24/2017 00:01] [PENJUALAN] CASHIER FORM : calculateChangeValue, sisaBayar [0]
[ADMIN] [3/24/2017 00:01] [PENJUALAN] CASHIER FORM : cashierDataGridView_CellValueChanged [qty]
[ADMIN] [3/24/2017 00:01] [PENJUALAN] CASHIER FORM : TextBox_TextChanged, previousInput []
[ADMIN] [3/24/2017 00:01] [PENJUALAN] CASHIER FORM : TextBox_TextChanged, dataGridViewTextBoxEditingControl.Text pass REGEX Checking
[ADMIN] [3/24/2017 00:01] [] CHECK STOCK QTY IS ENOUGH [1]
[ADMIN] [3/24/2017 00:01] [] CHECK STOCK QTY IS ENOUGH [306, 20]
[ADMIN] [3/24/2017 00:01] [PENJUALAN] CASHIER FORM : CALCULATE SUBTOTAL
[ADMIN] [3/24/2017 00:01] [PENJUALAN] CASHIER FORM : SUBTOTAL [3300000]
[ADMIN] [3/24/2017 00:01] [PENJUALAN] CASHIER FORM : TextBox_TextChanged, subtotal value [3300000]
[ADMIN] [3/24/2017 00:01] [PENJUALAN] CASHIER FORM : TextBox_TextChanged, attempt to calculate total value
[ADMIN] [3/24/2017 00:01] [PENJUALAN] CASHIER FORM : calculateTotal
[ADMIN] [3/24/2017 00:01] [PENJUALAN] CASHIER FORM : calculateTotal [3300000]
[ADMIN] [3/24/2017 00:01] [PENJUALAN] CASHIER FORM : calculateTotal, totalAfterDisc [3300000]
[ADMIN] [3/24/2017 00:01] [PENJUALAN] CASHIER FORM : calculateChangeValue, bayarTextBox.Text [0]
[ADMIN] [3/24/2017 00:01] [PENJUALAN] CASHIER FORM : calculateChangeValue, sisaBayar [0]
[ADMIN] [3/24/2017 00:01] [PENJUALAN] CASHIER FORM : HOTKEY TO SAVE AND PRINT OUT INVOICE PRESSED
[ADMIN] [3/24/2017 00:01] [PENJUALAN] CASHIER FORM : UNREGISTER HOTKEY
[ADMIN] [3/24/2017 00:01] [PENJUALAN] CASHIER FORM : REGISTER HOTKEY
[ADMIN] [3/24/2017 00:01] [PENJUALAN] ATTEMPT TO SAVE AND PRINT OUT INVOICE
[ADMIN] [3/24/2017 00:01] [] CHECK STOCK QTY IS ENOUGH [1]
[ADMIN] [3/24/2017 00:01] [] CHECK STOCK QTY IS ENOUGH [306, 20]
[ADMIN] [3/24/2017 00:01] [PENJUALAN] CASHIER FORM : UNREGISTER HOTKEY
[ADMIN] [3/24/2017 00:01] [PENJUALAN] CASHIER FORM : REGISTER HOTKEY
[ADMIN] [3/24/2017 00:01] [PENJUALAN] CASHIER FORM : calculateChangeValue, bayarTextBox.Text [5]
[ADMIN] [3/24/2017 00:01] [PENJUALAN] CASHIER FORM : calculateChangeValue, sisaBayar [0]
[ADMIN] [3/24/2017 00:01] [PENJUALAN] CASHIER FORM : calculateChangeValue, bayarTextBox.Text [55]
[ADMIN] [3/24/2017 00:01] [PENJUALAN] CASHIER FORM : calculateChangeValue, sisaBayar [0]
[ADMIN] [3/24/2017 00:01] [PENJUALAN] CASHIER FORM : calculateChangeValue, bayarTextBox.Text [550]
[ADMIN] [3/24/2017 00:01] [PENJUALAN] CASHIER FORM : calculateChangeValue, sisaBayar [0]
[ADMIN] [3/24/2017 00:01] [PENJUALAN] CASHIER FORM : calculateChangeValue, bayarTextBox.Text [5500]
[ADMIN] [3/24/2017 00:01] [PENJUALAN] CASHIER FORM : calculateChangeValue, sisaBayar [0]
[ADMIN] [3/24/2017 00:01] [PENJUALAN] CASHIER FORM : calculateChangeValue, bayarTextBox.Text [55000]
[ADMIN] [3/24/2017 00:01] [PENJUALAN] CASHIER FORM : calculateChangeValue, sisaBayar [0]
[ADMIN] [3/24/2017 00:01] [PENJUALAN] CASHIER FORM : calculateChangeValue, bayarTextBox.Text [550000]
[ADMIN] [3/24/2017 00:01] [PENJUALAN] CASHIER FORM : calculateChangeValue, sisaBayar [0]
[ADMIN] [3/24/2017 00:01] [PENJUALAN] CASHIER FORM : calculateChangeValue, bayarTextBox.Text [5500000]
[ADMIN] [3/24/2017 00:01] [PENJUALAN] CASHIER FORM : calculateChangeValue, sisaBayar [2200000]
[ADMIN] [3/24/2017 00:01] [PENJUALAN] CASHIER FORM : HOTKEY TO SAVE AND PRINT OUT INVOICE PRESSED
[ADMIN] [3/24/2017 00:01] [PENJUALAN] CASHIER FORM : UNREGISTER HOTKEY
[ADMIN] [3/24/2017 00:01] [PENJUALAN] CASHIER FORM : REGISTER HOTKEY
[ADMIN] [3/24/2017 00:01] [PENJUALAN] ATTEMPT TO SAVE AND PRINT OUT INVOICE
[ADMIN] [3/24/2017 00:01] [] CHECK STOCK QTY IS ENOUGH [1]
[ADMIN] [3/24/2017 00:01] [] CHECK STOCK QTY IS ENOUGH [306, 20]
[ADMIN] [3/24/2017 00:01] [PENJUALAN] CASHIER FORM : UNREGISTER HOTKEY
[ADMIN] [3/24/2017 00:01] [PENJUALAN] CASHIER FORM : REGISTER HOTKEY
[ADMIN] [3/24/2017 00:01] [PENJUALAN] CASHIER FORM : UNREGISTER HOTKEY
[ADMIN] [3/24/2017 00:01] [PENJUALAN] CASHIER FORM : ATTEMPT TO SAVE SALES DATA [24-03-2017 00:01]
[ADMIN] [3/24/2017 00:01] [PENJUALAN] CASHIER FORM : SALES DISC FINAL [0]
[ADMIN] [3/24/2017 00:01] [PENJUALAN] CASHIER FORM : CASH SALES
[ADMIN] [3/24/2017 00:01] [PENJUALAN] CHECK IF TAX LIMIT SET FOR PERCENTAGE PURCHASE [0]
[ADMIN] [3/24/2017 00:01] [PENJUALAN] CHECK IF TAX LIMIT SET FOR AVERAGE DAILY PURCHASE [0]
[ADMIN] [3/24/2017 00:01] [PENJUALAN] CASHIER FORM : NO FAKTUR [SLO001]
[ADMIN] [3/24/2017 00:01] [PENJUALAN] CASHIER FORM : MAX SALES INVOICE [1]
[ADMIN] [3/24/2017 00:01] [PENJUALAN] CASHIER FORM : SALES INVOICE [SLO001-2]
[ADMIN] [3/24/2017 00:01] [PENJUALAN] INSERT INTO SALES HEADER [SLO001-2]
[ADMIN] [3/24/2017 00:01] [PENJUALAN] INSERT INTO SALES DETAIL[1, 165000, 20]
[ADMIN] [3/24/2017 00:01] [PENJUALAN] INSERT TO CREDIT TABLE [SLO001-2]
[ADMIN] [3/24/2017 00:01] [PENJUALAN] INSERT TO DAILY JOURNAL TABLE [3300000]
[ADMIN] [3/24/2017 00:01] [PENJUALAN] CASHIER FORM : REGISTER HOTKEY
[ADMIN] [3/24/2017 00:01] [PENJUALAN] TRANSACTION SAVED
[ADMIN] [3/24/2017 00:01] [PENJUALAN] PRINT OUT INVOICE
[ADMIN] [3/24/2017 00:01] [PENJUALAN] CASHIER FORM : PrintReceipt
[ADMIN] [3/24/2017 00:01] [PENJUALAN] CASHIER FORM : PrintReceipt, papermode [0]
[ADMIN] [3/24/2017 00:01] [PENJUALAN] CASHIER FORM : PrintReceipt, display SalesReceiptForm
[ADMIN] [3/24/2017 00:01] [PENJUALAN] CASHIER FORM : UNREGISTER HOTKEY
[ADMIN] [3/24/2017 00:01] [PENJUALAN] CASHIER FORM : REGISTER HOTKEY
[ADMIN] [3/24/2017 00:01] [PENJUALAN] VALIDATE USER CREDIT STATUS
[ADMIN] [3/24/2017 00:01] [PENJUALAN] CASHIER FORM : UNREGISTER HOTKEY
[ADMIN] [3/24/2017 00:01] [PENJUALAN] CASHIER FORM : REGISTER HOTKEY
[ADMIN] [3/24/2017 00:01] [PENJUALAN] CASHIER FORM : UNREGISTER HOTKEY
[ADMIN] [3/24/2017 00:01] [PENJUALAN] CASHIER FORM : UNREGISTER HOTKEY
[ADMIN] [3/24/2017 00:01] [] USER ID = 1LOGOUT
