[] [3/24/2017 13:18] [] USER = ADMIN IS ACTIVE
[] [3/24/2017 13:18] [] USER = ADMIN IS ACTIVE
[] [3/24/2017 13:18] [] USER = ADMIN IS ACTIVE
[] [3/24/2017 13:19] [] USER = ADMIN IS ACTIVE
[ADMIN] [3/24/2017 13:19] [] USER ID = 1 LOGIN SUCCESSFULLY
[ADMIN] [3/24/2017 13:19] [] ACTIVATE USER ACCESS RIGHT
[ADMIN] [3/24/2017 13:19] [] DISPLAY ADMIN FORM
[ADMIN] [3/24/2017 13:19] [] adminForm Load
[ADMIN] [3/24/2017 13:19] [] [POS SEARCH PRODUCT] D:\Project\Draco\_CODE_\Draco\bin\Debug\PRODUCT_PHOTO\ 
[ADMIN] [3/24/2017 13:19] [PENERIMAAN BARANG] PENERIMAAN BARANG : detailGridView_CellValueChanged [productID]
[ADMIN] [3/24/2017 13:19] [PENERIMAAN BARANG] PENERIMAAN BARANG : detailGridView_CellValueChanged [productName]
[ADMIN] [3/24/2017 13:19] [PENJUALAN] CASHIER FORM : ComboBox_SelectedIndexChanged, PRODUCT_BASE_PRICE [155000]
[ADMIN] [3/24/2017 13:19] [PENJUALAN] CASHIER FORM : ComboBox_SelectedIndexChanged, attempt to calculate total
[ADMIN] [3/24/2017 13:19] [PENERIMAAN BARANG] PENERIMAAN BARANG : detailGridView_CellValueChanged [qtyReceived]
[ADMIN] [3/24/2017 13:19] [PENERIMAAN BARANG] PENERIMAAN BARANG : detailGridView_CellValueChanged [subtotal]
[ADMIN] [3/24/2017 13:19] [PENERIMAAN BARANG] PENERIMAAN BARANG : detailGridView_CellValueChanged [subtotal]
[ADMIN] [3/24/2017 13:19] [] [POS SEARCH PRODUCT] D:\Project\Draco\_CODE_\Draco\bin\Debug\PRODUCT_PHOTO\ 
[ADMIN] [3/24/2017 13:19] [PENERIMAAN BARANG] PENERIMAAN BARANG : detailGridView_CellValueChanged [productName]
[ADMIN] [3/24/2017 13:20] [] [POS SEARCH PRODUCT] D:\Project\Draco\_CODE_\Draco\bin\Debug\PRODUCT_PHOTO\ 
[ADMIN] [3/24/2017 13:20] [] [POS SEARCH PRODUCT] D:\Project\Draco\_CODE_\Draco\bin\Debug\PRODUCT_PHOTO\3.jpg
[ADMIN] [3/24/2017 13:20] [] [POS SEARCH PRODUCT] D:\Project\Draco\_CODE_\Draco\bin\Debug\PRODUCT_PHOTO\3.jpg
[ADMIN] [3/24/2017 13:20] [] [POS SEARCH PRODUCT] D:\Project\Draco\_CODE_\Draco\bin\Debug\PRODUCT_PHOTO\ 
[ADMIN] [3/24/2017 13:20] [] [POS SEARCH PRODUCT] D:\Project\Draco\_CODE_\Draco\bin\Debug\PRODUCT_PHOTO\ 
[ADMIN] [3/24/2017 13:20] [PENERIMAAN BARANG] PENERIMAAN BARANG : detailGridView_CellValueChanged [productID]
[ADMIN] [3/24/2017 13:20] [PENERIMAAN BARANG] PENERIMAAN BARANG : detailGridView_CellValueChanged [productName]
[ADMIN] [3/24/2017 13:20] [PENJUALAN] CASHIER FORM : ComboBox_SelectedIndexChanged, PRODUCT_BASE_PRICE [350000]
[ADMIN] [3/24/2017 13:20] [PENJUALAN] CASHIER FORM : ComboBox_SelectedIndexChanged, attempt to calculate total
[ADMIN] [3/24/2017 13:20] [PENERIMAAN BARANG] PENERIMAAN BARANG : detailGridView_CellValueChanged [qtyReceived]
[ADMIN] [3/24/2017 13:20] [PENERIMAAN BARANG] PENERIMAAN BARANG : detailGridView_CellValueChanged [subtotal]
[ADMIN] [3/24/2017 13:20] [PENERIMAAN BARANG] PENERIMAAN BARANG : detailGridView_CellValueChanged [subtotal]
[ADMIN] [3/24/2017 13:20] [] [POS SEARCH PRODUCT] D:\Project\Draco\_CODE_\Draco\bin\Debug\PRODUCT_PHOTO\3.jpg
[ADMIN] [3/24/2017 13:20] [] [POS SEARCH PRODUCT] D:\Project\Draco\_CODE_\Draco\bin\Debug\PRODUCT_PHOTO\ 
[ADMIN] [3/24/2017 13:20] [] [POS SEARCH PRODUCT] D:\Project\Draco\_CODE_\Draco\bin\Debug\PRODUCT_PHOTO\3.jpg
[ADMIN] [3/24/2017 13:20] [] [POS SEARCH PRODUCT] D:\Project\Draco\_CODE_\Draco\bin\Debug\PRODUCT_PHOTO\6.jpg
[ADMIN] [3/24/2017 13:20] [PENERIMAAN BARANG] PENERIMAAN BARANG : detailGridView_CellValueChanged [productID]
[ADMIN] [3/24/2017 13:20] [PENERIMAAN BARANG] PENERIMAAN BARANG : detailGridView_CellValueChanged [productName]
[ADMIN] [3/24/2017 13:20] [PENJUALAN] CASHIER FORM : ComboBox_SelectedIndexChanged, PRODUCT_BASE_PRICE [180000]
[ADMIN] [3/24/2017 13:20] [PENJUALAN] CASHIER FORM : ComboBox_SelectedIndexChanged, attempt to calculate total
[ADMIN] [3/24/2017 13:20] [PENERIMAAN BARANG] PENERIMAAN BARANG : detailGridView_CellValueChanged [qtyReceived]
[ADMIN] [3/24/2017 13:20] [PENERIMAAN BARANG] PENERIMAAN BARANG : detailGridView_CellValueChanged [subtotal]
[ADMIN] [3/24/2017 13:20] [PENERIMAAN BARANG] PENERIMAAN BARANG : detailGridView_CellValueChanged [subtotal]
[ADMIN] [3/24/2017 13:20] [] [POS SEARCH PRODUCT] D:\Project\Draco\_CODE_\Draco\bin\Debug\PRODUCT_PHOTO\6.jpg
[ADMIN] [3/24/2017 13:20] [PURCHASE ORDER] PURCHASE ORDER : detailPODataGridView_CellValueChanged [productID]
[ADMIN] [3/24/2017 13:20] [PURCHASE ORDER] PURCHASE ORDER : detailPODataGridView_CellValueChanged [productName]
[ADMIN] [3/24/2017 13:20] [PURCHASE ORDER] updateSomeRowsContent, PRODUCT_BASE_PRICE [155000]
[ADMIN] [3/24/2017 13:20] [PURCHASE ORDER] updateSomeRowsContent, attempt to calculate total
[ADMIN] [3/24/2017 13:20] [PURCHASE ORDER] PURCHASE ORDER : detailPODataGridView_CellValueChanged [qty]
[ADMIN] [3/24/2017 13:20] [] [POS SEARCH PRODUCT] D:\Project\Draco\_CODE_\Draco\bin\Debug\PRODUCT_PHOTO\ 
[ADMIN] [3/24/2017 13:20] [PURCHASE ORDER] PURCHASE ORDER : detailPODataGridView_CellValueChanged [productName]
[ADMIN] [3/24/2017 13:20] [] [POS SEARCH PRODUCT] D:\Project\Draco\_CODE_\Draco\bin\Debug\PRODUCT_PHOTO\3.jpg
[ADMIN] [3/24/2017 13:20] [] [POS SEARCH PRODUCT] D:\Project\Draco\_CODE_\Draco\bin\Debug\PRODUCT_PHOTO\3.jpg
[ADMIN] [3/24/2017 13:20] [] [POS SEARCH PRODUCT] D:\Project\Draco\_CODE_\Draco\bin\Debug\PRODUCT_PHOTO\6.jpg
[ADMIN] [3/24/2017 13:20] [] [POS SEARCH PRODUCT] D:\Project\Draco\_CODE_\Draco\bin\Debug\PRODUCT_PHOTO\6.jpg
[ADMIN] [3/24/2017 13:20] [PURCHASE ORDER] PURCHASE ORDER : detailPODataGridView_CellValueChanged [productID]
[ADMIN] [3/24/2017 13:20] [PURCHASE ORDER] PURCHASE ORDER : detailPODataGridView_CellValueChanged [productName]
[ADMIN] [3/24/2017 13:20] [PURCHASE ORDER] updateSomeRowsContent, PRODUCT_BASE_PRICE [180000]
[ADMIN] [3/24/2017 13:20] [PURCHASE ORDER] updateSomeRowsContent, attempt to calculate total
[ADMIN] [3/24/2017 13:20] [PURCHASE ORDER] PURCHASE ORDER : detailPODataGridView_CellValueChanged [qty]
[ADMIN] [3/24/2017 13:20] [] [POS SEARCH PRODUCT] D:\Project\Draco\_CODE_\Draco\bin\Debug\PRODUCT_PHOTO\6.jpg
[ADMIN] [3/24/2017 13:20] [PENJUALAN] CASHIER FORM : MULTIPLE CASHIER INSTANCE [1]
[ADMIN] [3/24/2017 13:20] [PENJUALAN] CASHIER FORM : REGISTER HOTKEY
[ADMIN] [3/24/2017 13:20] [PENJUALAN] CASHIER FORM : cashierForm_Load, ATTEMPT TO LOAD NO FAKTUR
[ADMIN] [3/24/2017 13:20] [PENJUALAN] CASHIER FORM : loadNoFaktur, noFakturValue [SLO001]
[ADMIN] [3/24/2017 13:20] [PENJUALAN] CASHIER FORM : cashierForm_Load, ATTEMPT TO addColumnToDataGrid
[ADMIN] [3/24/2017 13:20] [PENJUALAN] CASHIER FORM : calculateTotal
[ADMIN] [3/24/2017 13:20] [PENJUALAN] CASHIER FORM : calculateTotal [0]
[ADMIN] [3/24/2017 13:20] [PENJUALAN] CASHIER FORM : calculateTotal, totalAfterDisc [0]
[ADMIN] [3/24/2017 13:20] [PENJUALAN] CASHIER FORM : calculateChangeValue, bayarTextBox.Text [0]
[ADMIN] [3/24/2017 13:20] [PENJUALAN] CASHIER FORM : calculateChangeValue, sisaBayar [0]
[ADMIN] [3/24/2017 13:20] [PENJUALAN] CASHIER FORM : REGISTER HOTKEY
[ADMIN] [3/24/2017 13:21] [PENJUALAN] CASHIER FORM : HOTKEY TO OPEN PRODUK SEARCH FORM PRESSED
[ADMIN] [3/24/2017 13:21] [PENJUALAN] CASHIER FORM : UNREGISTER HOTKEY
[ADMIN] [3/24/2017 13:21] [] [POS SEARCH PRODUCT] D:\Project\Draco\_CODE_\Draco\bin\Debug\PRODUCT_PHOTO\ 
[ADMIN] [3/24/2017 13:21] [] [POS SEARCH PRODUCT] D:\Project\Draco\_CODE_\Draco\bin\Debug\PRODUCT_PHOTO\3.jpg
[ADMIN] [3/24/2017 13:21] [PENJUALAN] CASHIER FORM : ADD NEW ROW FROM BARCODE [HPL VIOLAM VD 0018 S]
[ADMIN] [3/24/2017 13:21] [PENJUALAN] CASHIER FORM : ADD NEW ROW,  isActive [False]
[ADMIN] [3/24/2017 13:21] [PENJUALAN] CASHIER FORM : ADD NEW ROW,  ROW COUNT [0]
[ADMIN] [3/24/2017 13:21] [PENJUALAN] CASHIER FORM : ADD NEW ROW,  ALLOW TO ADD [True]
[ADMIN] [3/24/2017 13:21] [PENJUALAN] CASHIER FORM : cashierDataGridView_CellValueChanged [F8]
[ADMIN] [3/24/2017 13:21] [PENJUALAN] CASHIER FORM : cashierDataGridView_CellValueChanged [hpp]
[ADMIN] [3/24/2017 13:21] [PENJUALAN] CASHIER FORM : cashierDataGridView_CellValueChanged [productPrice]
[ADMIN] [3/24/2017 13:21] [PENJUALAN] CASHIER FORM : TextBox_TextChanged, previousInput []
[ADMIN] [3/24/2017 13:21] [PENJUALAN] CASHIER FORM : TextBox_TextChanged, dataGridViewTextBoxEditingControl.Text pass REGEX Checking
[ADMIN] [3/24/2017 13:21] [PENJUALAN] CASHIER FORM : CALCULATE SUBTOTAL
[ADMIN] [3/24/2017 13:21] [PENJUALAN] CASHIER FORM : SUBTOTAL [0]
[ADMIN] [3/24/2017 13:21] [PENJUALAN] CASHIER FORM : TextBox_TextChanged, subtotal value [0]
[ADMIN] [3/24/2017 13:21] [PENJUALAN] CASHIER FORM : TextBox_TextChanged, attempt to calculate total value
[ADMIN] [3/24/2017 13:21] [PENJUALAN] CASHIER FORM : calculateTotal
[ADMIN] [3/24/2017 13:21] [PENJUALAN] CASHIER FORM : calculateTotal [0]
[ADMIN] [3/24/2017 13:21] [PENJUALAN] CASHIER FORM : calculateTotal, totalAfterDisc [0]
[ADMIN] [3/24/2017 13:21] [PENJUALAN] CASHIER FORM : calculateChangeValue, bayarTextBox.Text [0]
[ADMIN] [3/24/2017 13:21] [PENJUALAN] CASHIER FORM : calculateChangeValue, sisaBayar [0]
[ADMIN] [3/24/2017 13:21] [PENJUALAN] CASHIER FORM : cashierDataGridView_CellValueChanged [disc1]
[ADMIN] [3/24/2017 13:21] [PENJUALAN] CASHIER FORM : TextBox_TextChanged, previousInput []
[ADMIN] [3/24/2017 13:21] [PENJUALAN] CASHIER FORM : TextBox_TextChanged, dataGridViewTextBoxEditingControl.Text pass REGEX Checking
[ADMIN] [3/24/2017 13:21] [PENJUALAN] CASHIER FORM : CALCULATE SUBTOTAL
[ADMIN] [3/24/2017 13:21] [PENJUALAN] CASHIER FORM : SUBTOTAL [0]
[ADMIN] [3/24/2017 13:21] [PENJUALAN] CASHIER FORM : TextBox_TextChanged, subtotal value [0]
[ADMIN] [3/24/2017 13:21] [PENJUALAN] CASHIER FORM : TextBox_TextChanged, attempt to calculate total value
[ADMIN] [3/24/2017 13:21] [PENJUALAN] CASHIER FORM : calculateTotal
[ADMIN] [3/24/2017 13:21] [PENJUALAN] CASHIER FORM : calculateTotal [0]
[ADMIN] [3/24/2017 13:21] [PENJUALAN] CASHIER FORM : calculateTotal, totalAfterDisc [0]
[ADMIN] [3/24/2017 13:21] [PENJUALAN] CASHIER FORM : calculateChangeValue, bayarTextBox.Text [0]
[ADMIN] [3/24/2017 13:21] [PENJUALAN] CASHIER FORM : calculateChangeValue, sisaBayar [0]
[ADMIN] [3/24/2017 13:21] [PENJUALAN] CASHIER FORM : cashierDataGridView_CellValueChanged [qty]
[ADMIN] [3/24/2017 13:21] [PENJUALAN] CASHIER FORM : TextBox_TextChanged, previousInput []
[ADMIN] [3/24/2017 13:21] [PENJUALAN] CASHIER FORM : TextBox_TextChanged, dataGridViewTextBoxEditingControl.Text pass REGEX Checking
[ADMIN] [3/24/2017 13:21] [] CHECK STOCK QTY IS ENOUGH []
[ADMIN] [3/24/2017 13:21] [PENJUALAN] CASHIER FORM : CALCULATE SUBTOTAL
[ADMIN] [3/24/2017 13:21] [PENJUALAN] CASHIER FORM : SUBTOTAL [0]
[ADMIN] [3/24/2017 13:21] [PENJUALAN] CASHIER FORM : TextBox_TextChanged, subtotal value [0]
[ADMIN] [3/24/2017 13:21] [PENJUALAN] CASHIER FORM : TextBox_TextChanged, attempt to calculate total value
[ADMIN] [3/24/2017 13:21] [PENJUALAN] CASHIER FORM : calculateTotal
[ADMIN] [3/24/2017 13:21] [PENJUALAN] CASHIER FORM : calculateTotal [0]
[ADMIN] [3/24/2017 13:21] [PENJUALAN] CASHIER FORM : calculateTotal, totalAfterDisc [0]
[ADMIN] [3/24/2017 13:21] [PENJUALAN] CASHIER FORM : calculateChangeValue, bayarTextBox.Text [0]
[ADMIN] [3/24/2017 13:21] [PENJUALAN] CASHIER FORM : calculateChangeValue, sisaBayar [0]
[ADMIN] [3/24/2017 13:21] [PENJUALAN] CASHIER FORM : cashierDataGridView_CellValueChanged [disc2]
[ADMIN] [3/24/2017 13:21] [PENJUALAN] CASHIER FORM : TextBox_TextChanged, previousInput []
[ADMIN] [3/24/2017 13:21] [PENJUALAN] CASHIER FORM : TextBox_TextChanged, dataGridViewTextBoxEditingControl.Text pass REGEX Checking
[ADMIN] [3/24/2017 13:21] [PENJUALAN] CASHIER FORM : CALCULATE SUBTOTAL
[ADMIN] [3/24/2017 13:21] [PENJUALAN] CASHIER FORM : SUBTOTAL [0]
[ADMIN] [3/24/2017 13:21] [PENJUALAN] CASHIER FORM : TextBox_TextChanged, subtotal value [0]
[ADMIN] [3/24/2017 13:21] [PENJUALAN] CASHIER FORM : TextBox_TextChanged, attempt to calculate total value
[ADMIN] [3/24/2017 13:21] [PENJUALAN] CASHIER FORM : calculateTotal
[ADMIN] [3/24/2017 13:21] [PENJUALAN] CASHIER FORM : calculateTotal [0]
[ADMIN] [3/24/2017 13:21] [PENJUALAN] CASHIER FORM : calculateTotal, totalAfterDisc [0]
[ADMIN] [3/24/2017 13:21] [PENJUALAN] CASHIER FORM : calculateChangeValue, bayarTextBox.Text [0]
[ADMIN] [3/24/2017 13:21] [PENJUALAN] CASHIER FORM : calculateChangeValue, sisaBayar [0]
[ADMIN] [3/24/2017 13:21] [PENJUALAN] CASHIER FORM : cashierDataGridView_CellValueChanged [discRP]
[ADMIN] [3/24/2017 13:21] [PENJUALAN] CASHIER FORM : TextBox_TextChanged, previousInput []
[ADMIN] [3/24/2017 13:21] [PENJUALAN] CASHIER FORM : TextBox_TextChanged, dataGridViewTextBoxEditingControl.Text pass REGEX Checking
[ADMIN] [3/24/2017 13:21] [PENJUALAN] CASHIER FORM : CALCULATE SUBTOTAL
[ADMIN] [3/24/2017 13:21] [PENJUALAN] CASHIER FORM : SUBTOTAL [0]
[ADMIN] [3/24/2017 13:21] [PENJUALAN] CASHIER FORM : TextBox_TextChanged, subtotal value [0]
[ADMIN] [3/24/2017 13:21] [PENJUALAN] CASHIER FORM : TextBox_TextChanged, attempt to calculate total value
[ADMIN] [3/24/2017 13:21] [PENJUALAN] CASHIER FORM : calculateTotal
[ADMIN] [3/24/2017 13:21] [PENJUALAN] CASHIER FORM : calculateTotal [0]
[ADMIN] [3/24/2017 13:21] [PENJUALAN] CASHIER FORM : calculateTotal, totalAfterDisc [0]
[ADMIN] [3/24/2017 13:21] [PENJUALAN] CASHIER FORM : calculateChangeValue, bayarTextBox.Text [0]
[ADMIN] [3/24/2017 13:21] [PENJUALAN] CASHIER FORM : calculateChangeValue, sisaBayar [0]
[ADMIN] [3/24/2017 13:21] [PENJUALAN] CASHIER FORM : cashierDataGridView_CellValueChanged [jumlah]
[ADMIN] [3/24/2017 13:21] [PENJUALAN] CASHIER FORM : NEW ROW ADDED [0]
[ADMIN] [3/24/2017 13:21] [PENJUALAN] CASHIER FORM : cashierDataGridView_CellValueChanged [productID]
[ADMIN] [3/24/2017 13:21] [PENJUALAN] CASHIER FORM : cashierDataGridView_CellValueChanged [productName]
[ADMIN] [3/24/2017 13:21] [PENJUALAN] CASHIER FORM : PRODUCT PRICE TYPE [PRODUCT_BASE_PRICE]
[ADMIN] [3/24/2017 13:21] [PENJUALAN] CASHIER FORM : PRODUCT PRICE [155000]
[ADMIN] [3/24/2017 13:21] [PENJUALAN] CASHIER FORM : ComboBox_SelectedIndexChanged, PRODUCT_BASE_PRICE [155000]
[ADMIN] [3/24/2017 13:21] [PENJUALAN] CASHIER FORM : cashierDataGridView_CellValueChanged [hpp]
[ADMIN] [3/24/2017 13:21] [PENJUALAN] CASHIER FORM : PRODUCT PRICE TYPE [PRODUCT_RETAIL_PRICE]
[ADMIN] [3/24/2017 13:21] [PENJUALAN] CASHIER FORM : PRODUCT PRICE [165000]
[ADMIN] [3/24/2017 13:21] [PENJUALAN] CASHIER FORM : ComboBox_SelectedIndexChanged, PRODUCT_SALES_PRICE [165000]
[ADMIN] [3/24/2017 13:21] [PENJUALAN] CASHIER FORM : cashierDataGridView_CellValueChanged [productPrice]
[ADMIN] [3/24/2017 13:21] [PENJUALAN] CASHIER FORM : TextBox_TextChanged, previousInput []
[ADMIN] [3/24/2017 13:21] [PENJUALAN] CASHIER FORM : TextBox_TextChanged, dataGridViewTextBoxEditingControl.Text pass REGEX Checking
[ADMIN] [3/24/2017 13:21] [PENJUALAN] CASHIER FORM : CALCULATE SUBTOTAL
[ADMIN] [3/24/2017 13:21] [PENJUALAN] CASHIER FORM : SUBTOTAL [0]
[ADMIN] [3/24/2017 13:21] [PENJUALAN] CASHIER FORM : TextBox_TextChanged, subtotal value [0]
[ADMIN] [3/24/2017 13:21] [PENJUALAN] CASHIER FORM : TextBox_TextChanged, attempt to calculate total value
[ADMIN] [3/24/2017 13:21] [PENJUALAN] CASHIER FORM : calculateTotal
[ADMIN] [3/24/2017 13:21] [PENJUALAN] CASHIER FORM : calculateTotal [0]
[ADMIN] [3/24/2017 13:21] [PENJUALAN] CASHIER FORM : calculateTotal, totalAfterDisc [0]
[ADMIN] [3/24/2017 13:21] [PENJUALAN] CASHIER FORM : calculateChangeValue, bayarTextBox.Text [0]
[ADMIN] [3/24/2017 13:21] [PENJUALAN] CASHIER FORM : calculateChangeValue, sisaBayar [0]
[ADMIN] [3/24/2017 13:21] [PENJUALAN] CASHIER FORM : cashierDataGridView_CellValueChanged [qty]
[ADMIN] [3/24/2017 13:21] [PENJUALAN] CASHIER FORM : TextBox_TextChanged, previousInput []
[ADMIN] [3/24/2017 13:21] [PENJUALAN] CASHIER FORM : TextBox_TextChanged, dataGridViewTextBoxEditingControl.Text pass REGEX Checking
[ADMIN] [3/24/2017 13:21] [] CHECK STOCK QTY IS ENOUGH [3]
[ADMIN] [3/24/2017 13:21] [] CHECK STOCK QTY IS ENOUGH [15, 0]
[ADMIN] [3/24/2017 13:21] [PENJUALAN] CASHIER FORM : CALCULATE SUBTOTAL
[ADMIN] [3/24/2017 13:21] [PENJUALAN] CASHIER FORM : SUBTOTAL [0]
[ADMIN] [3/24/2017 13:21] [PENJUALAN] CASHIER FORM : TextBox_TextChanged, subtotal value [0]
[ADMIN] [3/24/2017 13:21] [PENJUALAN] CASHIER FORM : TextBox_TextChanged, attempt to calculate total value
[ADMIN] [3/24/2017 13:21] [PENJUALAN] CASHIER FORM : calculateTotal
[ADMIN] [3/24/2017 13:21] [PENJUALAN] CASHIER FORM : calculateTotal [0]
[ADMIN] [3/24/2017 13:21] [PENJUALAN] CASHIER FORM : calculateTotal, totalAfterDisc [0]
[ADMIN] [3/24/2017 13:21] [PENJUALAN] CASHIER FORM : calculateChangeValue, bayarTextBox.Text [0]
[ADMIN] [3/24/2017 13:21] [PENJUALAN] CASHIER FORM : calculateChangeValue, sisaBayar [0]
[ADMIN] [3/24/2017 13:21] [PENJUALAN] CASHIER FORM : cashierDataGridView_CellValueChanged [jumlah]
[ADMIN] [3/24/2017 13:21] [PENJUALAN] CASHIER FORM : ComboBox_SelectedIndexChanged, attempt to calculate total
[ADMIN] [3/24/2017 13:21] [PENJUALAN] CASHIER FORM : calculateTotal
[ADMIN] [3/24/2017 13:21] [PENJUALAN] CASHIER FORM : calculateTotal [0]
[ADMIN] [3/24/2017 13:21] [PENJUALAN] CASHIER FORM : calculateTotal, totalAfterDisc [0]
[ADMIN] [3/24/2017 13:21] [PENJUALAN] CASHIER FORM : calculateChangeValue, bayarTextBox.Text [0]
[ADMIN] [3/24/2017 13:21] [PENJUALAN] CASHIER FORM : calculateChangeValue, sisaBayar [0]
[ADMIN] [3/24/2017 13:21] [] CHECK STOCK QTY IS ENOUGH [3]
[ADMIN] [3/24/2017 13:21] [] CHECK STOCK QTY IS ENOUGH [15, 1]
[ADMIN] [3/24/2017 13:21] [PENJUALAN] CASHIER FORM : cashierDataGridView_CellValueChanged [qty]
[ADMIN] [3/24/2017 13:21] [PENJUALAN] CASHIER FORM : TextBox_TextChanged, previousInput []
[ADMIN] [3/24/2017 13:21] [PENJUALAN] CASHIER FORM : TextBox_TextChanged, dataGridViewTextBoxEditingControl.Text pass REGEX Checking
[ADMIN] [3/24/2017 13:21] [] CHECK STOCK QTY IS ENOUGH [3]
[ADMIN] [3/24/2017 13:21] [] CHECK STOCK QTY IS ENOUGH [15, 1]
[ADMIN] [3/24/2017 13:21] [PENJUALAN] CASHIER FORM : CALCULATE SUBTOTAL
[ADMIN] [3/24/2017 13:21] [PENJUALAN] CASHIER FORM : SUBTOTAL [165000]
[ADMIN] [3/24/2017 13:21] [PENJUALAN] CASHIER FORM : TextBox_TextChanged, subtotal value [165000]
[ADMIN] [3/24/2017 13:21] [PENJUALAN] CASHIER FORM : TextBox_TextChanged, attempt to calculate total value
[ADMIN] [3/24/2017 13:21] [PENJUALAN] CASHIER FORM : calculateTotal
[ADMIN] [3/24/2017 13:21] [PENJUALAN] CASHIER FORM : calculateTotal [165000]
[ADMIN] [3/24/2017 13:21] [PENJUALAN] CASHIER FORM : calculateTotal, totalAfterDisc [165000]
[ADMIN] [3/24/2017 13:21] [PENJUALAN] CASHIER FORM : calculateChangeValue, bayarTextBox.Text [0]
[ADMIN] [3/24/2017 13:21] [PENJUALAN] CASHIER FORM : calculateChangeValue, sisaBayar [0]
[ADMIN] [3/24/2017 13:21] [PENJUALAN] CASHIER FORM : SET QTY TO 1 BECAUSE OF NEW ROW
[ADMIN] [3/24/2017 13:21] [PENJUALAN] CASHIER FORM : CALCULATE SUBTOTAL
[ADMIN] [3/24/2017 13:21] [PENJUALAN] CASHIER FORM : SUBTOTAL [165000]
[ADMIN] [3/24/2017 13:21] [PENJUALAN] CASHIER FORM : calculateTotal
[ADMIN] [3/24/2017 13:21] [PENJUALAN] CASHIER FORM : calculateTotal [165000]
[ADMIN] [3/24/2017 13:21] [PENJUALAN] CASHIER FORM : calculateTotal, totalAfterDisc [165000]
[ADMIN] [3/24/2017 13:21] [PENJUALAN] CASHIER FORM : calculateChangeValue, bayarTextBox.Text [0]
[ADMIN] [3/24/2017 13:21] [PENJUALAN] CASHIER FORM : calculateChangeValue, sisaBayar [0]
[ADMIN] [3/24/2017 13:21] [PENJUALAN] CASHIER FORM : REGISTER HOTKEY
[ADMIN] [3/24/2017 13:21] [PENJUALAN] CASHIER FORM : UNREGISTER HOTKEY
[ADMIN] [3/24/2017 13:22] [PENJUALAN] CASHIER FORM : REGISTER HOTKEY
[ADMIN] [3/24/2017 13:22] [PENJUALAN] CASHIER FORM : HOTKEY TO ADD NEW ROW PRESSED
[ADMIN] [3/24/2017 13:22] [PENJUALAN] CASHIER FORM : ADD NEW ROW,  isActive [True]
[ADMIN] [3/24/2017 13:22] [PENJUALAN] CASHIER FORM : ADD NEW ROW,  ROW COUNT [1]
[ADMIN] [3/24/2017 13:22] [PENJUALAN] CASHIER FORM : ADD NEW ROW,  ALLOW TO ADD [True]
[ADMIN] [3/24/2017 13:22] [PENJUALAN] CASHIER FORM : cashierDataGridView_CellValueChanged [F8]
[ADMIN] [3/24/2017 13:22] [PENJUALAN] CASHIER FORM : cashierDataGridView_CellValueChanged [hpp]
[ADMIN] [3/24/2017 13:22] [PENJUALAN] CASHIER FORM : cashierDataGridView_CellValueChanged [productPrice]
[ADMIN] [3/24/2017 13:22] [PENJUALAN] CASHIER FORM : TextBox_TextChanged, previousInput []
[ADMIN] [3/24/2017 13:22] [PENJUALAN] CASHIER FORM : TextBox_TextChanged, dataGridViewTextBoxEditingControl.Text pass REGEX Checking
[ADMIN] [3/24/2017 13:22] [PENJUALAN] CASHIER FORM : CALCULATE SUBTOTAL
[ADMIN] [3/24/2017 13:22] [PENJUALAN] CASHIER FORM : SUBTOTAL [0]
[ADMIN] [3/24/2017 13:22] [PENJUALAN] CASHIER FORM : TextBox_TextChanged, subtotal value [0]
[ADMIN] [3/24/2017 13:22] [PENJUALAN] CASHIER FORM : TextBox_TextChanged, attempt to calculate total value
[ADMIN] [3/24/2017 13:22] [PENJUALAN] CASHIER FORM : calculateTotal
[ADMIN] [3/24/2017 13:22] [PENJUALAN] CASHIER FORM : calculateTotal [165000]
[ADMIN] [3/24/2017 13:22] [PENJUALAN] CASHIER FORM : calculateTotal, totalAfterDisc [165000]
[ADMIN] [3/24/2017 13:22] [PENJUALAN] CASHIER FORM : calculateChangeValue, bayarTextBox.Text [0]
[ADMIN] [3/24/2017 13:22] [PENJUALAN] CASHIER FORM : calculateChangeValue, sisaBayar [0]
[ADMIN] [3/24/2017 13:22] [PENJUALAN] CASHIER FORM : cashierDataGridView_CellValueChanged [disc1]
[ADMIN] [3/24/2017 13:22] [PENJUALAN] CASHIER FORM : TextBox_TextChanged, previousInput []
[ADMIN] [3/24/2017 13:22] [PENJUALAN] CASHIER FORM : TextBox_TextChanged, dataGridViewTextBoxEditingControl.Text pass REGEX Checking
[ADMIN] [3/24/2017 13:22] [PENJUALAN] CASHIER FORM : CALCULATE SUBTOTAL
[ADMIN] [3/24/2017 13:22] [PENJUALAN] CASHIER FORM : SUBTOTAL [0]
[ADMIN] [3/24/2017 13:22] [PENJUALAN] CASHIER FORM : TextBox_TextChanged, subtotal value [0]
[ADMIN] [3/24/2017 13:22] [PENJUALAN] CASHIER FORM : TextBox_TextChanged, attempt to calculate total value
[ADMIN] [3/24/2017 13:22] [PENJUALAN] CASHIER FORM : calculateTotal
[ADMIN] [3/24/2017 13:22] [PENJUALAN] CASHIER FORM : calculateTotal [165000]
[ADMIN] [3/24/2017 13:22] [PENJUALAN] CASHIER FORM : calculateTotal, totalAfterDisc [165000]
[ADMIN] [3/24/2017 13:22] [PENJUALAN] CASHIER FORM : calculateChangeValue, bayarTextBox.Text [0]
[ADMIN] [3/24/2017 13:22] [PENJUALAN] CASHIER FORM : calculateChangeValue, sisaBayar [0]
[ADMIN] [3/24/2017 13:22] [PENJUALAN] CASHIER FORM : cashierDataGridView_CellValueChanged [qty]
[ADMIN] [3/24/2017 13:22] [PENJUALAN] CASHIER FORM : TextBox_TextChanged, previousInput []
[ADMIN] [3/24/2017 13:22] [PENJUALAN] CASHIER FORM : TextBox_TextChanged, dataGridViewTextBoxEditingControl.Text pass REGEX Checking
[ADMIN] [3/24/2017 13:22] [] CHECK STOCK QTY IS ENOUGH []
[ADMIN] [3/24/2017 13:22] [PENJUALAN] CASHIER FORM : CALCULATE SUBTOTAL
[ADMIN] [3/24/2017 13:22] [PENJUALAN] CASHIER FORM : SUBTOTAL [0]
[ADMIN] [3/24/2017 13:22] [PENJUALAN] CASHIER FORM : TextBox_TextChanged, subtotal value [0]
[ADMIN] [3/24/2017 13:22] [PENJUALAN] CASHIER FORM : TextBox_TextChanged, attempt to calculate total value
[ADMIN] [3/24/2017 13:22] [PENJUALAN] CASHIER FORM : calculateTotal
[ADMIN] [3/24/2017 13:22] [PENJUALAN] CASHIER FORM : calculateTotal [165000]
[ADMIN] [3/24/2017 13:22] [PENJUALAN] CASHIER FORM : calculateTotal, totalAfterDisc [165000]
[ADMIN] [3/24/2017 13:22] [PENJUALAN] CASHIER FORM : calculateChangeValue, bayarTextBox.Text [0]
[ADMIN] [3/24/2017 13:22] [PENJUALAN] CASHIER FORM : calculateChangeValue, sisaBayar [0]
[ADMIN] [3/24/2017 13:22] [PENJUALAN] CASHIER FORM : cashierDataGridView_CellValueChanged [disc2]
[ADMIN] [3/24/2017 13:22] [PENJUALAN] CASHIER FORM : TextBox_TextChanged, previousInput []
[ADMIN] [3/24/2017 13:22] [PENJUALAN] CASHIER FORM : TextBox_TextChanged, dataGridViewTextBoxEditingControl.Text pass REGEX Checking
[ADMIN] [3/24/2017 13:22] [PENJUALAN] CASHIER FORM : CALCULATE SUBTOTAL
[ADMIN] [3/24/2017 13:22] [PENJUALAN] CASHIER FORM : SUBTOTAL [0]
[ADMIN] [3/24/2017 13:22] [PENJUALAN] CASHIER FORM : TextBox_TextChanged, subtotal value [0]
[ADMIN] [3/24/2017 13:22] [PENJUALAN] CASHIER FORM : TextBox_TextChanged, attempt to calculate total value
[ADMIN] [3/24/2017 13:22] [PENJUALAN] CASHIER FORM : calculateTotal
[ADMIN] [3/24/2017 13:22] [PENJUALAN] CASHIER FORM : calculateTotal [165000]
[ADMIN] [3/24/2017 13:22] [PENJUALAN] CASHIER FORM : calculateTotal, totalAfterDisc [165000]
[ADMIN] [3/24/2017 13:22] [PENJUALAN] CASHIER FORM : calculateChangeValue, bayarTextBox.Text [0]
[ADMIN] [3/24/2017 13:22] [PENJUALAN] CASHIER FORM : calculateChangeValue, sisaBayar [0]
[ADMIN] [3/24/2017 13:22] [PENJUALAN] CASHIER FORM : cashierDataGridView_CellValueChanged [discRP]
[ADMIN] [3/24/2017 13:22] [PENJUALAN] CASHIER FORM : TextBox_TextChanged, previousInput []
[ADMIN] [3/24/2017 13:22] [PENJUALAN] CASHIER FORM : TextBox_TextChanged, dataGridViewTextBoxEditingControl.Text pass REGEX Checking
[ADMIN] [3/24/2017 13:22] [PENJUALAN] CASHIER FORM : CALCULATE SUBTOTAL
[ADMIN] [3/24/2017 13:22] [PENJUALAN] CASHIER FORM : SUBTOTAL [0]
[ADMIN] [3/24/2017 13:22] [PENJUALAN] CASHIER FORM : TextBox_TextChanged, subtotal value [0]
[ADMIN] [3/24/2017 13:22] [PENJUALAN] CASHIER FORM : TextBox_TextChanged, attempt to calculate total value
[ADMIN] [3/24/2017 13:22] [PENJUALAN] CASHIER FORM : calculateTotal
[ADMIN] [3/24/2017 13:22] [PENJUALAN] CASHIER FORM : calculateTotal [165000]
[ADMIN] [3/24/2017 13:22] [PENJUALAN] CASHIER FORM : calculateTotal, totalAfterDisc [165000]
[ADMIN] [3/24/2017 13:22] [PENJUALAN] CASHIER FORM : calculateChangeValue, bayarTextBox.Text [0]
[ADMIN] [3/24/2017 13:22] [PENJUALAN] CASHIER FORM : calculateChangeValue, sisaBayar [0]
[ADMIN] [3/24/2017 13:22] [PENJUALAN] CASHIER FORM : cashierDataGridView_CellValueChanged [jumlah]
[ADMIN] [3/24/2017 13:22] [PENJUALAN] CASHIER FORM : cashierDataGridView_CellValueChanged [productName]
[ADMIN] [3/24/2017 13:22] [PENJUALAN] CASHIER FORM : UNREGISTER HOTKEY
[ADMIN] [3/24/2017 13:22] [] [POS SEARCH PRODUCT] D:\Project\Draco\_CODE_\Draco\bin\Debug\PRODUCT_PHOTO\ 
[ADMIN] [3/24/2017 13:22] [] [POS SEARCH PRODUCT] D:\Project\Draco\_CODE_\Draco\bin\Debug\PRODUCT_PHOTO\ 
[ADMIN] [3/24/2017 13:22] [] [POS SEARCH PRODUCT] D:\Project\Draco\_CODE_\Draco\bin\Debug\PRODUCT_PHOTO\3.jpg
[ADMIN] [3/24/2017 13:22] [PENJUALAN] CASHIER FORM : ADD NEW ROW FROM BARCODE [HPL VIOLAM VD 0018 S]
[ADMIN] [3/24/2017 13:22] [PENJUALAN] CASHIER FORM : cashierDataGridView_CellValueChanged [productID]
[ADMIN] [3/24/2017 13:22] [PENJUALAN] CASHIER FORM : cashierDataGridView_CellValueChanged [productName]
[ADMIN] [3/24/2017 13:22] [PENJUALAN] CASHIER FORM : PRODUCT PRICE TYPE [PRODUCT_BASE_PRICE]
[ADMIN] [3/24/2017 13:22] [PENJUALAN] CASHIER FORM : PRODUCT PRICE [155000]
[ADMIN] [3/24/2017 13:22] [PENJUALAN] CASHIER FORM : ComboBox_SelectedIndexChanged, PRODUCT_BASE_PRICE [155000]
[ADMIN] [3/24/2017 13:22] [PENJUALAN] CASHIER FORM : cashierDataGridView_CellValueChanged [hpp]
[ADMIN] [3/24/2017 13:22] [PENJUALAN] CASHIER FORM : PRODUCT PRICE TYPE [PRODUCT_RETAIL_PRICE]
[ADMIN] [3/24/2017 13:22] [PENJUALAN] CASHIER FORM : PRODUCT PRICE [165000]
[ADMIN] [3/24/2017 13:22] [PENJUALAN] CASHIER FORM : ComboBox_SelectedIndexChanged, PRODUCT_SALES_PRICE [165000]
[ADMIN] [3/24/2017 13:22] [PENJUALAN] CASHIER FORM : cashierDataGridView_CellValueChanged [productPrice]
[ADMIN] [3/24/2017 13:22] [PENJUALAN] CASHIER FORM : TextBox_TextChanged, previousInput []
[ADMIN] [3/24/2017 13:22] [PENJUALAN] CASHIER FORM : TextBox_TextChanged, dataGridViewTextBoxEditingControl.Text pass REGEX Checking
[ADMIN] [3/24/2017 13:22] [PENJUALAN] CASHIER FORM : CALCULATE SUBTOTAL
[ADMIN] [3/24/2017 13:22] [PENJUALAN] CASHIER FORM : SUBTOTAL [0]
[ADMIN] [3/24/2017 13:22] [PENJUALAN] CASHIER FORM : TextBox_TextChanged, subtotal value [0]
[ADMIN] [3/24/2017 13:22] [PENJUALAN] CASHIER FORM : TextBox_TextChanged, attempt to calculate total value
[ADMIN] [3/24/2017 13:22] [PENJUALAN] CASHIER FORM : calculateTotal
[ADMIN] [3/24/2017 13:22] [PENJUALAN] CASHIER FORM : calculateTotal [165000]
[ADMIN] [3/24/2017 13:22] [PENJUALAN] CASHIER FORM : calculateTotal, totalAfterDisc [165000]
[ADMIN] [3/24/2017 13:22] [PENJUALAN] CASHIER FORM : calculateChangeValue, bayarTextBox.Text [0]
[ADMIN] [3/24/2017 13:22] [PENJUALAN] CASHIER FORM : calculateChangeValue, sisaBayar [0]
[ADMIN] [3/24/2017 13:22] [PENJUALAN] CASHIER FORM : cashierDataGridView_CellValueChanged [qty]
[ADMIN] [3/24/2017 13:22] [PENJUALAN] CASHIER FORM : TextBox_TextChanged, previousInput []
[ADMIN] [3/24/2017 13:22] [PENJUALAN] CASHIER FORM : TextBox_TextChanged, dataGridViewTextBoxEditingControl.Text pass REGEX Checking
[ADMIN] [3/24/2017 13:22] [] CHECK STOCK QTY IS ENOUGH [3]
[ADMIN] [3/24/2017 13:22] [] CHECK STOCK QTY IS ENOUGH [15, 0]
[ADMIN] [3/24/2017 13:22] [PENJUALAN] CASHIER FORM : CALCULATE SUBTOTAL
[ADMIN] [3/24/2017 13:22] [PENJUALAN] CASHIER FORM : SUBTOTAL [0]
[ADMIN] [3/24/2017 13:22] [PENJUALAN] CASHIER FORM : TextBox_TextChanged, subtotal value [0]
[ADMIN] [3/24/2017 13:22] [PENJUALAN] CASHIER FORM : TextBox_TextChanged, attempt to calculate total value
[ADMIN] [3/24/2017 13:22] [PENJUALAN] CASHIER FORM : calculateTotal
[ADMIN] [3/24/2017 13:22] [PENJUALAN] CASHIER FORM : calculateTotal [165000]
[ADMIN] [3/24/2017 13:22] [PENJUALAN] CASHIER FORM : calculateTotal, totalAfterDisc [165000]
[ADMIN] [3/24/2017 13:22] [PENJUALAN] CASHIER FORM : calculateChangeValue, bayarTextBox.Text [0]
[ADMIN] [3/24/2017 13:22] [PENJUALAN] CASHIER FORM : calculateChangeValue, sisaBayar [0]
[ADMIN] [3/24/2017 13:22] [PENJUALAN] CASHIER FORM : cashierDataGridView_CellValueChanged [jumlah]
[ADMIN] [3/24/2017 13:22] [PENJUALAN] CASHIER FORM : ComboBox_SelectedIndexChanged, attempt to calculate total
[ADMIN] [3/24/2017 13:22] [PENJUALAN] CASHIER FORM : calculateTotal
[ADMIN] [3/24/2017 13:22] [PENJUALAN] CASHIER FORM : calculateTotal [165000]
[ADMIN] [3/24/2017 13:22] [PENJUALAN] CASHIER FORM : calculateTotal, totalAfterDisc [165000]
[ADMIN] [3/24/2017 13:22] [PENJUALAN] CASHIER FORM : calculateChangeValue, bayarTextBox.Text [0]
[ADMIN] [3/24/2017 13:22] [PENJUALAN] CASHIER FORM : calculateChangeValue, sisaBayar [0]
[ADMIN] [3/24/2017 13:22] [] CHECK STOCK QTY IS ENOUGH [3]
[ADMIN] [3/24/2017 13:22] [] CHECK STOCK QTY IS ENOUGH [15, 1]
[ADMIN] [3/24/2017 13:22] [PENJUALAN] CASHIER FORM : cashierDataGridView_CellValueChanged [qty]
[ADMIN] [3/24/2017 13:22] [PENJUALAN] CASHIER FORM : TextBox_TextChanged, previousInput []
[ADMIN] [3/24/2017 13:22] [PENJUALAN] CASHIER FORM : TextBox_TextChanged, dataGridViewTextBoxEditingControl.Text pass REGEX Checking
[ADMIN] [3/24/2017 13:22] [] CHECK STOCK QTY IS ENOUGH [3]
[ADMIN] [3/24/2017 13:22] [] CHECK STOCK QTY IS ENOUGH [15, 1]
[ADMIN] [3/24/2017 13:22] [PENJUALAN] CASHIER FORM : CALCULATE SUBTOTAL
[ADMIN] [3/24/2017 13:22] [PENJUALAN] CASHIER FORM : SUBTOTAL [165000]
[ADMIN] [3/24/2017 13:22] [PENJUALAN] CASHIER FORM : TextBox_TextChanged, subtotal value [165000]
[ADMIN] [3/24/2017 13:22] [PENJUALAN] CASHIER FORM : TextBox_TextChanged, attempt to calculate total value
[ADMIN] [3/24/2017 13:22] [PENJUALAN] CASHIER FORM : calculateTotal
[ADMIN] [3/24/2017 13:22] [PENJUALAN] CASHIER FORM : calculateTotal [330000]
[ADMIN] [3/24/2017 13:22] [PENJUALAN] CASHIER FORM : calculateTotal, totalAfterDisc [330000]
[ADMIN] [3/24/2017 13:22] [PENJUALAN] CASHIER FORM : calculateChangeValue, bayarTextBox.Text [0]
[ADMIN] [3/24/2017 13:22] [PENJUALAN] CASHIER FORM : calculateChangeValue, sisaBayar [0]
[ADMIN] [3/24/2017 13:22] [PENJUALAN] CASHIER FORM : SET QTY TO 1 BECAUSE OF NEW ROW
[ADMIN] [3/24/2017 13:22] [PENJUALAN] CASHIER FORM : CALCULATE SUBTOTAL
[ADMIN] [3/24/2017 13:22] [PENJUALAN] CASHIER FORM : SUBTOTAL [165000]
[ADMIN] [3/24/2017 13:22] [PENJUALAN] CASHIER FORM : calculateTotal
[ADMIN] [3/24/2017 13:22] [PENJUALAN] CASHIER FORM : calculateTotal [330000]
[ADMIN] [3/24/2017 13:22] [PENJUALAN] CASHIER FORM : calculateTotal, totalAfterDisc [330000]
[ADMIN] [3/24/2017 13:22] [PENJUALAN] CASHIER FORM : calculateChangeValue, bayarTextBox.Text [0]
[ADMIN] [3/24/2017 13:22] [PENJUALAN] CASHIER FORM : calculateChangeValue, sisaBayar [0]
[ADMIN] [3/24/2017 13:22] [PENJUALAN] CASHIER FORM : REGISTER HOTKEY
[ADMIN] [3/24/2017 13:22] [PENJUALAN] CASHIER FORM : UNREGISTER HOTKEY
[ADMIN] [3/24/2017 13:22] [PENJUALAN] CASHIER FORM : UNREGISTER HOTKEY
[ADMIN] [3/24/2017 13:22] [] USER ID = 1LOGOUT
