[] [9/6/2017 15:44] [] USER = ADMIN IS ACTIVE
[ADMIN] [9/6/2017 15:44] [] USER ID = 1 LOGIN SUCCESSFULLY
[ADMIN] [9/6/2017 15:44] [] ACTIVATE USER ACCESS RIGHT
[ADMIN] [9/6/2017 15:44] [] DISPLAY ADMIN FORM
[ADMIN] [9/6/2017 15:44] [] adminForm Load
[ADMIN] [9/6/2017 15:44] [RETUR PENJUALAN] RETUR PENJUALAN : detailReturDataGridView_CellValueChanged [qty]
[ADMIN] [9/6/2017 15:44] [RETUR PENJUALAN] RETUR PENJUALAN : detailReturDataGridView_CellValueChanged [subtotal]
[ADMIN] [9/6/2017 15:45] [RETUR PENJUALAN] RETUR PENJUALAN : detailReturDataGridView_CellValueChanged [productName]
[ADMIN] [9/6/2017 15:45] [] [POS SEARCH PRODUCT] D:\Project\Draco\_CODE_\Draco\bin\Debug\PRODUCT_PHOTO\ 
[ADMIN] [9/6/2017 15:45] [RETUR PENJUALAN] RETUR PENJUALAN : detailReturDataGridView_CellValueChanged [productID]
[ADMIN] [9/6/2017 15:45] [RETUR PENJUALAN] RETUR PENJUALAN : detailReturDataGridView_CellValueChanged [productName]
[ADMIN] [9/6/2017 15:45] [RETUR PENJUALAN] updateSomeRowsContent, PRODUCT_BASE_PRICE [0]
[ADMIN] [9/6/2017 15:45] [RETUR PENJUALAN] RETUR PENJUALAN : detailReturDataGridView_CellValueChanged [productPrice]
[ADMIN] [9/6/2017 15:45] [RETUR PENJUALAN] RETUR PENJUALAN : detailReturDataGridView_CellValueChanged [qty]
[ADMIN] [9/6/2017 15:45] [RETUR PENJUALAN] RETUR PENJUALAN : detailReturDataGridView_CellValueChanged [subtotal]
[ADMIN] [9/6/2017 15:45] [RETUR PENJUALAN] updateSomeRowsContent, attempt to calculate total
[ADMIN] [9/6/2017 15:45] [RETUR PENJUALAN] RETUR PENJUALAN : detailReturDataGridView_CellValueChanged [SOqty]
[ADMIN] [9/6/2017 15:45] [RETUR PENJUALAN] RETUR PENJUALAN : detailReturDataGridView_CellValueChanged [disc1]
[ADMIN] [9/6/2017 15:45] [RETUR PENJUALAN] RETUR PENJUALAN : detailReturDataGridView_CellValueChanged [disc2]
[ADMIN] [9/6/2017 15:45] [RETUR PENJUALAN] RETUR PENJUALAN : detailReturDataGridView_CellValueChanged [discRP]
[ADMIN] [9/6/2017 15:45] [RETUR PENJUALAN] RETUR PENJUALAN : detailReturDataGridView_CellValueChanged [subtotal]
[ADMIN] [9/6/2017 15:45] [RETUR PENJUALAN] RETUR PENJUALAN : detailReturDataGridView_CellValueChanged [productID]
[ADMIN] [9/6/2017 15:45] [RETUR PENJUALAN] RETUR PENJUALAN : detailReturDataGridView_CellValueChanged [productName]
[ADMIN] [9/6/2017 15:45] [RETUR PENJUALAN] updateSomeRowsContent, PRODUCT_BASE_PRICE [165000]
[ADMIN] [9/6/2017 15:45] [RETUR PENJUALAN] RETUR PENJUALAN : detailReturDataGridView_CellValueChanged [productPrice]
[ADMIN] [9/6/2017 15:45] [RETUR PENJUALAN] RETUR PENJUALAN : detailReturDataGridView_CellValueChanged [subtotal]
[ADMIN] [9/6/2017 15:45] [RETUR PENJUALAN] updateSomeRowsContent, attempt to calculate total
[ADMIN] [9/6/2017 15:45] [RETUR PENJUALAN] RETUR PENJUALAN : detailReturDataGridView_CellValueChanged [subtotal]
[ADMIN] [9/6/2017 15:45] [RETUR PENJUALAN] RETUR PENJUALAN : detailReturDataGridView_CellValueChanged [qty]
[ADMIN] [9/6/2017 15:45] [PENJUALAN] CASHIER FORM : MULTIPLE CASHIER INSTANCE [1]
[ADMIN] [9/6/2017 15:45] [PENJUALAN] CASHIER FORM : REGISTER HOTKEY
[ADMIN] [9/6/2017 15:45] [PENJUALAN] CASHIER FORM : cashierForm_Load, ATTEMPT TO LOAD NO FAKTUR
[ADMIN] [9/6/2017 15:45] [PENJUALAN] CASHIER FORM : loadNoFaktur, noFakturValue [SLO001]
[ADMIN] [9/6/2017 15:45] [PENJUALAN] CASHIER FORM : cashierForm_Load, ATTEMPT TO addColumnToDataGrid
[ADMIN] [9/6/2017 15:45] [PENJUALAN] CASHIER FORM : calculateTotal
[ADMIN] [9/6/2017 15:45] [PENJUALAN] CASHIER FORM : calculateTotal [0]
[ADMIN] [9/6/2017 15:45] [PENJUALAN] CASHIER FORM : calculateTotal, totalAfterDisc [0]
[ADMIN] [9/6/2017 15:45] [PENJUALAN] CASHIER FORM : calculateChangeValue, bayarTextBox.Text [0]
[ADMIN] [9/6/2017 15:45] [PENJUALAN] CASHIER FORM : calculateChangeValue, sisaBayar [0]
[ADMIN] [9/6/2017 15:45] [PENJUALAN] CASHIER FORM : REGISTER HOTKEY
[ADMIN] [9/6/2017 15:45] [PENJUALAN] CASHIER FORM : HOTKEY TO ADD NEW ROW PRESSED
[ADMIN] [9/6/2017 15:45] [PENJUALAN] CASHIER FORM : ADD NEW ROW,  isActive [True]
[ADMIN] [9/6/2017 15:45] [PENJUALAN] CASHIER FORM : ADD NEW ROW,  ROW COUNT [0]
[ADMIN] [9/6/2017 15:45] [PENJUALAN] CASHIER FORM : ADD NEW ROW,  ALLOW TO ADD [True]
[ADMIN] [9/6/2017 15:45] [PENJUALAN] CASHIER FORM : cashierDataGridView_CellValueChanged [F8]
[ADMIN] [9/6/2017 15:45] [PENJUALAN] CASHIER FORM : cashierDataGridView_CellValueChanged [hpp]
[ADMIN] [9/6/2017 15:45] [PENJUALAN] CASHIER FORM : cashierDataGridView_CellValueChanged [productPrice]
[ADMIN] [9/6/2017 15:45] [PENJUALAN] CASHIER FORM : TextBox_TextChanged, previousInput []
[ADMIN] [9/6/2017 15:45] [PENJUALAN] CASHIER FORM : TextBox_TextChanged, dataGridViewTextBoxEditingControl.Text pass REGEX Checking
[ADMIN] [9/6/2017 15:45] [PENJUALAN] CASHIER FORM : CALCULATE SUBTOTAL
[ADMIN] [9/6/2017 15:45] [PENJUALAN] CASHIER FORM : SUBTOTAL [0]
[ADMIN] [9/6/2017 15:45] [PENJUALAN] CASHIER FORM : TextBox_TextChanged, subtotal value [0]
[ADMIN] [9/6/2017 15:45] [PENJUALAN] CASHIER FORM : TextBox_TextChanged, attempt to calculate total value
[ADMIN] [9/6/2017 15:45] [PENJUALAN] CASHIER FORM : calculateTotal
[ADMIN] [9/6/2017 15:45] [PENJUALAN] CASHIER FORM : calculateTotal [0]
[ADMIN] [9/6/2017 15:45] [PENJUALAN] CASHIER FORM : calculateTotal, totalAfterDisc [0]
[ADMIN] [9/6/2017 15:45] [PENJUALAN] CASHIER FORM : calculateChangeValue, bayarTextBox.Text [0]
[ADMIN] [9/6/2017 15:45] [PENJUALAN] CASHIER FORM : calculateChangeValue, sisaBayar [0]
[ADMIN] [9/6/2017 15:45] [PENJUALAN] CASHIER FORM : cashierDataGridView_CellValueChanged [disc1]
[ADMIN] [9/6/2017 15:45] [PENJUALAN] CASHIER FORM : TextBox_TextChanged, previousInput []
[ADMIN] [9/6/2017 15:45] [PENJUALAN] CASHIER FORM : TextBox_TextChanged, dataGridViewTextBoxEditingControl.Text pass REGEX Checking
[ADMIN] [9/6/2017 15:45] [PENJUALAN] CASHIER FORM : CALCULATE SUBTOTAL
[ADMIN] [9/6/2017 15:45] [PENJUALAN] CASHIER FORM : SUBTOTAL [0]
[ADMIN] [9/6/2017 15:45] [PENJUALAN] CASHIER FORM : TextBox_TextChanged, subtotal value [0]
[ADMIN] [9/6/2017 15:45] [PENJUALAN] CASHIER FORM : TextBox_TextChanged, attempt to calculate total value
[ADMIN] [9/6/2017 15:45] [PENJUALAN] CASHIER FORM : calculateTotal
[ADMIN] [9/6/2017 15:45] [PENJUALAN] CASHIER FORM : calculateTotal [0]
[ADMIN] [9/6/2017 15:45] [PENJUALAN] CASHIER FORM : calculateTotal, totalAfterDisc [0]
[ADMIN] [9/6/2017 15:45] [PENJUALAN] CASHIER FORM : calculateChangeValue, bayarTextBox.Text [0]
[ADMIN] [9/6/2017 15:45] [PENJUALAN] CASHIER FORM : calculateChangeValue, sisaBayar [0]
[ADMIN] [9/6/2017 15:45] [PENJUALAN] CASHIER FORM : cashierDataGridView_CellValueChanged [qty]
[ADMIN] [9/6/2017 15:45] [PENJUALAN] CASHIER FORM : TextBox_TextChanged, previousInput []
[ADMIN] [9/6/2017 15:45] [PENJUALAN] CASHIER FORM : TextBox_TextChanged, dataGridViewTextBoxEditingControl.Text pass REGEX Checking
[ADMIN] [9/6/2017 15:45] [] CHECK STOCK QTY IS ENOUGH []
[ADMIN] [9/6/2017 15:45] [PENJUALAN] CASHIER FORM : CALCULATE SUBTOTAL
[ADMIN] [9/6/2017 15:45] [PENJUALAN] CASHIER FORM : SUBTOTAL [0]
[ADMIN] [9/6/2017 15:45] [PENJUALAN] CASHIER FORM : TextBox_TextChanged, subtotal value [0]
[ADMIN] [9/6/2017 15:45] [PENJUALAN] CASHIER FORM : TextBox_TextChanged, attempt to calculate total value
[ADMIN] [9/6/2017 15:45] [PENJUALAN] CASHIER FORM : calculateTotal
[ADMIN] [9/6/2017 15:45] [PENJUALAN] CASHIER FORM : calculateTotal [0]
[ADMIN] [9/6/2017 15:45] [PENJUALAN] CASHIER FORM : calculateTotal, totalAfterDisc [0]
[ADMIN] [9/6/2017 15:45] [PENJUALAN] CASHIER FORM : calculateChangeValue, bayarTextBox.Text [0]
[ADMIN] [9/6/2017 15:45] [PENJUALAN] CASHIER FORM : calculateChangeValue, sisaBayar [0]
[ADMIN] [9/6/2017 15:45] [PENJUALAN] CASHIER FORM : cashierDataGridView_CellValueChanged [disc2]
[ADMIN] [9/6/2017 15:45] [PENJUALAN] CASHIER FORM : TextBox_TextChanged, previousInput []
[ADMIN] [9/6/2017 15:45] [PENJUALAN] CASHIER FORM : TextBox_TextChanged, dataGridViewTextBoxEditingControl.Text pass REGEX Checking
[ADMIN] [9/6/2017 15:45] [PENJUALAN] CASHIER FORM : CALCULATE SUBTOTAL
[ADMIN] [9/6/2017 15:45] [PENJUALAN] CASHIER FORM : SUBTOTAL [0]
[ADMIN] [9/6/2017 15:45] [PENJUALAN] CASHIER FORM : TextBox_TextChanged, subtotal value [0]
[ADMIN] [9/6/2017 15:45] [PENJUALAN] CASHIER FORM : TextBox_TextChanged, attempt to calculate total value
[ADMIN] [9/6/2017 15:45] [PENJUALAN] CASHIER FORM : calculateTotal
[ADMIN] [9/6/2017 15:45] [PENJUALAN] CASHIER FORM : calculateTotal [0]
[ADMIN] [9/6/2017 15:45] [PENJUALAN] CASHIER FORM : calculateTotal, totalAfterDisc [0]
[ADMIN] [9/6/2017 15:45] [PENJUALAN] CASHIER FORM : calculateChangeValue, bayarTextBox.Text [0]
[ADMIN] [9/6/2017 15:45] [PENJUALAN] CASHIER FORM : calculateChangeValue, sisaBayar [0]
[ADMIN] [9/6/2017 15:45] [PENJUALAN] CASHIER FORM : cashierDataGridView_CellValueChanged [discRP]
[ADMIN] [9/6/2017 15:45] [PENJUALAN] CASHIER FORM : TextBox_TextChanged, previousInput []
[ADMIN] [9/6/2017 15:45] [PENJUALAN] CASHIER FORM : TextBox_TextChanged, dataGridViewTextBoxEditingControl.Text pass REGEX Checking
[ADMIN] [9/6/2017 15:45] [PENJUALAN] CASHIER FORM : CALCULATE SUBTOTAL
[ADMIN] [9/6/2017 15:45] [PENJUALAN] CASHIER FORM : SUBTOTAL [0]
[ADMIN] [9/6/2017 15:45] [PENJUALAN] CASHIER FORM : TextBox_TextChanged, subtotal value [0]
[ADMIN] [9/6/2017 15:45] [PENJUALAN] CASHIER FORM : TextBox_TextChanged, attempt to calculate total value
[ADMIN] [9/6/2017 15:45] [PENJUALAN] CASHIER FORM : calculateTotal
[ADMIN] [9/6/2017 15:45] [PENJUALAN] CASHIER FORM : calculateTotal [0]
[ADMIN] [9/6/2017 15:45] [PENJUALAN] CASHIER FORM : calculateTotal, totalAfterDisc [0]
[ADMIN] [9/6/2017 15:45] [PENJUALAN] CASHIER FORM : calculateChangeValue, bayarTextBox.Text [0]
[ADMIN] [9/6/2017 15:45] [PENJUALAN] CASHIER FORM : calculateChangeValue, sisaBayar [0]
[ADMIN] [9/6/2017 15:45] [PENJUALAN] CASHIER FORM : cashierDataGridView_CellValueChanged [jumlah]
[ADMIN] [9/6/2017 15:45] [PENJUALAN] CASHIER FORM : cashierDataGridView_CellValueChanged [productName]
[ADMIN] [9/6/2017 15:45] [PENJUALAN] CASHIER FORM : UNREGISTER HOTKEY
[ADMIN] [9/6/2017 15:45] [PENJUALAN] CASHIER FORM : ADD NEW ROW FROM BARCODE [HPL VIOLAM VS 0101 S]
[ADMIN] [9/6/2017 15:45] [PENJUALAN] CASHIER FORM : cashierDataGridView_CellValueChanged [productID]
[ADMIN] [9/6/2017 15:45] [PENJUALAN] CASHIER FORM : cashierDataGridView_CellValueChanged [productName]
[ADMIN] [9/6/2017 15:45] [PENJUALAN] CASHIER FORM : PRODUCT PRICE TYPE [PRODUCT_BASE_PRICE]
[ADMIN] [9/6/2017 15:45] [PENJUALAN] CASHIER FORM : PRODUCT PRICE [155000]
[ADMIN] [9/6/2017 15:45] [PENJUALAN] CASHIER FORM : ComboBox_SelectedIndexChanged, PRODUCT_BASE_PRICE [155000]
[ADMIN] [9/6/2017 15:45] [PENJUALAN] CASHIER FORM : cashierDataGridView_CellValueChanged [hpp]
[ADMIN] [9/6/2017 15:45] [PENJUALAN] CASHIER FORM : PRODUCT PRICE TYPE [PRODUCT_RETAIL_PRICE]
[ADMIN] [9/6/2017 15:45] [PENJUALAN] CASHIER FORM : PRODUCT PRICE [165000]
[ADMIN] [9/6/2017 15:45] [PENJUALAN] CASHIER FORM : ComboBox_SelectedIndexChanged, PRODUCT_SALES_PRICE [165000]
[ADMIN] [9/6/2017 15:45] [PENJUALAN] CASHIER FORM : cashierDataGridView_CellValueChanged [productPrice]
[ADMIN] [9/6/2017 15:45] [PENJUALAN] CASHIER FORM : TextBox_TextChanged, previousInput []
[ADMIN] [9/6/2017 15:45] [PENJUALAN] CASHIER FORM : TextBox_TextChanged, dataGridViewTextBoxEditingControl.Text pass REGEX Checking
[ADMIN] [9/6/2017 15:45] [PENJUALAN] CASHIER FORM : CALCULATE SUBTOTAL
[ADMIN] [9/6/2017 15:45] [PENJUALAN] CASHIER FORM : SUBTOTAL [0]
[ADMIN] [9/6/2017 15:45] [PENJUALAN] CASHIER FORM : TextBox_TextChanged, subtotal value [0]
[ADMIN] [9/6/2017 15:45] [PENJUALAN] CASHIER FORM : TextBox_TextChanged, attempt to calculate total value
[ADMIN] [9/6/2017 15:45] [PENJUALAN] CASHIER FORM : calculateTotal
[ADMIN] [9/6/2017 15:45] [PENJUALAN] CASHIER FORM : calculateTotal [0]
[ADMIN] [9/6/2017 15:45] [PENJUALAN] CASHIER FORM : calculateTotal, totalAfterDisc [0]
[ADMIN] [9/6/2017 15:45] [PENJUALAN] CASHIER FORM : calculateChangeValue, bayarTextBox.Text [0]
[ADMIN] [9/6/2017 15:45] [PENJUALAN] CASHIER FORM : calculateChangeValue, sisaBayar [0]
[ADMIN] [9/6/2017 15:45] [PENJUALAN] CASHIER FORM : cashierDataGridView_CellValueChanged [qty]
[ADMIN] [9/6/2017 15:45] [PENJUALAN] CASHIER FORM : TextBox_TextChanged, previousInput []
[ADMIN] [9/6/2017 15:45] [PENJUALAN] CASHIER FORM : TextBox_TextChanged, dataGridViewTextBoxEditingControl.Text pass REGEX Checking
[ADMIN] [9/6/2017 15:45] [] CHECK STOCK QTY IS ENOUGH [1]
[ADMIN] [9/6/2017 15:45] [] CHECK STOCK QTY IS ENOUGH [296, 0]
[ADMIN] [9/6/2017 15:45] [PENJUALAN] CASHIER FORM : CALCULATE SUBTOTAL
[ADMIN] [9/6/2017 15:45] [PENJUALAN] CASHIER FORM : SUBTOTAL [0]
[ADMIN] [9/6/2017 15:45] [PENJUALAN] CASHIER FORM : TextBox_TextChanged, subtotal value [0]
[ADMIN] [9/6/2017 15:45] [PENJUALAN] CASHIER FORM : TextBox_TextChanged, attempt to calculate total value
[ADMIN] [9/6/2017 15:45] [PENJUALAN] CASHIER FORM : calculateTotal
[ADMIN] [9/6/2017 15:45] [PENJUALAN] CASHIER FORM : calculateTotal [0]
[ADMIN] [9/6/2017 15:45] [PENJUALAN] CASHIER FORM : calculateTotal, totalAfterDisc [0]
[ADMIN] [9/6/2017 15:45] [PENJUALAN] CASHIER FORM : calculateChangeValue, bayarTextBox.Text [0]
[ADMIN] [9/6/2017 15:45] [PENJUALAN] CASHIER FORM : calculateChangeValue, sisaBayar [0]
[ADMIN] [9/6/2017 15:45] [PENJUALAN] CASHIER FORM : cashierDataGridView_CellValueChanged [jumlah]
[ADMIN] [9/6/2017 15:45] [PENJUALAN] CASHIER FORM : ComboBox_SelectedIndexChanged, attempt to calculate total
[ADMIN] [9/6/2017 15:45] [PENJUALAN] CASHIER FORM : calculateTotal
[ADMIN] [9/6/2017 15:45] [PENJUALAN] CASHIER FORM : calculateTotal [0]
[ADMIN] [9/6/2017 15:45] [PENJUALAN] CASHIER FORM : calculateTotal, totalAfterDisc [0]
[ADMIN] [9/6/2017 15:45] [PENJUALAN] CASHIER FORM : calculateChangeValue, bayarTextBox.Text [0]
[ADMIN] [9/6/2017 15:45] [PENJUALAN] CASHIER FORM : calculateChangeValue, sisaBayar [0]
[ADMIN] [9/6/2017 15:45] [] CHECK STOCK QTY IS ENOUGH [1]
[ADMIN] [9/6/2017 15:45] [] CHECK STOCK QTY IS ENOUGH [296, 1]
[ADMIN] [9/6/2017 15:45] [PENJUALAN] CASHIER FORM : cashierDataGridView_CellValueChanged [qty]
[ADMIN] [9/6/2017 15:45] [PENJUALAN] CASHIER FORM : TextBox_TextChanged, previousInput []
[ADMIN] [9/6/2017 15:45] [PENJUALAN] CASHIER FORM : TextBox_TextChanged, dataGridViewTextBoxEditingControl.Text pass REGEX Checking
[ADMIN] [9/6/2017 15:45] [] CHECK STOCK QTY IS ENOUGH [1]
[ADMIN] [9/6/2017 15:45] [] CHECK STOCK QTY IS ENOUGH [296, 1]
[ADMIN] [9/6/2017 15:45] [PENJUALAN] CASHIER FORM : CALCULATE SUBTOTAL
[ADMIN] [9/6/2017 15:45] [PENJUALAN] CASHIER FORM : SUBTOTAL [165000]
[ADMIN] [9/6/2017 15:45] [PENJUALAN] CASHIER FORM : TextBox_TextChanged, subtotal value [165000]
[ADMIN] [9/6/2017 15:45] [PENJUALAN] CASHIER FORM : TextBox_TextChanged, attempt to calculate total value
[ADMIN] [9/6/2017 15:45] [PENJUALAN] CASHIER FORM : calculateTotal
[ADMIN] [9/6/2017 15:45] [PENJUALAN] CASHIER FORM : calculateTotal [165000]
[ADMIN] [9/6/2017 15:45] [PENJUALAN] CASHIER FORM : calculateTotal, totalAfterDisc [165000]
[ADMIN] [9/6/2017 15:45] [PENJUALAN] CASHIER FORM : calculateChangeValue, bayarTextBox.Text [0]
[ADMIN] [9/6/2017 15:45] [PENJUALAN] CASHIER FORM : calculateChangeValue, sisaBayar [0]
[ADMIN] [9/6/2017 15:45] [PENJUALAN] CASHIER FORM : SET QTY TO 1 BECAUSE OF NEW ROW
[ADMIN] [9/6/2017 15:45] [PENJUALAN] CASHIER FORM : CALCULATE SUBTOTAL
[ADMIN] [9/6/2017 15:45] [PENJUALAN] CASHIER FORM : SUBTOTAL [165000]
[ADMIN] [9/6/2017 15:45] [PENJUALAN] CASHIER FORM : calculateTotal
[ADMIN] [9/6/2017 15:45] [PENJUALAN] CASHIER FORM : calculateTotal [165000]
[ADMIN] [9/6/2017 15:45] [PENJUALAN] CASHIER FORM : calculateTotal, totalAfterDisc [165000]
[ADMIN] [9/6/2017 15:45] [PENJUALAN] CASHIER FORM : calculateChangeValue, bayarTextBox.Text [0]
[ADMIN] [9/6/2017 15:45] [PENJUALAN] CASHIER FORM : calculateChangeValue, sisaBayar [0]
[ADMIN] [9/6/2017 15:45] [PENJUALAN] CASHIER FORM : REGISTER HOTKEY
[ADMIN] [9/6/2017 15:45] [PENJUALAN] CASHIER FORM : cashierDataGridView_CellValueChanged [qty]
[ADMIN] [9/6/2017 15:45] [PENJUALAN] CASHIER FORM : TextBox_TextChanged, previousInput []
[ADMIN] [9/6/2017 15:45] [PENJUALAN] CASHIER FORM : TextBox_TextChanged, dataGridViewTextBoxEditingControl.Text pass REGEX Checking
[ADMIN] [9/6/2017 15:45] [] CHECK STOCK QTY IS ENOUGH [1]
[ADMIN] [9/6/2017 15:45] [] CHECK STOCK QTY IS ENOUGH [296, 1]
[ADMIN] [9/6/2017 15:45] [PENJUALAN] CASHIER FORM : CALCULATE SUBTOTAL
[ADMIN] [9/6/2017 15:45] [PENJUALAN] CASHIER FORM : SUBTOTAL [165000]
[ADMIN] [9/6/2017 15:45] [PENJUALAN] CASHIER FORM : TextBox_TextChanged, subtotal value [165000]
[ADMIN] [9/6/2017 15:45] [PENJUALAN] CASHIER FORM : TextBox_TextChanged, attempt to calculate total value
[ADMIN] [9/6/2017 15:45] [PENJUALAN] CASHIER FORM : calculateTotal
[ADMIN] [9/6/2017 15:45] [PENJUALAN] CASHIER FORM : calculateTotal [165000]
[ADMIN] [9/6/2017 15:45] [PENJUALAN] CASHIER FORM : calculateTotal, totalAfterDisc [165000]
[ADMIN] [9/6/2017 15:45] [PENJUALAN] CASHIER FORM : calculateChangeValue, bayarTextBox.Text [0]
[ADMIN] [9/6/2017 15:45] [PENJUALAN] CASHIER FORM : calculateChangeValue, sisaBayar [0]
[ADMIN] [9/6/2017 15:45] [PENJUALAN] CASHIER FORM : cashierDataGridView_CellValueChanged [qty]
[ADMIN] [9/6/2017 15:45] [PENJUALAN] CASHIER FORM : TextBox_TextChanged, previousInput []
[ADMIN] [9/6/2017 15:45] [PENJUALAN] CASHIER FORM : TextBox_TextChanged, dataGridViewTextBoxEditingControl.Text pass REGEX Checking
[ADMIN] [9/6/2017 15:45] [] CHECK STOCK QTY IS ENOUGH [1]
[ADMIN] [9/6/2017 15:45] [] CHECK STOCK QTY IS ENOUGH [296, 10]
[ADMIN] [9/6/2017 15:45] [PENJUALAN] CASHIER FORM : CALCULATE SUBTOTAL
[ADMIN] [9/6/2017 15:45] [PENJUALAN] CASHIER FORM : SUBTOTAL [1650000]
[ADMIN] [9/6/2017 15:45] [PENJUALAN] CASHIER FORM : TextBox_TextChanged, subtotal value [1650000]
[ADMIN] [9/6/2017 15:45] [PENJUALAN] CASHIER FORM : TextBox_TextChanged, attempt to calculate total value
[ADMIN] [9/6/2017 15:45] [PENJUALAN] CASHIER FORM : calculateTotal
[ADMIN] [9/6/2017 15:45] [PENJUALAN] CASHIER FORM : calculateTotal [1650000]
[ADMIN] [9/6/2017 15:45] [PENJUALAN] CASHIER FORM : calculateTotal, totalAfterDisc [1650000]
[ADMIN] [9/6/2017 15:45] [PENJUALAN] CASHIER FORM : calculateChangeValue, bayarTextBox.Text [0]
[ADMIN] [9/6/2017 15:45] [PENJUALAN] CASHIER FORM : calculateChangeValue, sisaBayar [0]
[ADMIN] [9/6/2017 15:45] [PENJUALAN] CASHIER FORM : cashierDataGridView_CellValueChanged [qty]
[ADMIN] [9/6/2017 15:45] [PENJUALAN] CASHIER FORM : TextBox_TextChanged, previousInput []
[ADMIN] [9/6/2017 15:45] [PENJUALAN] CASHIER FORM : TextBox_TextChanged, dataGridViewTextBoxEditingControl.Text pass REGEX Checking
[ADMIN] [9/6/2017 15:45] [] CHECK STOCK QTY IS ENOUGH [1]
[ADMIN] [9/6/2017 15:45] [] CHECK STOCK QTY IS ENOUGH [296, 100]
[ADMIN] [9/6/2017 15:45] [PENJUALAN] CASHIER FORM : CALCULATE SUBTOTAL
[ADMIN] [9/6/2017 15:45] [PENJUALAN] CASHIER FORM : SUBTOTAL [16500000]
[ADMIN] [9/6/2017 15:45] [PENJUALAN] CASHIER FORM : TextBox_TextChanged, subtotal value [16500000]
[ADMIN] [9/6/2017 15:45] [PENJUALAN] CASHIER FORM : TextBox_TextChanged, attempt to calculate total value
[ADMIN] [9/6/2017 15:45] [PENJUALAN] CASHIER FORM : calculateTotal
[ADMIN] [9/6/2017 15:45] [PENJUALAN] CASHIER FORM : calculateTotal [16500000]
[ADMIN] [9/6/2017 15:45] [PENJUALAN] CASHIER FORM : calculateTotal, totalAfterDisc [16500000]
[ADMIN] [9/6/2017 15:45] [PENJUALAN] CASHIER FORM : calculateChangeValue, bayarTextBox.Text [0]
[ADMIN] [9/6/2017 15:45] [PENJUALAN] CASHIER FORM : calculateChangeValue, sisaBayar [0]
[ADMIN] [9/6/2017 15:45] [PENJUALAN] CASHIER FORM : calculateChangeValue, bayarTextBox.Text [2]
[ADMIN] [9/6/2017 15:45] [PENJUALAN] CASHIER FORM : calculateChangeValue, sisaBayar [0]
[ADMIN] [9/6/2017 15:45] [PENJUALAN] CASHIER FORM : calculateChangeValue, bayarTextBox.Text [22]
[ADMIN] [9/6/2017 15:45] [PENJUALAN] CASHIER FORM : calculateChangeValue, sisaBayar [0]
[ADMIN] [9/6/2017 15:45] [PENJUALAN] CASHIER FORM : calculateChangeValue, bayarTextBox.Text [222]
[ADMIN] [9/6/2017 15:45] [PENJUALAN] CASHIER FORM : calculateChangeValue, sisaBayar [0]
[ADMIN] [9/6/2017 15:45] [PENJUALAN] CASHIER FORM : calculateChangeValue, bayarTextBox.Text [2222]
[ADMIN] [9/6/2017 15:45] [PENJUALAN] CASHIER FORM : calculateChangeValue, sisaBayar [0]
[ADMIN] [9/6/2017 15:45] [PENJUALAN] CASHIER FORM : calculateChangeValue, bayarTextBox.Text [22222]
[ADMIN] [9/6/2017 15:45] [PENJUALAN] CASHIER FORM : calculateChangeValue, sisaBayar [0]
[ADMIN] [9/6/2017 15:45] [PENJUALAN] CASHIER FORM : calculateChangeValue, bayarTextBox.Text [222222]
[ADMIN] [9/6/2017 15:45] [PENJUALAN] CASHIER FORM : calculateChangeValue, sisaBayar [0]
[ADMIN] [9/6/2017 15:45] [PENJUALAN] CASHIER FORM : calculateChangeValue, bayarTextBox.Text [2222222]
[ADMIN] [9/6/2017 15:45] [PENJUALAN] CASHIER FORM : calculateChangeValue, sisaBayar [0]
[ADMIN] [9/6/2017 15:45] [PENJUALAN] CASHIER FORM : calculateChangeValue, bayarTextBox.Text [22222222]
[ADMIN] [9/6/2017 15:45] [PENJUALAN] CASHIER FORM : calculateChangeValue, sisaBayar [5722222]
[ADMIN] [9/6/2017 15:45] [PENJUALAN] CASHIER FORM : HOTKEY TO SAVE AND PRINT OUT INVOICE PRESSED
[ADMIN] [9/6/2017 15:45] [PENJUALAN] CASHIER FORM : UNREGISTER HOTKEY
[ADMIN] [9/6/2017 15:45] [PENJUALAN] CASHIER FORM : REGISTER HOTKEY
[ADMIN] [9/6/2017 15:45] [PENJUALAN] ATTEMPT TO SAVE AND PRINT OUT INVOICE
[ADMIN] [9/6/2017 15:45] [] CHECK STOCK QTY IS ENOUGH [1]
[ADMIN] [9/6/2017 15:45] [] CHECK STOCK QTY IS ENOUGH [296, 100]
[ADMIN] [9/6/2017 15:45] [PENJUALAN] CASHIER FORM : UNREGISTER HOTKEY
[ADMIN] [9/6/2017 15:45] [PENJUALAN] CASHIER FORM : REGISTER HOTKEY
[ADMIN] [9/6/2017 15:45] [PENJUALAN] CASHIER FORM : UNREGISTER HOTKEY
[ADMIN] [9/6/2017 15:45] [PENJUALAN] CASHIER FORM : ATTEMPT TO SAVE SALES DATA [06-09-2017 15:45]
[ADMIN] [9/6/2017 15:45] [PENJUALAN] CASHIER FORM : SALES DISC FINAL [0]
[ADMIN] [9/6/2017 15:45] [PENJUALAN] CASHIER FORM : CASH SALES
[ADMIN] [9/6/2017 15:45] [PENJUALAN] CHECK IF TAX LIMIT SET FOR PERCENTAGE PURCHASE [0]
[ADMIN] [9/6/2017 15:45] [PENJUALAN] CHECK IF TAX LIMIT SET FOR AVERAGE DAILY PURCHASE [0]
[ADMIN] [9/6/2017 15:45] [PENJUALAN] CASHIER FORM : NO FAKTUR [SLO001]
[ADMIN] [9/6/2017 15:45] [PENJUALAN] CASHIER FORM : MAX SALES INVOICE [10]
[ADMIN] [9/6/2017 15:45] [PENJUALAN] CASHIER FORM : SALES INVOICE [SLO001-11]
[ADMIN] [9/6/2017 15:45] [PENJUALAN] INSERT INTO SALES HEADER [SLO001-11]
[ADMIN] [9/6/2017 15:45] [PENJUALAN] INSERT INTO SALES DETAIL[1, 165000, 100]
[ADMIN] [9/6/2017 15:45] [PENJUALAN] INSERT TO CREDIT TABLE [SLO001-11]
[ADMIN] [9/6/2017 15:45] [PENJUALAN] INSERT TO DAILY JOURNAL TABLE [16500000]
[ADMIN] [9/6/2017 15:45] [PENJUALAN] CASHIER FORM : REGISTER HOTKEY
[ADMIN] [9/6/2017 15:45] [PENJUALAN] TRANSACTION SAVED
[ADMIN] [9/6/2017 15:45] [PENJUALAN] PRINT OUT INVOICE
[ADMIN] [9/6/2017 15:45] [PENJUALAN] CASHIER FORM : PrintReceipt
[ADMIN] [9/6/2017 15:45] [PENJUALAN] CASHIER FORM : PrintReceipt, POS size Paper
[ADMIN] [9/6/2017 15:45] [PENJUALAN] CASHIER FORM : loadInfoToko
[ADMIN] [9/6/2017 15:45] [PENJUALAN] CASHIER FORM : calculatePageLength, totalLengthPage [369]
[ADMIN] [9/6/2017 15:45] [PENJUALAN] CASHIER FORM : UNREGISTER HOTKEY
[ADMIN] [9/6/2017 15:45] [PENJUALAN] CASHIER FORM : printDocument1_PrintPage, print POS size receipt
[ADMIN] [9/6/2017 15:45] [PENJUALAN] CASHIER FORM : loadInfoToko
[ADMIN] [9/6/2017 15:45] [PENJUALAN] CASHIER FORM : loadNamaUser
[ADMIN] [9/6/2017 15:46] [PENJUALAN] CASHIER FORM : REGISTER HOTKEY
[ADMIN] [9/6/2017 15:46] [PENJUALAN] VALIDATE USER CREDIT STATUS
[ADMIN] [9/6/2017 15:46] [PENJUALAN] CASHIER FORM : UNREGISTER HOTKEY
[ADMIN] [9/6/2017 15:46] [PENJUALAN] CASHIER FORM : REGISTER HOTKEY
[ADMIN] [9/6/2017 15:46] [PENJUALAN] CASHIER FORM : UNREGISTER HOTKEY
[ADMIN] [9/6/2017 15:46] [PENJUALAN] CASHIER FORM : UNREGISTER HOTKEY
[ADMIN] [9/6/2017 15:48] [PENJUALAN] CASHIER FORM : MULTIPLE CASHIER INSTANCE [1]
[ADMIN] [9/6/2017 15:48] [PENJUALAN] CASHIER FORM : REGISTER HOTKEY
[ADMIN] [9/6/2017 15:48] [PENJUALAN] CASHIER FORM : cashierForm_Load, ATTEMPT TO LOAD NO FAKTUR
[ADMIN] [9/6/2017 15:48] [PENJUALAN] CASHIER FORM : loadNoFaktur, noFakturValue [SLO001]
[ADMIN] [9/6/2017 15:48] [PENJUALAN] CASHIER FORM : cashierForm_Load, ATTEMPT TO addColumnToDataGrid
[ADMIN] [9/6/2017 15:48] [PENJUALAN] CASHIER FORM : calculateTotal
[ADMIN] [9/6/2017 15:48] [PENJUALAN] CASHIER FORM : calculateTotal [0]
[ADMIN] [9/6/2017 15:48] [PENJUALAN] CASHIER FORM : calculateTotal, totalAfterDisc [0]
[ADMIN] [9/6/2017 15:48] [PENJUALAN] CASHIER FORM : calculateChangeValue, bayarTextBox.Text [0]
[ADMIN] [9/6/2017 15:48] [PENJUALAN] CASHIER FORM : calculateChangeValue, sisaBayar [0]
[ADMIN] [9/6/2017 15:48] [PENJUALAN] CASHIER FORM : REGISTER HOTKEY
[ADMIN] [9/6/2017 15:48] [PENJUALAN] CASHIER FORM : HOTKEY TO ADD NEW ROW PRESSED
[ADMIN] [9/6/2017 15:48] [PENJUALAN] CASHIER FORM : ADD NEW ROW,  isActive [True]
[ADMIN] [9/6/2017 15:48] [PENJUALAN] CASHIER FORM : ADD NEW ROW,  ROW COUNT [0]
[ADMIN] [9/6/2017 15:48] [PENJUALAN] CASHIER FORM : ADD NEW ROW,  ALLOW TO ADD [True]
[ADMIN] [9/6/2017 15:48] [PENJUALAN] CASHIER FORM : cashierDataGridView_CellValueChanged [F8]
[ADMIN] [9/6/2017 15:48] [PENJUALAN] CASHIER FORM : cashierDataGridView_CellValueChanged [hpp]
[ADMIN] [9/6/2017 15:48] [PENJUALAN] CASHIER FORM : cashierDataGridView_CellValueChanged [productPrice]
[ADMIN] [9/6/2017 15:48] [PENJUALAN] CASHIER FORM : TextBox_TextChanged, previousInput []
[ADMIN] [9/6/2017 15:48] [PENJUALAN] CASHIER FORM : TextBox_TextChanged, dataGridViewTextBoxEditingControl.Text pass REGEX Checking
[ADMIN] [9/6/2017 15:48] [PENJUALAN] CASHIER FORM : CALCULATE SUBTOTAL
[ADMIN] [9/6/2017 15:48] [PENJUALAN] CASHIER FORM : SUBTOTAL [0]
[ADMIN] [9/6/2017 15:48] [PENJUALAN] CASHIER FORM : TextBox_TextChanged, subtotal value [0]
[ADMIN] [9/6/2017 15:48] [PENJUALAN] CASHIER FORM : TextBox_TextChanged, attempt to calculate total value
[ADMIN] [9/6/2017 15:48] [PENJUALAN] CASHIER FORM : calculateTotal
[ADMIN] [9/6/2017 15:48] [PENJUALAN] CASHIER FORM : calculateTotal [0]
[ADMIN] [9/6/2017 15:48] [PENJUALAN] CASHIER FORM : calculateTotal, totalAfterDisc [0]
[ADMIN] [9/6/2017 15:48] [PENJUALAN] CASHIER FORM : calculateChangeValue, bayarTextBox.Text [0]
[ADMIN] [9/6/2017 15:48] [PENJUALAN] CASHIER FORM : calculateChangeValue, sisaBayar [0]
[ADMIN] [9/6/2017 15:48] [PENJUALAN] CASHIER FORM : cashierDataGridView_CellValueChanged [disc1]
[ADMIN] [9/6/2017 15:48] [PENJUALAN] CASHIER FORM : TextBox_TextChanged, previousInput []
[ADMIN] [9/6/2017 15:48] [PENJUALAN] CASHIER FORM : TextBox_TextChanged, dataGridViewTextBoxEditingControl.Text pass REGEX Checking
[ADMIN] [9/6/2017 15:48] [PENJUALAN] CASHIER FORM : CALCULATE SUBTOTAL
[ADMIN] [9/6/2017 15:48] [PENJUALAN] CASHIER FORM : SUBTOTAL [0]
[ADMIN] [9/6/2017 15:48] [PENJUALAN] CASHIER FORM : TextBox_TextChanged, subtotal value [0]
[ADMIN] [9/6/2017 15:48] [PENJUALAN] CASHIER FORM : TextBox_TextChanged, attempt to calculate total value
[ADMIN] [9/6/2017 15:48] [PENJUALAN] CASHIER FORM : calculateTotal
[ADMIN] [9/6/2017 15:48] [PENJUALAN] CASHIER FORM : calculateTotal [0]
[ADMIN] [9/6/2017 15:48] [PENJUALAN] CASHIER FORM : calculateTotal, totalAfterDisc [0]
[ADMIN] [9/6/2017 15:48] [PENJUALAN] CASHIER FORM : calculateChangeValue, bayarTextBox.Text [0]
[ADMIN] [9/6/2017 15:48] [PENJUALAN] CASHIER FORM : calculateChangeValue, sisaBayar [0]
[ADMIN] [9/6/2017 15:48] [PENJUALAN] CASHIER FORM : cashierDataGridView_CellValueChanged [qty]
[ADMIN] [9/6/2017 15:48] [PENJUALAN] CASHIER FORM : TextBox_TextChanged, previousInput []
[ADMIN] [9/6/2017 15:48] [PENJUALAN] CASHIER FORM : TextBox_TextChanged, dataGridViewTextBoxEditingControl.Text pass REGEX Checking
[ADMIN] [9/6/2017 15:48] [] CHECK STOCK QTY IS ENOUGH []
[ADMIN] [9/6/2017 15:48] [PENJUALAN] CASHIER FORM : CALCULATE SUBTOTAL
[ADMIN] [9/6/2017 15:48] [PENJUALAN] CASHIER FORM : SUBTOTAL [0]
[ADMIN] [9/6/2017 15:48] [PENJUALAN] CASHIER FORM : TextBox_TextChanged, subtotal value [0]
[ADMIN] [9/6/2017 15:48] [PENJUALAN] CASHIER FORM : TextBox_TextChanged, attempt to calculate total value
[ADMIN] [9/6/2017 15:48] [PENJUALAN] CASHIER FORM : calculateTotal
[ADMIN] [9/6/2017 15:48] [PENJUALAN] CASHIER FORM : calculateTotal [0]
[ADMIN] [9/6/2017 15:48] [PENJUALAN] CASHIER FORM : calculateTotal, totalAfterDisc [0]
[ADMIN] [9/6/2017 15:48] [PENJUALAN] CASHIER FORM : calculateChangeValue, bayarTextBox.Text [0]
[ADMIN] [9/6/2017 15:48] [PENJUALAN] CASHIER FORM : calculateChangeValue, sisaBayar [0]
[ADMIN] [9/6/2017 15:48] [PENJUALAN] CASHIER FORM : cashierDataGridView_CellValueChanged [disc2]
[ADMIN] [9/6/2017 15:48] [PENJUALAN] CASHIER FORM : TextBox_TextChanged, previousInput []
[ADMIN] [9/6/2017 15:48] [PENJUALAN] CASHIER FORM : TextBox_TextChanged, dataGridViewTextBoxEditingControl.Text pass REGEX Checking
[ADMIN] [9/6/2017 15:48] [PENJUALAN] CASHIER FORM : CALCULATE SUBTOTAL
[ADMIN] [9/6/2017 15:48] [PENJUALAN] CASHIER FORM : SUBTOTAL [0]
[ADMIN] [9/6/2017 15:48] [PENJUALAN] CASHIER FORM : TextBox_TextChanged, subtotal value [0]
[ADMIN] [9/6/2017 15:48] [PENJUALAN] CASHIER FORM : TextBox_TextChanged, attempt to calculate total value
[ADMIN] [9/6/2017 15:48] [PENJUALAN] CASHIER FORM : calculateTotal
[ADMIN] [9/6/2017 15:48] [PENJUALAN] CASHIER FORM : calculateTotal [0]
[ADMIN] [9/6/2017 15:48] [PENJUALAN] CASHIER FORM : calculateTotal, totalAfterDisc [0]
[ADMIN] [9/6/2017 15:48] [PENJUALAN] CASHIER FORM : calculateChangeValue, bayarTextBox.Text [0]
[ADMIN] [9/6/2017 15:48] [PENJUALAN] CASHIER FORM : calculateChangeValue, sisaBayar [0]
[ADMIN] [9/6/2017 15:48] [PENJUALAN] CASHIER FORM : cashierDataGridView_CellValueChanged [discRP]
[ADMIN] [9/6/2017 15:48] [PENJUALAN] CASHIER FORM : TextBox_TextChanged, previousInput []
[ADMIN] [9/6/2017 15:48] [PENJUALAN] CASHIER FORM : TextBox_TextChanged, dataGridViewTextBoxEditingControl.Text pass REGEX Checking
[ADMIN] [9/6/2017 15:48] [PENJUALAN] CASHIER FORM : CALCULATE SUBTOTAL
[ADMIN] [9/6/2017 15:48] [PENJUALAN] CASHIER FORM : SUBTOTAL [0]
[ADMIN] [9/6/2017 15:48] [PENJUALAN] CASHIER FORM : TextBox_TextChanged, subtotal value [0]
[ADMIN] [9/6/2017 15:48] [PENJUALAN] CASHIER FORM : TextBox_TextChanged, attempt to calculate total value
[ADMIN] [9/6/2017 15:48] [PENJUALAN] CASHIER FORM : calculateTotal
[ADMIN] [9/6/2017 15:48] [PENJUALAN] CASHIER FORM : calculateTotal [0]
[ADMIN] [9/6/2017 15:48] [PENJUALAN] CASHIER FORM : calculateTotal, totalAfterDisc [0]
[ADMIN] [9/6/2017 15:48] [PENJUALAN] CASHIER FORM : calculateChangeValue, bayarTextBox.Text [0]
[ADMIN] [9/6/2017 15:48] [PENJUALAN] CASHIER FORM : calculateChangeValue, sisaBayar [0]
[ADMIN] [9/6/2017 15:48] [PENJUALAN] CASHIER FORM : cashierDataGridView_CellValueChanged [jumlah]
[ADMIN] [9/6/2017 15:48] [PENJUALAN] CASHIER FORM : cashierDataGridView_CellValueChanged [productName]
[ADMIN] [9/6/2017 15:48] [PENJUALAN] CASHIER FORM : UNREGISTER HOTKEY
[ADMIN] [9/6/2017 15:48] [PENJUALAN] CASHIER FORM : ADD NEW ROW FROM BARCODE [HPL VIOLAM VS 0101 S]
[ADMIN] [9/6/2017 15:48] [PENJUALAN] CASHIER FORM : cashierDataGridView_CellValueChanged [productID]
[ADMIN] [9/6/2017 15:48] [PENJUALAN] CASHIER FORM : cashierDataGridView_CellValueChanged [productName]
[ADMIN] [9/6/2017 15:48] [PENJUALAN] CASHIER FORM : PRODUCT PRICE TYPE [PRODUCT_BASE_PRICE]
[ADMIN] [9/6/2017 15:48] [PENJUALAN] CASHIER FORM : PRODUCT PRICE [155000]
[ADMIN] [9/6/2017 15:48] [PENJUALAN] CASHIER FORM : ComboBox_SelectedIndexChanged, PRODUCT_BASE_PRICE [155000]
[ADMIN] [9/6/2017 15:48] [PENJUALAN] CASHIER FORM : cashierDataGridView_CellValueChanged [hpp]
[ADMIN] [9/6/2017 15:48] [PENJUALAN] CASHIER FORM : PRODUCT PRICE TYPE [PRODUCT_RETAIL_PRICE]
[ADMIN] [9/6/2017 15:48] [PENJUALAN] CASHIER FORM : PRODUCT PRICE [165000]
[ADMIN] [9/6/2017 15:48] [PENJUALAN] CASHIER FORM : ComboBox_SelectedIndexChanged, PRODUCT_SALES_PRICE [165000]
[ADMIN] [9/6/2017 15:48] [PENJUALAN] CASHIER FORM : cashierDataGridView_CellValueChanged [productPrice]
[ADMIN] [9/6/2017 15:48] [PENJUALAN] CASHIER FORM : TextBox_TextChanged, previousInput []
[ADMIN] [9/6/2017 15:48] [PENJUALAN] CASHIER FORM : TextBox_TextChanged, dataGridViewTextBoxEditingControl.Text pass REGEX Checking
[ADMIN] [9/6/2017 15:48] [PENJUALAN] CASHIER FORM : CALCULATE SUBTOTAL
[ADMIN] [9/6/2017 15:48] [PENJUALAN] CASHIER FORM : SUBTOTAL [0]
[ADMIN] [9/6/2017 15:48] [PENJUALAN] CASHIER FORM : TextBox_TextChanged, subtotal value [0]
[ADMIN] [9/6/2017 15:48] [PENJUALAN] CASHIER FORM : TextBox_TextChanged, attempt to calculate total value
[ADMIN] [9/6/2017 15:48] [PENJUALAN] CASHIER FORM : calculateTotal
[ADMIN] [9/6/2017 15:48] [PENJUALAN] CASHIER FORM : calculateTotal [0]
[ADMIN] [9/6/2017 15:48] [PENJUALAN] CASHIER FORM : calculateTotal, totalAfterDisc [0]
[ADMIN] [9/6/2017 15:48] [PENJUALAN] CASHIER FORM : calculateChangeValue, bayarTextBox.Text [0]
[ADMIN] [9/6/2017 15:48] [PENJUALAN] CASHIER FORM : calculateChangeValue, sisaBayar [0]
[ADMIN] [9/6/2017 15:48] [PENJUALAN] CASHIER FORM : cashierDataGridView_CellValueChanged [qty]
[ADMIN] [9/6/2017 15:48] [PENJUALAN] CASHIER FORM : TextBox_TextChanged, previousInput []
[ADMIN] [9/6/2017 15:48] [PENJUALAN] CASHIER FORM : TextBox_TextChanged, dataGridViewTextBoxEditingControl.Text pass REGEX Checking
[ADMIN] [9/6/2017 15:48] [] CHECK STOCK QTY IS ENOUGH [1]
[ADMIN] [9/6/2017 15:48] [] CHECK STOCK QTY IS ENOUGH [296, 0]
[ADMIN] [9/6/2017 15:48] [PENJUALAN] CASHIER FORM : CALCULATE SUBTOTAL
[ADMIN] [9/6/2017 15:48] [PENJUALAN] CASHIER FORM : SUBTOTAL [0]
[ADMIN] [9/6/2017 15:48] [PENJUALAN] CASHIER FORM : TextBox_TextChanged, subtotal value [0]
[ADMIN] [9/6/2017 15:48] [PENJUALAN] CASHIER FORM : TextBox_TextChanged, attempt to calculate total value
[ADMIN] [9/6/2017 15:48] [PENJUALAN] CASHIER FORM : calculateTotal
[ADMIN] [9/6/2017 15:48] [PENJUALAN] CASHIER FORM : calculateTotal [0]
[ADMIN] [9/6/2017 15:48] [PENJUALAN] CASHIER FORM : calculateTotal, totalAfterDisc [0]
[ADMIN] [9/6/2017 15:48] [PENJUALAN] CASHIER FORM : calculateChangeValue, bayarTextBox.Text [0]
[ADMIN] [9/6/2017 15:48] [PENJUALAN] CASHIER FORM : calculateChangeValue, sisaBayar [0]
[ADMIN] [9/6/2017 15:48] [PENJUALAN] CASHIER FORM : cashierDataGridView_CellValueChanged [jumlah]
[ADMIN] [9/6/2017 15:48] [PENJUALAN] CASHIER FORM : ComboBox_SelectedIndexChanged, attempt to calculate total
[ADMIN] [9/6/2017 15:48] [PENJUALAN] CASHIER FORM : calculateTotal
[ADMIN] [9/6/2017 15:48] [PENJUALAN] CASHIER FORM : calculateTotal [0]
[ADMIN] [9/6/2017 15:48] [PENJUALAN] CASHIER FORM : calculateTotal, totalAfterDisc [0]
[ADMIN] [9/6/2017 15:48] [PENJUALAN] CASHIER FORM : calculateChangeValue, bayarTextBox.Text [0]
[ADMIN] [9/6/2017 15:48] [PENJUALAN] CASHIER FORM : calculateChangeValue, sisaBayar [0]
[ADMIN] [9/6/2017 15:48] [] CHECK STOCK QTY IS ENOUGH [1]
[ADMIN] [9/6/2017 15:48] [] CHECK STOCK QTY IS ENOUGH [296, 1]
[ADMIN] [9/6/2017 15:48] [PENJUALAN] CASHIER FORM : cashierDataGridView_CellValueChanged [qty]
[ADMIN] [9/6/2017 15:48] [PENJUALAN] CASHIER FORM : TextBox_TextChanged, previousInput []
[ADMIN] [9/6/2017 15:48] [PENJUALAN] CASHIER FORM : TextBox_TextChanged, dataGridViewTextBoxEditingControl.Text pass REGEX Checking
[ADMIN] [9/6/2017 15:48] [] CHECK STOCK QTY IS ENOUGH [1]
[ADMIN] [9/6/2017 15:48] [] CHECK STOCK QTY IS ENOUGH [296, 1]
[ADMIN] [9/6/2017 15:48] [PENJUALAN] CASHIER FORM : CALCULATE SUBTOTAL
[ADMIN] [9/6/2017 15:48] [PENJUALAN] CASHIER FORM : SUBTOTAL [165000]
[ADMIN] [9/6/2017 15:48] [PENJUALAN] CASHIER FORM : TextBox_TextChanged, subtotal value [165000]
[ADMIN] [9/6/2017 15:48] [PENJUALAN] CASHIER FORM : TextBox_TextChanged, attempt to calculate total value
[ADMIN] [9/6/2017 15:48] [PENJUALAN] CASHIER FORM : calculateTotal
[ADMIN] [9/6/2017 15:48] [PENJUALAN] CASHIER FORM : calculateTotal [165000]
[ADMIN] [9/6/2017 15:48] [PENJUALAN] CASHIER FORM : calculateTotal, totalAfterDisc [165000]
[ADMIN] [9/6/2017 15:48] [PENJUALAN] CASHIER FORM : calculateChangeValue, bayarTextBox.Text [0]
[ADMIN] [9/6/2017 15:48] [PENJUALAN] CASHIER FORM : calculateChangeValue, sisaBayar [0]
[ADMIN] [9/6/2017 15:48] [PENJUALAN] CASHIER FORM : SET QTY TO 1 BECAUSE OF NEW ROW
[ADMIN] [9/6/2017 15:48] [PENJUALAN] CASHIER FORM : CALCULATE SUBTOTAL
[ADMIN] [9/6/2017 15:48] [PENJUALAN] CASHIER FORM : SUBTOTAL [165000]
[ADMIN] [9/6/2017 15:48] [PENJUALAN] CASHIER FORM : calculateTotal
[ADMIN] [9/6/2017 15:48] [PENJUALAN] CASHIER FORM : calculateTotal [165000]
[ADMIN] [9/6/2017 15:48] [PENJUALAN] CASHIER FORM : calculateTotal, totalAfterDisc [165000]
[ADMIN] [9/6/2017 15:48] [PENJUALAN] CASHIER FORM : calculateChangeValue, bayarTextBox.Text [0]
[ADMIN] [9/6/2017 15:48] [PENJUALAN] CASHIER FORM : calculateChangeValue, sisaBayar [0]
[ADMIN] [9/6/2017 15:48] [PENJUALAN] CASHIER FORM : REGISTER HOTKEY
[ADMIN] [9/6/2017 15:48] [PENJUALAN] CASHIER FORM : calculateChangeValue, bayarTextBox.Text [2]
[ADMIN] [9/6/2017 15:48] [PENJUALAN] CASHIER FORM : calculateChangeValue, sisaBayar [0]
[ADMIN] [9/6/2017 15:48] [PENJUALAN] CASHIER FORM : calculateChangeValue, bayarTextBox.Text [22]
[ADMIN] [9/6/2017 15:48] [PENJUALAN] CASHIER FORM : calculateChangeValue, sisaBayar [0]
[ADMIN] [9/6/2017 15:48] [PENJUALAN] CASHIER FORM : calculateChangeValue, bayarTextBox.Text [222]
[ADMIN] [9/6/2017 15:48] [PENJUALAN] CASHIER FORM : calculateChangeValue, sisaBayar [0]
[ADMIN] [9/6/2017 15:48] [PENJUALAN] CASHIER FORM : calculateChangeValue, bayarTextBox.Text [2222]
[ADMIN] [9/6/2017 15:48] [PENJUALAN] CASHIER FORM : calculateChangeValue, sisaBayar [0]
[ADMIN] [9/6/2017 15:48] [PENJUALAN] CASHIER FORM : calculateChangeValue, bayarTextBox.Text [22222]
[ADMIN] [9/6/2017 15:48] [PENJUALAN] CASHIER FORM : calculateChangeValue, sisaBayar [0]
[ADMIN] [9/6/2017 15:48] [PENJUALAN] CASHIER FORM : calculateChangeValue, bayarTextBox.Text [222222]
[ADMIN] [9/6/2017 15:48] [PENJUALAN] CASHIER FORM : calculateChangeValue, sisaBayar [57222]
[ADMIN] [9/6/2017 15:48] [PENJUALAN] CASHIER FORM : HOTKEY TO SAVE AND PRINT OUT INVOICE PRESSED
[ADMIN] [9/6/2017 15:48] [PENJUALAN] CASHIER FORM : UNREGISTER HOTKEY
[ADMIN] [9/6/2017 15:48] [PENJUALAN] CASHIER FORM : REGISTER HOTKEY
[ADMIN] [9/6/2017 15:48] [PENJUALAN] ATTEMPT TO SAVE AND PRINT OUT INVOICE
[ADMIN] [9/6/2017 15:48] [] CHECK STOCK QTY IS ENOUGH [1]
[ADMIN] [9/6/2017 15:48] [] CHECK STOCK QTY IS ENOUGH [296, 1]
[ADMIN] [9/6/2017 15:48] [PENJUALAN] CASHIER FORM : UNREGISTER HOTKEY
[ADMIN] [9/6/2017 15:48] [PENJUALAN] CASHIER FORM : REGISTER HOTKEY
[ADMIN] [9/6/2017 15:48] [PENJUALAN] CASHIER FORM : UNREGISTER HOTKEY
[ADMIN] [9/6/2017 15:48] [PENJUALAN] CASHIER FORM : ATTEMPT TO SAVE SALES DATA [06-09-2017 15:48]
[ADMIN] [9/6/2017 15:48] [PENJUALAN] CASHIER FORM : SALES DISC FINAL [0]
[ADMIN] [9/6/2017 15:48] [PENJUALAN] CASHIER FORM : CASH SALES
[ADMIN] [9/6/2017 15:48] [PENJUALAN] CHECK IF TAX LIMIT SET FOR PERCENTAGE PURCHASE [0]
[ADMIN] [9/6/2017 15:48] [PENJUALAN] CHECK IF TAX LIMIT SET FOR AVERAGE DAILY PURCHASE [0]
[ADMIN] [9/6/2017 15:48] [PENJUALAN] CASHIER FORM : NO FAKTUR [SLO001]
[ADMIN] [9/6/2017 15:48] [PENJUALAN] CASHIER FORM : MAX SALES INVOICE [11]
[ADMIN] [9/6/2017 15:48] [PENJUALAN] CASHIER FORM : SALES INVOICE [SLO001-12]
[ADMIN] [9/6/2017 15:48] [PENJUALAN] INSERT INTO SALES HEADER [SLO001-12]
[ADMIN] [9/6/2017 15:48] [PENJUALAN] INSERT INTO SALES DETAIL[1, 165000, 1]
[ADMIN] [9/6/2017 15:48] [PENJUALAN] INSERT TO CREDIT TABLE [SLO001-12]
[ADMIN] [9/6/2017 15:48] [PENJUALAN] INSERT TO DAILY JOURNAL TABLE [165000]
[ADMIN] [9/6/2017 15:48] [PENJUALAN] CASHIER FORM : REGISTER HOTKEY
[ADMIN] [9/6/2017 15:48] [PENJUALAN] TRANSACTION SAVED
[ADMIN] [9/6/2017 15:48] [PENJUALAN] PRINT OUT INVOICE
[ADMIN] [9/6/2017 15:48] [PENJUALAN] CASHIER FORM : PrintReceipt
[ADMIN] [9/6/2017 15:48] [PENJUALAN] CASHIER FORM : PrintReceipt, POS size Paper
[ADMIN] [9/6/2017 15:48] [PENJUALAN] CASHIER FORM : loadInfoToko
[ADMIN] [9/6/2017 15:48] [PENJUALAN] CASHIER FORM : calculatePageLength, totalLengthPage [369]
[ADMIN] [9/6/2017 15:48] [PENJUALAN] CASHIER FORM : UNREGISTER HOTKEY
[ADMIN] [9/6/2017 15:48] [PENJUALAN] CASHIER FORM : printDocument1_PrintPage, print POS size receipt
[ADMIN] [9/6/2017 15:48] [PENJUALAN] CASHIER FORM : loadInfoToko
[ADMIN] [9/6/2017 15:48] [PENJUALAN] CASHIER FORM : loadNamaUser
[ADMIN] [9/6/2017 15:48] [PENJUALAN] CASHIER FORM : REGISTER HOTKEY
[ADMIN] [9/6/2017 15:48] [PENJUALAN] CASHIER FORM : UNREGISTER HOTKEY
[ADMIN] [9/6/2017 15:48] [PENJUALAN] CASHIER FORM : REGISTER HOTKEY
[ADMIN] [9/6/2017 15:48] [PENJUALAN] VALIDATE USER CREDIT STATUS
[ADMIN] [9/6/2017 15:48] [PENJUALAN] CASHIER FORM : UNREGISTER HOTKEY
[ADMIN] [9/6/2017 15:48] [PENJUALAN] CASHIER FORM : REGISTER HOTKEY
[ADMIN] [9/6/2017 15:49] [PENJUALAN] CASHIER FORM : UNREGISTER HOTKEY
[ADMIN] [9/6/2017 15:49] [PENJUALAN] CASHIER FORM : UNREGISTER HOTKEY
[ADMIN] [9/6/2017 15:49] [] USER ID = 1LOGOUT
