[] [9/6/2017 14:45] [] USER = ADMIN IS ACTIVE
[ADMIN] [9/6/2017 14:45] [] USER ID = 1 LOGIN SUCCESSFULLY
[ADMIN] [9/6/2017 14:45] [] ACTIVATE USER ACCESS RIGHT
[ADMIN] [9/6/2017 14:45] [] DISPLAY ADMIN FORM
[ADMIN] [9/6/2017 14:45] [] adminForm Load
[ADMIN] [9/6/2017 14:45] [RETUR PENJUALAN] RETUR PENJUALAN : detailReturDataGridView_CellValueChanged [qty]
[ADMIN] [9/6/2017 14:45] [RETUR PENJUALAN] RETUR PENJUALAN : detailReturDataGridView_CellValueChanged [subtotal]
[ADMIN] [9/6/2017 14:45] [RETUR PENJUALAN] RETUR PENJUALAN : detailReturDataGridView_CellValueChanged [productName]
[ADMIN] [9/6/2017 14:46] [RETUR PENJUALAN] RETUR PENJUALAN : detailReturDataGridView_CellValueChanged [productID]
[ADMIN] [9/6/2017 14:46] [RETUR PENJUALAN] RETUR PENJUALAN : detailReturDataGridView_CellValueChanged [productName]
[ADMIN] [9/6/2017 14:46] [RETUR PENJUALAN] updateSomeRowsContent, PRODUCT_BASE_PRICE [165000]
[ADMIN] [9/6/2017 14:46] [RETUR PENJUALAN] RETUR PENJUALAN : detailReturDataGridView_CellValueChanged [productPrice]
[ADMIN] [9/6/2017 14:46] [RETUR PENJUALAN] RETUR PENJUALAN : detailReturDataGridView_CellValueChanged [qty]
[ADMIN] [9/6/2017 14:46] [RETUR PENJUALAN] RETUR PENJUALAN : detailReturDataGridView_CellValueChanged [subtotal]
[ADMIN] [9/6/2017 14:46] [RETUR PENJUALAN] updateSomeRowsContent, attempt to calculate total
[ADMIN] [9/6/2017 14:46] [RETUR PENJUALAN] RETUR PENJUALAN : detailReturDataGridView_CellValueChanged [SOqty]
[ADMIN] [9/6/2017 14:46] [RETUR PENJUALAN] RETUR PENJUALAN : detailReturDataGridView_CellValueChanged [disc1]
[ADMIN] [9/6/2017 14:46] [RETUR PENJUALAN] RETUR PENJUALAN : detailReturDataGridView_CellValueChanged [disc2]
[ADMIN] [9/6/2017 14:46] [RETUR PENJUALAN] RETUR PENJUALAN : detailReturDataGridView_CellValueChanged [discRP]
[ADMIN] [9/6/2017 14:46] [RETUR PENJUALAN] RETUR PENJUALAN : detailReturDataGridView_CellValueChanged [subtotal]
[ADMIN] [9/6/2017 14:46] [RETUR PENJUALAN] RETUR PENJUALAN : detailReturDataGridView_CellValueChanged [qty]
[ADMIN] [9/6/2017 14:46] [RETUR PENJUALAN] RETUR PENJUALAN : detailReturDataGridView_CellValueChanged [subtotal]
[ADMIN] [9/6/2017 14:46] [] USER ID = 1LOGOUT
