[] [3/23/2017 22:44] [] USER = ADMIN IS ACTIVE
[ADMIN] [3/23/2017 22:44] [] USER ID = 1 LOGIN SUCCESSFULLY
[ADMIN] [3/23/2017 22:44] [] ACTIVATE USER ACCESS RIGHT
[ADMIN] [3/23/2017 22:44] [] DISPLAY ADMIN FORM
[ADMIN] [3/23/2017 22:44] [] adminForm Load
[ADMIN] [3/23/2017 22:48] [PECAH SATUAN PRODUK] REDUCE PRODUCT LOCATION QTY [1] AMT [2/1]
[ADMIN] [3/23/2017 22:48] [PECAH SATUAN PRODUK] REDUCE QTY [1] AMT [2]
[ADMIN] [3/23/2017 22:48] [PECAH SATUAN PRODUK] ADD PRODUCT LOCATION QTY [HPL VIOLAM VS 0151 S] AMT [2] [1]
[ADMIN] [3/23/2017 22:48] [PECAH SATUAN PRODUK] ADD QTY [HPL VIOLAM VS 0151 S] AMT [2]
[ADMIN] [3/23/2017 22:48] [PENJUALAN] CASHIER FORM : MULTIPLE CASHIER INSTANCE [1]
[ADMIN] [3/23/2017 22:48] [PENJUALAN] CASHIER FORM : REGISTER HOTKEY
[ADMIN] [3/23/2017 22:48] [PENJUALAN] CASHIER FORM : cashierForm_Load, ATTEMPT TO LOAD NO FAKTUR
[ADMIN] [3/23/2017 22:48] [PENJUALAN] CASHIER FORM : loadNoFaktur, noFakturValue [SLO001]
[ADMIN] [3/23/2017 22:48] [PENJUALAN] CASHIER FORM : cashierForm_Load, ATTEMPT TO addColumnToDataGrid
[ADMIN] [3/23/2017 22:48] [PENJUALAN] CASHIER FORM : calculateTotal
[ADMIN] [3/23/2017 22:48] [PENJUALAN] CASHIER FORM : calculateTotal [0]
[ADMIN] [3/23/2017 22:48] [PENJUALAN] CASHIER FORM : calculateTotal, totalAfterDisc [0]
[ADMIN] [3/23/2017 22:48] [PENJUALAN] CASHIER FORM : calculateChangeValue, bayarTextBox.Text [0]
[ADMIN] [3/23/2017 22:48] [PENJUALAN] CASHIER FORM : calculateChangeValue, sisaBayar [0]
[ADMIN] [3/23/2017 22:48] [PENJUALAN] CASHIER FORM : REGISTER HOTKEY
[ADMIN] [3/23/2017 22:48] [PENJUALAN] CASHIER FORM : UNREGISTER HOTKEY
[ADMIN] [3/23/2017 22:48] [PENJUALAN] CASHIER FORM : UNREGISTER HOTKEY
[ADMIN] [3/23/2017 22:49] [SATUAN PRODUK] ADD NEW UNIT CONVERT [3/7/2]
[ADMIN] [3/23/2017 22:49] [SATUAN PRODUK] ADD NEW UNIT CONVERT [3/7/2]
[ADMIN] [3/23/2017 22:49] [SATUAN PRODUK] EXCEPTION THROWN [Duplicate entry '3-7' for key 'PRIMARY']
[ADMIN] [3/23/2017 22:50] [] USER ID = 1LOGOUT
