[] [10/25/2016 01:03] [] USER = ADMIN IS ACTIVE
[ADMIN] [10/25/2016 01:03] [] USER ID = 1 LOGIN SUCCESSFULLY
[ADMIN] [10/25/2016 01:03] [] ACTIVATE USER ACCESS RIGHT
[ADMIN] [10/25/2016 01:03] [] DISPLAY ADMIN FORM
[ADMIN] [10/25/2016 01:03] [] adminForm Load
[ADMIN] [10/25/2016 01:04] [TAMBAH / UPDATE PRODUK] INSERT NEW PRODUCT [105]
[ADMIN] [10/25/2016 01:04] [TAMBAH / UPDATE PRODUK] INSERT PRODUCT CATEGORY FOR [105]
[ADMIN] [10/25/2016 01:04] [RETUR PENJUALAN] RETUR PENJUALAN : detailGridView_CellValueChanged [productID]
[] [10/25/2016 01:07] [] USER = ADMIN IS ACTIVE
[ADMIN] [10/25/2016 01:07] [] USER ID = 1 LOGIN SUCCESSFULLY
[ADMIN] [10/25/2016 01:07] [] ACTIVATE USER ACCESS RIGHT
[ADMIN] [10/25/2016 01:07] [] DISPLAY ADMIN FORM
[ADMIN] [10/25/2016 01:07] [] adminForm Load
[ADMIN] [10/25/2016 01:09] [TAMBAH / UPDATE PRODUK] INSERT NEW PRODUCT [106]
[ADMIN] [10/25/2016 01:09] [TAMBAH / UPDATE PRODUK] INSERT PRODUCT CATEGORY FOR [106]
[ADMIN] [10/25/2016 01:12] [RETUR PENJUALAN] RETUR PENJUALAN : detailGridView_CellValueChanged [productID]
[] [10/25/2016 01:13] [] USER = ADMIN IS ACTIVE
[ADMIN] [10/25/2016 01:13] [] USER ID = 1 LOGIN SUCCESSFULLY
[ADMIN] [10/25/2016 01:13] [] ACTIVATE USER ACCESS RIGHT
[ADMIN] [10/25/2016 01:13] [] DISPLAY ADMIN FORM
[ADMIN] [10/25/2016 01:13] [] adminForm Load
[ADMIN] [10/25/2016 01:13] [RETUR PENJUALAN] RETUR PENJUALAN : detailGridView_CellValueChanged [productID]
[] [10/25/2016 01:15] [] USER = ADMIN IS ACTIVE
[ADMIN] [10/25/2016 01:15] [] USER ID = 1 LOGIN SUCCESSFULLY
[ADMIN] [10/25/2016 01:15] [] ACTIVATE USER ACCESS RIGHT
[ADMIN] [10/25/2016 01:15] [] DISPLAY ADMIN FORM
[ADMIN] [10/25/2016 01:15] [] adminForm Load
[ADMIN] [10/25/2016 01:17] [PENJUALAN] CASHIER FORM : MULTIPLE CASHIER INSTANCE [1]
[ADMIN] [10/25/2016 01:17] [PENJUALAN] CASHIER FORM : REGISTER HOTKEY
[ADMIN] [10/25/2016 01:17] [PENJUALAN] CASHIER FORM : cashierForm_Load, ATTEMPT TO LOAD NO FAKTUR
[ADMIN] [10/25/2016 01:17] [PENJUALAN] CASHIER FORM : loadNoFaktur, noFakturValue [SLO001]
[ADMIN] [10/25/2016 01:17] [PENJUALAN] CASHIER FORM : cashierForm_Load, ATTEMPT TO addColumnToDataGrid
[ADMIN] [10/25/2016 01:17] [PENJUALAN] CASHIER FORM : calculateTotal
[ADMIN] [10/25/2016 01:17] [PENJUALAN] CASHIER FORM : calculateTotal [0]
[ADMIN] [10/25/2016 01:17] [PENJUALAN] CASHIER FORM : calculateTotal, totalAfterDisc [0]
[ADMIN] [10/25/2016 01:17] [PENJUALAN] CASHIER FORM : REGISTER HOTKEY
[ADMIN] [10/25/2016 01:17] [PENJUALAN] CASHIER FORM : HOTKEY TO OPEN PRODUK SEARCH FORM PRESSED
[ADMIN] [10/25/2016 01:17] [PENJUALAN] CASHIER FORM : UNREGISTER HOTKEY
[ADMIN] [10/25/2016 01:17] [PENJUALAN] CASHIER FORM : ADD NEW ROW FROM BARCODE [ALUMUNIUM 1.4 KG]
[ADMIN] [10/25/2016 01:17] [PENJUALAN] CASHIER FORM : ADD NEW ROW,  isActive [False]
[ADMIN] [10/25/2016 01:17] [PENJUALAN] CASHIER FORM : ADD NEW ROW,  ROW COUNT [0]
[ADMIN] [10/25/2016 01:17] [PENJUALAN] CASHIER FORM : ADD NEW ROW,  ALLOW TO ADD [True]
[ADMIN] [10/25/2016 01:17] [PENJUALAN] CASHIER FORM : cashierDataGridView_CellValueChanged [F8]
[ADMIN] [10/25/2016 01:17] [PENJUALAN] CASHIER FORM : cashierDataGridView_CellValueChanged [hpp]
[ADMIN] [10/25/2016 01:17] [PENJUALAN] CASHIER FORM : cashierDataGridView_CellValueChanged [productPrice]
[ADMIN] [10/25/2016 01:17] [PENJUALAN] CASHIER FORM : TextBox_TextChanged, previousInput []
[ADMIN] [10/25/2016 01:17] [PENJUALAN] CASHIER FORM : TextBox_TextChanged, dataGridViewTextBoxEditingControl.Text pass REGEX Checking
[ADMIN] [10/25/2016 01:17] [PENJUALAN] CASHIER FORM : CALCULATE SUBTOTAL
[ADMIN] [10/25/2016 01:17] [PENJUALAN] CASHIER FORM : SUBTOTAL [0]
[ADMIN] [10/25/2016 01:17] [PENJUALAN] CASHIER FORM : TextBox_TextChanged, subtotal value [0]
[ADMIN] [10/25/2016 01:17] [PENJUALAN] CASHIER FORM : TextBox_TextChanged, attempt to calculate total value
[ADMIN] [10/25/2016 01:17] [PENJUALAN] CASHIER FORM : calculateTotal
[ADMIN] [10/25/2016 01:17] [PENJUALAN] CASHIER FORM : calculateTotal [0]
[ADMIN] [10/25/2016 01:17] [PENJUALAN] CASHIER FORM : calculateTotal, totalAfterDisc [0]
[ADMIN] [10/25/2016 01:17] [PENJUALAN] CASHIER FORM : cashierDataGridView_CellValueChanged [disc1]
[ADMIN] [10/25/2016 01:17] [PENJUALAN] CASHIER FORM : TextBox_TextChanged, previousInput []
[ADMIN] [10/25/2016 01:17] [PENJUALAN] CASHIER FORM : TextBox_TextChanged, dataGridViewTextBoxEditingControl.Text pass REGEX Checking
[ADMIN] [10/25/2016 01:17] [PENJUALAN] CASHIER FORM : CALCULATE SUBTOTAL
[ADMIN] [10/25/2016 01:17] [PENJUALAN] CASHIER FORM : SUBTOTAL [0]
[ADMIN] [10/25/2016 01:17] [PENJUALAN] CASHIER FORM : TextBox_TextChanged, subtotal value [0]
[ADMIN] [10/25/2016 01:17] [PENJUALAN] CASHIER FORM : TextBox_TextChanged, attempt to calculate total value
[ADMIN] [10/25/2016 01:17] [PENJUALAN] CASHIER FORM : calculateTotal
[ADMIN] [10/25/2016 01:17] [PENJUALAN] CASHIER FORM : calculateTotal [0]
[ADMIN] [10/25/2016 01:17] [PENJUALAN] CASHIER FORM : calculateTotal, totalAfterDisc [0]
[ADMIN] [10/25/2016 01:17] [PENJUALAN] CASHIER FORM : cashierDataGridView_CellValueChanged [qty]
[ADMIN] [10/25/2016 01:17] [PENJUALAN] CASHIER FORM : TextBox_TextChanged, previousInput []
[ADMIN] [10/25/2016 01:17] [PENJUALAN] CASHIER FORM : TextBox_TextChanged, dataGridViewTextBoxEditingControl.Text pass REGEX Checking
[ADMIN] [10/25/2016 01:17] [PENJUALAN] CASHIER FORM : CALCULATE SUBTOTAL
[ADMIN] [10/25/2016 01:17] [PENJUALAN] CASHIER FORM : SUBTOTAL [0]
[ADMIN] [10/25/2016 01:17] [PENJUALAN] CASHIER FORM : TextBox_TextChanged, subtotal value [0]
[ADMIN] [10/25/2016 01:17] [PENJUALAN] CASHIER FORM : TextBox_TextChanged, attempt to calculate total value
[ADMIN] [10/25/2016 01:17] [PENJUALAN] CASHIER FORM : calculateTotal
[ADMIN] [10/25/2016 01:17] [PENJUALAN] CASHIER FORM : calculateTotal [0]
[ADMIN] [10/25/2016 01:17] [PENJUALAN] CASHIER FORM : calculateTotal, totalAfterDisc [0]
[ADMIN] [10/25/2016 01:17] [PENJUALAN] CASHIER FORM : cashierDataGridView_CellValueChanged [disc2]
[ADMIN] [10/25/2016 01:17] [PENJUALAN] CASHIER FORM : TextBox_TextChanged, previousInput []
[ADMIN] [10/25/2016 01:17] [PENJUALAN] CASHIER FORM : TextBox_TextChanged, dataGridViewTextBoxEditingControl.Text pass REGEX Checking
[ADMIN] [10/25/2016 01:17] [PENJUALAN] CASHIER FORM : CALCULATE SUBTOTAL
[ADMIN] [10/25/2016 01:17] [PENJUALAN] CASHIER FORM : SUBTOTAL [0]
[ADMIN] [10/25/2016 01:17] [PENJUALAN] CASHIER FORM : TextBox_TextChanged, subtotal value [0]
[ADMIN] [10/25/2016 01:17] [PENJUALAN] CASHIER FORM : TextBox_TextChanged, attempt to calculate total value
[ADMIN] [10/25/2016 01:17] [PENJUALAN] CASHIER FORM : calculateTotal
[ADMIN] [10/25/2016 01:17] [PENJUALAN] CASHIER FORM : calculateTotal [0]
[ADMIN] [10/25/2016 01:17] [PENJUALAN] CASHIER FORM : calculateTotal, totalAfterDisc [0]
[ADMIN] [10/25/2016 01:17] [PENJUALAN] CASHIER FORM : cashierDataGridView_CellValueChanged [discRP]
[ADMIN] [10/25/2016 01:17] [PENJUALAN] CASHIER FORM : TextBox_TextChanged, previousInput []
[ADMIN] [10/25/2016 01:17] [PENJUALAN] CASHIER FORM : TextBox_TextChanged, dataGridViewTextBoxEditingControl.Text pass REGEX Checking
[ADMIN] [10/25/2016 01:17] [PENJUALAN] CASHIER FORM : CALCULATE SUBTOTAL
[ADMIN] [10/25/2016 01:17] [PENJUALAN] CASHIER FORM : SUBTOTAL [0]
[ADMIN] [10/25/2016 01:17] [PENJUALAN] CASHIER FORM : TextBox_TextChanged, subtotal value [0]
[ADMIN] [10/25/2016 01:17] [PENJUALAN] CASHIER FORM : TextBox_TextChanged, attempt to calculate total value
[ADMIN] [10/25/2016 01:17] [PENJUALAN] CASHIER FORM : calculateTotal
[ADMIN] [10/25/2016 01:17] [PENJUALAN] CASHIER FORM : calculateTotal [0]
[ADMIN] [10/25/2016 01:17] [PENJUALAN] CASHIER FORM : calculateTotal, totalAfterDisc [0]
[ADMIN] [10/25/2016 01:17] [PENJUALAN] CASHIER FORM : cashierDataGridView_CellValueChanged [jumlah]
[ADMIN] [10/25/2016 01:17] [PENJUALAN] CASHIER FORM : NEW ROW ADDED [0]
[ADMIN] [10/25/2016 01:17] [PENJUALAN] CASHIER FORM : cashierDataGridView_CellValueChanged [productID]
[ADMIN] [10/25/2016 01:17] [PENJUALAN] CASHIER FORM : cashierDataGridView_CellValueChanged [productName]
[ADMIN] [10/25/2016 01:17] [PENJUALAN] CASHIER FORM : PRODUCT PRICE TYPE [PRODUCT_BASE_PRICE]
[ADMIN] [10/25/2016 01:17] [PENJUALAN] CASHIER FORM : PRODUCT PRICE [49500]
[ADMIN] [10/25/2016 01:17] [PENJUALAN] CASHIER FORM : ComboBox_SelectedIndexChanged, PRODUCT_BASE_PRICE [49500]
[ADMIN] [10/25/2016 01:17] [PENJUALAN] CASHIER FORM : cashierDataGridView_CellValueChanged [hpp]
[ADMIN] [10/25/2016 01:17] [PENJUALAN] CASHIER FORM : PRODUCT PRICE TYPE [PRODUCT_RETAIL_PRICE]
[ADMIN] [10/25/2016 01:17] [PENJUALAN] CASHIER FORM : PRODUCT PRICE [51000]
[ADMIN] [10/25/2016 01:17] [PENJUALAN] CASHIER FORM : ComboBox_SelectedIndexChanged, PRODUCT_SALES_PRICE [51000]
[ADMIN] [10/25/2016 01:17] [PENJUALAN] CASHIER FORM : cashierDataGridView_CellValueChanged [productPrice]
[ADMIN] [10/25/2016 01:17] [PENJUALAN] CASHIER FORM : TextBox_TextChanged, previousInput []
[ADMIN] [10/25/2016 01:17] [PENJUALAN] CASHIER FORM : TextBox_TextChanged, dataGridViewTextBoxEditingControl.Text pass REGEX Checking
[ADMIN] [10/25/2016 01:17] [PENJUALAN] CASHIER FORM : CALCULATE SUBTOTAL
[ADMIN] [10/25/2016 01:17] [PENJUALAN] CASHIER FORM : SUBTOTAL [0]
[ADMIN] [10/25/2016 01:17] [PENJUALAN] CASHIER FORM : TextBox_TextChanged, subtotal value [0]
[ADMIN] [10/25/2016 01:17] [PENJUALAN] CASHIER FORM : TextBox_TextChanged, attempt to calculate total value
[ADMIN] [10/25/2016 01:17] [PENJUALAN] CASHIER FORM : calculateTotal
[ADMIN] [10/25/2016 01:17] [PENJUALAN] CASHIER FORM : calculateTotal [0]
[ADMIN] [10/25/2016 01:17] [PENJUALAN] CASHIER FORM : calculateTotal, totalAfterDisc [0]
[ADMIN] [10/25/2016 01:17] [PENJUALAN] CASHIER FORM : cashierDataGridView_CellValueChanged [qty]
[ADMIN] [10/25/2016 01:17] [PENJUALAN] CASHIER FORM : TextBox_TextChanged, previousInput []
[ADMIN] [10/25/2016 01:17] [PENJUALAN] CASHIER FORM : TextBox_TextChanged, dataGridViewTextBoxEditingControl.Text pass REGEX Checking
[ADMIN] [10/25/2016 01:17] [PENJUALAN] CASHIER FORM : CALCULATE SUBTOTAL
[ADMIN] [10/25/2016 01:17] [PENJUALAN] CASHIER FORM : SUBTOTAL [0]
[ADMIN] [10/25/2016 01:17] [PENJUALAN] CASHIER FORM : TextBox_TextChanged, subtotal value [0]
[ADMIN] [10/25/2016 01:17] [PENJUALAN] CASHIER FORM : TextBox_TextChanged, attempt to calculate total value
[ADMIN] [10/25/2016 01:17] [PENJUALAN] CASHIER FORM : calculateTotal
[ADMIN] [10/25/2016 01:17] [PENJUALAN] CASHIER FORM : calculateTotal [0]
[ADMIN] [10/25/2016 01:17] [PENJUALAN] CASHIER FORM : calculateTotal, totalAfterDisc [0]
[ADMIN] [10/25/2016 01:17] [PENJUALAN] CASHIER FORM : ComboBox_SelectedIndexChanged, attempt to calculate total
[ADMIN] [10/25/2016 01:17] [PENJUALAN] CASHIER FORM : calculateTotal
[ADMIN] [10/25/2016 01:17] [PENJUALAN] CASHIER FORM : calculateTotal [0]
[ADMIN] [10/25/2016 01:17] [PENJUALAN] CASHIER FORM : calculateTotal, totalAfterDisc [0]
[ADMIN] [10/25/2016 01:17] [PENJUALAN] CASHIER FORM : CHECK STOCK QTY IS ENOUGH [2]
[ADMIN] [10/25/2016 01:17] [PENJUALAN] CASHIER FORM : CHECK STOCK QTY IS ENOUGH [100, 1]
[ADMIN] [10/25/2016 01:17] [PENJUALAN] CASHIER FORM : cashierDataGridView_CellValueChanged [qty]
[ADMIN] [10/25/2016 01:17] [PENJUALAN] CASHIER FORM : TextBox_TextChanged, previousInput []
[ADMIN] [10/25/2016 01:17] [PENJUALAN] CASHIER FORM : TextBox_TextChanged, dataGridViewTextBoxEditingControl.Text pass REGEX Checking
[ADMIN] [10/25/2016 01:17] [PENJUALAN] CASHIER FORM : CALCULATE SUBTOTAL
[ADMIN] [10/25/2016 01:17] [PENJUALAN] CASHIER FORM : SUBTOTAL [0]
[ADMIN] [10/25/2016 01:17] [PENJUALAN] CASHIER FORM : TextBox_TextChanged, subtotal value [0]
[ADMIN] [10/25/2016 01:17] [PENJUALAN] CASHIER FORM : TextBox_TextChanged, attempt to calculate total value
[ADMIN] [10/25/2016 01:17] [PENJUALAN] CASHIER FORM : calculateTotal
[ADMIN] [10/25/2016 01:17] [PENJUALAN] CASHIER FORM : calculateTotal [0]
[ADMIN] [10/25/2016 01:17] [PENJUALAN] CASHIER FORM : calculateTotal, totalAfterDisc [0]
[ADMIN] [10/25/2016 01:17] [PENJUALAN] CASHIER FORM : SET QTY TO 1 BECAUSE OF NEW ROW
[ADMIN] [10/25/2016 01:17] [PENJUALAN] CASHIER FORM : CALCULATE SUBTOTAL
[ADMIN] [10/25/2016 01:17] [PENJUALAN] CASHIER FORM : SUBTOTAL [51000]
[ADMIN] [10/25/2016 01:17] [PENJUALAN] CASHIER FORM : cashierDataGridView_CellValueChanged [jumlah]
[ADMIN] [10/25/2016 01:17] [PENJUALAN] CASHIER FORM : calculateTotal
[ADMIN] [10/25/2016 01:17] [PENJUALAN] CASHIER FORM : calculateTotal [51000]
[ADMIN] [10/25/2016 01:17] [PENJUALAN] CASHIER FORM : calculateTotal, totalAfterDisc [51000]
[ADMIN] [10/25/2016 01:17] [PENJUALAN] CASHIER FORM : REGISTER HOTKEY
[ADMIN] [10/25/2016 01:17] [PENJUALAN] CASHIER FORM : UNREGISTER HOTKEY
[ADMIN] [10/25/2016 01:17] [PENJUALAN] CASHIER FORM : UNREGISTER HOTKEY
[ADMIN] [10/25/2016 01:17] [] USER ID = 1LOGOUT
