[] [12/14/2016 11:06] [] USER = ADMIN IS ACTIVE
[ADMIN] [12/14/2016 11:06] [] USER ID = 1 LOGIN SUCCESSFULLY
[ADMIN] [12/14/2016 11:06] [] ACTIVATE USER ACCESS RIGHT
[ADMIN] [12/14/2016 11:06] [] DISPLAY ADMIN FORM
[ADMIN] [12/14/2016 11:06] [] adminForm Load
[ADMIN] [12/14/2016 11:06] [PELANGGAN] ATTEMPT TO SAVE DATA
[ADMIN] [12/14/2016 11:06] [PELANGGAN] INSERT NEW CUSTOMER DATA [ANDRI]
[ADMIN] [12/14/2016 11:06] [PELANGGAN] DATA SAVED
[ADMIN] [12/14/2016 11:06] [PENJUALAN] CASHIER FORM : MULTIPLE CASHIER INSTANCE [1]
[ADMIN] [12/14/2016 11:06] [PENJUALAN] CASHIER FORM : REGISTER HOTKEY
[ADMIN] [12/14/2016 11:06] [PENJUALAN] CASHIER FORM : cashierForm_Load, ATTEMPT TO LOAD NO FAKTUR
[ADMIN] [12/14/2016 11:06] [PENJUALAN] CASHIER FORM : loadNoFaktur, noFakturValue [SLO001]
[ADMIN] [12/14/2016 11:06] [PENJUALAN] CASHIER FORM : cashierForm_Load, ATTEMPT TO addColumnToDataGrid
[ADMIN] [12/14/2016 11:06] [PENJUALAN] CASHIER FORM : calculateTotal
[ADMIN] [12/14/2016 11:06] [PENJUALAN] CASHIER FORM : calculateTotal [0]
[ADMIN] [12/14/2016 11:06] [PENJUALAN] CASHIER FORM : calculateTotal, totalAfterDisc [0]
[ADMIN] [12/14/2016 11:06] [PENJUALAN] CASHIER FORM : REGISTER HOTKEY
[ADMIN] [12/14/2016 11:07] [PENJUALAN] CASHIER FORM : HOTKEY TO ADD NEW ROW PRESSED
[ADMIN] [12/14/2016 11:07] [PENJUALAN] CASHIER FORM : ADD NEW ROW,  isActive [True]
[ADMIN] [12/14/2016 11:07] [PENJUALAN] CASHIER FORM : ADD NEW ROW,  ROW COUNT [0]
[ADMIN] [12/14/2016 11:07] [PENJUALAN] CASHIER FORM : ADD NEW ROW,  ALLOW TO ADD [True]
[ADMIN] [12/14/2016 11:07] [PENJUALAN] CASHIER FORM : cashierDataGridView_CellValueChanged [F8]
[ADMIN] [12/14/2016 11:07] [PENJUALAN] CASHIER FORM : cashierDataGridView_CellValueChanged [hpp]
[ADMIN] [12/14/2016 11:07] [PENJUALAN] CASHIER FORM : cashierDataGridView_CellValueChanged [productPrice]
[ADMIN] [12/14/2016 11:07] [PENJUALAN] CASHIER FORM : TextBox_TextChanged, previousInput []
[ADMIN] [12/14/2016 11:07] [PENJUALAN] CASHIER FORM : TextBox_TextChanged, dataGridViewTextBoxEditingControl.Text pass REGEX Checking
[ADMIN] [12/14/2016 11:07] [PENJUALAN] CASHIER FORM : CALCULATE SUBTOTAL
[ADMIN] [12/14/2016 11:07] [PENJUALAN] CASHIER FORM : SUBTOTAL [0]
[ADMIN] [12/14/2016 11:07] [PENJUALAN] CASHIER FORM : TextBox_TextChanged, subtotal value [0]
[ADMIN] [12/14/2016 11:07] [PENJUALAN] CASHIER FORM : TextBox_TextChanged, attempt to calculate total value
[ADMIN] [12/14/2016 11:07] [PENJUALAN] CASHIER FORM : calculateTotal
[ADMIN] [12/14/2016 11:07] [PENJUALAN] CASHIER FORM : calculateTotal [0]
[ADMIN] [12/14/2016 11:07] [PENJUALAN] CASHIER FORM : calculateTotal, totalAfterDisc [0]
[ADMIN] [12/14/2016 11:07] [PENJUALAN] CASHIER FORM : cashierDataGridView_CellValueChanged [disc1]
[ADMIN] [12/14/2016 11:07] [PENJUALAN] CASHIER FORM : TextBox_TextChanged, previousInput []
[ADMIN] [12/14/2016 11:07] [PENJUALAN] CASHIER FORM : TextBox_TextChanged, dataGridViewTextBoxEditingControl.Text pass REGEX Checking
[ADMIN] [12/14/2016 11:07] [PENJUALAN] CASHIER FORM : CALCULATE SUBTOTAL
[ADMIN] [12/14/2016 11:07] [PENJUALAN] CASHIER FORM : SUBTOTAL [0]
[ADMIN] [12/14/2016 11:07] [PENJUALAN] CASHIER FORM : TextBox_TextChanged, subtotal value [0]
[ADMIN] [12/14/2016 11:07] [PENJUALAN] CASHIER FORM : TextBox_TextChanged, attempt to calculate total value
[ADMIN] [12/14/2016 11:07] [PENJUALAN] CASHIER FORM : calculateTotal
[ADMIN] [12/14/2016 11:07] [PENJUALAN] CASHIER FORM : calculateTotal [0]
[ADMIN] [12/14/2016 11:07] [PENJUALAN] CASHIER FORM : calculateTotal, totalAfterDisc [0]
[ADMIN] [12/14/2016 11:07] [PENJUALAN] CASHIER FORM : cashierDataGridView_CellValueChanged [qty]
[ADMIN] [12/14/2016 11:07] [PENJUALAN] CASHIER FORM : TextBox_TextChanged, previousInput []
[ADMIN] [12/14/2016 11:07] [PENJUALAN] CASHIER FORM : TextBox_TextChanged, dataGridViewTextBoxEditingControl.Text pass REGEX Checking
[ADMIN] [12/14/2016 11:07] [PENJUALAN] CASHIER FORM : CALCULATE SUBTOTAL
[ADMIN] [12/14/2016 11:07] [PENJUALAN] CASHIER FORM : SUBTOTAL [0]
[ADMIN] [12/14/2016 11:07] [PENJUALAN] CASHIER FORM : TextBox_TextChanged, subtotal value [0]
[ADMIN] [12/14/2016 11:07] [PENJUALAN] CASHIER FORM : TextBox_TextChanged, attempt to calculate total value
[ADMIN] [12/14/2016 11:07] [PENJUALAN] CASHIER FORM : calculateTotal
[ADMIN] [12/14/2016 11:07] [PENJUALAN] CASHIER FORM : calculateTotal [0]
[ADMIN] [12/14/2016 11:07] [PENJUALAN] CASHIER FORM : calculateTotal, totalAfterDisc [0]
[ADMIN] [12/14/2016 11:07] [PENJUALAN] CASHIER FORM : cashierDataGridView_CellValueChanged [disc2]
[ADMIN] [12/14/2016 11:07] [PENJUALAN] CASHIER FORM : TextBox_TextChanged, previousInput []
[ADMIN] [12/14/2016 11:07] [PENJUALAN] CASHIER FORM : TextBox_TextChanged, dataGridViewTextBoxEditingControl.Text pass REGEX Checking
[ADMIN] [12/14/2016 11:07] [PENJUALAN] CASHIER FORM : CALCULATE SUBTOTAL
[ADMIN] [12/14/2016 11:07] [PENJUALAN] CASHIER FORM : SUBTOTAL [0]
[ADMIN] [12/14/2016 11:07] [PENJUALAN] CASHIER FORM : TextBox_TextChanged, subtotal value [0]
[ADMIN] [12/14/2016 11:07] [PENJUALAN] CASHIER FORM : TextBox_TextChanged, attempt to calculate total value
[ADMIN] [12/14/2016 11:07] [PENJUALAN] CASHIER FORM : calculateTotal
[ADMIN] [12/14/2016 11:07] [PENJUALAN] CASHIER FORM : calculateTotal [0]
[ADMIN] [12/14/2016 11:07] [PENJUALAN] CASHIER FORM : calculateTotal, totalAfterDisc [0]
[ADMIN] [12/14/2016 11:07] [PENJUALAN] CASHIER FORM : cashierDataGridView_CellValueChanged [discRP]
[ADMIN] [12/14/2016 11:07] [PENJUALAN] CASHIER FORM : TextBox_TextChanged, previousInput []
[ADMIN] [12/14/2016 11:07] [PENJUALAN] CASHIER FORM : TextBox_TextChanged, dataGridViewTextBoxEditingControl.Text pass REGEX Checking
[ADMIN] [12/14/2016 11:07] [PENJUALAN] CASHIER FORM : CALCULATE SUBTOTAL
[ADMIN] [12/14/2016 11:07] [PENJUALAN] CASHIER FORM : SUBTOTAL [0]
[ADMIN] [12/14/2016 11:07] [PENJUALAN] CASHIER FORM : TextBox_TextChanged, subtotal value [0]
[ADMIN] [12/14/2016 11:07] [PENJUALAN] CASHIER FORM : TextBox_TextChanged, attempt to calculate total value
[ADMIN] [12/14/2016 11:07] [PENJUALAN] CASHIER FORM : calculateTotal
[ADMIN] [12/14/2016 11:07] [PENJUALAN] CASHIER FORM : calculateTotal [0]
[ADMIN] [12/14/2016 11:07] [PENJUALAN] CASHIER FORM : calculateTotal, totalAfterDisc [0]
[ADMIN] [12/14/2016 11:07] [PENJUALAN] CASHIER FORM : cashierDataGridView_CellValueChanged [jumlah]
[ADMIN] [12/14/2016 11:07] [PENJUALAN] CASHIER FORM : cashierDataGridView_CellValueChanged [productName]
[ADMIN] [12/14/2016 11:07] [PENJUALAN] CASHIER FORM : cashierDataGridView_CellValueChanged [productName]
[ADMIN] [12/14/2016 11:07] [PENJUALAN] CASHIER FORM : calculateTotal
[ADMIN] [12/14/2016 11:07] [PENJUALAN] CASHIER FORM : calculateTotal [0]
[ADMIN] [12/14/2016 11:07] [PENJUALAN] CASHIER FORM : calculateTotal, totalAfterDisc [0]
[ADMIN] [12/14/2016 11:07] [PENJUALAN] CASHIER FORM : cashierDataGridView_CellValueChanged [productName]
[ADMIN] [12/14/2016 11:07] [PENJUALAN] CASHIER FORM : cashierDataGridView_CellValueChanged [productName]
[ADMIN] [12/14/2016 11:07] [PENJUALAN] CASHIER FORM : cashierDataGridView_CellValueChanged [productName]
[ADMIN] [12/14/2016 11:07] [PENJUALAN] CASHIER FORM : calculateTotal
[ADMIN] [12/14/2016 11:07] [PENJUALAN] CASHIER FORM : calculateTotal [0]
[ADMIN] [12/14/2016 11:07] [PENJUALAN] CASHIER FORM : calculateTotal, totalAfterDisc [0]
[ADMIN] [12/14/2016 11:07] [PENJUALAN] CASHIER FORM : cashierDataGridView_CellValueChanged [productName]
[ADMIN] [12/14/2016 11:07] [PENJUALAN] CASHIER FORM : UNREGISTER HOTKEY
[ADMIN] [12/14/2016 11:07] [PENJUALAN] CASHIER FORM : UNREGISTER HOTKEY
[ADMIN] [12/14/2016 11:07] [KATEGORI PRODUK] ADD NEW CATEGORY [BARU]
[ADMIN] [12/14/2016 11:08] [SATUAN PRODUK] ADD NEW UNIT [PCS]
[ADMIN] [12/14/2016 11:08] [TAMBAH / UPDATE PRODUK] INSERT NEW PRODUCT [1]
[ADMIN] [12/14/2016 11:08] [TAMBAH / UPDATE PRODUK] INSERT PRODUCT CATEGORY FOR [1]
[ADMIN] [12/14/2016 11:08] [PENJUALAN] CASHIER FORM : MULTIPLE CASHIER INSTANCE [1]
[ADMIN] [12/14/2016 11:08] [PENJUALAN] CASHIER FORM : REGISTER HOTKEY
[ADMIN] [12/14/2016 11:08] [PENJUALAN] CASHIER FORM : cashierForm_Load, ATTEMPT TO LOAD NO FAKTUR
[ADMIN] [12/14/2016 11:08] [PENJUALAN] CASHIER FORM : loadNoFaktur, noFakturValue [SLO001]
[ADMIN] [12/14/2016 11:08] [PENJUALAN] CASHIER FORM : cashierForm_Load, ATTEMPT TO addColumnToDataGrid
[ADMIN] [12/14/2016 11:08] [PENJUALAN] CASHIER FORM : calculateTotal
[ADMIN] [12/14/2016 11:08] [PENJUALAN] CASHIER FORM : calculateTotal [0]
[ADMIN] [12/14/2016 11:08] [PENJUALAN] CASHIER FORM : calculateTotal, totalAfterDisc [0]
[ADMIN] [12/14/2016 11:08] [PENJUALAN] CASHIER FORM : REGISTER HOTKEY
[ADMIN] [12/14/2016 11:08] [PENJUALAN] CASHIER FORM : HOTKEY TO ADD NEW ROW PRESSED
[ADMIN] [12/14/2016 11:08] [PENJUALAN] CASHIER FORM : ADD NEW ROW,  isActive [True]
[ADMIN] [12/14/2016 11:08] [PENJUALAN] CASHIER FORM : ADD NEW ROW,  ROW COUNT [0]
[ADMIN] [12/14/2016 11:08] [PENJUALAN] CASHIER FORM : ADD NEW ROW,  ALLOW TO ADD [True]
[ADMIN] [12/14/2016 11:08] [PENJUALAN] CASHIER FORM : cashierDataGridView_CellValueChanged [F8]
[ADMIN] [12/14/2016 11:08] [PENJUALAN] CASHIER FORM : cashierDataGridView_CellValueChanged [hpp]
[ADMIN] [12/14/2016 11:08] [PENJUALAN] CASHIER FORM : cashierDataGridView_CellValueChanged [productPrice]
[ADMIN] [12/14/2016 11:08] [PENJUALAN] CASHIER FORM : TextBox_TextChanged, previousInput []
[ADMIN] [12/14/2016 11:08] [PENJUALAN] CASHIER FORM : TextBox_TextChanged, dataGridViewTextBoxEditingControl.Text pass REGEX Checking
[ADMIN] [12/14/2016 11:08] [PENJUALAN] CASHIER FORM : CALCULATE SUBTOTAL
[ADMIN] [12/14/2016 11:08] [PENJUALAN] CASHIER FORM : SUBTOTAL [0]
[ADMIN] [12/14/2016 11:08] [PENJUALAN] CASHIER FORM : TextBox_TextChanged, subtotal value [0]
[ADMIN] [12/14/2016 11:08] [PENJUALAN] CASHIER FORM : TextBox_TextChanged, attempt to calculate total value
[ADMIN] [12/14/2016 11:08] [PENJUALAN] CASHIER FORM : calculateTotal
[ADMIN] [12/14/2016 11:08] [PENJUALAN] CASHIER FORM : calculateTotal [0]
[ADMIN] [12/14/2016 11:08] [PENJUALAN] CASHIER FORM : calculateTotal, totalAfterDisc [0]
[ADMIN] [12/14/2016 11:08] [PENJUALAN] CASHIER FORM : cashierDataGridView_CellValueChanged [disc1]
[ADMIN] [12/14/2016 11:08] [PENJUALAN] CASHIER FORM : TextBox_TextChanged, previousInput []
[ADMIN] [12/14/2016 11:08] [PENJUALAN] CASHIER FORM : TextBox_TextChanged, dataGridViewTextBoxEditingControl.Text pass REGEX Checking
[ADMIN] [12/14/2016 11:08] [PENJUALAN] CASHIER FORM : CALCULATE SUBTOTAL
[ADMIN] [12/14/2016 11:08] [PENJUALAN] CASHIER FORM : SUBTOTAL [0]
[ADMIN] [12/14/2016 11:08] [PENJUALAN] CASHIER FORM : TextBox_TextChanged, subtotal value [0]
[ADMIN] [12/14/2016 11:08] [PENJUALAN] CASHIER FORM : TextBox_TextChanged, attempt to calculate total value
[ADMIN] [12/14/2016 11:08] [PENJUALAN] CASHIER FORM : calculateTotal
[ADMIN] [12/14/2016 11:08] [PENJUALAN] CASHIER FORM : calculateTotal [0]
[ADMIN] [12/14/2016 11:08] [PENJUALAN] CASHIER FORM : calculateTotal, totalAfterDisc [0]
[ADMIN] [12/14/2016 11:08] [PENJUALAN] CASHIER FORM : cashierDataGridView_CellValueChanged [qty]
[ADMIN] [12/14/2016 11:08] [PENJUALAN] CASHIER FORM : TextBox_TextChanged, previousInput []
[ADMIN] [12/14/2016 11:08] [PENJUALAN] CASHIER FORM : TextBox_TextChanged, dataGridViewTextBoxEditingControl.Text pass REGEX Checking
[ADMIN] [12/14/2016 11:08] [PENJUALAN] CASHIER FORM : CALCULATE SUBTOTAL
[ADMIN] [12/14/2016 11:08] [PENJUALAN] CASHIER FORM : SUBTOTAL [0]
[ADMIN] [12/14/2016 11:08] [PENJUALAN] CASHIER FORM : TextBox_TextChanged, subtotal value [0]
[ADMIN] [12/14/2016 11:08] [PENJUALAN] CASHIER FORM : TextBox_TextChanged, attempt to calculate total value
[ADMIN] [12/14/2016 11:08] [PENJUALAN] CASHIER FORM : calculateTotal
[ADMIN] [12/14/2016 11:08] [PENJUALAN] CASHIER FORM : calculateTotal [0]
[ADMIN] [12/14/2016 11:08] [PENJUALAN] CASHIER FORM : calculateTotal, totalAfterDisc [0]
[ADMIN] [12/14/2016 11:08] [PENJUALAN] CASHIER FORM : cashierDataGridView_CellValueChanged [disc2]
[ADMIN] [12/14/2016 11:08] [PENJUALAN] CASHIER FORM : TextBox_TextChanged, previousInput []
[ADMIN] [12/14/2016 11:08] [PENJUALAN] CASHIER FORM : TextBox_TextChanged, dataGridViewTextBoxEditingControl.Text pass REGEX Checking
[ADMIN] [12/14/2016 11:08] [PENJUALAN] CASHIER FORM : CALCULATE SUBTOTAL
[ADMIN] [12/14/2016 11:08] [PENJUALAN] CASHIER FORM : SUBTOTAL [0]
[ADMIN] [12/14/2016 11:08] [PENJUALAN] CASHIER FORM : TextBox_TextChanged, subtotal value [0]
[ADMIN] [12/14/2016 11:08] [PENJUALAN] CASHIER FORM : TextBox_TextChanged, attempt to calculate total value
[ADMIN] [12/14/2016 11:08] [PENJUALAN] CASHIER FORM : calculateTotal
[ADMIN] [12/14/2016 11:08] [PENJUALAN] CASHIER FORM : calculateTotal [0]
[ADMIN] [12/14/2016 11:08] [PENJUALAN] CASHIER FORM : calculateTotal, totalAfterDisc [0]
[ADMIN] [12/14/2016 11:08] [PENJUALAN] CASHIER FORM : cashierDataGridView_CellValueChanged [discRP]
[ADMIN] [12/14/2016 11:08] [PENJUALAN] CASHIER FORM : TextBox_TextChanged, previousInput []
[ADMIN] [12/14/2016 11:08] [PENJUALAN] CASHIER FORM : TextBox_TextChanged, dataGridViewTextBoxEditingControl.Text pass REGEX Checking
[ADMIN] [12/14/2016 11:08] [PENJUALAN] CASHIER FORM : CALCULATE SUBTOTAL
[ADMIN] [12/14/2016 11:08] [PENJUALAN] CASHIER FORM : SUBTOTAL [0]
[ADMIN] [12/14/2016 11:08] [PENJUALAN] CASHIER FORM : TextBox_TextChanged, subtotal value [0]
[ADMIN] [12/14/2016 11:08] [PENJUALAN] CASHIER FORM : TextBox_TextChanged, attempt to calculate total value
[ADMIN] [12/14/2016 11:08] [PENJUALAN] CASHIER FORM : calculateTotal
[ADMIN] [12/14/2016 11:08] [PENJUALAN] CASHIER FORM : calculateTotal [0]
[ADMIN] [12/14/2016 11:08] [PENJUALAN] CASHIER FORM : calculateTotal, totalAfterDisc [0]
[ADMIN] [12/14/2016 11:08] [PENJUALAN] CASHIER FORM : cashierDataGridView_CellValueChanged [jumlah]
[ADMIN] [12/14/2016 11:08] [PENJUALAN] CASHIER FORM : cashierDataGridView_CellValueChanged [productName]
[ADMIN] [12/14/2016 11:08] [PENJUALAN] CASHIER FORM : cashierDataGridView_CellValueChanged [productName]
[ADMIN] [12/14/2016 11:08] [PENJUALAN] CASHIER FORM : calculateTotal
[ADMIN] [12/14/2016 11:08] [PENJUALAN] CASHIER FORM : calculateTotal [0]
[ADMIN] [12/14/2016 11:08] [PENJUALAN] CASHIER FORM : calculateTotal, totalAfterDisc [0]
[ADMIN] [12/14/2016 11:08] [PENJUALAN] CASHIER FORM : cashierDataGridView_CellValueChanged [productName]
[ADMIN] [12/14/2016 11:08] [PENJUALAN] CASHIER FORM : cashierDataGridView_CellValueChanged [productName]
[ADMIN] [12/14/2016 11:08] [PENJUALAN] CASHIER FORM : calculateTotal
[ADMIN] [12/14/2016 11:08] [PENJUALAN] CASHIER FORM : calculateTotal [0]
[ADMIN] [12/14/2016 11:08] [PENJUALAN] CASHIER FORM : calculateTotal, totalAfterDisc [0]
[ADMIN] [12/14/2016 11:08] [PENJUALAN] CASHIER FORM : cashierDataGridView_CellValueChanged [productName]
[ADMIN] [12/14/2016 11:08] [PENJUALAN] CASHIER FORM : cashierDataGridView_CellValueChanged [productID]
[ADMIN] [12/14/2016 11:08] [PENJUALAN] CASHIER FORM : PRODUCT PRICE TYPE [PRODUCT_BASE_PRICE]
[ADMIN] [12/14/2016 11:08] [PENJUALAN] CASHIER FORM : PRODUCT PRICE [1000000]
[ADMIN] [12/14/2016 11:08] [PENJUALAN] CASHIER FORM : ComboBox_SelectedIndexChanged, PRODUCT_BASE_PRICE [1000000]
[ADMIN] [12/14/2016 11:08] [PENJUALAN] CASHIER FORM : cashierDataGridView_CellValueChanged [hpp]
[ADMIN] [12/14/2016 11:08] [PENJUALAN] CASHIER FORM : PRODUCT PRICE TYPE [PRODUCT_RETAIL_PRICE]
[ADMIN] [12/14/2016 11:08] [PENJUALAN] CASHIER FORM : PRODUCT PRICE [1000000]
[ADMIN] [12/14/2016 11:08] [PENJUALAN] CASHIER FORM : ComboBox_SelectedIndexChanged, PRODUCT_SALES_PRICE [1000000]
[ADMIN] [12/14/2016 11:08] [PENJUALAN] CASHIER FORM : cashierDataGridView_CellValueChanged [productPrice]
[ADMIN] [12/14/2016 11:08] [PENJUALAN] CASHIER FORM : TextBox_TextChanged, previousInput []
[ADMIN] [12/14/2016 11:08] [PENJUALAN] CASHIER FORM : TextBox_TextChanged, dataGridViewTextBoxEditingControl.Text pass REGEX Checking
[ADMIN] [12/14/2016 11:08] [PENJUALAN] CASHIER FORM : CALCULATE SUBTOTAL
[ADMIN] [12/14/2016 11:08] [PENJUALAN] CASHIER FORM : SUBTOTAL [0]
[ADMIN] [12/14/2016 11:08] [PENJUALAN] CASHIER FORM : TextBox_TextChanged, subtotal value [0]
[ADMIN] [12/14/2016 11:08] [PENJUALAN] CASHIER FORM : TextBox_TextChanged, attempt to calculate total value
[ADMIN] [12/14/2016 11:08] [PENJUALAN] CASHIER FORM : calculateTotal
[ADMIN] [12/14/2016 11:08] [PENJUALAN] CASHIER FORM : calculateTotal [0]
[ADMIN] [12/14/2016 11:08] [PENJUALAN] CASHIER FORM : calculateTotal, totalAfterDisc [0]
[ADMIN] [12/14/2016 11:08] [PENJUALAN] CASHIER FORM : cashierDataGridView_CellValueChanged [qty]
[ADMIN] [12/14/2016 11:08] [PENJUALAN] CASHIER FORM : TextBox_TextChanged, previousInput []
[ADMIN] [12/14/2016 11:08] [PENJUALAN] CASHIER FORM : TextBox_TextChanged, dataGridViewTextBoxEditingControl.Text pass REGEX Checking
[ADMIN] [12/14/2016 11:08] [PENJUALAN] CASHIER FORM : CALCULATE SUBTOTAL
[ADMIN] [12/14/2016 11:08] [PENJUALAN] CASHIER FORM : SUBTOTAL [0]
[ADMIN] [12/14/2016 11:08] [PENJUALAN] CASHIER FORM : TextBox_TextChanged, subtotal value [0]
[ADMIN] [12/14/2016 11:08] [PENJUALAN] CASHIER FORM : TextBox_TextChanged, attempt to calculate total value
[ADMIN] [12/14/2016 11:08] [PENJUALAN] CASHIER FORM : calculateTotal
[ADMIN] [12/14/2016 11:08] [PENJUALAN] CASHIER FORM : calculateTotal [0]
[ADMIN] [12/14/2016 11:08] [PENJUALAN] CASHIER FORM : calculateTotal, totalAfterDisc [0]
[ADMIN] [12/14/2016 11:08] [PENJUALAN] CASHIER FORM : ComboBox_SelectedIndexChanged, attempt to calculate total
[ADMIN] [12/14/2016 11:08] [PENJUALAN] CASHIER FORM : calculateTotal
[ADMIN] [12/14/2016 11:08] [PENJUALAN] CASHIER FORM : calculateTotal [0]
[ADMIN] [12/14/2016 11:08] [PENJUALAN] CASHIER FORM : calculateTotal, totalAfterDisc [0]
[ADMIN] [12/14/2016 11:08] [PENJUALAN] CASHIER FORM : cashierDataGridView_CellValueChanged [productName]
[ADMIN] [12/14/2016 11:08] [PENJUALAN] CASHIER FORM : cashierDataGridView_CellValueChanged [productName]
[ADMIN] [12/14/2016 11:08] [PENJUALAN] CASHIER FORM : cashierDataGridView_CellValueChanged [hpp]
[ADMIN] [12/14/2016 11:08] [PENJUALAN] CASHIER FORM : cashierDataGridView_CellValueChanged [productPrice]
[ADMIN] [12/14/2016 11:08] [PENJUALAN] CASHIER FORM : TextBox_TextChanged, previousInput []
[ADMIN] [12/14/2016 11:08] [PENJUALAN] CASHIER FORM : TextBox_TextChanged, dataGridViewTextBoxEditingControl.Text pass REGEX Checking
[ADMIN] [12/14/2016 11:08] [PENJUALAN] CASHIER FORM : CALCULATE SUBTOTAL
[ADMIN] [12/14/2016 11:08] [PENJUALAN] CASHIER FORM : SUBTOTAL [0]
[ADMIN] [12/14/2016 11:08] [PENJUALAN] CASHIER FORM : TextBox_TextChanged, subtotal value [0]
[ADMIN] [12/14/2016 11:08] [PENJUALAN] CASHIER FORM : TextBox_TextChanged, attempt to calculate total value
[ADMIN] [12/14/2016 11:08] [PENJUALAN] CASHIER FORM : calculateTotal
[ADMIN] [12/14/2016 11:08] [PENJUALAN] CASHIER FORM : calculateTotal [0]
[ADMIN] [12/14/2016 11:08] [PENJUALAN] CASHIER FORM : calculateTotal, totalAfterDisc [0]
[ADMIN] [12/14/2016 11:08] [PENJUALAN] CASHIER FORM : cashierDataGridView_CellValueChanged [qty]
[ADMIN] [12/14/2016 11:08] [PENJUALAN] CASHIER FORM : TextBox_TextChanged, previousInput []
[ADMIN] [12/14/2016 11:08] [PENJUALAN] CASHIER FORM : TextBox_TextChanged, dataGridViewTextBoxEditingControl.Text pass REGEX Checking
[ADMIN] [12/14/2016 11:08] [PENJUALAN] CASHIER FORM : CALCULATE SUBTOTAL
[ADMIN] [12/14/2016 11:08] [PENJUALAN] CASHIER FORM : SUBTOTAL [0]
[ADMIN] [12/14/2016 11:08] [PENJUALAN] CASHIER FORM : TextBox_TextChanged, subtotal value [0]
[ADMIN] [12/14/2016 11:08] [PENJUALAN] CASHIER FORM : TextBox_TextChanged, attempt to calculate total value
[ADMIN] [12/14/2016 11:08] [PENJUALAN] CASHIER FORM : calculateTotal
[ADMIN] [12/14/2016 11:08] [PENJUALAN] CASHIER FORM : calculateTotal [0]
[ADMIN] [12/14/2016 11:08] [PENJUALAN] CASHIER FORM : calculateTotal, totalAfterDisc [0]
[ADMIN] [12/14/2016 11:08] [PENJUALAN] CASHIER FORM : cashierDataGridView_CellValueChanged [jumlah]
[ADMIN] [12/14/2016 11:08] [PENJUALAN] CASHIER FORM : calculateTotal
[ADMIN] [12/14/2016 11:08] [PENJUALAN] CASHIER FORM : calculateTotal [0]
[ADMIN] [12/14/2016 11:08] [PENJUALAN] CASHIER FORM : calculateTotal, totalAfterDisc [0]
[ADMIN] [12/14/2016 11:08] [PENJUALAN] CASHIER FORM : cashierDataGridView_CellValueChanged [productName]
[ADMIN] [12/14/2016 11:08] [PENJUALAN] CASHIER FORM : cashierDataGridView_CellValueChanged [productName]
[ADMIN] [12/14/2016 11:08] [PENJUALAN] CASHIER FORM : calculateTotal
[ADMIN] [12/14/2016 11:08] [PENJUALAN] CASHIER FORM : calculateTotal [0]
[ADMIN] [12/14/2016 11:08] [PENJUALAN] CASHIER FORM : calculateTotal, totalAfterDisc [0]
[ADMIN] [12/14/2016 11:08] [PENJUALAN] CASHIER FORM : cashierDataGridView_CellValueChanged [productName]
[ADMIN] [12/14/2016 11:08] [PENJUALAN] CASHIER FORM : cashierDataGridView_CellValueChanged [productName]
[ADMIN] [12/14/2016 11:08] [PENJUALAN] CASHIER FORM : calculateTotal
[ADMIN] [12/14/2016 11:08] [PENJUALAN] CASHIER FORM : calculateTotal [0]
[ADMIN] [12/14/2016 11:08] [PENJUALAN] CASHIER FORM : calculateTotal, totalAfterDisc [0]
[ADMIN] [12/14/2016 11:08] [PENJUALAN] CASHIER FORM : cashierDataGridView_CellValueChanged [productName]
[ADMIN] [12/14/2016 11:08] [PENJUALAN] CASHIER FORM : cashierDataGridView_CellValueChanged [productName]
[ADMIN] [12/14/2016 11:08] [PENJUALAN] CASHIER FORM : cashierDataGridView_CellValueChanged [productName]
[ADMIN] [12/14/2016 11:08] [PENJUALAN] CASHIER FORM : calculateTotal
[ADMIN] [12/14/2016 11:08] [PENJUALAN] CASHIER FORM : calculateTotal [0]
[ADMIN] [12/14/2016 11:08] [PENJUALAN] CASHIER FORM : calculateTotal, totalAfterDisc [0]
[ADMIN] [12/14/2016 11:08] [PENJUALAN] CASHIER FORM : cashierDataGridView_CellValueChanged [productName]
[ADMIN] [12/14/2016 11:08] [PENJUALAN] CASHIER FORM : cashierDataGridView_CellValueChanged [productName]
[ADMIN] [12/14/2016 11:08] [PENJUALAN] CASHIER FORM : calculateTotal
[ADMIN] [12/14/2016 11:08] [PENJUALAN] CASHIER FORM : calculateTotal [0]
[ADMIN] [12/14/2016 11:08] [PENJUALAN] CASHIER FORM : calculateTotal, totalAfterDisc [0]
[ADMIN] [12/14/2016 11:08] [PENJUALAN] CASHIER FORM : cashierDataGridView_CellValueChanged [productName]
[ADMIN] [12/14/2016 11:08] [PENJUALAN] CASHIER FORM : cashierDataGridView_CellValueChanged [productName]
[ADMIN] [12/14/2016 11:08] [PENJUALAN] CASHIER FORM : calculateTotal
[ADMIN] [12/14/2016 11:08] [PENJUALAN] CASHIER FORM : calculateTotal [0]
[ADMIN] [12/14/2016 11:08] [PENJUALAN] CASHIER FORM : calculateTotal, totalAfterDisc [0]
[ADMIN] [12/14/2016 11:08] [PENJUALAN] CASHIER FORM : cashierDataGridView_CellValueChanged [productName]
[ADMIN] [12/14/2016 11:09] [PENJUALAN] CASHIER FORM : cashierDataGridView_CellValueChanged [qty]
[ADMIN] [12/14/2016 11:09] [PENJUALAN] CASHIER FORM : TextBox_TextChanged, previousInput [0]
[ADMIN] [12/14/2016 11:09] [PENJUALAN] CASHIER FORM : TextBox_TextChanged, dataGridViewTextBoxEditingControl.Text [2]
[ADMIN] [12/14/2016 11:09] [PENJUALAN] CASHIER FORM : TextBox_TextChanged, dataGridViewTextBoxEditingControl.Text pass REGEX Checking
[ADMIN] [12/14/2016 11:09] [PENJUALAN] CASHIER FORM : CHECK STOCK QTY IS ENOUGH [1]
[ADMIN] [12/14/2016 11:09] [PENJUALAN] CASHIER FORM : CHECK STOCK QTY IS ENOUGH [3998, 2]
[ADMIN] [12/14/2016 11:09] [PENJUALAN] CASHIER FORM : CALCULATE SUBTOTAL
[ADMIN] [12/14/2016 11:09] [PENJUALAN] CASHIER FORM : SUBTOTAL [0]
[ADMIN] [12/14/2016 11:09] [PENJUALAN] CASHIER FORM : TextBox_TextChanged, subtotal value [0]
[ADMIN] [12/14/2016 11:09] [PENJUALAN] CASHIER FORM : TextBox_TextChanged, attempt to calculate total value
[ADMIN] [12/14/2016 11:09] [PENJUALAN] CASHIER FORM : calculateTotal
[ADMIN] [12/14/2016 11:09] [PENJUALAN] CASHIER FORM : calculateTotal [0]
[ADMIN] [12/14/2016 11:09] [PENJUALAN] CASHIER FORM : calculateTotal, totalAfterDisc [0]
[ADMIN] [12/14/2016 11:09] [PENJUALAN] CASHIER FORM : cashierDataGridView_CellValueChanged [qty]
[ADMIN] [12/14/2016 11:09] [PENJUALAN] CASHIER FORM : TextBox_TextChanged, previousInput [2]
[ADMIN] [12/14/2016 11:09] [PENJUALAN] CASHIER FORM : TextBox_TextChanged, dataGridViewTextBoxEditingControl.Text pass REGEX Checking
[ADMIN] [12/14/2016 11:09] [PENJUALAN] CASHIER FORM : CHECK STOCK QTY IS ENOUGH [1]
[ADMIN] [12/14/2016 11:09] [PENJUALAN] CASHIER FORM : CHECK STOCK QTY IS ENOUGH [3998, 20]
[ADMIN] [12/14/2016 11:09] [PENJUALAN] CASHIER FORM : CALCULATE SUBTOTAL
[ADMIN] [12/14/2016 11:09] [PENJUALAN] CASHIER FORM : SUBTOTAL [0]
[ADMIN] [12/14/2016 11:09] [PENJUALAN] CASHIER FORM : TextBox_TextChanged, subtotal value [0]
[ADMIN] [12/14/2016 11:09] [PENJUALAN] CASHIER FORM : TextBox_TextChanged, attempt to calculate total value
[ADMIN] [12/14/2016 11:09] [PENJUALAN] CASHIER FORM : calculateTotal
[ADMIN] [12/14/2016 11:09] [PENJUALAN] CASHIER FORM : calculateTotal [0]
[ADMIN] [12/14/2016 11:09] [PENJUALAN] CASHIER FORM : calculateTotal, totalAfterDisc [0]
[ADMIN] [12/14/2016 11:09] [PENJUALAN] CASHIER FORM : DISPLAY PELANGGAN FORM
[ADMIN] [12/14/2016 11:09] [PENJUALAN] CASHIER FORM : UNREGISTER HOTKEY
[ADMIN] [12/14/2016 11:09] [PENJUALAN] CASHIER FORM : SELECTED CUSTOMER ID [1]
[ADMIN] [12/14/2016 11:09] [PENJUALAN] CASHIER FORM : ATTEMPT TO SET CUSTOMER PROFILE
[ADMIN] [12/14/2016 11:09] [PENJUALAN] CASHIER FORM : SET CUSTOMER PROFILE [ANDRI]
[ADMIN] [12/14/2016 11:09] [PENJUALAN] CASHIER FORM : CUSTOMER GROUP [P-UMUM [ECER]]
[ADMIN] [12/14/2016 11:09] [PENJUALAN] CASHIER FORM : FINISHED SET CUSTOMER PROFILE
[ADMIN] [12/14/2016 11:09] [PENJUALAN] CASHIER FORM : ATTEMPT TO REFRESH PRODUCT PRICE
[ADMIN] [12/14/2016 11:09] [PENJUALAN] CASHIER FORM : PRODUCT PRICE TYPE [PRODUCT_RETAIL_PRICE]
[ADMIN] [12/14/2016 11:09] [PENJUALAN] CASHIER FORM : PRODUCT PRICE [1000000]
[ADMIN] [12/14/2016 11:09] [PENJUALAN] CASHIER FORM : cashierDataGridView_CellValueChanged [productPrice]
[ADMIN] [12/14/2016 11:09] [PENJUALAN] CASHIER FORM : TextBox_TextChanged, previousInput [0]
[ADMIN] [12/14/2016 11:09] [PENJUALAN] CASHIER FORM : TextBox_TextChanged, dataGridViewTextBoxEditingControl.Text [1000000]
[ADMIN] [12/14/2016 11:09] [PENJUALAN] CASHIER FORM : TextBox_TextChanged, dataGridViewTextBoxEditingControl.Text pass REGEX Checking
[ADMIN] [12/14/2016 11:09] [PENJUALAN] CASHIER FORM : CALCULATE SUBTOTAL
[ADMIN] [12/14/2016 11:09] [PENJUALAN] CASHIER FORM : SUBTOTAL [-199980000000]
[ADMIN] [12/14/2016 11:09] [PENJUALAN] CASHIER FORM : TextBox_TextChanged, subtotal value [-199980000000]
[ADMIN] [12/14/2016 11:09] [PENJUALAN] CASHIER FORM : TextBox_TextChanged, attempt to calculate total value
[ADMIN] [12/14/2016 11:09] [PENJUALAN] CASHIER FORM : calculateTotal
[ADMIN] [12/14/2016 11:09] [PENJUALAN] CASHIER FORM : calculateTotal [-199980000000]
[ADMIN] [12/14/2016 11:09] [PENJUALAN] CASHIER FORM : calculateTotal, totalAfterDisc [-199980000000]
[ADMIN] [12/14/2016 11:09] [PENJUALAN] CASHIER FORM : CHECK IF THERE'S ANY ENTRY IN THE PRODUCT DISC
[ADMIN] [12/14/2016 11:09] [PENJUALAN] CASHIER FORM : cashierDataGridView_CellValueChanged [disc1]
[ADMIN] [12/14/2016 11:09] [PENJUALAN] CASHIER FORM : TextBox_TextChanged, previousInput [1000000]
[ADMIN] [12/14/2016 11:09] [PENJUALAN] CASHIER FORM : TextBox_TextChanged, dataGridViewTextBoxEditingControl.Text pass REGEX Checking
[ADMIN] [12/14/2016 11:09] [PENJUALAN] CASHIER FORM : CALCULATE SUBTOTAL
[ADMIN] [12/14/2016 11:09] [PENJUALAN] CASHIER FORM : SUBTOTAL [20000000]
[ADMIN] [12/14/2016 11:09] [PENJUALAN] CASHIER FORM : TextBox_TextChanged, subtotal value [20000000]
[ADMIN] [12/14/2016 11:09] [PENJUALAN] CASHIER FORM : TextBox_TextChanged, attempt to calculate total value
[ADMIN] [12/14/2016 11:09] [PENJUALAN] CASHIER FORM : calculateTotal
[ADMIN] [12/14/2016 11:09] [PENJUALAN] CASHIER FORM : calculateTotal [20000000]
[ADMIN] [12/14/2016 11:09] [PENJUALAN] CASHIER FORM : calculateTotal, totalAfterDisc [20000000]
[ADMIN] [12/14/2016 11:09] [PENJUALAN] CASHIER FORM : cashierDataGridView_CellValueChanged [disc2]
[ADMIN] [12/14/2016 11:09] [PENJUALAN] CASHIER FORM : TextBox_TextChanged, previousInput [0]
[ADMIN] [12/14/2016 11:09] [PENJUALAN] CASHIER FORM : TextBox_TextChanged, dataGridViewTextBoxEditingControl.Text [0]
[ADMIN] [12/14/2016 11:09] [PENJUALAN] CASHIER FORM : TextBox_TextChanged, dataGridViewTextBoxEditingControl.Text pass REGEX Checking
[ADMIN] [12/14/2016 11:09] [PENJUALAN] CASHIER FORM : CALCULATE SUBTOTAL
[ADMIN] [12/14/2016 11:09] [PENJUALAN] CASHIER FORM : SUBTOTAL [20000000]
[ADMIN] [12/14/2016 11:09] [PENJUALAN] CASHIER FORM : TextBox_TextChanged, subtotal value [20000000]
[ADMIN] [12/14/2016 11:09] [PENJUALAN] CASHIER FORM : TextBox_TextChanged, attempt to calculate total value
[ADMIN] [12/14/2016 11:09] [PENJUALAN] CASHIER FORM : calculateTotal
[ADMIN] [12/14/2016 11:09] [PENJUALAN] CASHIER FORM : calculateTotal [20000000]
[ADMIN] [12/14/2016 11:09] [PENJUALAN] CASHIER FORM : calculateTotal, totalAfterDisc [20000000]
[ADMIN] [12/14/2016 11:09] [PENJUALAN] CASHIER FORM : cashierDataGridView_CellValueChanged [discRP]
[ADMIN] [12/14/2016 11:09] [PENJUALAN] CASHIER FORM : TextBox_TextChanged, previousInput [0]
[ADMIN] [12/14/2016 11:09] [PENJUALAN] CASHIER FORM : TextBox_TextChanged, dataGridViewTextBoxEditingControl.Text [0]
[ADMIN] [12/14/2016 11:09] [PENJUALAN] CASHIER FORM : TextBox_TextChanged, dataGridViewTextBoxEditingControl.Text pass REGEX Checking
[ADMIN] [12/14/2016 11:09] [PENJUALAN] CASHIER FORM : CALCULATE SUBTOTAL
[ADMIN] [12/14/2016 11:09] [PENJUALAN] CASHIER FORM : SUBTOTAL [20000000]
[ADMIN] [12/14/2016 11:09] [PENJUALAN] CASHIER FORM : TextBox_TextChanged, subtotal value [20000000]
[ADMIN] [12/14/2016 11:09] [PENJUALAN] CASHIER FORM : TextBox_TextChanged, attempt to calculate total value
[ADMIN] [12/14/2016 11:09] [PENJUALAN] CASHIER FORM : calculateTotal
[ADMIN] [12/14/2016 11:09] [PENJUALAN] CASHIER FORM : calculateTotal [20000000]
[ADMIN] [12/14/2016 11:09] [PENJUALAN] CASHIER FORM : calculateTotal, totalAfterDisc [20000000]
[ADMIN] [12/14/2016 11:09] [PENJUALAN] CASHIER FORM : CALCULATE SUBTOTAL
[ADMIN] [12/14/2016 11:09] [PENJUALAN] CASHIER FORM : SUBTOTAL [20000000]
[ADMIN] [12/14/2016 11:09] [PENJUALAN] CASHIER FORM : calculateTotal
[ADMIN] [12/14/2016 11:09] [PENJUALAN] CASHIER FORM : calculateTotal [20000000]
[ADMIN] [12/14/2016 11:09] [PENJUALAN] CASHIER FORM : calculateTotal, totalAfterDisc [20000000]
[ADMIN] [12/14/2016 11:09] [PENJUALAN] CASHIER FORM : PRODUCT PRICE REFRESHED
[ADMIN] [12/14/2016 11:09] [PENJUALAN] CASHIER FORM : REGISTER HOTKEY
[ADMIN] [12/14/2016 11:09] [] UPDATE POIN SUCCESS
[ADMIN] [12/14/2016 11:09] [PENJUALAN] CASHIER FORM : UNREGISTER HOTKEY
[ADMIN] [12/14/2016 11:09] [PENJUALAN] CASHIER FORM : REGISTER HOTKEY
[ADMIN] [12/14/2016 11:09] [PENJUALAN] CASHIER FORM : UNREGISTER HOTKEY
[ADMIN] [12/14/2016 11:09] [PENJUALAN] CASHIER FORM : UNREGISTER HOTKEY
[ADMIN] [12/14/2016 11:09] [PENJUALAN] CASHIER FORM : MULTIPLE CASHIER INSTANCE [1]
[ADMIN] [12/14/2016 11:09] [PENJUALAN] CASHIER FORM : REGISTER HOTKEY
[ADMIN] [12/14/2016 11:09] [PENJUALAN] CASHIER FORM : cashierForm_Load, ATTEMPT TO LOAD NO FAKTUR
[ADMIN] [12/14/2016 11:09] [PENJUALAN] CASHIER FORM : loadNoFaktur, noFakturValue [SLO001]
[ADMIN] [12/14/2016 11:09] [PENJUALAN] CASHIER FORM : cashierForm_Load, ATTEMPT TO addColumnToDataGrid
[ADMIN] [12/14/2016 11:09] [PENJUALAN] CASHIER FORM : calculateTotal
[ADMIN] [12/14/2016 11:09] [PENJUALAN] CASHIER FORM : calculateTotal [0]
[ADMIN] [12/14/2016 11:09] [PENJUALAN] CASHIER FORM : calculateTotal, totalAfterDisc [0]
[ADMIN] [12/14/2016 11:09] [PENJUALAN] CASHIER FORM : REGISTER HOTKEY
[ADMIN] [12/14/2016 11:09] [PENJUALAN] CASHIER FORM : HOTKEY TO ADD NEW ROW PRESSED
[ADMIN] [12/14/2016 11:09] [PENJUALAN] CASHIER FORM : ADD NEW ROW,  isActive [True]
[ADMIN] [12/14/2016 11:09] [PENJUALAN] CASHIER FORM : ADD NEW ROW,  ROW COUNT [0]
[ADMIN] [12/14/2016 11:09] [PENJUALAN] CASHIER FORM : ADD NEW ROW,  ALLOW TO ADD [True]
[ADMIN] [12/14/2016 11:09] [PENJUALAN] CASHIER FORM : cashierDataGridView_CellValueChanged [F8]
[ADMIN] [12/14/2016 11:09] [PENJUALAN] CASHIER FORM : cashierDataGridView_CellValueChanged [hpp]
[ADMIN] [12/14/2016 11:09] [PENJUALAN] CASHIER FORM : cashierDataGridView_CellValueChanged [productPrice]
[ADMIN] [12/14/2016 11:09] [PENJUALAN] CASHIER FORM : TextBox_TextChanged, previousInput []
[ADMIN] [12/14/2016 11:09] [PENJUALAN] CASHIER FORM : TextBox_TextChanged, dataGridViewTextBoxEditingControl.Text pass REGEX Checking
[ADMIN] [12/14/2016 11:09] [PENJUALAN] CASHIER FORM : CALCULATE SUBTOTAL
[ADMIN] [12/14/2016 11:09] [PENJUALAN] CASHIER FORM : SUBTOTAL [0]
[ADMIN] [12/14/2016 11:09] [PENJUALAN] CASHIER FORM : TextBox_TextChanged, subtotal value [0]
[ADMIN] [12/14/2016 11:09] [PENJUALAN] CASHIER FORM : TextBox_TextChanged, attempt to calculate total value
[ADMIN] [12/14/2016 11:09] [PENJUALAN] CASHIER FORM : calculateTotal
[ADMIN] [12/14/2016 11:09] [PENJUALAN] CASHIER FORM : calculateTotal [0]
[ADMIN] [12/14/2016 11:09] [PENJUALAN] CASHIER FORM : calculateTotal, totalAfterDisc [0]
[ADMIN] [12/14/2016 11:09] [PENJUALAN] CASHIER FORM : cashierDataGridView_CellValueChanged [disc1]
[ADMIN] [12/14/2016 11:09] [PENJUALAN] CASHIER FORM : TextBox_TextChanged, previousInput []
[ADMIN] [12/14/2016 11:09] [PENJUALAN] CASHIER FORM : TextBox_TextChanged, dataGridViewTextBoxEditingControl.Text pass REGEX Checking
[ADMIN] [12/14/2016 11:09] [PENJUALAN] CASHIER FORM : CALCULATE SUBTOTAL
[ADMIN] [12/14/2016 11:09] [PENJUALAN] CASHIER FORM : SUBTOTAL [0]
[ADMIN] [12/14/2016 11:09] [PENJUALAN] CASHIER FORM : TextBox_TextChanged, subtotal value [0]
[ADMIN] [12/14/2016 11:09] [PENJUALAN] CASHIER FORM : TextBox_TextChanged, attempt to calculate total value
[ADMIN] [12/14/2016 11:09] [PENJUALAN] CASHIER FORM : calculateTotal
[ADMIN] [12/14/2016 11:09] [PENJUALAN] CASHIER FORM : calculateTotal [0]
[ADMIN] [12/14/2016 11:09] [PENJUALAN] CASHIER FORM : calculateTotal, totalAfterDisc [0]
[ADMIN] [12/14/2016 11:09] [PENJUALAN] CASHIER FORM : cashierDataGridView_CellValueChanged [qty]
[ADMIN] [12/14/2016 11:09] [PENJUALAN] CASHIER FORM : TextBox_TextChanged, previousInput []
[ADMIN] [12/14/2016 11:09] [PENJUALAN] CASHIER FORM : TextBox_TextChanged, dataGridViewTextBoxEditingControl.Text pass REGEX Checking
[ADMIN] [12/14/2016 11:09] [PENJUALAN] CASHIER FORM : CALCULATE SUBTOTAL
[ADMIN] [12/14/2016 11:09] [PENJUALAN] CASHIER FORM : SUBTOTAL [0]
[ADMIN] [12/14/2016 11:09] [PENJUALAN] CASHIER FORM : TextBox_TextChanged, subtotal value [0]
[ADMIN] [12/14/2016 11:09] [PENJUALAN] CASHIER FORM : TextBox_TextChanged, attempt to calculate total value
[ADMIN] [12/14/2016 11:09] [PENJUALAN] CASHIER FORM : calculateTotal
[ADMIN] [12/14/2016 11:09] [PENJUALAN] CASHIER FORM : calculateTotal [0]
[ADMIN] [12/14/2016 11:09] [PENJUALAN] CASHIER FORM : calculateTotal, totalAfterDisc [0]
[ADMIN] [12/14/2016 11:09] [PENJUALAN] CASHIER FORM : cashierDataGridView_CellValueChanged [disc2]
[ADMIN] [12/14/2016 11:09] [PENJUALAN] CASHIER FORM : TextBox_TextChanged, previousInput []
[ADMIN] [12/14/2016 11:09] [PENJUALAN] CASHIER FORM : TextBox_TextChanged, dataGridViewTextBoxEditingControl.Text pass REGEX Checking
[ADMIN] [12/14/2016 11:09] [PENJUALAN] CASHIER FORM : CALCULATE SUBTOTAL
[ADMIN] [12/14/2016 11:09] [PENJUALAN] CASHIER FORM : SUBTOTAL [0]
[ADMIN] [12/14/2016 11:09] [PENJUALAN] CASHIER FORM : TextBox_TextChanged, subtotal value [0]
[ADMIN] [12/14/2016 11:09] [PENJUALAN] CASHIER FORM : TextBox_TextChanged, attempt to calculate total value
[ADMIN] [12/14/2016 11:09] [PENJUALAN] CASHIER FORM : calculateTotal
[ADMIN] [12/14/2016 11:09] [PENJUALAN] CASHIER FORM : calculateTotal [0]
[ADMIN] [12/14/2016 11:09] [PENJUALAN] CASHIER FORM : calculateTotal, totalAfterDisc [0]
[ADMIN] [12/14/2016 11:09] [PENJUALAN] CASHIER FORM : cashierDataGridView_CellValueChanged [discRP]
[ADMIN] [12/14/2016 11:09] [PENJUALAN] CASHIER FORM : TextBox_TextChanged, previousInput []
[ADMIN] [12/14/2016 11:09] [PENJUALAN] CASHIER FORM : TextBox_TextChanged, dataGridViewTextBoxEditingControl.Text pass REGEX Checking
[ADMIN] [12/14/2016 11:09] [PENJUALAN] CASHIER FORM : CALCULATE SUBTOTAL
[ADMIN] [12/14/2016 11:09] [PENJUALAN] CASHIER FORM : SUBTOTAL [0]
[ADMIN] [12/14/2016 11:09] [PENJUALAN] CASHIER FORM : TextBox_TextChanged, subtotal value [0]
[ADMIN] [12/14/2016 11:09] [PENJUALAN] CASHIER FORM : TextBox_TextChanged, attempt to calculate total value
[ADMIN] [12/14/2016 11:09] [PENJUALAN] CASHIER FORM : calculateTotal
[ADMIN] [12/14/2016 11:09] [PENJUALAN] CASHIER FORM : calculateTotal [0]
[ADMIN] [12/14/2016 11:09] [PENJUALAN] CASHIER FORM : calculateTotal, totalAfterDisc [0]
[ADMIN] [12/14/2016 11:09] [PENJUALAN] CASHIER FORM : cashierDataGridView_CellValueChanged [jumlah]
[ADMIN] [12/14/2016 11:09] [PENJUALAN] CASHIER FORM : cashierDataGridView_CellValueChanged [productName]
[ADMIN] [12/14/2016 11:09] [PENJUALAN] CASHIER FORM : cashierDataGridView_CellValueChanged [productName]
[ADMIN] [12/14/2016 11:09] [PENJUALAN] CASHIER FORM : calculateTotal
[ADMIN] [12/14/2016 11:09] [PENJUALAN] CASHIER FORM : calculateTotal [0]
[ADMIN] [12/14/2016 11:09] [PENJUALAN] CASHIER FORM : calculateTotal, totalAfterDisc [0]
[ADMIN] [12/14/2016 11:09] [PENJUALAN] CASHIER FORM : cashierDataGridView_CellValueChanged [productName]
[ADMIN] [12/14/2016 11:09] [PENJUALAN] CASHIER FORM : cashierDataGridView_CellValueChanged [productName]
[ADMIN] [12/14/2016 11:09] [PENJUALAN] CASHIER FORM : calculateTotal
[ADMIN] [12/14/2016 11:09] [PENJUALAN] CASHIER FORM : calculateTotal [0]
[ADMIN] [12/14/2016 11:09] [PENJUALAN] CASHIER FORM : calculateTotal, totalAfterDisc [0]
[ADMIN] [12/14/2016 11:09] [PENJUALAN] CASHIER FORM : cashierDataGridView_CellValueChanged [productName]
[ADMIN] [12/14/2016 11:09] [PENJUALAN] CASHIER FORM : cashierDataGridView_CellValueChanged [productID]
[ADMIN] [12/14/2016 11:09] [PENJUALAN] CASHIER FORM : PRODUCT PRICE TYPE [PRODUCT_BASE_PRICE]
[ADMIN] [12/14/2016 11:09] [PENJUALAN] CASHIER FORM : PRODUCT PRICE [1000000]
[ADMIN] [12/14/2016 11:09] [PENJUALAN] CASHIER FORM : ComboBox_SelectedIndexChanged, PRODUCT_BASE_PRICE [1000000]
[ADMIN] [12/14/2016 11:09] [PENJUALAN] CASHIER FORM : cashierDataGridView_CellValueChanged [hpp]
[ADMIN] [12/14/2016 11:09] [PENJUALAN] CASHIER FORM : PRODUCT PRICE TYPE [PRODUCT_RETAIL_PRICE]
[ADMIN] [12/14/2016 11:09] [PENJUALAN] CASHIER FORM : PRODUCT PRICE [1000000]
[ADMIN] [12/14/2016 11:09] [PENJUALAN] CASHIER FORM : ComboBox_SelectedIndexChanged, PRODUCT_SALES_PRICE [1000000]
[ADMIN] [12/14/2016 11:09] [PENJUALAN] CASHIER FORM : cashierDataGridView_CellValueChanged [productPrice]
[ADMIN] [12/14/2016 11:09] [PENJUALAN] CASHIER FORM : TextBox_TextChanged, previousInput []
[ADMIN] [12/14/2016 11:09] [PENJUALAN] CASHIER FORM : TextBox_TextChanged, dataGridViewTextBoxEditingControl.Text pass REGEX Checking
[ADMIN] [12/14/2016 11:09] [PENJUALAN] CASHIER FORM : CALCULATE SUBTOTAL
[ADMIN] [12/14/2016 11:09] [PENJUALAN] CASHIER FORM : SUBTOTAL [0]
[ADMIN] [12/14/2016 11:09] [PENJUALAN] CASHIER FORM : TextBox_TextChanged, subtotal value [0]
[ADMIN] [12/14/2016 11:09] [PENJUALAN] CASHIER FORM : TextBox_TextChanged, attempt to calculate total value
[ADMIN] [12/14/2016 11:09] [PENJUALAN] CASHIER FORM : calculateTotal
[ADMIN] [12/14/2016 11:09] [PENJUALAN] CASHIER FORM : calculateTotal [0]
[ADMIN] [12/14/2016 11:09] [PENJUALAN] CASHIER FORM : calculateTotal, totalAfterDisc [0]
[ADMIN] [12/14/2016 11:09] [PENJUALAN] CASHIER FORM : cashierDataGridView_CellValueChanged [qty]
[ADMIN] [12/14/2016 11:09] [PENJUALAN] CASHIER FORM : TextBox_TextChanged, previousInput []
[ADMIN] [12/14/2016 11:09] [PENJUALAN] CASHIER FORM : TextBox_TextChanged, dataGridViewTextBoxEditingControl.Text pass REGEX Checking
[ADMIN] [12/14/2016 11:09] [PENJUALAN] CASHIER FORM : CALCULATE SUBTOTAL
[ADMIN] [12/14/2016 11:09] [PENJUALAN] CASHIER FORM : SUBTOTAL [0]
[ADMIN] [12/14/2016 11:09] [PENJUALAN] CASHIER FORM : TextBox_TextChanged, subtotal value [0]
[ADMIN] [12/14/2016 11:09] [PENJUALAN] CASHIER FORM : TextBox_TextChanged, attempt to calculate total value
[ADMIN] [12/14/2016 11:09] [PENJUALAN] CASHIER FORM : calculateTotal
[ADMIN] [12/14/2016 11:09] [PENJUALAN] CASHIER FORM : calculateTotal [0]
[ADMIN] [12/14/2016 11:09] [PENJUALAN] CASHIER FORM : calculateTotal, totalAfterDisc [0]
[ADMIN] [12/14/2016 11:09] [PENJUALAN] CASHIER FORM : ComboBox_SelectedIndexChanged, attempt to calculate total
[ADMIN] [12/14/2016 11:09] [PENJUALAN] CASHIER FORM : calculateTotal
[ADMIN] [12/14/2016 11:09] [PENJUALAN] CASHIER FORM : calculateTotal [0]
[ADMIN] [12/14/2016 11:09] [PENJUALAN] CASHIER FORM : calculateTotal, totalAfterDisc [0]
[ADMIN] [12/14/2016 11:09] [PENJUALAN] CASHIER FORM : cashierDataGridView_CellValueChanged [productName]
[ADMIN] [12/14/2016 11:09] [PENJUALAN] CASHIER FORM : cashierDataGridView_CellValueChanged [productName]
[ADMIN] [12/14/2016 11:09] [PENJUALAN] CASHIER FORM : cashierDataGridView_CellValueChanged [hpp]
[ADMIN] [12/14/2016 11:09] [PENJUALAN] CASHIER FORM : cashierDataGridView_CellValueChanged [productPrice]
[ADMIN] [12/14/2016 11:09] [PENJUALAN] CASHIER FORM : TextBox_TextChanged, previousInput []
[ADMIN] [12/14/2016 11:09] [PENJUALAN] CASHIER FORM : TextBox_TextChanged, dataGridViewTextBoxEditingControl.Text pass REGEX Checking
[ADMIN] [12/14/2016 11:09] [PENJUALAN] CASHIER FORM : CALCULATE SUBTOTAL
[ADMIN] [12/14/2016 11:09] [PENJUALAN] CASHIER FORM : SUBTOTAL [0]
[ADMIN] [12/14/2016 11:09] [PENJUALAN] CASHIER FORM : TextBox_TextChanged, subtotal value [0]
[ADMIN] [12/14/2016 11:09] [PENJUALAN] CASHIER FORM : TextBox_TextChanged, attempt to calculate total value
[ADMIN] [12/14/2016 11:09] [PENJUALAN] CASHIER FORM : calculateTotal
[ADMIN] [12/14/2016 11:09] [PENJUALAN] CASHIER FORM : calculateTotal [0]
[ADMIN] [12/14/2016 11:09] [PENJUALAN] CASHIER FORM : calculateTotal, totalAfterDisc [0]
[ADMIN] [12/14/2016 11:09] [PENJUALAN] CASHIER FORM : cashierDataGridView_CellValueChanged [qty]
[ADMIN] [12/14/2016 11:09] [PENJUALAN] CASHIER FORM : TextBox_TextChanged, previousInput []
[ADMIN] [12/14/2016 11:09] [PENJUALAN] CASHIER FORM : TextBox_TextChanged, dataGridViewTextBoxEditingControl.Text pass REGEX Checking
[ADMIN] [12/14/2016 11:09] [PENJUALAN] CASHIER FORM : CALCULATE SUBTOTAL
[ADMIN] [12/14/2016 11:09] [PENJUALAN] CASHIER FORM : SUBTOTAL [0]
[ADMIN] [12/14/2016 11:09] [PENJUALAN] CASHIER FORM : TextBox_TextChanged, subtotal value [0]
[ADMIN] [12/14/2016 11:09] [PENJUALAN] CASHIER FORM : TextBox_TextChanged, attempt to calculate total value
[ADMIN] [12/14/2016 11:09] [PENJUALAN] CASHIER FORM : calculateTotal
[ADMIN] [12/14/2016 11:09] [PENJUALAN] CASHIER FORM : calculateTotal [0]
[ADMIN] [12/14/2016 11:09] [PENJUALAN] CASHIER FORM : calculateTotal, totalAfterDisc [0]
[ADMIN] [12/14/2016 11:09] [PENJUALAN] CASHIER FORM : cashierDataGridView_CellValueChanged [jumlah]
[ADMIN] [12/14/2016 11:09] [PENJUALAN] CASHIER FORM : calculateTotal
[ADMIN] [12/14/2016 11:09] [PENJUALAN] CASHIER FORM : calculateTotal [0]
[ADMIN] [12/14/2016 11:09] [PENJUALAN] CASHIER FORM : calculateTotal, totalAfterDisc [0]
[ADMIN] [12/14/2016 11:09] [PENJUALAN] CASHIER FORM : cashierDataGridView_CellValueChanged [productName]
[ADMIN] [12/14/2016 11:09] [PENJUALAN] CASHIER FORM : cashierDataGridView_CellValueChanged [productName]
[ADMIN] [12/14/2016 11:09] [PENJUALAN] CASHIER FORM : calculateTotal
[ADMIN] [12/14/2016 11:09] [PENJUALAN] CASHIER FORM : calculateTotal [0]
[ADMIN] [12/14/2016 11:09] [PENJUALAN] CASHIER FORM : calculateTotal, totalAfterDisc [0]
[ADMIN] [12/14/2016 11:09] [PENJUALAN] CASHIER FORM : cashierDataGridView_CellValueChanged [productName]
[ADMIN] [12/14/2016 11:09] [PENJUALAN] CASHIER FORM : cashierDataGridView_CellValueChanged [productName]
[ADMIN] [12/14/2016 11:09] [PENJUALAN] CASHIER FORM : calculateTotal
[ADMIN] [12/14/2016 11:09] [PENJUALAN] CASHIER FORM : calculateTotal [0]
[ADMIN] [12/14/2016 11:09] [PENJUALAN] CASHIER FORM : calculateTotal, totalAfterDisc [0]
[ADMIN] [12/14/2016 11:09] [PENJUALAN] CASHIER FORM : cashierDataGridView_CellValueChanged [productName]
[ADMIN] [12/14/2016 11:09] [PENJUALAN] CASHIER FORM : cashierDataGridView_CellValueChanged [productName]
[ADMIN] [12/14/2016 11:09] [PENJUALAN] CASHIER FORM : cashierDataGridView_CellValueChanged [productName]
[ADMIN] [12/14/2016 11:09] [PENJUALAN] CASHIER FORM : calculateTotal
[ADMIN] [12/14/2016 11:09] [PENJUALAN] CASHIER FORM : calculateTotal [0]
[ADMIN] [12/14/2016 11:09] [PENJUALAN] CASHIER FORM : calculateTotal, totalAfterDisc [0]
[ADMIN] [12/14/2016 11:09] [PENJUALAN] CASHIER FORM : cashierDataGridView_CellValueChanged [productName]
[ADMIN] [12/14/2016 11:09] [PENJUALAN] CASHIER FORM : cashierDataGridView_CellValueChanged [productName]
[ADMIN] [12/14/2016 11:09] [PENJUALAN] CASHIER FORM : calculateTotal
[ADMIN] [12/14/2016 11:09] [PENJUALAN] CASHIER FORM : calculateTotal [0]
[ADMIN] [12/14/2016 11:09] [PENJUALAN] CASHIER FORM : calculateTotal, totalAfterDisc [0]
[ADMIN] [12/14/2016 11:09] [PENJUALAN] CASHIER FORM : cashierDataGridView_CellValueChanged [productName]
[ADMIN] [12/14/2016 11:09] [PENJUALAN] CASHIER FORM : cashierDataGridView_CellValueChanged [productName]
[ADMIN] [12/14/2016 11:09] [PENJUALAN] CASHIER FORM : calculateTotal
[ADMIN] [12/14/2016 11:09] [PENJUALAN] CASHIER FORM : calculateTotal [0]
[ADMIN] [12/14/2016 11:09] [PENJUALAN] CASHIER FORM : calculateTotal, totalAfterDisc [0]
[ADMIN] [12/14/2016 11:09] [PENJUALAN] CASHIER FORM : cashierDataGridView_CellValueChanged [productName]
[ADMIN] [12/14/2016 11:09] [PENJUALAN] CASHIER FORM : UNREGISTER HOTKEY
[ADMIN] [12/14/2016 11:09] [PENJUALAN] CASHIER FORM : REGISTER HOTKEY
[ADMIN] [12/14/2016 11:10] [PENJUALAN] CASHIER FORM : HOTKEY TO ADD NEW ROW PRESSED
[ADMIN] [12/14/2016 11:10] [PENJUALAN] CASHIER FORM : ADD NEW ROW,  isActive [True]
[ADMIN] [12/14/2016 11:10] [PENJUALAN] CASHIER FORM : ADD NEW ROW,  ROW COUNT [1]
[ADMIN] [12/14/2016 11:10] [PENJUALAN] CASHIER FORM : ADD NEW ROW,  ALLOW TO ADD [True]
[ADMIN] [12/14/2016 11:10] [PENJUALAN] CASHIER FORM : cashierDataGridView_CellValueChanged [F8]
[ADMIN] [12/14/2016 11:10] [PENJUALAN] CASHIER FORM : cashierDataGridView_CellValueChanged [hpp]
[ADMIN] [12/14/2016 11:10] [PENJUALAN] CASHIER FORM : cashierDataGridView_CellValueChanged [productPrice]
[ADMIN] [12/14/2016 11:10] [PENJUALAN] CASHIER FORM : TextBox_TextChanged, previousInput [0]
[ADMIN] [12/14/2016 11:10] [PENJUALAN] CASHIER FORM : TextBox_TextChanged, dataGridViewTextBoxEditingControl.Text [0]
[ADMIN] [12/14/2016 11:10] [PENJUALAN] CASHIER FORM : TextBox_TextChanged, dataGridViewTextBoxEditingControl.Text pass REGEX Checking
[ADMIN] [12/14/2016 11:10] [PENJUALAN] CASHIER FORM : CHECK STOCK QTY IS ENOUGH []
[ADMIN] [12/14/2016 11:10] [PENJUALAN] CASHIER FORM : CALCULATE SUBTOTAL
[ADMIN] [12/14/2016 11:10] [PENJUALAN] CASHIER FORM : SUBTOTAL [0]
[ADMIN] [12/14/2016 11:10] [PENJUALAN] CASHIER FORM : TextBox_TextChanged, subtotal value [0]
[ADMIN] [12/14/2016 11:10] [PENJUALAN] CASHIER FORM : TextBox_TextChanged, attempt to calculate total value
[ADMIN] [12/14/2016 11:10] [PENJUALAN] CASHIER FORM : calculateTotal
[ADMIN] [12/14/2016 11:10] [PENJUALAN] CASHIER FORM : calculateTotal [0]
[ADMIN] [12/14/2016 11:10] [PENJUALAN] CASHIER FORM : calculateTotal, totalAfterDisc [0]
[ADMIN] [12/14/2016 11:10] [PENJUALAN] CASHIER FORM : cashierDataGridView_CellValueChanged [disc1]
[ADMIN] [12/14/2016 11:10] [PENJUALAN] CASHIER FORM : TextBox_TextChanged, previousInput [0]
[ADMIN] [12/14/2016 11:10] [PENJUALAN] CASHIER FORM : TextBox_TextChanged, dataGridViewTextBoxEditingControl.Text [0]
[ADMIN] [12/14/2016 11:10] [PENJUALAN] CASHIER FORM : TextBox_TextChanged, dataGridViewTextBoxEditingControl.Text pass REGEX Checking
[ADMIN] [12/14/2016 11:10] [PENJUALAN] CASHIER FORM : CHECK STOCK QTY IS ENOUGH []
[ADMIN] [12/14/2016 11:10] [PENJUALAN] CASHIER FORM : CALCULATE SUBTOTAL
[ADMIN] [12/14/2016 11:10] [PENJUALAN] CASHIER FORM : SUBTOTAL [0]
[ADMIN] [12/14/2016 11:10] [PENJUALAN] CASHIER FORM : TextBox_TextChanged, subtotal value [0]
[ADMIN] [12/14/2016 11:10] [PENJUALAN] CASHIER FORM : TextBox_TextChanged, attempt to calculate total value
[ADMIN] [12/14/2016 11:10] [PENJUALAN] CASHIER FORM : calculateTotal
[ADMIN] [12/14/2016 11:10] [PENJUALAN] CASHIER FORM : calculateTotal [0]
[ADMIN] [12/14/2016 11:10] [PENJUALAN] CASHIER FORM : calculateTotal, totalAfterDisc [0]
[ADMIN] [12/14/2016 11:10] [PENJUALAN] CASHIER FORM : cashierDataGridView_CellValueChanged [qty]
[ADMIN] [12/14/2016 11:10] [PENJUALAN] CASHIER FORM : TextBox_TextChanged, previousInput [0]
[ADMIN] [12/14/2016 11:10] [PENJUALAN] CASHIER FORM : TextBox_TextChanged, dataGridViewTextBoxEditingControl.Text [0]
[ADMIN] [12/14/2016 11:10] [PENJUALAN] CASHIER FORM : TextBox_TextChanged, dataGridViewTextBoxEditingControl.Text pass REGEX Checking
[ADMIN] [12/14/2016 11:10] [PENJUALAN] CASHIER FORM : CHECK STOCK QTY IS ENOUGH []
[ADMIN] [12/14/2016 11:10] [PENJUALAN] CASHIER FORM : CALCULATE SUBTOTAL
[ADMIN] [12/14/2016 11:10] [PENJUALAN] CASHIER FORM : SUBTOTAL [0]
[ADMIN] [12/14/2016 11:10] [PENJUALAN] CASHIER FORM : TextBox_TextChanged, subtotal value [0]
[ADMIN] [12/14/2016 11:10] [PENJUALAN] CASHIER FORM : TextBox_TextChanged, attempt to calculate total value
[ADMIN] [12/14/2016 11:10] [PENJUALAN] CASHIER FORM : calculateTotal
[ADMIN] [12/14/2016 11:10] [PENJUALAN] CASHIER FORM : calculateTotal [0]
[ADMIN] [12/14/2016 11:10] [PENJUALAN] CASHIER FORM : calculateTotal, totalAfterDisc [0]
[ADMIN] [12/14/2016 11:10] [PENJUALAN] CASHIER FORM : cashierDataGridView_CellValueChanged [disc2]
[ADMIN] [12/14/2016 11:10] [PENJUALAN] CASHIER FORM : TextBox_TextChanged, previousInput [0]
[ADMIN] [12/14/2016 11:10] [PENJUALAN] CASHIER FORM : TextBox_TextChanged, dataGridViewTextBoxEditingControl.Text [0]
[ADMIN] [12/14/2016 11:10] [PENJUALAN] CASHIER FORM : TextBox_TextChanged, dataGridViewTextBoxEditingControl.Text pass REGEX Checking
[ADMIN] [12/14/2016 11:10] [PENJUALAN] CASHIER FORM : CHECK STOCK QTY IS ENOUGH []
[ADMIN] [12/14/2016 11:10] [PENJUALAN] CASHIER FORM : CALCULATE SUBTOTAL
[ADMIN] [12/14/2016 11:10] [PENJUALAN] CASHIER FORM : SUBTOTAL [0]
[ADMIN] [12/14/2016 11:10] [PENJUALAN] CASHIER FORM : TextBox_TextChanged, subtotal value [0]
[ADMIN] [12/14/2016 11:10] [PENJUALAN] CASHIER FORM : TextBox_TextChanged, attempt to calculate total value
[ADMIN] [12/14/2016 11:10] [PENJUALAN] CASHIER FORM : calculateTotal
[ADMIN] [12/14/2016 11:10] [PENJUALAN] CASHIER FORM : calculateTotal [0]
[ADMIN] [12/14/2016 11:10] [PENJUALAN] CASHIER FORM : calculateTotal, totalAfterDisc [0]
[ADMIN] [12/14/2016 11:10] [PENJUALAN] CASHIER FORM : cashierDataGridView_CellValueChanged [discRP]
[ADMIN] [12/14/2016 11:10] [PENJUALAN] CASHIER FORM : TextBox_TextChanged, previousInput [0]
[ADMIN] [12/14/2016 11:10] [PENJUALAN] CASHIER FORM : TextBox_TextChanged, dataGridViewTextBoxEditingControl.Text [0]
[ADMIN] [12/14/2016 11:10] [PENJUALAN] CASHIER FORM : TextBox_TextChanged, dataGridViewTextBoxEditingControl.Text pass REGEX Checking
[ADMIN] [12/14/2016 11:10] [PENJUALAN] CASHIER FORM : CHECK STOCK QTY IS ENOUGH []
[ADMIN] [12/14/2016 11:10] [PENJUALAN] CASHIER FORM : CALCULATE SUBTOTAL
[ADMIN] [12/14/2016 11:10] [PENJUALAN] CASHIER FORM : SUBTOTAL [0]
[ADMIN] [12/14/2016 11:10] [PENJUALAN] CASHIER FORM : TextBox_TextChanged, subtotal value [0]
[ADMIN] [12/14/2016 11:10] [PENJUALAN] CASHIER FORM : TextBox_TextChanged, attempt to calculate total value
[ADMIN] [12/14/2016 11:10] [PENJUALAN] CASHIER FORM : calculateTotal
[ADMIN] [12/14/2016 11:10] [PENJUALAN] CASHIER FORM : calculateTotal [0]
[ADMIN] [12/14/2016 11:10] [PENJUALAN] CASHIER FORM : calculateTotal, totalAfterDisc [0]
[ADMIN] [12/14/2016 11:10] [PENJUALAN] CASHIER FORM : cashierDataGridView_CellValueChanged [jumlah]
[ADMIN] [12/14/2016 11:10] [PENJUALAN] CASHIER FORM : cashierDataGridView_CellValueChanged [productName]
[ADMIN] [12/14/2016 11:10] [PENJUALAN] CASHIER FORM : cashierDataGridView_CellValueChanged [productName]
[ADMIN] [12/14/2016 11:10] [PENJUALAN] CASHIER FORM : calculateTotal
[ADMIN] [12/14/2016 11:10] [PENJUALAN] CASHIER FORM : calculateTotal [0]
[ADMIN] [12/14/2016 11:10] [PENJUALAN] CASHIER FORM : calculateTotal, totalAfterDisc [0]
[ADMIN] [12/14/2016 11:10] [PENJUALAN] CASHIER FORM : cashierDataGridView_CellValueChanged [productName]
[ADMIN] [12/14/2016 11:10] [PENJUALAN] CASHIER FORM : cashierDataGridView_CellValueChanged [productName]
[ADMIN] [12/14/2016 11:10] [PENJUALAN] CASHIER FORM : calculateTotal
[ADMIN] [12/14/2016 11:10] [PENJUALAN] CASHIER FORM : calculateTotal [0]
[ADMIN] [12/14/2016 11:10] [PENJUALAN] CASHIER FORM : calculateTotal, totalAfterDisc [0]
[ADMIN] [12/14/2016 11:10] [PENJUALAN] CASHIER FORM : cashierDataGridView_CellValueChanged [productName]
[ADMIN] [12/14/2016 11:10] [PENJUALAN] CASHIER FORM : cashierDataGridView_CellValueChanged [productID]
[ADMIN] [12/14/2016 11:10] [PENJUALAN] CASHIER FORM : PRODUCT PRICE TYPE [PRODUCT_BASE_PRICE]
[ADMIN] [12/14/2016 11:10] [PENJUALAN] CASHIER FORM : PRODUCT PRICE [1000000]
[ADMIN] [12/14/2016 11:10] [PENJUALAN] CASHIER FORM : ComboBox_SelectedIndexChanged, PRODUCT_BASE_PRICE [1000000]
[ADMIN] [12/14/2016 11:10] [PENJUALAN] CASHIER FORM : cashierDataGridView_CellValueChanged [hpp]
[ADMIN] [12/14/2016 11:10] [PENJUALAN] CASHIER FORM : PRODUCT PRICE TYPE [PRODUCT_RETAIL_PRICE]
[ADMIN] [12/14/2016 11:10] [PENJUALAN] CASHIER FORM : PRODUCT PRICE [1000000]
[ADMIN] [12/14/2016 11:10] [PENJUALAN] CASHIER FORM : ComboBox_SelectedIndexChanged, PRODUCT_SALES_PRICE [1000000]
[ADMIN] [12/14/2016 11:10] [PENJUALAN] CASHIER FORM : cashierDataGridView_CellValueChanged [productPrice]
[ADMIN] [12/14/2016 11:10] [PENJUALAN] CASHIER FORM : TextBox_TextChanged, previousInput []
[ADMIN] [12/14/2016 11:10] [PENJUALAN] CASHIER FORM : TextBox_TextChanged, dataGridViewTextBoxEditingControl.Text pass REGEX Checking
[ADMIN] [12/14/2016 11:10] [PENJUALAN] CASHIER FORM : CALCULATE SUBTOTAL
[ADMIN] [12/14/2016 11:10] [PENJUALAN] CASHIER FORM : SUBTOTAL [0]
[ADMIN] [12/14/2016 11:10] [PENJUALAN] CASHIER FORM : TextBox_TextChanged, subtotal value [0]
[ADMIN] [12/14/2016 11:10] [PENJUALAN] CASHIER FORM : TextBox_TextChanged, attempt to calculate total value
[ADMIN] [12/14/2016 11:10] [PENJUALAN] CASHIER FORM : calculateTotal
[ADMIN] [12/14/2016 11:10] [PENJUALAN] CASHIER FORM : calculateTotal [0]
[ADMIN] [12/14/2016 11:10] [PENJUALAN] CASHIER FORM : calculateTotal, totalAfterDisc [0]
[ADMIN] [12/14/2016 11:10] [PENJUALAN] CASHIER FORM : cashierDataGridView_CellValueChanged [qty]
[ADMIN] [12/14/2016 11:10] [PENJUALAN] CASHIER FORM : TextBox_TextChanged, previousInput []
[ADMIN] [12/14/2016 11:10] [PENJUALAN] CASHIER FORM : TextBox_TextChanged, dataGridViewTextBoxEditingControl.Text pass REGEX Checking
[ADMIN] [12/14/2016 11:10] [PENJUALAN] CASHIER FORM : CALCULATE SUBTOTAL
[ADMIN] [12/14/2016 11:10] [PENJUALAN] CASHIER FORM : SUBTOTAL [0]
[ADMIN] [12/14/2016 11:10] [PENJUALAN] CASHIER FORM : TextBox_TextChanged, subtotal value [0]
[ADMIN] [12/14/2016 11:10] [PENJUALAN] CASHIER FORM : TextBox_TextChanged, attempt to calculate total value
[ADMIN] [12/14/2016 11:10] [PENJUALAN] CASHIER FORM : calculateTotal
[ADMIN] [12/14/2016 11:10] [PENJUALAN] CASHIER FORM : calculateTotal [0]
[ADMIN] [12/14/2016 11:10] [PENJUALAN] CASHIER FORM : calculateTotal, totalAfterDisc [0]
[ADMIN] [12/14/2016 11:10] [PENJUALAN] CASHIER FORM : ComboBox_SelectedIndexChanged, attempt to calculate total
[ADMIN] [12/14/2016 11:10] [PENJUALAN] CASHIER FORM : calculateTotal
[ADMIN] [12/14/2016 11:10] [PENJUALAN] CASHIER FORM : calculateTotal [0]
[ADMIN] [12/14/2016 11:10] [PENJUALAN] CASHIER FORM : calculateTotal, totalAfterDisc [0]
[ADMIN] [12/14/2016 11:10] [PENJUALAN] CASHIER FORM : cashierDataGridView_CellValueChanged [productName]
[ADMIN] [12/14/2016 11:10] [PENJUALAN] CASHIER FORM : cashierDataGridView_CellValueChanged [productName]
[ADMIN] [12/14/2016 11:10] [PENJUALAN] CASHIER FORM : cashierDataGridView_CellValueChanged [hpp]
[ADMIN] [12/14/2016 11:10] [PENJUALAN] CASHIER FORM : cashierDataGridView_CellValueChanged [productPrice]
[ADMIN] [12/14/2016 11:10] [PENJUALAN] CASHIER FORM : TextBox_TextChanged, previousInput []
[ADMIN] [12/14/2016 11:10] [PENJUALAN] CASHIER FORM : TextBox_TextChanged, dataGridViewTextBoxEditingControl.Text pass REGEX Checking
[ADMIN] [12/14/2016 11:10] [PENJUALAN] CASHIER FORM : CALCULATE SUBTOTAL
[ADMIN] [12/14/2016 11:10] [PENJUALAN] CASHIER FORM : SUBTOTAL [0]
[ADMIN] [12/14/2016 11:10] [PENJUALAN] CASHIER FORM : TextBox_TextChanged, subtotal value [0]
[ADMIN] [12/14/2016 11:10] [PENJUALAN] CASHIER FORM : TextBox_TextChanged, attempt to calculate total value
[ADMIN] [12/14/2016 11:10] [PENJUALAN] CASHIER FORM : calculateTotal
[ADMIN] [12/14/2016 11:10] [PENJUALAN] CASHIER FORM : calculateTotal [0]
[ADMIN] [12/14/2016 11:10] [PENJUALAN] CASHIER FORM : calculateTotal, totalAfterDisc [0]
[ADMIN] [12/14/2016 11:10] [PENJUALAN] CASHIER FORM : cashierDataGridView_CellValueChanged [qty]
[ADMIN] [12/14/2016 11:10] [PENJUALAN] CASHIER FORM : TextBox_TextChanged, previousInput []
[ADMIN] [12/14/2016 11:10] [PENJUALAN] CASHIER FORM : TextBox_TextChanged, dataGridViewTextBoxEditingControl.Text pass REGEX Checking
[ADMIN] [12/14/2016 11:10] [PENJUALAN] CASHIER FORM : CALCULATE SUBTOTAL
[ADMIN] [12/14/2016 11:10] [PENJUALAN] CASHIER FORM : SUBTOTAL [0]
[ADMIN] [12/14/2016 11:10] [PENJUALAN] CASHIER FORM : TextBox_TextChanged, subtotal value [0]
[ADMIN] [12/14/2016 11:10] [PENJUALAN] CASHIER FORM : TextBox_TextChanged, attempt to calculate total value
[ADMIN] [12/14/2016 11:10] [PENJUALAN] CASHIER FORM : calculateTotal
[ADMIN] [12/14/2016 11:10] [PENJUALAN] CASHIER FORM : calculateTotal [0]
[ADMIN] [12/14/2016 11:10] [PENJUALAN] CASHIER FORM : calculateTotal, totalAfterDisc [0]
[ADMIN] [12/14/2016 11:10] [PENJUALAN] CASHIER FORM : cashierDataGridView_CellValueChanged [jumlah]
[ADMIN] [12/14/2016 11:10] [PENJUALAN] CASHIER FORM : calculateTotal
[ADMIN] [12/14/2016 11:10] [PENJUALAN] CASHIER FORM : calculateTotal [0]
[ADMIN] [12/14/2016 11:10] [PENJUALAN] CASHIER FORM : calculateTotal, totalAfterDisc [0]
[ADMIN] [12/14/2016 11:10] [PENJUALAN] CASHIER FORM : cashierDataGridView_CellValueChanged [productName]
[ADMIN] [12/14/2016 11:10] [PENJUALAN] CASHIER FORM : cashierDataGridView_CellValueChanged [productName]
[ADMIN] [12/14/2016 11:10] [PENJUALAN] CASHIER FORM : calculateTotal
[ADMIN] [12/14/2016 11:10] [PENJUALAN] CASHIER FORM : calculateTotal [0]
[ADMIN] [12/14/2016 11:10] [PENJUALAN] CASHIER FORM : calculateTotal, totalAfterDisc [0]
[ADMIN] [12/14/2016 11:10] [PENJUALAN] CASHIER FORM : cashierDataGridView_CellValueChanged [productName]
[ADMIN] [12/14/2016 11:10] [PENJUALAN] CASHIER FORM : cashierDataGridView_CellValueChanged [productName]
[ADMIN] [12/14/2016 11:10] [PENJUALAN] CASHIER FORM : calculateTotal
[ADMIN] [12/14/2016 11:10] [PENJUALAN] CASHIER FORM : calculateTotal [0]
[ADMIN] [12/14/2016 11:10] [PENJUALAN] CASHIER FORM : calculateTotal, totalAfterDisc [0]
[ADMIN] [12/14/2016 11:10] [PENJUALAN] CASHIER FORM : cashierDataGridView_CellValueChanged [productName]
[ADMIN] [12/14/2016 11:10] [PENJUALAN] CASHIER FORM : cashierDataGridView_CellValueChanged [productName]
[ADMIN] [12/14/2016 11:10] [PENJUALAN] CASHIER FORM : cashierDataGridView_CellValueChanged [productName]
[ADMIN] [12/14/2016 11:10] [PENJUALAN] CASHIER FORM : calculateTotal
[ADMIN] [12/14/2016 11:10] [PENJUALAN] CASHIER FORM : calculateTotal [0]
[ADMIN] [12/14/2016 11:10] [PENJUALAN] CASHIER FORM : calculateTotal, totalAfterDisc [0]
[ADMIN] [12/14/2016 11:10] [PENJUALAN] CASHIER FORM : cashierDataGridView_CellValueChanged [productName]
[ADMIN] [12/14/2016 11:10] [PENJUALAN] CASHIER FORM : cashierDataGridView_CellValueChanged [productName]
[ADMIN] [12/14/2016 11:10] [PENJUALAN] CASHIER FORM : calculateTotal
[ADMIN] [12/14/2016 11:10] [PENJUALAN] CASHIER FORM : calculateTotal [0]
[ADMIN] [12/14/2016 11:10] [PENJUALAN] CASHIER FORM : calculateTotal, totalAfterDisc [0]
[ADMIN] [12/14/2016 11:10] [PENJUALAN] CASHIER FORM : cashierDataGridView_CellValueChanged [productName]
[ADMIN] [12/14/2016 11:10] [PENJUALAN] CASHIER FORM : cashierDataGridView_CellValueChanged [productName]
[ADMIN] [12/14/2016 11:10] [PENJUALAN] CASHIER FORM : calculateTotal
[ADMIN] [12/14/2016 11:10] [PENJUALAN] CASHIER FORM : calculateTotal [0]
[ADMIN] [12/14/2016 11:10] [PENJUALAN] CASHIER FORM : calculateTotal, totalAfterDisc [0]
[ADMIN] [12/14/2016 11:10] [PENJUALAN] CASHIER FORM : cashierDataGridView_CellValueChanged [productName]
[ADMIN] [12/14/2016 11:10] [PENJUALAN] CASHIER FORM : UNREGISTER HOTKEY
[ADMIN] [12/14/2016 11:10] [PENJUALAN] CASHIER FORM : REGISTER HOTKEY
[] [12/14/2016 11:31] [] USER = ADMIN IS ACTIVE
[ADMIN] [12/14/2016 11:31] [] USER ID = 1 LOGIN SUCCESSFULLY
[ADMIN] [12/14/2016 11:31] [] ACTIVATE USER ACCESS RIGHT
[ADMIN] [12/14/2016 11:31] [] DISPLAY ADMIN FORM
[ADMIN] [12/14/2016 11:31] [] adminForm Load
[ADMIN] [12/14/2016 11:31] [PENJUALAN] CASHIER FORM : MULTIPLE CASHIER INSTANCE [1]
[ADMIN] [12/14/2016 11:31] [PENJUALAN] CASHIER FORM : REGISTER HOTKEY
[ADMIN] [12/14/2016 11:31] [PENJUALAN] CASHIER FORM : cashierForm_Load, ATTEMPT TO LOAD NO FAKTUR
[ADMIN] [12/14/2016 11:31] [PENJUALAN] CASHIER FORM : loadNoFaktur, noFakturValue [SLO001]
[ADMIN] [12/14/2016 11:31] [PENJUALAN] CASHIER FORM : cashierForm_Load, ATTEMPT TO addColumnToDataGrid
[ADMIN] [12/14/2016 11:31] [PENJUALAN] CASHIER FORM : calculateTotal
[ADMIN] [12/14/2016 11:31] [PENJUALAN] CASHIER FORM : calculateTotal [0]
[ADMIN] [12/14/2016 11:31] [PENJUALAN] CASHIER FORM : calculateTotal, totalAfterDisc [0]
[ADMIN] [12/14/2016 11:31] [PENJUALAN] CASHIER FORM : REGISTER HOTKEY
[ADMIN] [12/14/2016 11:31] [PENJUALAN] CASHIER FORM : HOTKEY TO ADD NEW ROW PRESSED
[ADMIN] [12/14/2016 11:31] [PENJUALAN] CASHIER FORM : ADD NEW ROW,  isActive [True]
[ADMIN] [12/14/2016 11:31] [PENJUALAN] CASHIER FORM : ADD NEW ROW,  ROW COUNT [0]
[ADMIN] [12/14/2016 11:31] [PENJUALAN] CASHIER FORM : ADD NEW ROW,  ALLOW TO ADD [True]
[ADMIN] [12/14/2016 11:31] [PENJUALAN] CASHIER FORM : cashierDataGridView_CellValueChanged [F8]
[ADMIN] [12/14/2016 11:31] [PENJUALAN] CASHIER FORM : cashierDataGridView_CellValueChanged [hpp]
[ADMIN] [12/14/2016 11:31] [PENJUALAN] CASHIER FORM : cashierDataGridView_CellValueChanged [productPrice]
[ADMIN] [12/14/2016 11:31] [PENJUALAN] CASHIER FORM : TextBox_TextChanged, previousInput []
[ADMIN] [12/14/2016 11:31] [PENJUALAN] CASHIER FORM : TextBox_TextChanged, dataGridViewTextBoxEditingControl.Text pass REGEX Checking
[ADMIN] [12/14/2016 11:31] [PENJUALAN] CASHIER FORM : CALCULATE SUBTOTAL
[ADMIN] [12/14/2016 11:31] [PENJUALAN] CASHIER FORM : SUBTOTAL [0]
[ADMIN] [12/14/2016 11:31] [PENJUALAN] CASHIER FORM : TextBox_TextChanged, subtotal value [0]
[ADMIN] [12/14/2016 11:31] [PENJUALAN] CASHIER FORM : TextBox_TextChanged, attempt to calculate total value
[ADMIN] [12/14/2016 11:31] [PENJUALAN] CASHIER FORM : calculateTotal
[ADMIN] [12/14/2016 11:31] [PENJUALAN] CASHIER FORM : calculateTotal [0]
[ADMIN] [12/14/2016 11:31] [PENJUALAN] CASHIER FORM : calculateTotal, totalAfterDisc [0]
[ADMIN] [12/14/2016 11:31] [PENJUALAN] CASHIER FORM : cashierDataGridView_CellValueChanged [disc1]
[ADMIN] [12/14/2016 11:31] [PENJUALAN] CASHIER FORM : TextBox_TextChanged, previousInput []
[ADMIN] [12/14/2016 11:31] [PENJUALAN] CASHIER FORM : TextBox_TextChanged, dataGridViewTextBoxEditingControl.Text pass REGEX Checking
[ADMIN] [12/14/2016 11:31] [PENJUALAN] CASHIER FORM : CALCULATE SUBTOTAL
[ADMIN] [12/14/2016 11:31] [PENJUALAN] CASHIER FORM : SUBTOTAL [0]
[ADMIN] [12/14/2016 11:31] [PENJUALAN] CASHIER FORM : TextBox_TextChanged, subtotal value [0]
[ADMIN] [12/14/2016 11:31] [PENJUALAN] CASHIER FORM : TextBox_TextChanged, attempt to calculate total value
[ADMIN] [12/14/2016 11:31] [PENJUALAN] CASHIER FORM : calculateTotal
[ADMIN] [12/14/2016 11:31] [PENJUALAN] CASHIER FORM : calculateTotal [0]
[ADMIN] [12/14/2016 11:31] [PENJUALAN] CASHIER FORM : calculateTotal, totalAfterDisc [0]
[ADMIN] [12/14/2016 11:31] [PENJUALAN] CASHIER FORM : cashierDataGridView_CellValueChanged [qty]
[ADMIN] [12/14/2016 11:31] [PENJUALAN] CASHIER FORM : TextBox_TextChanged, previousInput []
[ADMIN] [12/14/2016 11:31] [PENJUALAN] CASHIER FORM : TextBox_TextChanged, dataGridViewTextBoxEditingControl.Text pass REGEX Checking
[ADMIN] [12/14/2016 11:31] [PENJUALAN] CASHIER FORM : CALCULATE SUBTOTAL
[ADMIN] [12/14/2016 11:31] [PENJUALAN] CASHIER FORM : SUBTOTAL [0]
[ADMIN] [12/14/2016 11:31] [PENJUALAN] CASHIER FORM : TextBox_TextChanged, subtotal value [0]
[ADMIN] [12/14/2016 11:31] [PENJUALAN] CASHIER FORM : TextBox_TextChanged, attempt to calculate total value
[ADMIN] [12/14/2016 11:31] [PENJUALAN] CASHIER FORM : calculateTotal
[ADMIN] [12/14/2016 11:31] [PENJUALAN] CASHIER FORM : calculateTotal [0]
[ADMIN] [12/14/2016 11:31] [PENJUALAN] CASHIER FORM : calculateTotal, totalAfterDisc [0]
[ADMIN] [12/14/2016 11:31] [PENJUALAN] CASHIER FORM : cashierDataGridView_CellValueChanged [disc2]
[ADMIN] [12/14/2016 11:31] [PENJUALAN] CASHIER FORM : TextBox_TextChanged, previousInput []
[ADMIN] [12/14/2016 11:31] [PENJUALAN] CASHIER FORM : TextBox_TextChanged, dataGridViewTextBoxEditingControl.Text pass REGEX Checking
[ADMIN] [12/14/2016 11:31] [PENJUALAN] CASHIER FORM : CALCULATE SUBTOTAL
[ADMIN] [12/14/2016 11:31] [PENJUALAN] CASHIER FORM : SUBTOTAL [0]
[ADMIN] [12/14/2016 11:31] [PENJUALAN] CASHIER FORM : TextBox_TextChanged, subtotal value [0]
[ADMIN] [12/14/2016 11:31] [PENJUALAN] CASHIER FORM : TextBox_TextChanged, attempt to calculate total value
[ADMIN] [12/14/2016 11:31] [PENJUALAN] CASHIER FORM : calculateTotal
[ADMIN] [12/14/2016 11:31] [PENJUALAN] CASHIER FORM : calculateTotal [0]
[ADMIN] [12/14/2016 11:31] [PENJUALAN] CASHIER FORM : calculateTotal, totalAfterDisc [0]
[ADMIN] [12/14/2016 11:31] [PENJUALAN] CASHIER FORM : cashierDataGridView_CellValueChanged [discRP]
[ADMIN] [12/14/2016 11:31] [PENJUALAN] CASHIER FORM : TextBox_TextChanged, previousInput []
[ADMIN] [12/14/2016 11:31] [PENJUALAN] CASHIER FORM : TextBox_TextChanged, dataGridViewTextBoxEditingControl.Text pass REGEX Checking
[ADMIN] [12/14/2016 11:31] [PENJUALAN] CASHIER FORM : CALCULATE SUBTOTAL
[ADMIN] [12/14/2016 11:31] [PENJUALAN] CASHIER FORM : SUBTOTAL [0]
[ADMIN] [12/14/2016 11:31] [PENJUALAN] CASHIER FORM : TextBox_TextChanged, subtotal value [0]
[ADMIN] [12/14/2016 11:31] [PENJUALAN] CASHIER FORM : TextBox_TextChanged, attempt to calculate total value
[ADMIN] [12/14/2016 11:31] [PENJUALAN] CASHIER FORM : calculateTotal
[ADMIN] [12/14/2016 11:31] [PENJUALAN] CASHIER FORM : calculateTotal [0]
[ADMIN] [12/14/2016 11:31] [PENJUALAN] CASHIER FORM : calculateTotal, totalAfterDisc [0]
[ADMIN] [12/14/2016 11:31] [PENJUALAN] CASHIER FORM : cashierDataGridView_CellValueChanged [jumlah]
[ADMIN] [12/14/2016 11:31] [PENJUALAN] CASHIER FORM : cashierDataGridView_CellValueChanged [productName]
[ADMIN] [12/14/2016 11:31] [PENJUALAN] CASHIER FORM : cashierDataGridView_CellValueChanged [productName]
[ADMIN] [12/14/2016 11:31] [PENJUALAN] CASHIER FORM : cashierDataGridView_CellValueChanged [productName]
[ADMIN] [12/14/2016 11:31] [PENJUALAN] CASHIER FORM : cashierDataGridView_CellValueChanged [productName]
[ADMIN] [12/14/2016 11:31] [PENJUALAN] CASHIER FORM : cashierDataGridView_CellValueChanged [productID]
[ADMIN] [12/14/2016 11:31] [PENJUALAN] CASHIER FORM : PRODUCT PRICE TYPE [PRODUCT_BASE_PRICE]
[ADMIN] [12/14/2016 11:31] [PENJUALAN] CASHIER FORM : PRODUCT PRICE [1000000]
[ADMIN] [12/14/2016 11:31] [PENJUALAN] CASHIER FORM : ComboBox_SelectedIndexChanged, PRODUCT_BASE_PRICE [1000000]
[ADMIN] [12/14/2016 11:31] [PENJUALAN] CASHIER FORM : cashierDataGridView_CellValueChanged [hpp]
[ADMIN] [12/14/2016 11:31] [PENJUALAN] CASHIER FORM : PRODUCT PRICE TYPE [PRODUCT_RETAIL_PRICE]
[ADMIN] [12/14/2016 11:31] [PENJUALAN] CASHIER FORM : PRODUCT PRICE [1000000]
[ADMIN] [12/14/2016 11:31] [PENJUALAN] CASHIER FORM : ComboBox_SelectedIndexChanged, PRODUCT_SALES_PRICE [1000000]
[ADMIN] [12/14/2016 11:31] [PENJUALAN] CASHIER FORM : cashierDataGridView_CellValueChanged [productPrice]
[ADMIN] [12/14/2016 11:31] [PENJUALAN] CASHIER FORM : TextBox_TextChanged, previousInput []
[ADMIN] [12/14/2016 11:31] [PENJUALAN] CASHIER FORM : TextBox_TextChanged, dataGridViewTextBoxEditingControl.Text pass REGEX Checking
[ADMIN] [12/14/2016 11:31] [PENJUALAN] CASHIER FORM : CALCULATE SUBTOTAL
[ADMIN] [12/14/2016 11:31] [PENJUALAN] CASHIER FORM : SUBTOTAL [0]
[ADMIN] [12/14/2016 11:31] [PENJUALAN] CASHIER FORM : TextBox_TextChanged, subtotal value [0]
[ADMIN] [12/14/2016 11:31] [PENJUALAN] CASHIER FORM : TextBox_TextChanged, attempt to calculate total value
[ADMIN] [12/14/2016 11:31] [PENJUALAN] CASHIER FORM : calculateTotal
[ADMIN] [12/14/2016 11:31] [PENJUALAN] CASHIER FORM : calculateTotal [0]
[ADMIN] [12/14/2016 11:31] [PENJUALAN] CASHIER FORM : calculateTotal, totalAfterDisc [0]
[ADMIN] [12/14/2016 11:31] [PENJUALAN] CASHIER FORM : cashierDataGridView_CellValueChanged [qty]
[ADMIN] [12/14/2016 11:31] [PENJUALAN] CASHIER FORM : TextBox_TextChanged, previousInput []
[ADMIN] [12/14/2016 11:31] [PENJUALAN] CASHIER FORM : TextBox_TextChanged, dataGridViewTextBoxEditingControl.Text pass REGEX Checking
[ADMIN] [12/14/2016 11:31] [PENJUALAN] CASHIER FORM : CALCULATE SUBTOTAL
[ADMIN] [12/14/2016 11:31] [PENJUALAN] CASHIER FORM : SUBTOTAL [0]
[ADMIN] [12/14/2016 11:31] [PENJUALAN] CASHIER FORM : TextBox_TextChanged, subtotal value [0]
[ADMIN] [12/14/2016 11:31] [PENJUALAN] CASHIER FORM : TextBox_TextChanged, attempt to calculate total value
[ADMIN] [12/14/2016 11:31] [PENJUALAN] CASHIER FORM : calculateTotal
[ADMIN] [12/14/2016 11:31] [PENJUALAN] CASHIER FORM : calculateTotal [0]
[ADMIN] [12/14/2016 11:31] [PENJUALAN] CASHIER FORM : calculateTotal, totalAfterDisc [0]
[ADMIN] [12/14/2016 11:31] [PENJUALAN] CASHIER FORM : ComboBox_SelectedIndexChanged, attempt to calculate total
[ADMIN] [12/14/2016 11:31] [PENJUALAN] CASHIER FORM : calculateTotal
[ADMIN] [12/14/2016 11:31] [PENJUALAN] CASHIER FORM : calculateTotal [0]
[ADMIN] [12/14/2016 11:31] [PENJUALAN] CASHIER FORM : calculateTotal, totalAfterDisc [0]
[ADMIN] [12/14/2016 11:31] [PENJUALAN] CASHIER FORM : UNREGISTER HOTKEY
[ADMIN] [12/14/2016 11:31] [PENJUALAN] CASHIER FORM : UNREGISTER HOTKEY
[ADMIN] [12/14/2016 11:31] [] USER ID = 1LOGOUT
