[] [6/15/2017 14:55] [] USER = ADMIN IS ACTIVE
[ADMIN] [6/15/2017 14:55] [] USER ID = 1 LOGIN SUCCESSFULLY
[ADMIN] [6/15/2017 14:55] [] ACTIVATE USER ACCESS RIGHT
[ADMIN] [6/15/2017 14:55] [] DISPLAY ADMIN FORM
[ADMIN] [6/15/2017 14:55] [] adminForm Load
[ADMIN] [6/15/2017 14:55] [PENJUALAN] CASHIER FORM : MULTIPLE CASHIER INSTANCE [1]
[ADMIN] [6/15/2017 14:55] [PENJUALAN] CASHIER FORM : REGISTER HOTKEY
[ADMIN] [6/15/2017 14:55] [PENJUALAN] CASHIER FORM : cashierForm_Load, ATTEMPT TO LOAD NO FAKTUR
[ADMIN] [6/15/2017 14:55] [PENJUALAN] CASHIER FORM : loadNoFaktur, noFakturValue [SLO001]
[ADMIN] [6/15/2017 14:55] [PENJUALAN] CASHIER FORM : cashierForm_Load, ATTEMPT TO addColumnToDataGrid
[ADMIN] [6/15/2017 14:55] [PENJUALAN] CASHIER FORM : calculateTotal
[ADMIN] [6/15/2017 14:55] [PENJUALAN] CASHIER FORM : calculateTotal [0]
[ADMIN] [6/15/2017 14:55] [PENJUALAN] CASHIER FORM : calculateTotal, totalAfterDisc [0]
[ADMIN] [6/15/2017 14:55] [PENJUALAN] CASHIER FORM : calculateChangeValue, bayarTextBox.Text [0]
[ADMIN] [6/15/2017 14:55] [PENJUALAN] CASHIER FORM : calculateChangeValue, sisaBayar [0]
[ADMIN] [6/15/2017 14:55] [PENJUALAN] CASHIER FORM : REGISTER HOTKEY
[ADMIN] [6/15/2017 14:55] [PENJUALAN] CASHIER FORM : HOTKEY TO ADD NEW ROW PRESSED
[ADMIN] [6/15/2017 14:55] [PENJUALAN] CASHIER FORM : ADD NEW ROW,  isActive [True]
[ADMIN] [6/15/2017 14:55] [PENJUALAN] CASHIER FORM : ADD NEW ROW,  ROW COUNT [0]
[ADMIN] [6/15/2017 14:55] [PENJUALAN] CASHIER FORM : ADD NEW ROW,  ALLOW TO ADD [True]
[ADMIN] [6/15/2017 14:55] [PENJUALAN] CASHIER FORM : cashierDataGridView_CellValueChanged [F8]
[ADMIN] [6/15/2017 14:55] [PENJUALAN] CASHIER FORM : cashierDataGridView_CellValueChanged [hpp]
[ADMIN] [6/15/2017 14:55] [PENJUALAN] CASHIER FORM : cashierDataGridView_CellValueChanged [productPrice]
[ADMIN] [6/15/2017 14:55] [PENJUALAN] CASHIER FORM : TextBox_TextChanged, previousInput []
[ADMIN] [6/15/2017 14:55] [PENJUALAN] CASHIER FORM : TextBox_TextChanged, dataGridViewTextBoxEditingControl.Text pass REGEX Checking
[ADMIN] [6/15/2017 14:55] [PENJUALAN] CASHIER FORM : CALCULATE SUBTOTAL
[ADMIN] [6/15/2017 14:55] [PENJUALAN] CASHIER FORM : SUBTOTAL [0]
[ADMIN] [6/15/2017 14:55] [PENJUALAN] CASHIER FORM : TextBox_TextChanged, subtotal value [0]
[ADMIN] [6/15/2017 14:55] [PENJUALAN] CASHIER FORM : TextBox_TextChanged, attempt to calculate total value
[ADMIN] [6/15/2017 14:55] [PENJUALAN] CASHIER FORM : calculateTotal
[ADMIN] [6/15/2017 14:55] [PENJUALAN] CASHIER FORM : calculateTotal [0]
[ADMIN] [6/15/2017 14:55] [PENJUALAN] CASHIER FORM : calculateTotal, totalAfterDisc [0]
[ADMIN] [6/15/2017 14:55] [PENJUALAN] CASHIER FORM : calculateChangeValue, bayarTextBox.Text [0]
[ADMIN] [6/15/2017 14:55] [PENJUALAN] CASHIER FORM : calculateChangeValue, sisaBayar [0]
[ADMIN] [6/15/2017 14:55] [PENJUALAN] CASHIER FORM : cashierDataGridView_CellValueChanged [disc1]
[ADMIN] [6/15/2017 14:55] [PENJUALAN] CASHIER FORM : TextBox_TextChanged, previousInput []
[ADMIN] [6/15/2017 14:55] [PENJUALAN] CASHIER FORM : TextBox_TextChanged, dataGridViewTextBoxEditingControl.Text pass REGEX Checking
[ADMIN] [6/15/2017 14:55] [PENJUALAN] CASHIER FORM : CALCULATE SUBTOTAL
[ADMIN] [6/15/2017 14:55] [PENJUALAN] CASHIER FORM : SUBTOTAL [0]
[ADMIN] [6/15/2017 14:55] [PENJUALAN] CASHIER FORM : TextBox_TextChanged, subtotal value [0]
[ADMIN] [6/15/2017 14:55] [PENJUALAN] CASHIER FORM : TextBox_TextChanged, attempt to calculate total value
[ADMIN] [6/15/2017 14:55] [PENJUALAN] CASHIER FORM : calculateTotal
[ADMIN] [6/15/2017 14:55] [PENJUALAN] CASHIER FORM : calculateTotal [0]
[ADMIN] [6/15/2017 14:55] [PENJUALAN] CASHIER FORM : calculateTotal, totalAfterDisc [0]
[ADMIN] [6/15/2017 14:55] [PENJUALAN] CASHIER FORM : calculateChangeValue, bayarTextBox.Text [0]
[ADMIN] [6/15/2017 14:55] [PENJUALAN] CASHIER FORM : calculateChangeValue, sisaBayar [0]
[ADMIN] [6/15/2017 14:55] [PENJUALAN] CASHIER FORM : cashierDataGridView_CellValueChanged [qty]
[ADMIN] [6/15/2017 14:55] [PENJUALAN] CASHIER FORM : TextBox_TextChanged, previousInput []
[ADMIN] [6/15/2017 14:55] [PENJUALAN] CASHIER FORM : TextBox_TextChanged, dataGridViewTextBoxEditingControl.Text pass REGEX Checking
[ADMIN] [6/15/2017 14:55] [] CHECK STOCK QTY IS ENOUGH []
[ADMIN] [6/15/2017 14:55] [PENJUALAN] CASHIER FORM : CALCULATE SUBTOTAL
[ADMIN] [6/15/2017 14:55] [PENJUALAN] CASHIER FORM : SUBTOTAL [0]
[ADMIN] [6/15/2017 14:55] [PENJUALAN] CASHIER FORM : TextBox_TextChanged, subtotal value [0]
[ADMIN] [6/15/2017 14:55] [PENJUALAN] CASHIER FORM : TextBox_TextChanged, attempt to calculate total value
[ADMIN] [6/15/2017 14:55] [PENJUALAN] CASHIER FORM : calculateTotal
[ADMIN] [6/15/2017 14:55] [PENJUALAN] CASHIER FORM : calculateTotal [0]
[ADMIN] [6/15/2017 14:55] [PENJUALAN] CASHIER FORM : calculateTotal, totalAfterDisc [0]
[ADMIN] [6/15/2017 14:55] [PENJUALAN] CASHIER FORM : calculateChangeValue, bayarTextBox.Text [0]
[ADMIN] [6/15/2017 14:55] [PENJUALAN] CASHIER FORM : calculateChangeValue, sisaBayar [0]
[ADMIN] [6/15/2017 14:55] [PENJUALAN] CASHIER FORM : cashierDataGridView_CellValueChanged [disc2]
[ADMIN] [6/15/2017 14:55] [PENJUALAN] CASHIER FORM : TextBox_TextChanged, previousInput []
[ADMIN] [6/15/2017 14:55] [PENJUALAN] CASHIER FORM : TextBox_TextChanged, dataGridViewTextBoxEditingControl.Text pass REGEX Checking
[ADMIN] [6/15/2017 14:55] [PENJUALAN] CASHIER FORM : CALCULATE SUBTOTAL
[ADMIN] [6/15/2017 14:55] [PENJUALAN] CASHIER FORM : SUBTOTAL [0]
[ADMIN] [6/15/2017 14:55] [PENJUALAN] CASHIER FORM : TextBox_TextChanged, subtotal value [0]
[ADMIN] [6/15/2017 14:55] [PENJUALAN] CASHIER FORM : TextBox_TextChanged, attempt to calculate total value
[ADMIN] [6/15/2017 14:55] [PENJUALAN] CASHIER FORM : calculateTotal
[ADMIN] [6/15/2017 14:55] [PENJUALAN] CASHIER FORM : calculateTotal [0]
[ADMIN] [6/15/2017 14:55] [PENJUALAN] CASHIER FORM : calculateTotal, totalAfterDisc [0]
[ADMIN] [6/15/2017 14:55] [PENJUALAN] CASHIER FORM : calculateChangeValue, bayarTextBox.Text [0]
[ADMIN] [6/15/2017 14:55] [PENJUALAN] CASHIER FORM : calculateChangeValue, sisaBayar [0]
[ADMIN] [6/15/2017 14:55] [PENJUALAN] CASHIER FORM : cashierDataGridView_CellValueChanged [discRP]
[ADMIN] [6/15/2017 14:55] [PENJUALAN] CASHIER FORM : TextBox_TextChanged, previousInput []
[ADMIN] [6/15/2017 14:55] [PENJUALAN] CASHIER FORM : TextBox_TextChanged, dataGridViewTextBoxEditingControl.Text pass REGEX Checking
[ADMIN] [6/15/2017 14:55] [PENJUALAN] CASHIER FORM : CALCULATE SUBTOTAL
[ADMIN] [6/15/2017 14:55] [PENJUALAN] CASHIER FORM : SUBTOTAL [0]
[ADMIN] [6/15/2017 14:55] [PENJUALAN] CASHIER FORM : TextBox_TextChanged, subtotal value [0]
[ADMIN] [6/15/2017 14:55] [PENJUALAN] CASHIER FORM : TextBox_TextChanged, attempt to calculate total value
[ADMIN] [6/15/2017 14:55] [PENJUALAN] CASHIER FORM : calculateTotal
[ADMIN] [6/15/2017 14:55] [PENJUALAN] CASHIER FORM : calculateTotal [0]
[ADMIN] [6/15/2017 14:55] [PENJUALAN] CASHIER FORM : calculateTotal, totalAfterDisc [0]
[ADMIN] [6/15/2017 14:55] [PENJUALAN] CASHIER FORM : calculateChangeValue, bayarTextBox.Text [0]
[ADMIN] [6/15/2017 14:55] [PENJUALAN] CASHIER FORM : calculateChangeValue, sisaBayar [0]
[ADMIN] [6/15/2017 14:55] [PENJUALAN] CASHIER FORM : cashierDataGridView_CellValueChanged [jumlah]
[ADMIN] [6/15/2017 14:55] [PENJUALAN] CASHIER FORM : cashierDataGridView_CellValueChanged [productName]
[ADMIN] [6/15/2017 14:55] [PENJUALAN] CASHIER FORM : UNREGISTER HOTKEY
[ADMIN] [6/15/2017 14:55] [] [POS SEARCH PRODUCT] D:\Project\Draco\_CODE_\Draco\bin\Debug\PRODUCT_PHOTO\ 
[ADMIN] [6/15/2017 14:55] [] [POS SEARCH PRODUCT] D:\Project\Draco\_CODE_\Draco\bin\Debug\PRODUCT_PHOTO\3.jpg
[ADMIN] [6/15/2017 14:55] [PENJUALAN] CASHIER FORM : ADD NEW ROW FROM BARCODE [HPL VIOLAM VS 0101 S]
[ADMIN] [6/15/2017 14:55] [PENJUALAN] CASHIER FORM : cashierDataGridView_CellValueChanged [productID]
[ADMIN] [6/15/2017 14:55] [PENJUALAN] CASHIER FORM : cashierDataGridView_CellValueChanged [productName]
[ADMIN] [6/15/2017 14:55] [PENJUALAN] CASHIER FORM : PRODUCT PRICE TYPE [PRODUCT_BASE_PRICE]
[ADMIN] [6/15/2017 14:55] [PENJUALAN] CASHIER FORM : PRODUCT PRICE [155000]
[ADMIN] [6/15/2017 14:55] [PENJUALAN] CASHIER FORM : ComboBox_SelectedIndexChanged, PRODUCT_BASE_PRICE [155000]
[ADMIN] [6/15/2017 14:55] [PENJUALAN] CASHIER FORM : cashierDataGridView_CellValueChanged [hpp]
[ADMIN] [6/15/2017 14:55] [PENJUALAN] CASHIER FORM : PRODUCT PRICE TYPE [PRODUCT_RETAIL_PRICE]
[ADMIN] [6/15/2017 14:55] [PENJUALAN] CASHIER FORM : PRODUCT PRICE [165000]
[ADMIN] [6/15/2017 14:55] [PENJUALAN] CASHIER FORM : ComboBox_SelectedIndexChanged, PRODUCT_SALES_PRICE [165000]
[ADMIN] [6/15/2017 14:55] [PENJUALAN] CASHIER FORM : cashierDataGridView_CellValueChanged [productPrice]
[ADMIN] [6/15/2017 14:55] [PENJUALAN] CASHIER FORM : TextBox_TextChanged, previousInput []
[ADMIN] [6/15/2017 14:55] [PENJUALAN] CASHIER FORM : TextBox_TextChanged, dataGridViewTextBoxEditingControl.Text pass REGEX Checking
[ADMIN] [6/15/2017 14:55] [PENJUALAN] CASHIER FORM : CALCULATE SUBTOTAL
[ADMIN] [6/15/2017 14:55] [PENJUALAN] CASHIER FORM : SUBTOTAL [0]
[ADMIN] [6/15/2017 14:55] [PENJUALAN] CASHIER FORM : TextBox_TextChanged, subtotal value [0]
[ADMIN] [6/15/2017 14:55] [PENJUALAN] CASHIER FORM : TextBox_TextChanged, attempt to calculate total value
[ADMIN] [6/15/2017 14:55] [PENJUALAN] CASHIER FORM : calculateTotal
[ADMIN] [6/15/2017 14:55] [PENJUALAN] CASHIER FORM : calculateTotal [0]
[ADMIN] [6/15/2017 14:55] [PENJUALAN] CASHIER FORM : calculateTotal, totalAfterDisc [0]
[ADMIN] [6/15/2017 14:55] [PENJUALAN] CASHIER FORM : calculateChangeValue, bayarTextBox.Text [0]
[ADMIN] [6/15/2017 14:55] [PENJUALAN] CASHIER FORM : calculateChangeValue, sisaBayar [0]
[ADMIN] [6/15/2017 14:55] [PENJUALAN] CASHIER FORM : cashierDataGridView_CellValueChanged [qty]
[ADMIN] [6/15/2017 14:55] [PENJUALAN] CASHIER FORM : TextBox_TextChanged, previousInput []
[ADMIN] [6/15/2017 14:55] [PENJUALAN] CASHIER FORM : TextBox_TextChanged, dataGridViewTextBoxEditingControl.Text pass REGEX Checking
[ADMIN] [6/15/2017 14:55] [] CHECK STOCK QTY IS ENOUGH [1]
[ADMIN] [6/15/2017 14:55] [] CHECK STOCK QTY IS ENOUGH [306, 0]
[ADMIN] [6/15/2017 14:55] [PENJUALAN] CASHIER FORM : CALCULATE SUBTOTAL
[ADMIN] [6/15/2017 14:55] [PENJUALAN] CASHIER FORM : SUBTOTAL [0]
[ADMIN] [6/15/2017 14:55] [PENJUALAN] CASHIER FORM : TextBox_TextChanged, subtotal value [0]
[ADMIN] [6/15/2017 14:55] [PENJUALAN] CASHIER FORM : TextBox_TextChanged, attempt to calculate total value
[ADMIN] [6/15/2017 14:55] [PENJUALAN] CASHIER FORM : calculateTotal
[ADMIN] [6/15/2017 14:55] [PENJUALAN] CASHIER FORM : calculateTotal [0]
[ADMIN] [6/15/2017 14:55] [PENJUALAN] CASHIER FORM : calculateTotal, totalAfterDisc [0]
[ADMIN] [6/15/2017 14:55] [PENJUALAN] CASHIER FORM : calculateChangeValue, bayarTextBox.Text [0]
[ADMIN] [6/15/2017 14:55] [PENJUALAN] CASHIER FORM : calculateChangeValue, sisaBayar [0]
[ADMIN] [6/15/2017 14:55] [PENJUALAN] CASHIER FORM : cashierDataGridView_CellValueChanged [jumlah]
[ADMIN] [6/15/2017 14:55] [PENJUALAN] CASHIER FORM : ComboBox_SelectedIndexChanged, attempt to calculate total
[ADMIN] [6/15/2017 14:55] [PENJUALAN] CASHIER FORM : calculateTotal
[ADMIN] [6/15/2017 14:55] [PENJUALAN] CASHIER FORM : calculateTotal [0]
[ADMIN] [6/15/2017 14:55] [PENJUALAN] CASHIER FORM : calculateTotal, totalAfterDisc [0]
[ADMIN] [6/15/2017 14:55] [PENJUALAN] CASHIER FORM : calculateChangeValue, bayarTextBox.Text [0]
[ADMIN] [6/15/2017 14:55] [PENJUALAN] CASHIER FORM : calculateChangeValue, sisaBayar [0]
[ADMIN] [6/15/2017 14:55] [] CHECK STOCK QTY IS ENOUGH [1]
[ADMIN] [6/15/2017 14:55] [] CHECK STOCK QTY IS ENOUGH [306, 1]
[ADMIN] [6/15/2017 14:55] [PENJUALAN] CASHIER FORM : cashierDataGridView_CellValueChanged [qty]
[ADMIN] [6/15/2017 14:55] [PENJUALAN] CASHIER FORM : TextBox_TextChanged, previousInput []
[ADMIN] [6/15/2017 14:55] [PENJUALAN] CASHIER FORM : TextBox_TextChanged, dataGridViewTextBoxEditingControl.Text pass REGEX Checking
[ADMIN] [6/15/2017 14:55] [] CHECK STOCK QTY IS ENOUGH [1]
[ADMIN] [6/15/2017 14:55] [] CHECK STOCK QTY IS ENOUGH [306, 1]
[ADMIN] [6/15/2017 14:55] [PENJUALAN] CASHIER FORM : CALCULATE SUBTOTAL
[ADMIN] [6/15/2017 14:55] [PENJUALAN] CASHIER FORM : SUBTOTAL [165000]
[ADMIN] [6/15/2017 14:55] [PENJUALAN] CASHIER FORM : TextBox_TextChanged, subtotal value [165000]
[ADMIN] [6/15/2017 14:55] [PENJUALAN] CASHIER FORM : TextBox_TextChanged, attempt to calculate total value
[ADMIN] [6/15/2017 14:55] [PENJUALAN] CASHIER FORM : calculateTotal
[ADMIN] [6/15/2017 14:55] [PENJUALAN] CASHIER FORM : calculateTotal [165000]
[ADMIN] [6/15/2017 14:55] [PENJUALAN] CASHIER FORM : calculateTotal, totalAfterDisc [165000]
[ADMIN] [6/15/2017 14:55] [PENJUALAN] CASHIER FORM : calculateChangeValue, bayarTextBox.Text [0]
[ADMIN] [6/15/2017 14:55] [PENJUALAN] CASHIER FORM : calculateChangeValue, sisaBayar [0]
[ADMIN] [6/15/2017 14:55] [PENJUALAN] CASHIER FORM : SET QTY TO 1 BECAUSE OF NEW ROW
[ADMIN] [6/15/2017 14:55] [PENJUALAN] CASHIER FORM : CALCULATE SUBTOTAL
[ADMIN] [6/15/2017 14:55] [PENJUALAN] CASHIER FORM : SUBTOTAL [165000]
[ADMIN] [6/15/2017 14:55] [PENJUALAN] CASHIER FORM : calculateTotal
[ADMIN] [6/15/2017 14:55] [PENJUALAN] CASHIER FORM : calculateTotal [165000]
[ADMIN] [6/15/2017 14:55] [PENJUALAN] CASHIER FORM : calculateTotal, totalAfterDisc [165000]
[ADMIN] [6/15/2017 14:55] [PENJUALAN] CASHIER FORM : calculateChangeValue, bayarTextBox.Text [0]
[ADMIN] [6/15/2017 14:55] [PENJUALAN] CASHIER FORM : calculateChangeValue, sisaBayar [0]
[ADMIN] [6/15/2017 14:55] [PENJUALAN] CASHIER FORM : REGISTER HOTKEY
[ADMIN] [6/15/2017 14:55] [PENJUALAN] CASHIER FORM : HOTKEY TO SAVE AND PRINT OUT INVOICE PRESSED
[ADMIN] [6/15/2017 14:55] [PENJUALAN] CASHIER FORM : UNREGISTER HOTKEY
[ADMIN] [6/15/2017 14:55] [PENJUALAN] CASHIER FORM : REGISTER HOTKEY
[ADMIN] [6/15/2017 14:55] [PENJUALAN] ATTEMPT TO SAVE AND PRINT OUT INVOICE
[ADMIN] [6/15/2017 14:55] [] CHECK STOCK QTY IS ENOUGH [1]
[ADMIN] [6/15/2017 14:55] [] CHECK STOCK QTY IS ENOUGH [306, 1]
[ADMIN] [6/15/2017 14:55] [PENJUALAN] CASHIER FORM : UNREGISTER HOTKEY
[ADMIN] [6/15/2017 14:55] [PENJUALAN] CASHIER FORM : REGISTER HOTKEY
[ADMIN] [6/15/2017 14:55] [PENJUALAN] CASHIER FORM : calculateChangeValue, bayarTextBox.Text [1]
[ADMIN] [6/15/2017 14:55] [PENJUALAN] CASHIER FORM : calculateChangeValue, sisaBayar [0]
[ADMIN] [6/15/2017 14:55] [PENJUALAN] CASHIER FORM : calculateChangeValue, bayarTextBox.Text [11]
[ADMIN] [6/15/2017 14:55] [PENJUALAN] CASHIER FORM : calculateChangeValue, sisaBayar [0]
[ADMIN] [6/15/2017 14:55] [PENJUALAN] CASHIER FORM : calculateChangeValue, bayarTextBox.Text [111]
[ADMIN] [6/15/2017 14:55] [PENJUALAN] CASHIER FORM : calculateChangeValue, sisaBayar [0]
[ADMIN] [6/15/2017 14:55] [PENJUALAN] CASHIER FORM : calculateChangeValue, bayarTextBox.Text [1111]
[ADMIN] [6/15/2017 14:55] [PENJUALAN] CASHIER FORM : calculateChangeValue, sisaBayar [0]
[ADMIN] [6/15/2017 14:55] [PENJUALAN] CASHIER FORM : calculateChangeValue, bayarTextBox.Text [11111]
[ADMIN] [6/15/2017 14:55] [PENJUALAN] CASHIER FORM : calculateChangeValue, sisaBayar [0]
[ADMIN] [6/15/2017 14:55] [PENJUALAN] CASHIER FORM : calculateChangeValue, bayarTextBox.Text [111111]
[ADMIN] [6/15/2017 14:55] [PENJUALAN] CASHIER FORM : calculateChangeValue, sisaBayar [0]
[ADMIN] [6/15/2017 14:55] [PENJUALAN] CASHIER FORM : calculateChangeValue, bayarTextBox.Text [1111111]
[ADMIN] [6/15/2017 14:55] [PENJUALAN] CASHIER FORM : calculateChangeValue, sisaBayar [946111]
[ADMIN] [6/15/2017 14:55] [PENJUALAN] CASHIER FORM : HOTKEY TO SAVE AND PRINT OUT INVOICE PRESSED
[ADMIN] [6/15/2017 14:55] [PENJUALAN] CASHIER FORM : UNREGISTER HOTKEY
[ADMIN] [6/15/2017 14:55] [PENJUALAN] CASHIER FORM : REGISTER HOTKEY
[ADMIN] [6/15/2017 14:55] [PENJUALAN] ATTEMPT TO SAVE AND PRINT OUT INVOICE
[ADMIN] [6/15/2017 14:55] [] CHECK STOCK QTY IS ENOUGH [1]
[ADMIN] [6/15/2017 14:55] [] CHECK STOCK QTY IS ENOUGH [306, 1]
[ADMIN] [6/15/2017 14:55] [PENJUALAN] CASHIER FORM : UNREGISTER HOTKEY
[ADMIN] [6/15/2017 14:55] [PENJUALAN] CASHIER FORM : REGISTER HOTKEY
[ADMIN] [6/15/2017 14:55] [PENJUALAN] CASHIER FORM : UNREGISTER HOTKEY
[ADMIN] [6/15/2017 14:55] [PENJUALAN] CASHIER FORM : ATTEMPT TO SAVE SALES DATA [15-06-2017 14:55]
[ADMIN] [6/15/2017 14:55] [PENJUALAN] CASHIER FORM : SALES DISC FINAL [0]
[ADMIN] [6/15/2017 14:55] [PENJUALAN] CASHIER FORM : CASH SALES
[ADMIN] [6/15/2017 14:55] [PENJUALAN] CHECK IF TAX LIMIT SET FOR PERCENTAGE PURCHASE [0]
[ADMIN] [6/15/2017 14:55] [PENJUALAN] CHECK IF TAX LIMIT SET FOR AVERAGE DAILY PURCHASE [0]
[ADMIN] [6/15/2017 14:55] [PENJUALAN] CASHIER FORM : NO FAKTUR [SLO001]
[ADMIN] [6/15/2017 14:55] [PENJUALAN] CASHIER FORM : MAX SALES INVOICE [2]
[ADMIN] [6/15/2017 14:55] [PENJUALAN] CASHIER FORM : SALES INVOICE [SLO001-3]
[ADMIN] [6/15/2017 14:55] [PENJUALAN] INSERT INTO SALES HEADER [SLO001-3]
[ADMIN] [6/15/2017 14:55] [PENJUALAN] INSERT INTO SALES DETAIL[1, 165000, 1]
[ADMIN] [6/15/2017 14:55] [PENJUALAN] INSERT TO CREDIT TABLE [SLO001-3]
[ADMIN] [6/15/2017 14:55] [PENJUALAN] INSERT TO DAILY JOURNAL TABLE [165000]
[ADMIN] [6/15/2017 14:55] [PENJUALAN] CASHIER FORM : REGISTER HOTKEY
[ADMIN] [6/15/2017 14:55] [PENJUALAN] TRANSACTION SAVED
[ADMIN] [6/15/2017 14:55] [PENJUALAN] PRINT OUT INVOICE
[ADMIN] [6/15/2017 14:55] [PENJUALAN] CASHIER FORM : PrintReceipt
[ADMIN] [6/15/2017 14:55] [PENJUALAN] CASHIER FORM : PrintReceipt, papermode [1]
[ADMIN] [6/15/2017 14:55] [PENJUALAN] CASHIER FORM : PrintReceipt, display SalesReceiptForm
[ADMIN] [6/15/2017 14:56] [PENJUALAN] CASHIER FORM : UNREGISTER HOTKEY
[ADMIN] [6/15/2017 14:56] [PENJUALAN] CASHIER FORM : REGISTER HOTKEY
[ADMIN] [6/15/2017 14:56] [PENJUALAN] VALIDATE USER CREDIT STATUS
[ADMIN] [6/15/2017 14:56] [PENJUALAN] CASHIER FORM : UNREGISTER HOTKEY
[ADMIN] [6/15/2017 14:56] [PENJUALAN] CASHIER FORM : REGISTER HOTKEY
[ADMIN] [6/15/2017 14:56] [PENJUALAN] CASHIER FORM : UNREGISTER HOTKEY
[ADMIN] [6/15/2017 14:56] [PENJUALAN] CASHIER FORM : UNREGISTER HOTKEY
[ADMIN] [6/15/2017 14:56] [] USER ID = 1LOGOUT
