[] [9/6/2017 13:45] [] USER = ADMIN IS ACTIVE
[ADMIN] [9/6/2017 13:45] [] USER ID = 1 LOGIN SUCCESSFULLY
[ADMIN] [9/6/2017 13:45] [] ACTIVATE USER ACCESS RIGHT
[ADMIN] [9/6/2017 13:45] [] DISPLAY ADMIN FORM
[ADMIN] [9/6/2017 13:45] [] adminForm Load
[ADMIN] [9/6/2017 13:46] [PENJUALAN] CASHIER FORM : MULTIPLE CASHIER INSTANCE [1]
[ADMIN] [9/6/2017 13:46] [PENJUALAN] CASHIER FORM : REGISTER HOTKEY
[ADMIN] [9/6/2017 13:46] [PENJUALAN] CASHIER FORM : cashierForm_Load, ATTEMPT TO LOAD NO FAKTUR
[ADMIN] [9/6/2017 13:46] [PENJUALAN] CASHIER FORM : loadNoFaktur, noFakturValue [SLO001]
[ADMIN] [9/6/2017 13:46] [PENJUALAN] CASHIER FORM : cashierForm_Load, ATTEMPT TO addColumnToDataGrid
[ADMIN] [9/6/2017 13:46] [PENJUALAN] CASHIER FORM : calculateTotal
[ADMIN] [9/6/2017 13:46] [PENJUALAN] CASHIER FORM : calculateTotal [0]
[ADMIN] [9/6/2017 13:46] [PENJUALAN] CASHIER FORM : calculateTotal, totalAfterDisc [0]
[ADMIN] [9/6/2017 13:46] [PENJUALAN] CASHIER FORM : calculateChangeValue, bayarTextBox.Text [0]
[ADMIN] [9/6/2017 13:46] [PENJUALAN] CASHIER FORM : calculateChangeValue, sisaBayar [0]
[ADMIN] [9/6/2017 13:46] [PENJUALAN] CASHIER FORM : REGISTER HOTKEY
[ADMIN] [9/6/2017 13:46] [PENJUALAN] CASHIER FORM : UNREGISTER HOTKEY
[ADMIN] [9/6/2017 13:46] [PENJUALAN] CASHIER FORM : REGISTER HOTKEY
[ADMIN] [9/6/2017 13:46] [PENJUALAN] CASHIER FORM : HOTKEY TO ADD NEW ROW PRESSED
[ADMIN] [9/6/2017 13:46] [PENJUALAN] CASHIER FORM : ADD NEW ROW,  isActive [True]
[ADMIN] [9/6/2017 13:46] [PENJUALAN] CASHIER FORM : ADD NEW ROW,  ROW COUNT [0]
[ADMIN] [9/6/2017 13:46] [PENJUALAN] CASHIER FORM : ADD NEW ROW,  ALLOW TO ADD [True]
[ADMIN] [9/6/2017 13:46] [PENJUALAN] CASHIER FORM : cashierDataGridView_CellValueChanged [F8]
[ADMIN] [9/6/2017 13:46] [PENJUALAN] CASHIER FORM : cashierDataGridView_CellValueChanged [hpp]
[ADMIN] [9/6/2017 13:46] [PENJUALAN] CASHIER FORM : cashierDataGridView_CellValueChanged [productPrice]
[ADMIN] [9/6/2017 13:46] [PENJUALAN] CASHIER FORM : TextBox_TextChanged, previousInput []
[ADMIN] [9/6/2017 13:46] [PENJUALAN] CASHIER FORM : TextBox_TextChanged, dataGridViewTextBoxEditingControl.Text pass REGEX Checking
[ADMIN] [9/6/2017 13:46] [PENJUALAN] CASHIER FORM : CALCULATE SUBTOTAL
[ADMIN] [9/6/2017 13:46] [PENJUALAN] CASHIER FORM : SUBTOTAL [0]
[ADMIN] [9/6/2017 13:46] [PENJUALAN] CASHIER FORM : TextBox_TextChanged, subtotal value [0]
[ADMIN] [9/6/2017 13:46] [PENJUALAN] CASHIER FORM : TextBox_TextChanged, attempt to calculate total value
[ADMIN] [9/6/2017 13:46] [PENJUALAN] CASHIER FORM : calculateTotal
[ADMIN] [9/6/2017 13:46] [PENJUALAN] CASHIER FORM : calculateTotal [0]
[ADMIN] [9/6/2017 13:46] [PENJUALAN] CASHIER FORM : calculateTotal, totalAfterDisc [0]
[ADMIN] [9/6/2017 13:46] [PENJUALAN] CASHIER FORM : calculateChangeValue, bayarTextBox.Text [0]
[ADMIN] [9/6/2017 13:46] [PENJUALAN] CASHIER FORM : calculateChangeValue, sisaBayar [0]
[ADMIN] [9/6/2017 13:46] [PENJUALAN] CASHIER FORM : cashierDataGridView_CellValueChanged [disc1]
[ADMIN] [9/6/2017 13:46] [PENJUALAN] CASHIER FORM : TextBox_TextChanged, previousInput []
[ADMIN] [9/6/2017 13:46] [PENJUALAN] CASHIER FORM : TextBox_TextChanged, dataGridViewTextBoxEditingControl.Text pass REGEX Checking
[ADMIN] [9/6/2017 13:46] [PENJUALAN] CASHIER FORM : CALCULATE SUBTOTAL
[ADMIN] [9/6/2017 13:46] [PENJUALAN] CASHIER FORM : SUBTOTAL [0]
[ADMIN] [9/6/2017 13:46] [PENJUALAN] CASHIER FORM : TextBox_TextChanged, subtotal value [0]
[ADMIN] [9/6/2017 13:46] [PENJUALAN] CASHIER FORM : TextBox_TextChanged, attempt to calculate total value
[ADMIN] [9/6/2017 13:46] [PENJUALAN] CASHIER FORM : calculateTotal
[ADMIN] [9/6/2017 13:46] [PENJUALAN] CASHIER FORM : calculateTotal [0]
[ADMIN] [9/6/2017 13:46] [PENJUALAN] CASHIER FORM : calculateTotal, totalAfterDisc [0]
[ADMIN] [9/6/2017 13:46] [PENJUALAN] CASHIER FORM : calculateChangeValue, bayarTextBox.Text [0]
[ADMIN] [9/6/2017 13:46] [PENJUALAN] CASHIER FORM : calculateChangeValue, sisaBayar [0]
[ADMIN] [9/6/2017 13:46] [PENJUALAN] CASHIER FORM : cashierDataGridView_CellValueChanged [qty]
[ADMIN] [9/6/2017 13:46] [PENJUALAN] CASHIER FORM : TextBox_TextChanged, previousInput []
[ADMIN] [9/6/2017 13:46] [PENJUALAN] CASHIER FORM : TextBox_TextChanged, dataGridViewTextBoxEditingControl.Text pass REGEX Checking
[ADMIN] [9/6/2017 13:46] [] CHECK STOCK QTY IS ENOUGH []
[ADMIN] [9/6/2017 13:46] [PENJUALAN] CASHIER FORM : CALCULATE SUBTOTAL
[ADMIN] [9/6/2017 13:46] [PENJUALAN] CASHIER FORM : SUBTOTAL [0]
[ADMIN] [9/6/2017 13:46] [PENJUALAN] CASHIER FORM : TextBox_TextChanged, subtotal value [0]
[ADMIN] [9/6/2017 13:46] [PENJUALAN] CASHIER FORM : TextBox_TextChanged, attempt to calculate total value
[ADMIN] [9/6/2017 13:46] [PENJUALAN] CASHIER FORM : calculateTotal
[ADMIN] [9/6/2017 13:46] [PENJUALAN] CASHIER FORM : calculateTotal [0]
[ADMIN] [9/6/2017 13:46] [PENJUALAN] CASHIER FORM : calculateTotal, totalAfterDisc [0]
[ADMIN] [9/6/2017 13:46] [PENJUALAN] CASHIER FORM : calculateChangeValue, bayarTextBox.Text [0]
[ADMIN] [9/6/2017 13:46] [PENJUALAN] CASHIER FORM : calculateChangeValue, sisaBayar [0]
[ADMIN] [9/6/2017 13:46] [PENJUALAN] CASHIER FORM : cashierDataGridView_CellValueChanged [disc2]
[ADMIN] [9/6/2017 13:46] [PENJUALAN] CASHIER FORM : TextBox_TextChanged, previousInput []
[ADMIN] [9/6/2017 13:46] [PENJUALAN] CASHIER FORM : TextBox_TextChanged, dataGridViewTextBoxEditingControl.Text pass REGEX Checking
[ADMIN] [9/6/2017 13:46] [PENJUALAN] CASHIER FORM : CALCULATE SUBTOTAL
[ADMIN] [9/6/2017 13:46] [PENJUALAN] CASHIER FORM : SUBTOTAL [0]
[ADMIN] [9/6/2017 13:46] [PENJUALAN] CASHIER FORM : TextBox_TextChanged, subtotal value [0]
[ADMIN] [9/6/2017 13:46] [PENJUALAN] CASHIER FORM : TextBox_TextChanged, attempt to calculate total value
[ADMIN] [9/6/2017 13:46] [PENJUALAN] CASHIER FORM : calculateTotal
[ADMIN] [9/6/2017 13:46] [PENJUALAN] CASHIER FORM : calculateTotal [0]
[ADMIN] [9/6/2017 13:46] [PENJUALAN] CASHIER FORM : calculateTotal, totalAfterDisc [0]
[ADMIN] [9/6/2017 13:46] [PENJUALAN] CASHIER FORM : calculateChangeValue, bayarTextBox.Text [0]
[ADMIN] [9/6/2017 13:46] [PENJUALAN] CASHIER FORM : calculateChangeValue, sisaBayar [0]
[ADMIN] [9/6/2017 13:46] [PENJUALAN] CASHIER FORM : cashierDataGridView_CellValueChanged [discRP]
[ADMIN] [9/6/2017 13:46] [PENJUALAN] CASHIER FORM : TextBox_TextChanged, previousInput []
[ADMIN] [9/6/2017 13:46] [PENJUALAN] CASHIER FORM : TextBox_TextChanged, dataGridViewTextBoxEditingControl.Text pass REGEX Checking
[ADMIN] [9/6/2017 13:46] [PENJUALAN] CASHIER FORM : CALCULATE SUBTOTAL
[ADMIN] [9/6/2017 13:46] [PENJUALAN] CASHIER FORM : SUBTOTAL [0]
[ADMIN] [9/6/2017 13:46] [PENJUALAN] CASHIER FORM : TextBox_TextChanged, subtotal value [0]
[ADMIN] [9/6/2017 13:46] [PENJUALAN] CASHIER FORM : TextBox_TextChanged, attempt to calculate total value
[ADMIN] [9/6/2017 13:46] [PENJUALAN] CASHIER FORM : calculateTotal
[ADMIN] [9/6/2017 13:46] [PENJUALAN] CASHIER FORM : calculateTotal [0]
[ADMIN] [9/6/2017 13:46] [PENJUALAN] CASHIER FORM : calculateTotal, totalAfterDisc [0]
[ADMIN] [9/6/2017 13:46] [PENJUALAN] CASHIER FORM : calculateChangeValue, bayarTextBox.Text [0]
[ADMIN] [9/6/2017 13:46] [PENJUALAN] CASHIER FORM : calculateChangeValue, sisaBayar [0]
[ADMIN] [9/6/2017 13:46] [PENJUALAN] CASHIER FORM : cashierDataGridView_CellValueChanged [jumlah]
[ADMIN] [9/6/2017 13:46] [PENJUALAN] CASHIER FORM : cashierDataGridView_CellValueChanged [productName]
[ADMIN] [9/6/2017 13:46] [PENJUALAN] CASHIER FORM : UNREGISTER HOTKEY
[ADMIN] [9/6/2017 13:46] [PENJUALAN] CASHIER FORM : ADD NEW ROW FROM BARCODE [HPL VIOLAM VS 0101 S]
[ADMIN] [9/6/2017 13:46] [PENJUALAN] CASHIER FORM : cashierDataGridView_CellValueChanged [productID]
[ADMIN] [9/6/2017 13:46] [PENJUALAN] CASHIER FORM : cashierDataGridView_CellValueChanged [productName]
[ADMIN] [9/6/2017 13:46] [PENJUALAN] CASHIER FORM : PRODUCT PRICE TYPE [PRODUCT_BASE_PRICE]
[ADMIN] [9/6/2017 13:46] [PENJUALAN] CASHIER FORM : PRODUCT PRICE [155000]
[ADMIN] [9/6/2017 13:46] [PENJUALAN] CASHIER FORM : ComboBox_SelectedIndexChanged, PRODUCT_BASE_PRICE [155000]
[ADMIN] [9/6/2017 13:46] [PENJUALAN] CASHIER FORM : cashierDataGridView_CellValueChanged [hpp]
[ADMIN] [9/6/2017 13:46] [PENJUALAN] CASHIER FORM : PRODUCT PRICE TYPE [PRODUCT_RETAIL_PRICE]
[ADMIN] [9/6/2017 13:46] [PENJUALAN] CASHIER FORM : PRODUCT PRICE [165000]
[ADMIN] [9/6/2017 13:46] [PENJUALAN] CASHIER FORM : ComboBox_SelectedIndexChanged, PRODUCT_SALES_PRICE [165000]
[ADMIN] [9/6/2017 13:46] [PENJUALAN] CASHIER FORM : cashierDataGridView_CellValueChanged [productPrice]
[ADMIN] [9/6/2017 13:46] [PENJUALAN] CASHIER FORM : TextBox_TextChanged, previousInput []
[ADMIN] [9/6/2017 13:46] [PENJUALAN] CASHIER FORM : TextBox_TextChanged, dataGridViewTextBoxEditingControl.Text pass REGEX Checking
[ADMIN] [9/6/2017 13:46] [PENJUALAN] CASHIER FORM : CALCULATE SUBTOTAL
[ADMIN] [9/6/2017 13:46] [PENJUALAN] CASHIER FORM : SUBTOTAL [0]
[ADMIN] [9/6/2017 13:46] [PENJUALAN] CASHIER FORM : TextBox_TextChanged, subtotal value [0]
[ADMIN] [9/6/2017 13:46] [PENJUALAN] CASHIER FORM : TextBox_TextChanged, attempt to calculate total value
[ADMIN] [9/6/2017 13:46] [PENJUALAN] CASHIER FORM : calculateTotal
[ADMIN] [9/6/2017 13:46] [PENJUALAN] CASHIER FORM : calculateTotal [0]
[ADMIN] [9/6/2017 13:46] [PENJUALAN] CASHIER FORM : calculateTotal, totalAfterDisc [0]
[ADMIN] [9/6/2017 13:46] [PENJUALAN] CASHIER FORM : calculateChangeValue, bayarTextBox.Text [0]
[ADMIN] [9/6/2017 13:46] [PENJUALAN] CASHIER FORM : calculateChangeValue, sisaBayar [0]
[ADMIN] [9/6/2017 13:46] [PENJUALAN] CASHIER FORM : cashierDataGridView_CellValueChanged [qty]
[ADMIN] [9/6/2017 13:46] [PENJUALAN] CASHIER FORM : TextBox_TextChanged, previousInput []
[ADMIN] [9/6/2017 13:46] [PENJUALAN] CASHIER FORM : TextBox_TextChanged, dataGridViewTextBoxEditingControl.Text pass REGEX Checking
[ADMIN] [9/6/2017 13:46] [] CHECK STOCK QTY IS ENOUGH [1]
[ADMIN] [9/6/2017 13:46] [] CHECK STOCK QTY IS ENOUGH [294, 0]
[ADMIN] [9/6/2017 13:46] [PENJUALAN] CASHIER FORM : CALCULATE SUBTOTAL
[ADMIN] [9/6/2017 13:46] [PENJUALAN] CASHIER FORM : SUBTOTAL [0]
[ADMIN] [9/6/2017 13:46] [PENJUALAN] CASHIER FORM : TextBox_TextChanged, subtotal value [0]
[ADMIN] [9/6/2017 13:46] [PENJUALAN] CASHIER FORM : TextBox_TextChanged, attempt to calculate total value
[ADMIN] [9/6/2017 13:46] [PENJUALAN] CASHIER FORM : calculateTotal
[ADMIN] [9/6/2017 13:46] [PENJUALAN] CASHIER FORM : calculateTotal [0]
[ADMIN] [9/6/2017 13:46] [PENJUALAN] CASHIER FORM : calculateTotal, totalAfterDisc [0]
[ADMIN] [9/6/2017 13:46] [PENJUALAN] CASHIER FORM : calculateChangeValue, bayarTextBox.Text [0]
[ADMIN] [9/6/2017 13:46] [PENJUALAN] CASHIER FORM : calculateChangeValue, sisaBayar [0]
[ADMIN] [9/6/2017 13:46] [PENJUALAN] CASHIER FORM : cashierDataGridView_CellValueChanged [jumlah]
[ADMIN] [9/6/2017 13:46] [PENJUALAN] CASHIER FORM : ComboBox_SelectedIndexChanged, attempt to calculate total
[ADMIN] [9/6/2017 13:46] [PENJUALAN] CASHIER FORM : calculateTotal
[ADMIN] [9/6/2017 13:46] [PENJUALAN] CASHIER FORM : calculateTotal [0]
[ADMIN] [9/6/2017 13:46] [PENJUALAN] CASHIER FORM : calculateTotal, totalAfterDisc [0]
[ADMIN] [9/6/2017 13:46] [PENJUALAN] CASHIER FORM : calculateChangeValue, bayarTextBox.Text [0]
[ADMIN] [9/6/2017 13:46] [PENJUALAN] CASHIER FORM : calculateChangeValue, sisaBayar [0]
[ADMIN] [9/6/2017 13:46] [] CHECK STOCK QTY IS ENOUGH [1]
[ADMIN] [9/6/2017 13:46] [] CHECK STOCK QTY IS ENOUGH [294, 1]
[ADMIN] [9/6/2017 13:46] [PENJUALAN] CASHIER FORM : cashierDataGridView_CellValueChanged [qty]
[ADMIN] [9/6/2017 13:46] [PENJUALAN] CASHIER FORM : TextBox_TextChanged, previousInput []
[ADMIN] [9/6/2017 13:46] [PENJUALAN] CASHIER FORM : TextBox_TextChanged, dataGridViewTextBoxEditingControl.Text pass REGEX Checking
[ADMIN] [9/6/2017 13:46] [] CHECK STOCK QTY IS ENOUGH [1]
[ADMIN] [9/6/2017 13:46] [] CHECK STOCK QTY IS ENOUGH [294, 1]
[ADMIN] [9/6/2017 13:46] [PENJUALAN] CASHIER FORM : CALCULATE SUBTOTAL
[ADMIN] [9/6/2017 13:46] [PENJUALAN] CASHIER FORM : SUBTOTAL [165000]
[ADMIN] [9/6/2017 13:46] [PENJUALAN] CASHIER FORM : TextBox_TextChanged, subtotal value [165000]
[ADMIN] [9/6/2017 13:46] [PENJUALAN] CASHIER FORM : TextBox_TextChanged, attempt to calculate total value
[ADMIN] [9/6/2017 13:46] [PENJUALAN] CASHIER FORM : calculateTotal
[ADMIN] [9/6/2017 13:46] [PENJUALAN] CASHIER FORM : calculateTotal [165000]
[ADMIN] [9/6/2017 13:46] [PENJUALAN] CASHIER FORM : calculateTotal, totalAfterDisc [165000]
[ADMIN] [9/6/2017 13:46] [PENJUALAN] CASHIER FORM : calculateChangeValue, bayarTextBox.Text [0]
[ADMIN] [9/6/2017 13:46] [PENJUALAN] CASHIER FORM : calculateChangeValue, sisaBayar [0]
[ADMIN] [9/6/2017 13:46] [PENJUALAN] CASHIER FORM : SET QTY TO 1 BECAUSE OF NEW ROW
[ADMIN] [9/6/2017 13:46] [PENJUALAN] CASHIER FORM : CALCULATE SUBTOTAL
[ADMIN] [9/6/2017 13:46] [PENJUALAN] CASHIER FORM : SUBTOTAL [165000]
[ADMIN] [9/6/2017 13:46] [PENJUALAN] CASHIER FORM : calculateTotal
[ADMIN] [9/6/2017 13:46] [PENJUALAN] CASHIER FORM : calculateTotal [165000]
[ADMIN] [9/6/2017 13:46] [PENJUALAN] CASHIER FORM : calculateTotal, totalAfterDisc [165000]
[ADMIN] [9/6/2017 13:46] [PENJUALAN] CASHIER FORM : calculateChangeValue, bayarTextBox.Text [0]
[ADMIN] [9/6/2017 13:46] [PENJUALAN] CASHIER FORM : calculateChangeValue, sisaBayar [0]
[ADMIN] [9/6/2017 13:46] [PENJUALAN] CASHIER FORM : REGISTER HOTKEY
[ADMIN] [9/6/2017 13:46] [PENJUALAN] CASHIER FORM : cashierDataGridView_CellValueChanged [qty]
[ADMIN] [9/6/2017 13:46] [PENJUALAN] CASHIER FORM : TextBox_TextChanged, previousInput []
[ADMIN] [9/6/2017 13:46] [PENJUALAN] CASHIER FORM : TextBox_TextChanged, dataGridViewTextBoxEditingControl.Text pass REGEX Checking
[ADMIN] [9/6/2017 13:46] [] CHECK STOCK QTY IS ENOUGH [1]
[ADMIN] [9/6/2017 13:46] [] CHECK STOCK QTY IS ENOUGH [294, 2]
[ADMIN] [9/6/2017 13:46] [PENJUALAN] CASHIER FORM : CALCULATE SUBTOTAL
[ADMIN] [9/6/2017 13:46] [PENJUALAN] CASHIER FORM : SUBTOTAL [330000]
[ADMIN] [9/6/2017 13:46] [PENJUALAN] CASHIER FORM : TextBox_TextChanged, subtotal value [330000]
[ADMIN] [9/6/2017 13:46] [PENJUALAN] CASHIER FORM : TextBox_TextChanged, attempt to calculate total value
[ADMIN] [9/6/2017 13:46] [PENJUALAN] CASHIER FORM : calculateTotal
[ADMIN] [9/6/2017 13:46] [PENJUALAN] CASHIER FORM : calculateTotal [330000]
[ADMIN] [9/6/2017 13:46] [PENJUALAN] CASHIER FORM : calculateTotal, totalAfterDisc [330000]
[ADMIN] [9/6/2017 13:46] [PENJUALAN] CASHIER FORM : calculateChangeValue, bayarTextBox.Text [0]
[ADMIN] [9/6/2017 13:46] [PENJUALAN] CASHIER FORM : calculateChangeValue, sisaBayar [0]
[ADMIN] [9/6/2017 13:46] [PENJUALAN] CASHIER FORM : HOTKEY TO ADD NEW ROW PRESSED
[ADMIN] [9/6/2017 13:46] [PENJUALAN] CASHIER FORM : ADD NEW ROW,  isActive [True]
[ADMIN] [9/6/2017 13:46] [PENJUALAN] CASHIER FORM : ADD NEW ROW,  ROW COUNT [1]
[ADMIN] [9/6/2017 13:46] [PENJUALAN] CASHIER FORM : ADD NEW ROW,  ALLOW TO ADD [True]
[ADMIN] [9/6/2017 13:46] [PENJUALAN] CASHIER FORM : cashierDataGridView_CellValueChanged [F8]
[ADMIN] [9/6/2017 13:46] [PENJUALAN] CASHIER FORM : cashierDataGridView_CellValueChanged [hpp]
[ADMIN] [9/6/2017 13:46] [PENJUALAN] CASHIER FORM : cashierDataGridView_CellValueChanged [productPrice]
[ADMIN] [9/6/2017 13:46] [PENJUALAN] CASHIER FORM : TextBox_TextChanged, previousInput []
[ADMIN] [9/6/2017 13:46] [PENJUALAN] CASHIER FORM : TextBox_TextChanged, dataGridViewTextBoxEditingControl.Text pass REGEX Checking
[ADMIN] [9/6/2017 13:46] [PENJUALAN] CASHIER FORM : CALCULATE SUBTOTAL
[ADMIN] [9/6/2017 13:46] [PENJUALAN] CASHIER FORM : SUBTOTAL [0]
[ADMIN] [9/6/2017 13:46] [PENJUALAN] CASHIER FORM : TextBox_TextChanged, subtotal value [0]
[ADMIN] [9/6/2017 13:46] [PENJUALAN] CASHIER FORM : TextBox_TextChanged, attempt to calculate total value
[ADMIN] [9/6/2017 13:46] [PENJUALAN] CASHIER FORM : calculateTotal
[ADMIN] [9/6/2017 13:46] [PENJUALAN] CASHIER FORM : calculateTotal [330000]
[ADMIN] [9/6/2017 13:46] [PENJUALAN] CASHIER FORM : calculateTotal, totalAfterDisc [330000]
[ADMIN] [9/6/2017 13:46] [PENJUALAN] CASHIER FORM : calculateChangeValue, bayarTextBox.Text [0]
[ADMIN] [9/6/2017 13:46] [PENJUALAN] CASHIER FORM : calculateChangeValue, sisaBayar [0]
[ADMIN] [9/6/2017 13:46] [PENJUALAN] CASHIER FORM : cashierDataGridView_CellValueChanged [disc1]
[ADMIN] [9/6/2017 13:46] [PENJUALAN] CASHIER FORM : TextBox_TextChanged, previousInput []
[ADMIN] [9/6/2017 13:46] [PENJUALAN] CASHIER FORM : TextBox_TextChanged, dataGridViewTextBoxEditingControl.Text pass REGEX Checking
[ADMIN] [9/6/2017 13:46] [PENJUALAN] CASHIER FORM : CALCULATE SUBTOTAL
[ADMIN] [9/6/2017 13:46] [PENJUALAN] CASHIER FORM : SUBTOTAL [0]
[ADMIN] [9/6/2017 13:46] [PENJUALAN] CASHIER FORM : TextBox_TextChanged, subtotal value [0]
[ADMIN] [9/6/2017 13:46] [PENJUALAN] CASHIER FORM : TextBox_TextChanged, attempt to calculate total value
[ADMIN] [9/6/2017 13:46] [PENJUALAN] CASHIER FORM : calculateTotal
[ADMIN] [9/6/2017 13:46] [PENJUALAN] CASHIER FORM : calculateTotal [330000]
[ADMIN] [9/6/2017 13:46] [PENJUALAN] CASHIER FORM : calculateTotal, totalAfterDisc [330000]
[ADMIN] [9/6/2017 13:46] [PENJUALAN] CASHIER FORM : calculateChangeValue, bayarTextBox.Text [0]
[ADMIN] [9/6/2017 13:46] [PENJUALAN] CASHIER FORM : calculateChangeValue, sisaBayar [0]
[ADMIN] [9/6/2017 13:46] [PENJUALAN] CASHIER FORM : cashierDataGridView_CellValueChanged [qty]
[ADMIN] [9/6/2017 13:46] [PENJUALAN] CASHIER FORM : TextBox_TextChanged, previousInput []
[ADMIN] [9/6/2017 13:46] [PENJUALAN] CASHIER FORM : TextBox_TextChanged, dataGridViewTextBoxEditingControl.Text pass REGEX Checking
[ADMIN] [9/6/2017 13:46] [] CHECK STOCK QTY IS ENOUGH []
[ADMIN] [9/6/2017 13:46] [PENJUALAN] CASHIER FORM : CALCULATE SUBTOTAL
[ADMIN] [9/6/2017 13:46] [PENJUALAN] CASHIER FORM : SUBTOTAL [0]
[ADMIN] [9/6/2017 13:46] [PENJUALAN] CASHIER FORM : TextBox_TextChanged, subtotal value [0]
[ADMIN] [9/6/2017 13:46] [PENJUALAN] CASHIER FORM : TextBox_TextChanged, attempt to calculate total value
[ADMIN] [9/6/2017 13:46] [PENJUALAN] CASHIER FORM : calculateTotal
[ADMIN] [9/6/2017 13:46] [PENJUALAN] CASHIER FORM : calculateTotal [330000]
[ADMIN] [9/6/2017 13:46] [PENJUALAN] CASHIER FORM : calculateTotal, totalAfterDisc [330000]
[ADMIN] [9/6/2017 13:46] [PENJUALAN] CASHIER FORM : calculateChangeValue, bayarTextBox.Text [0]
[ADMIN] [9/6/2017 13:46] [PENJUALAN] CASHIER FORM : calculateChangeValue, sisaBayar [0]
[ADMIN] [9/6/2017 13:46] [PENJUALAN] CASHIER FORM : cashierDataGridView_CellValueChanged [disc2]
[ADMIN] [9/6/2017 13:46] [PENJUALAN] CASHIER FORM : TextBox_TextChanged, previousInput []
[ADMIN] [9/6/2017 13:46] [PENJUALAN] CASHIER FORM : TextBox_TextChanged, dataGridViewTextBoxEditingControl.Text pass REGEX Checking
[ADMIN] [9/6/2017 13:46] [PENJUALAN] CASHIER FORM : CALCULATE SUBTOTAL
[ADMIN] [9/6/2017 13:46] [PENJUALAN] CASHIER FORM : SUBTOTAL [0]
[ADMIN] [9/6/2017 13:46] [PENJUALAN] CASHIER FORM : TextBox_TextChanged, subtotal value [0]
[ADMIN] [9/6/2017 13:46] [PENJUALAN] CASHIER FORM : TextBox_TextChanged, attempt to calculate total value
[ADMIN] [9/6/2017 13:46] [PENJUALAN] CASHIER FORM : calculateTotal
[ADMIN] [9/6/2017 13:46] [PENJUALAN] CASHIER FORM : calculateTotal [330000]
[ADMIN] [9/6/2017 13:46] [PENJUALAN] CASHIER FORM : calculateTotal, totalAfterDisc [330000]
[ADMIN] [9/6/2017 13:46] [PENJUALAN] CASHIER FORM : calculateChangeValue, bayarTextBox.Text [0]
[ADMIN] [9/6/2017 13:46] [PENJUALAN] CASHIER FORM : calculateChangeValue, sisaBayar [0]
[ADMIN] [9/6/2017 13:46] [PENJUALAN] CASHIER FORM : cashierDataGridView_CellValueChanged [discRP]
[ADMIN] [9/6/2017 13:46] [PENJUALAN] CASHIER FORM : TextBox_TextChanged, previousInput []
[ADMIN] [9/6/2017 13:46] [PENJUALAN] CASHIER FORM : TextBox_TextChanged, dataGridViewTextBoxEditingControl.Text pass REGEX Checking
[ADMIN] [9/6/2017 13:46] [PENJUALAN] CASHIER FORM : CALCULATE SUBTOTAL
[ADMIN] [9/6/2017 13:46] [PENJUALAN] CASHIER FORM : SUBTOTAL [0]
[ADMIN] [9/6/2017 13:46] [PENJUALAN] CASHIER FORM : TextBox_TextChanged, subtotal value [0]
[ADMIN] [9/6/2017 13:46] [PENJUALAN] CASHIER FORM : TextBox_TextChanged, attempt to calculate total value
[ADMIN] [9/6/2017 13:46] [PENJUALAN] CASHIER FORM : calculateTotal
[ADMIN] [9/6/2017 13:46] [PENJUALAN] CASHIER FORM : calculateTotal [330000]
[ADMIN] [9/6/2017 13:46] [PENJUALAN] CASHIER FORM : calculateTotal, totalAfterDisc [330000]
[ADMIN] [9/6/2017 13:46] [PENJUALAN] CASHIER FORM : calculateChangeValue, bayarTextBox.Text [0]
[ADMIN] [9/6/2017 13:46] [PENJUALAN] CASHIER FORM : calculateChangeValue, sisaBayar [0]
[ADMIN] [9/6/2017 13:46] [PENJUALAN] CASHIER FORM : cashierDataGridView_CellValueChanged [jumlah]
[ADMIN] [9/6/2017 13:47] [PENJUALAN] CASHIER FORM : cashierDataGridView_CellValueChanged [productName]
[ADMIN] [9/6/2017 13:47] [PENJUALAN] CASHIER FORM : UNREGISTER HOTKEY
[ADMIN] [9/6/2017 13:47] [] [POS SEARCH PRODUCT] D:\Project\Draco\_CODE_\Draco\bin\Debug\PRODUCT_PHOTO\3.jpg
[ADMIN] [9/6/2017 13:47] [PENJUALAN] CASHIER FORM : ADD NEW ROW FROM BARCODE [HPL VIOLAM VD 0018 S]
[ADMIN] [9/6/2017 13:47] [PENJUALAN] CASHIER FORM : cashierDataGridView_CellValueChanged [productID]
[ADMIN] [9/6/2017 13:47] [PENJUALAN] CASHIER FORM : cashierDataGridView_CellValueChanged [productName]
[ADMIN] [9/6/2017 13:47] [PENJUALAN] CASHIER FORM : PRODUCT PRICE TYPE [PRODUCT_BASE_PRICE]
[ADMIN] [9/6/2017 13:47] [PENJUALAN] CASHIER FORM : PRODUCT PRICE [155000]
[ADMIN] [9/6/2017 13:47] [PENJUALAN] CASHIER FORM : ComboBox_SelectedIndexChanged, PRODUCT_BASE_PRICE [155000]
[ADMIN] [9/6/2017 13:47] [PENJUALAN] CASHIER FORM : cashierDataGridView_CellValueChanged [hpp]
[ADMIN] [9/6/2017 13:47] [PENJUALAN] CASHIER FORM : PRODUCT PRICE TYPE [PRODUCT_RETAIL_PRICE]
[ADMIN] [9/6/2017 13:47] [PENJUALAN] CASHIER FORM : PRODUCT PRICE [165000]
[ADMIN] [9/6/2017 13:47] [PENJUALAN] CASHIER FORM : ComboBox_SelectedIndexChanged, PRODUCT_SALES_PRICE [165000]
[ADMIN] [9/6/2017 13:47] [PENJUALAN] CASHIER FORM : cashierDataGridView_CellValueChanged [productPrice]
[ADMIN] [9/6/2017 13:47] [PENJUALAN] CASHIER FORM : TextBox_TextChanged, previousInput []
[ADMIN] [9/6/2017 13:47] [PENJUALAN] CASHIER FORM : TextBox_TextChanged, dataGridViewTextBoxEditingControl.Text pass REGEX Checking
[ADMIN] [9/6/2017 13:47] [PENJUALAN] CASHIER FORM : CALCULATE SUBTOTAL
[ADMIN] [9/6/2017 13:47] [PENJUALAN] CASHIER FORM : SUBTOTAL [0]
[ADMIN] [9/6/2017 13:47] [PENJUALAN] CASHIER FORM : TextBox_TextChanged, subtotal value [0]
[ADMIN] [9/6/2017 13:47] [PENJUALAN] CASHIER FORM : TextBox_TextChanged, attempt to calculate total value
[ADMIN] [9/6/2017 13:47] [PENJUALAN] CASHIER FORM : calculateTotal
[ADMIN] [9/6/2017 13:47] [PENJUALAN] CASHIER FORM : calculateTotal [330000]
[ADMIN] [9/6/2017 13:47] [PENJUALAN] CASHIER FORM : calculateTotal, totalAfterDisc [330000]
[ADMIN] [9/6/2017 13:47] [PENJUALAN] CASHIER FORM : calculateChangeValue, bayarTextBox.Text [0]
[ADMIN] [9/6/2017 13:47] [PENJUALAN] CASHIER FORM : calculateChangeValue, sisaBayar [0]
[ADMIN] [9/6/2017 13:47] [PENJUALAN] CASHIER FORM : cashierDataGridView_CellValueChanged [qty]
[ADMIN] [9/6/2017 13:47] [PENJUALAN] CASHIER FORM : TextBox_TextChanged, previousInput []
[ADMIN] [9/6/2017 13:47] [PENJUALAN] CASHIER FORM : TextBox_TextChanged, dataGridViewTextBoxEditingControl.Text pass REGEX Checking
[ADMIN] [9/6/2017 13:47] [] CHECK STOCK QTY IS ENOUGH [3]
[ADMIN] [9/6/2017 13:47] [] CHECK STOCK QTY IS ENOUGH [15, 0]
[ADMIN] [9/6/2017 13:47] [PENJUALAN] CASHIER FORM : CALCULATE SUBTOTAL
[ADMIN] [9/6/2017 13:47] [PENJUALAN] CASHIER FORM : SUBTOTAL [0]
[ADMIN] [9/6/2017 13:47] [PENJUALAN] CASHIER FORM : TextBox_TextChanged, subtotal value [0]
[ADMIN] [9/6/2017 13:47] [PENJUALAN] CASHIER FORM : TextBox_TextChanged, attempt to calculate total value
[ADMIN] [9/6/2017 13:47] [PENJUALAN] CASHIER FORM : calculateTotal
[ADMIN] [9/6/2017 13:47] [PENJUALAN] CASHIER FORM : calculateTotal [330000]
[ADMIN] [9/6/2017 13:47] [PENJUALAN] CASHIER FORM : calculateTotal, totalAfterDisc [330000]
[ADMIN] [9/6/2017 13:47] [PENJUALAN] CASHIER FORM : calculateChangeValue, bayarTextBox.Text [0]
[ADMIN] [9/6/2017 13:47] [PENJUALAN] CASHIER FORM : calculateChangeValue, sisaBayar [0]
[ADMIN] [9/6/2017 13:47] [PENJUALAN] CASHIER FORM : cashierDataGridView_CellValueChanged [jumlah]
[ADMIN] [9/6/2017 13:47] [PENJUALAN] CASHIER FORM : ComboBox_SelectedIndexChanged, attempt to calculate total
[ADMIN] [9/6/2017 13:47] [PENJUALAN] CASHIER FORM : calculateTotal
[ADMIN] [9/6/2017 13:47] [PENJUALAN] CASHIER FORM : calculateTotal [330000]
[ADMIN] [9/6/2017 13:47] [PENJUALAN] CASHIER FORM : calculateTotal, totalAfterDisc [330000]
[ADMIN] [9/6/2017 13:47] [PENJUALAN] CASHIER FORM : calculateChangeValue, bayarTextBox.Text [0]
[ADMIN] [9/6/2017 13:47] [PENJUALAN] CASHIER FORM : calculateChangeValue, sisaBayar [0]
[ADMIN] [9/6/2017 13:47] [] CHECK STOCK QTY IS ENOUGH [3]
[ADMIN] [9/6/2017 13:47] [] CHECK STOCK QTY IS ENOUGH [15, 1]
[ADMIN] [9/6/2017 13:47] [PENJUALAN] CASHIER FORM : cashierDataGridView_CellValueChanged [qty]
[ADMIN] [9/6/2017 13:47] [PENJUALAN] CASHIER FORM : TextBox_TextChanged, previousInput []
[ADMIN] [9/6/2017 13:47] [PENJUALAN] CASHIER FORM : TextBox_TextChanged, dataGridViewTextBoxEditingControl.Text pass REGEX Checking
[ADMIN] [9/6/2017 13:47] [] CHECK STOCK QTY IS ENOUGH [3]
[ADMIN] [9/6/2017 13:47] [] CHECK STOCK QTY IS ENOUGH [15, 1]
[ADMIN] [9/6/2017 13:47] [PENJUALAN] CASHIER FORM : CALCULATE SUBTOTAL
[ADMIN] [9/6/2017 13:47] [PENJUALAN] CASHIER FORM : SUBTOTAL [165000]
[ADMIN] [9/6/2017 13:47] [PENJUALAN] CASHIER FORM : TextBox_TextChanged, subtotal value [165000]
[ADMIN] [9/6/2017 13:47] [PENJUALAN] CASHIER FORM : TextBox_TextChanged, attempt to calculate total value
[ADMIN] [9/6/2017 13:47] [PENJUALAN] CASHIER FORM : calculateTotal
[ADMIN] [9/6/2017 13:47] [PENJUALAN] CASHIER FORM : calculateTotal [495000]
[ADMIN] [9/6/2017 13:47] [PENJUALAN] CASHIER FORM : calculateTotal, totalAfterDisc [495000]
[ADMIN] [9/6/2017 13:47] [PENJUALAN] CASHIER FORM : calculateChangeValue, bayarTextBox.Text [0]
[ADMIN] [9/6/2017 13:47] [PENJUALAN] CASHIER FORM : calculateChangeValue, sisaBayar [0]
[ADMIN] [9/6/2017 13:47] [PENJUALAN] CASHIER FORM : SET QTY TO 1 BECAUSE OF NEW ROW
[ADMIN] [9/6/2017 13:47] [PENJUALAN] CASHIER FORM : CALCULATE SUBTOTAL
[ADMIN] [9/6/2017 13:47] [PENJUALAN] CASHIER FORM : SUBTOTAL [165000]
[ADMIN] [9/6/2017 13:47] [PENJUALAN] CASHIER FORM : calculateTotal
[ADMIN] [9/6/2017 13:47] [PENJUALAN] CASHIER FORM : calculateTotal [495000]
[ADMIN] [9/6/2017 13:47] [PENJUALAN] CASHIER FORM : calculateTotal, totalAfterDisc [495000]
[ADMIN] [9/6/2017 13:47] [PENJUALAN] CASHIER FORM : calculateChangeValue, bayarTextBox.Text [0]
[ADMIN] [9/6/2017 13:47] [PENJUALAN] CASHIER FORM : calculateChangeValue, sisaBayar [0]
[ADMIN] [9/6/2017 13:47] [PENJUALAN] CASHIER FORM : REGISTER HOTKEY
[ADMIN] [9/6/2017 13:47] [PENJUALAN] CASHIER FORM : calculateChangeValue, bayarTextBox.Text [2]
[ADMIN] [9/6/2017 13:47] [PENJUALAN] CASHIER FORM : calculateChangeValue, sisaBayar [0]
[ADMIN] [9/6/2017 13:47] [PENJUALAN] CASHIER FORM : calculateChangeValue, bayarTextBox.Text [22]
[ADMIN] [9/6/2017 13:47] [PENJUALAN] CASHIER FORM : calculateChangeValue, sisaBayar [0]
[ADMIN] [9/6/2017 13:47] [PENJUALAN] CASHIER FORM : calculateChangeValue, bayarTextBox.Text [222]
[ADMIN] [9/6/2017 13:47] [PENJUALAN] CASHIER FORM : calculateChangeValue, sisaBayar [0]
[ADMIN] [9/6/2017 13:47] [PENJUALAN] CASHIER FORM : calculateChangeValue, bayarTextBox.Text [2222]
[ADMIN] [9/6/2017 13:47] [PENJUALAN] CASHIER FORM : calculateChangeValue, sisaBayar [0]
[ADMIN] [9/6/2017 13:47] [PENJUALAN] CASHIER FORM : calculateChangeValue, bayarTextBox.Text [22222]
[ADMIN] [9/6/2017 13:47] [PENJUALAN] CASHIER FORM : calculateChangeValue, sisaBayar [0]
[ADMIN] [9/6/2017 13:47] [PENJUALAN] CASHIER FORM : calculateChangeValue, bayarTextBox.Text [222222]
[ADMIN] [9/6/2017 13:47] [PENJUALAN] CASHIER FORM : calculateChangeValue, sisaBayar [0]
[ADMIN] [9/6/2017 13:47] [PENJUALAN] CASHIER FORM : calculateChangeValue, bayarTextBox.Text [2222222]
[ADMIN] [9/6/2017 13:47] [PENJUALAN] CASHIER FORM : calculateChangeValue, sisaBayar [1727222]
[ADMIN] [9/6/2017 13:47] [PENJUALAN] CASHIER FORM : HOTKEY TO SAVE AND PRINT OUT INVOICE PRESSED
[ADMIN] [9/6/2017 13:47] [PENJUALAN] CASHIER FORM : UNREGISTER HOTKEY
[ADMIN] [9/6/2017 13:47] [PENJUALAN] CASHIER FORM : REGISTER HOTKEY
[ADMIN] [9/6/2017 13:47] [PENJUALAN] ATTEMPT TO SAVE AND PRINT OUT INVOICE
[ADMIN] [9/6/2017 13:47] [] CHECK STOCK QTY IS ENOUGH [1]
[ADMIN] [9/6/2017 13:47] [] CHECK STOCK QTY IS ENOUGH [294, 2]
[ADMIN] [9/6/2017 13:47] [] CHECK STOCK QTY IS ENOUGH [3]
[ADMIN] [9/6/2017 13:47] [] CHECK STOCK QTY IS ENOUGH [15, 1]
[ADMIN] [9/6/2017 13:47] [PENJUALAN] CASHIER FORM : UNREGISTER HOTKEY
[ADMIN] [9/6/2017 13:47] [PENJUALAN] CASHIER FORM : REGISTER HOTKEY
[ADMIN] [9/6/2017 13:47] [] CHECK STOCK QTY IS ENOUGH [1]
[ADMIN] [9/6/2017 13:47] [] CHECK STOCK QTY IS ENOUGH [294, 2]
[ADMIN] [9/6/2017 13:47] [PENJUALAN] CASHIER FORM : UNREGISTER HOTKEY
[ADMIN] [9/6/2017 13:47] [PENJUALAN] CASHIER FORM : ATTEMPT TO SAVE SALES DATA [06-09-2017 13:47]
[ADMIN] [9/6/2017 13:47] [PENJUALAN] CASHIER FORM : SALES DISC FINAL [0]
[ADMIN] [9/6/2017 13:47] [PENJUALAN] CASHIER FORM : CASH SALES
[ADMIN] [9/6/2017 13:47] [PENJUALAN] CHECK IF TAX LIMIT SET FOR PERCENTAGE PURCHASE [0]
[ADMIN] [9/6/2017 13:47] [PENJUALAN] CHECK IF TAX LIMIT SET FOR AVERAGE DAILY PURCHASE [0]
[ADMIN] [9/6/2017 13:47] [PENJUALAN] CASHIER FORM : NO FAKTUR [SLO001]
[ADMIN] [9/6/2017 13:47] [PENJUALAN] CASHIER FORM : MAX SALES INVOICE [4]
[ADMIN] [9/6/2017 13:47] [PENJUALAN] CASHIER FORM : SALES INVOICE [SLO001-5]
[ADMIN] [9/6/2017 13:47] [PENJUALAN] INSERT INTO SALES HEADER [SLO001-5]
[ADMIN] [9/6/2017 13:47] [PENJUALAN] INSERT INTO SALES DETAIL[1, 165000, 2]
[ADMIN] [9/6/2017 13:47] [PENJUALAN] INSERT INTO SALES DETAIL[3, 165000, 1]
[ADMIN] [9/6/2017 13:47] [PENJUALAN] INSERT TO CREDIT TABLE [SLO001-5]
[ADMIN] [9/6/2017 13:47] [PENJUALAN] INSERT TO DAILY JOURNAL TABLE [495000]
[ADMIN] [9/6/2017 13:47] [PENJUALAN] CASHIER FORM : REGISTER HOTKEY
[ADMIN] [9/6/2017 13:47] [PENJUALAN] TRANSACTION SAVED
[ADMIN] [9/6/2017 13:47] [PENJUALAN] PRINT OUT INVOICE
[ADMIN] [9/6/2017 13:47] [PENJUALAN] CASHIER FORM : PrintReceipt
[ADMIN] [9/6/2017 13:47] [PENJUALAN] CASHIER FORM : PrintReceipt, POS size Paper
[ADMIN] [9/6/2017 13:47] [PENJUALAN] CASHIER FORM : loadInfoToko
[ADMIN] [9/6/2017 13:47] [PENJUALAN] CASHIER FORM : calculatePageLength, totalLengthPage [411]
[ADMIN] [9/6/2017 13:47] [PENJUALAN] CASHIER FORM : UNREGISTER HOTKEY
[ADMIN] [9/6/2017 13:47] [PENJUALAN] CASHIER FORM : printDocument1_PrintPage, print POS size receipt
[ADMIN] [9/6/2017 13:47] [PENJUALAN] CASHIER FORM : loadInfoToko
[ADMIN] [9/6/2017 13:47] [PENJUALAN] CASHIER FORM : loadNamaUser
[ADMIN] [9/6/2017 13:47] [PENJUALAN] CASHIER FORM : REGISTER HOTKEY
[ADMIN] [9/6/2017 13:48] [PENJUALAN] CASHIER FORM : UNREGISTER HOTKEY
[ADMIN] [9/6/2017 13:48] [PENJUALAN] CASHIER FORM : REGISTER HOTKEY
[ADMIN] [9/6/2017 13:48] [PENJUALAN] CASHIER FORM : UNREGISTER HOTKEY
[ADMIN] [9/6/2017 13:48] [PENJUALAN] CASHIER FORM : REGISTER HOTKEY
[ADMIN] [9/6/2017 13:48] [PENJUALAN] CASHIER FORM : UNREGISTER HOTKEY
[ADMIN] [9/6/2017 13:48] [PENJUALAN] CASHIER FORM : REGISTER HOTKEY
[ADMIN] [9/6/2017 13:48] [PENJUALAN] VALIDATE USER CREDIT STATUS
[ADMIN] [9/6/2017 13:48] [PENJUALAN] CASHIER FORM : UNREGISTER HOTKEY
[ADMIN] [9/6/2017 14:02] [PENJUALAN] CASHIER FORM : REGISTER HOTKEY
[ADMIN] [9/6/2017 14:02] [PENJUALAN] CASHIER FORM : UNREGISTER HOTKEY
[ADMIN] [9/6/2017 14:02] [PENJUALAN] CASHIER FORM : REGISTER HOTKEY
[ADMIN] [9/6/2017 14:02] [PENJUALAN] CASHIER FORM : UNREGISTER HOTKEY
[ADMIN] [9/6/2017 14:02] [PENJUALAN] CASHIER FORM : REGISTER HOTKEY
[ADMIN] [9/6/2017 14:02] [PENJUALAN] RE-PRINT INVOICE
[ADMIN] [9/6/2017 14:02] [PENJUALAN] CASHIER FORM : PrintReceipt
[ADMIN] [9/6/2017 14:02] [PENJUALAN] CASHIER FORM : PrintReceipt, POS size Paper
[ADMIN] [9/6/2017 14:02] [PENJUALAN] CASHIER FORM : loadInfoToko
[ADMIN] [9/6/2017 14:02] [PENJUALAN] CASHIER FORM : calculatePageLength, totalLengthPage [411]
[ADMIN] [9/6/2017 14:02] [PENJUALAN] CASHIER FORM : UNREGISTER HOTKEY
[ADMIN] [9/6/2017 14:02] [PENJUALAN] CASHIER FORM : REGISTER HOTKEY
[ADMIN] [9/6/2017 14:02] [PENJUALAN] CASHIER FORM : UNREGISTER HOTKEY
[ADMIN] [9/6/2017 14:02] [PENJUALAN] CASHIER FORM : REGISTER HOTKEY
[ADMIN] [9/6/2017 14:02] [PENJUALAN] CASHIER FORM : UNREGISTER HOTKEY
[ADMIN] [9/6/2017 14:02] [PENJUALAN] CASHIER FORM : REGISTER HOTKEY
[ADMIN] [9/6/2017 14:03] [PENJUALAN] RE-PRINT INVOICE
[ADMIN] [9/6/2017 14:03] [PENJUALAN] CASHIER FORM : PrintReceipt
[ADMIN] [9/6/2017 14:03] [PENJUALAN] CASHIER FORM : PrintReceipt, POS size Paper
[ADMIN] [9/6/2017 14:03] [PENJUALAN] CASHIER FORM : loadInfoToko
[ADMIN] [9/6/2017 14:03] [PENJUALAN] CASHIER FORM : calculatePageLength, totalLengthPage [411]
[ADMIN] [9/6/2017 14:03] [PENJUALAN] CASHIER FORM : UNREGISTER HOTKEY
[ADMIN] [9/6/2017 14:03] [PENJUALAN] CASHIER FORM : HOTKEY TO OPEN PRODUK SEARCH FORM PRESSED
[ADMIN] [9/6/2017 14:03] [PENJUALAN] CASHIER FORM : HOTKEY TO OPEN PRODUK SEARCH FORM PRESSED
[ADMIN] [9/6/2017 14:03] [PENJUALAN] CASHIER FORM : HOTKEY TO OPEN PRODUK SEARCH FORM PRESSED
[ADMIN] [9/6/2017 14:03] [PENJUALAN] CASHIER FORM : REGISTER HOTKEY
[ADMIN] [9/6/2017 14:03] [PENJUALAN] CASHIER FORM : UNREGISTER HOTKEY
[ADMIN] [9/6/2017 14:03] [PENJUALAN] CASHIER FORM : REGISTER HOTKEY
[ADMIN] [9/6/2017 14:05] [PENJUALAN] CASHIER FORM : UNREGISTER HOTKEY
[ADMIN] [9/6/2017 14:05] [PENJUALAN] CASHIER FORM : REGISTER HOTKEY
[ADMIN] [9/6/2017 14:05] [PENJUALAN] CASHIER FORM : UNREGISTER HOTKEY
[ADMIN] [9/6/2017 14:05] [PENJUALAN] CASHIER FORM : UNREGISTER HOTKEY
[ADMIN] [9/6/2017 14:05] [PENJUALAN] CASHIER FORM : MULTIPLE CASHIER INSTANCE [1]
[ADMIN] [9/6/2017 14:05] [PENJUALAN] CASHIER FORM : REGISTER HOTKEY
[ADMIN] [9/6/2017 14:05] [PENJUALAN] CASHIER FORM : cashierForm_Load, ATTEMPT TO LOAD NO FAKTUR
[ADMIN] [9/6/2017 14:05] [PENJUALAN] CASHIER FORM : loadNoFaktur, noFakturValue [SLO001]
[ADMIN] [9/6/2017 14:05] [PENJUALAN] CASHIER FORM : cashierForm_Load, ATTEMPT TO addColumnToDataGrid
[ADMIN] [9/6/2017 14:05] [PENJUALAN] CASHIER FORM : calculateTotal
[ADMIN] [9/6/2017 14:05] [PENJUALAN] CASHIER FORM : calculateTotal [0]
[ADMIN] [9/6/2017 14:05] [PENJUALAN] CASHIER FORM : calculateTotal, totalAfterDisc [0]
[ADMIN] [9/6/2017 14:05] [PENJUALAN] CASHIER FORM : calculateChangeValue, bayarTextBox.Text [0]
[ADMIN] [9/6/2017 14:05] [PENJUALAN] CASHIER FORM : calculateChangeValue, sisaBayar [0]
[ADMIN] [9/6/2017 14:05] [PENJUALAN] CASHIER FORM : REGISTER HOTKEY
[ADMIN] [9/6/2017 14:05] [PENJUALAN] CASHIER FORM : HOTKEY TO ADD NEW ROW PRESSED
[ADMIN] [9/6/2017 14:05] [PENJUALAN] CASHIER FORM : ADD NEW ROW,  isActive [True]
[ADMIN] [9/6/2017 14:05] [PENJUALAN] CASHIER FORM : ADD NEW ROW,  ROW COUNT [0]
[ADMIN] [9/6/2017 14:05] [PENJUALAN] CASHIER FORM : ADD NEW ROW,  ALLOW TO ADD [True]
[ADMIN] [9/6/2017 14:05] [PENJUALAN] CASHIER FORM : cashierDataGridView_CellValueChanged [F8]
[ADMIN] [9/6/2017 14:05] [PENJUALAN] CASHIER FORM : cashierDataGridView_CellValueChanged [hpp]
[ADMIN] [9/6/2017 14:05] [PENJUALAN] CASHIER FORM : cashierDataGridView_CellValueChanged [productPrice]
[ADMIN] [9/6/2017 14:05] [PENJUALAN] CASHIER FORM : TextBox_TextChanged, previousInput []
[ADMIN] [9/6/2017 14:05] [PENJUALAN] CASHIER FORM : TextBox_TextChanged, dataGridViewTextBoxEditingControl.Text pass REGEX Checking
[ADMIN] [9/6/2017 14:05] [PENJUALAN] CASHIER FORM : CALCULATE SUBTOTAL
[ADMIN] [9/6/2017 14:05] [PENJUALAN] CASHIER FORM : SUBTOTAL [0]
[ADMIN] [9/6/2017 14:05] [PENJUALAN] CASHIER FORM : TextBox_TextChanged, subtotal value [0]
[ADMIN] [9/6/2017 14:05] [PENJUALAN] CASHIER FORM : TextBox_TextChanged, attempt to calculate total value
[ADMIN] [9/6/2017 14:05] [PENJUALAN] CASHIER FORM : calculateTotal
[ADMIN] [9/6/2017 14:05] [PENJUALAN] CASHIER FORM : calculateTotal [0]
[ADMIN] [9/6/2017 14:05] [PENJUALAN] CASHIER FORM : calculateTotal, totalAfterDisc [0]
[ADMIN] [9/6/2017 14:05] [PENJUALAN] CASHIER FORM : calculateChangeValue, bayarTextBox.Text [0]
[ADMIN] [9/6/2017 14:05] [PENJUALAN] CASHIER FORM : calculateChangeValue, sisaBayar [0]
[ADMIN] [9/6/2017 14:05] [PENJUALAN] CASHIER FORM : cashierDataGridView_CellValueChanged [disc1]
[ADMIN] [9/6/2017 14:05] [PENJUALAN] CASHIER FORM : TextBox_TextChanged, previousInput []
[ADMIN] [9/6/2017 14:05] [PENJUALAN] CASHIER FORM : TextBox_TextChanged, dataGridViewTextBoxEditingControl.Text pass REGEX Checking
[ADMIN] [9/6/2017 14:05] [PENJUALAN] CASHIER FORM : CALCULATE SUBTOTAL
[ADMIN] [9/6/2017 14:05] [PENJUALAN] CASHIER FORM : SUBTOTAL [0]
[ADMIN] [9/6/2017 14:05] [PENJUALAN] CASHIER FORM : TextBox_TextChanged, subtotal value [0]
[ADMIN] [9/6/2017 14:05] [PENJUALAN] CASHIER FORM : TextBox_TextChanged, attempt to calculate total value
[ADMIN] [9/6/2017 14:05] [PENJUALAN] CASHIER FORM : calculateTotal
[ADMIN] [9/6/2017 14:05] [PENJUALAN] CASHIER FORM : calculateTotal [0]
[ADMIN] [9/6/2017 14:05] [PENJUALAN] CASHIER FORM : calculateTotal, totalAfterDisc [0]
[ADMIN] [9/6/2017 14:05] [PENJUALAN] CASHIER FORM : calculateChangeValue, bayarTextBox.Text [0]
[ADMIN] [9/6/2017 14:05] [PENJUALAN] CASHIER FORM : calculateChangeValue, sisaBayar [0]
[ADMIN] [9/6/2017 14:05] [PENJUALAN] CASHIER FORM : cashierDataGridView_CellValueChanged [qty]
[ADMIN] [9/6/2017 14:05] [PENJUALAN] CASHIER FORM : TextBox_TextChanged, previousInput []
[ADMIN] [9/6/2017 14:05] [PENJUALAN] CASHIER FORM : TextBox_TextChanged, dataGridViewTextBoxEditingControl.Text pass REGEX Checking
[ADMIN] [9/6/2017 14:05] [] CHECK STOCK QTY IS ENOUGH []
[ADMIN] [9/6/2017 14:05] [PENJUALAN] CASHIER FORM : CALCULATE SUBTOTAL
[ADMIN] [9/6/2017 14:05] [PENJUALAN] CASHIER FORM : SUBTOTAL [0]
[ADMIN] [9/6/2017 14:05] [PENJUALAN] CASHIER FORM : TextBox_TextChanged, subtotal value [0]
[ADMIN] [9/6/2017 14:05] [PENJUALAN] CASHIER FORM : TextBox_TextChanged, attempt to calculate total value
[ADMIN] [9/6/2017 14:05] [PENJUALAN] CASHIER FORM : calculateTotal
[ADMIN] [9/6/2017 14:05] [PENJUALAN] CASHIER FORM : calculateTotal [0]
[ADMIN] [9/6/2017 14:05] [PENJUALAN] CASHIER FORM : calculateTotal, totalAfterDisc [0]
[ADMIN] [9/6/2017 14:05] [PENJUALAN] CASHIER FORM : calculateChangeValue, bayarTextBox.Text [0]
[ADMIN] [9/6/2017 14:05] [PENJUALAN] CASHIER FORM : calculateChangeValue, sisaBayar [0]
[ADMIN] [9/6/2017 14:05] [PENJUALAN] CASHIER FORM : cashierDataGridView_CellValueChanged [disc2]
[ADMIN] [9/6/2017 14:05] [PENJUALAN] CASHIER FORM : TextBox_TextChanged, previousInput []
[ADMIN] [9/6/2017 14:05] [PENJUALAN] CASHIER FORM : TextBox_TextChanged, dataGridViewTextBoxEditingControl.Text pass REGEX Checking
[ADMIN] [9/6/2017 14:05] [PENJUALAN] CASHIER FORM : CALCULATE SUBTOTAL
[ADMIN] [9/6/2017 14:05] [PENJUALAN] CASHIER FORM : SUBTOTAL [0]
[ADMIN] [9/6/2017 14:05] [PENJUALAN] CASHIER FORM : TextBox_TextChanged, subtotal value [0]
[ADMIN] [9/6/2017 14:05] [PENJUALAN] CASHIER FORM : TextBox_TextChanged, attempt to calculate total value
[ADMIN] [9/6/2017 14:05] [PENJUALAN] CASHIER FORM : calculateTotal
[ADMIN] [9/6/2017 14:05] [PENJUALAN] CASHIER FORM : calculateTotal [0]
[ADMIN] [9/6/2017 14:05] [PENJUALAN] CASHIER FORM : calculateTotal, totalAfterDisc [0]
[ADMIN] [9/6/2017 14:05] [PENJUALAN] CASHIER FORM : calculateChangeValue, bayarTextBox.Text [0]
[ADMIN] [9/6/2017 14:05] [PENJUALAN] CASHIER FORM : calculateChangeValue, sisaBayar [0]
[ADMIN] [9/6/2017 14:05] [PENJUALAN] CASHIER FORM : cashierDataGridView_CellValueChanged [discRP]
[ADMIN] [9/6/2017 14:05] [PENJUALAN] CASHIER FORM : TextBox_TextChanged, previousInput []
[ADMIN] [9/6/2017 14:05] [PENJUALAN] CASHIER FORM : TextBox_TextChanged, dataGridViewTextBoxEditingControl.Text pass REGEX Checking
[ADMIN] [9/6/2017 14:05] [PENJUALAN] CASHIER FORM : CALCULATE SUBTOTAL
[ADMIN] [9/6/2017 14:05] [PENJUALAN] CASHIER FORM : SUBTOTAL [0]
[ADMIN] [9/6/2017 14:05] [PENJUALAN] CASHIER FORM : TextBox_TextChanged, subtotal value [0]
[ADMIN] [9/6/2017 14:05] [PENJUALAN] CASHIER FORM : TextBox_TextChanged, attempt to calculate total value
[ADMIN] [9/6/2017 14:05] [PENJUALAN] CASHIER FORM : calculateTotal
[ADMIN] [9/6/2017 14:05] [PENJUALAN] CASHIER FORM : calculateTotal [0]
[ADMIN] [9/6/2017 14:05] [PENJUALAN] CASHIER FORM : calculateTotal, totalAfterDisc [0]
[ADMIN] [9/6/2017 14:05] [PENJUALAN] CASHIER FORM : calculateChangeValue, bayarTextBox.Text [0]
[ADMIN] [9/6/2017 14:05] [PENJUALAN] CASHIER FORM : calculateChangeValue, sisaBayar [0]
[ADMIN] [9/6/2017 14:05] [PENJUALAN] CASHIER FORM : cashierDataGridView_CellValueChanged [jumlah]
[ADMIN] [9/6/2017 14:06] [PENJUALAN] CASHIER FORM : cashierDataGridView_CellValueChanged [productName]
[ADMIN] [9/6/2017 14:06] [PENJUALAN] CASHIER FORM : UNREGISTER HOTKEY
[ADMIN] [9/6/2017 14:06] [PENJUALAN] CASHIER FORM : ADD NEW ROW FROM BARCODE [HPL VIOLAM VS 0101 S]
[ADMIN] [9/6/2017 14:06] [PENJUALAN] CASHIER FORM : cashierDataGridView_CellValueChanged [productID]
[ADMIN] [9/6/2017 14:06] [PENJUALAN] CASHIER FORM : cashierDataGridView_CellValueChanged [productName]
[ADMIN] [9/6/2017 14:06] [PENJUALAN] CASHIER FORM : PRODUCT PRICE TYPE [PRODUCT_BASE_PRICE]
[ADMIN] [9/6/2017 14:06] [PENJUALAN] CASHIER FORM : PRODUCT PRICE [155000]
[ADMIN] [9/6/2017 14:06] [PENJUALAN] CASHIER FORM : ComboBox_SelectedIndexChanged, PRODUCT_BASE_PRICE [155000]
[ADMIN] [9/6/2017 14:06] [PENJUALAN] CASHIER FORM : cashierDataGridView_CellValueChanged [hpp]
[ADMIN] [9/6/2017 14:06] [PENJUALAN] CASHIER FORM : PRODUCT PRICE TYPE [PRODUCT_RETAIL_PRICE]
[ADMIN] [9/6/2017 14:06] [PENJUALAN] CASHIER FORM : PRODUCT PRICE [165000]
[ADMIN] [9/6/2017 14:06] [PENJUALAN] CASHIER FORM : ComboBox_SelectedIndexChanged, PRODUCT_SALES_PRICE [165000]
[ADMIN] [9/6/2017 14:06] [PENJUALAN] CASHIER FORM : cashierDataGridView_CellValueChanged [productPrice]
[ADMIN] [9/6/2017 14:06] [PENJUALAN] CASHIER FORM : TextBox_TextChanged, previousInput []
[ADMIN] [9/6/2017 14:06] [PENJUALAN] CASHIER FORM : TextBox_TextChanged, dataGridViewTextBoxEditingControl.Text pass REGEX Checking
[ADMIN] [9/6/2017 14:06] [PENJUALAN] CASHIER FORM : CALCULATE SUBTOTAL
[ADMIN] [9/6/2017 14:06] [PENJUALAN] CASHIER FORM : SUBTOTAL [0]
[ADMIN] [9/6/2017 14:06] [PENJUALAN] CASHIER FORM : TextBox_TextChanged, subtotal value [0]
[ADMIN] [9/6/2017 14:06] [PENJUALAN] CASHIER FORM : TextBox_TextChanged, attempt to calculate total value
[ADMIN] [9/6/2017 14:06] [PENJUALAN] CASHIER FORM : calculateTotal
[ADMIN] [9/6/2017 14:06] [PENJUALAN] CASHIER FORM : calculateTotal [0]
[ADMIN] [9/6/2017 14:06] [PENJUALAN] CASHIER FORM : calculateTotal, totalAfterDisc [0]
[ADMIN] [9/6/2017 14:06] [PENJUALAN] CASHIER FORM : calculateChangeValue, bayarTextBox.Text [0]
[ADMIN] [9/6/2017 14:06] [PENJUALAN] CASHIER FORM : calculateChangeValue, sisaBayar [0]
[ADMIN] [9/6/2017 14:06] [PENJUALAN] CASHIER FORM : cashierDataGridView_CellValueChanged [qty]
[ADMIN] [9/6/2017 14:06] [PENJUALAN] CASHIER FORM : TextBox_TextChanged, previousInput []
[ADMIN] [9/6/2017 14:06] [PENJUALAN] CASHIER FORM : TextBox_TextChanged, dataGridViewTextBoxEditingControl.Text pass REGEX Checking
[ADMIN] [9/6/2017 14:06] [] CHECK STOCK QTY IS ENOUGH [1]
[ADMIN] [9/6/2017 14:06] [] CHECK STOCK QTY IS ENOUGH [294, 0]
[ADMIN] [9/6/2017 14:06] [PENJUALAN] CASHIER FORM : CALCULATE SUBTOTAL
[ADMIN] [9/6/2017 14:06] [PENJUALAN] CASHIER FORM : SUBTOTAL [0]
[ADMIN] [9/6/2017 14:06] [PENJUALAN] CASHIER FORM : TextBox_TextChanged, subtotal value [0]
[ADMIN] [9/6/2017 14:06] [PENJUALAN] CASHIER FORM : TextBox_TextChanged, attempt to calculate total value
[ADMIN] [9/6/2017 14:06] [PENJUALAN] CASHIER FORM : calculateTotal
[ADMIN] [9/6/2017 14:06] [PENJUALAN] CASHIER FORM : calculateTotal [0]
[ADMIN] [9/6/2017 14:06] [PENJUALAN] CASHIER FORM : calculateTotal, totalAfterDisc [0]
[ADMIN] [9/6/2017 14:06] [PENJUALAN] CASHIER FORM : calculateChangeValue, bayarTextBox.Text [0]
[ADMIN] [9/6/2017 14:06] [PENJUALAN] CASHIER FORM : calculateChangeValue, sisaBayar [0]
[ADMIN] [9/6/2017 14:06] [PENJUALAN] CASHIER FORM : cashierDataGridView_CellValueChanged [jumlah]
[ADMIN] [9/6/2017 14:06] [PENJUALAN] CASHIER FORM : ComboBox_SelectedIndexChanged, attempt to calculate total
[ADMIN] [9/6/2017 14:06] [PENJUALAN] CASHIER FORM : calculateTotal
[ADMIN] [9/6/2017 14:06] [PENJUALAN] CASHIER FORM : calculateTotal [0]
[ADMIN] [9/6/2017 14:06] [PENJUALAN] CASHIER FORM : calculateTotal, totalAfterDisc [0]
[ADMIN] [9/6/2017 14:06] [PENJUALAN] CASHIER FORM : calculateChangeValue, bayarTextBox.Text [0]
[ADMIN] [9/6/2017 14:06] [PENJUALAN] CASHIER FORM : calculateChangeValue, sisaBayar [0]
[ADMIN] [9/6/2017 14:06] [] CHECK STOCK QTY IS ENOUGH [1]
[ADMIN] [9/6/2017 14:06] [] CHECK STOCK QTY IS ENOUGH [294, 1]
[ADMIN] [9/6/2017 14:06] [PENJUALAN] CASHIER FORM : cashierDataGridView_CellValueChanged [qty]
[ADMIN] [9/6/2017 14:06] [PENJUALAN] CASHIER FORM : TextBox_TextChanged, previousInput []
[ADMIN] [9/6/2017 14:06] [PENJUALAN] CASHIER FORM : TextBox_TextChanged, dataGridViewTextBoxEditingControl.Text pass REGEX Checking
[ADMIN] [9/6/2017 14:06] [] CHECK STOCK QTY IS ENOUGH [1]
[ADMIN] [9/6/2017 14:06] [] CHECK STOCK QTY IS ENOUGH [294, 1]
[ADMIN] [9/6/2017 14:06] [PENJUALAN] CASHIER FORM : CALCULATE SUBTOTAL
[ADMIN] [9/6/2017 14:06] [PENJUALAN] CASHIER FORM : SUBTOTAL [165000]
[ADMIN] [9/6/2017 14:06] [PENJUALAN] CASHIER FORM : TextBox_TextChanged, subtotal value [165000]
[ADMIN] [9/6/2017 14:06] [PENJUALAN] CASHIER FORM : TextBox_TextChanged, attempt to calculate total value
[ADMIN] [9/6/2017 14:06] [PENJUALAN] CASHIER FORM : calculateTotal
[ADMIN] [9/6/2017 14:06] [PENJUALAN] CASHIER FORM : calculateTotal [165000]
[ADMIN] [9/6/2017 14:06] [PENJUALAN] CASHIER FORM : calculateTotal, totalAfterDisc [165000]
[ADMIN] [9/6/2017 14:06] [PENJUALAN] CASHIER FORM : calculateChangeValue, bayarTextBox.Text [0]
[ADMIN] [9/6/2017 14:06] [PENJUALAN] CASHIER FORM : calculateChangeValue, sisaBayar [0]
[ADMIN] [9/6/2017 14:06] [PENJUALAN] CASHIER FORM : SET QTY TO 1 BECAUSE OF NEW ROW
[ADMIN] [9/6/2017 14:06] [PENJUALAN] CASHIER FORM : CALCULATE SUBTOTAL
[ADMIN] [9/6/2017 14:06] [PENJUALAN] CASHIER FORM : SUBTOTAL [165000]
[ADMIN] [9/6/2017 14:06] [PENJUALAN] CASHIER FORM : calculateTotal
[ADMIN] [9/6/2017 14:06] [PENJUALAN] CASHIER FORM : calculateTotal [165000]
[ADMIN] [9/6/2017 14:06] [PENJUALAN] CASHIER FORM : calculateTotal, totalAfterDisc [165000]
[ADMIN] [9/6/2017 14:06] [PENJUALAN] CASHIER FORM : calculateChangeValue, bayarTextBox.Text [0]
[ADMIN] [9/6/2017 14:06] [PENJUALAN] CASHIER FORM : calculateChangeValue, sisaBayar [0]
[ADMIN] [9/6/2017 14:06] [PENJUALAN] CASHIER FORM : REGISTER HOTKEY
[ADMIN] [9/6/2017 14:06] [PENJUALAN] CASHIER FORM : cashierDataGridView_CellValueChanged [qty]
[ADMIN] [9/6/2017 14:06] [PENJUALAN] CASHIER FORM : TextBox_TextChanged, previousInput []
[ADMIN] [9/6/2017 14:06] [PENJUALAN] CASHIER FORM : TextBox_TextChanged, dataGridViewTextBoxEditingControl.Text did not pass REGEX Checking
[ADMIN] [9/6/2017 14:06] [PENJUALAN] CASHIER FORM : cashierDataGridView_CellValueChanged [qty]
[ADMIN] [9/6/2017 14:06] [PENJUALAN] CASHIER FORM : TextBox_TextChanged, previousInput []
[ADMIN] [9/6/2017 14:06] [PENJUALAN] CASHIER FORM : TextBox_TextChanged, dataGridViewTextBoxEditingControl.Text pass REGEX Checking
[ADMIN] [9/6/2017 14:06] [] CHECK STOCK QTY IS ENOUGH [1]
[ADMIN] [9/6/2017 14:06] [] CHECK STOCK QTY IS ENOUGH [294, 2]
[ADMIN] [9/6/2017 14:06] [PENJUALAN] CASHIER FORM : CALCULATE SUBTOTAL
[ADMIN] [9/6/2017 14:06] [PENJUALAN] CASHIER FORM : SUBTOTAL [330000]
[ADMIN] [9/6/2017 14:06] [PENJUALAN] CASHIER FORM : TextBox_TextChanged, subtotal value [330000]
[ADMIN] [9/6/2017 14:06] [PENJUALAN] CASHIER FORM : TextBox_TextChanged, attempt to calculate total value
[ADMIN] [9/6/2017 14:06] [PENJUALAN] CASHIER FORM : calculateTotal
[ADMIN] [9/6/2017 14:06] [PENJUALAN] CASHIER FORM : calculateTotal [330000]
[ADMIN] [9/6/2017 14:06] [PENJUALAN] CASHIER FORM : calculateTotal, totalAfterDisc [330000]
[ADMIN] [9/6/2017 14:06] [PENJUALAN] CASHIER FORM : calculateChangeValue, bayarTextBox.Text [0]
[ADMIN] [9/6/2017 14:06] [PENJUALAN] CASHIER FORM : calculateChangeValue, sisaBayar [0]
[ADMIN] [9/6/2017 14:06] [PENJUALAN] CASHIER FORM : cashierDataGridView_CellValueChanged [qty]
[ADMIN] [9/6/2017 14:06] [PENJUALAN] CASHIER FORM : TextBox_TextChanged, previousInput []
[ADMIN] [9/6/2017 14:06] [PENJUALAN] CASHIER FORM : TextBox_TextChanged, dataGridViewTextBoxEditingControl.Text pass REGEX Checking
[ADMIN] [9/6/2017 14:06] [] CHECK STOCK QTY IS ENOUGH [1]
[ADMIN] [9/6/2017 14:06] [] CHECK STOCK QTY IS ENOUGH [294, 22]
[ADMIN] [9/6/2017 14:06] [PENJUALAN] CASHIER FORM : CALCULATE SUBTOTAL
[ADMIN] [9/6/2017 14:06] [PENJUALAN] CASHIER FORM : SUBTOTAL [3630000]
[ADMIN] [9/6/2017 14:06] [PENJUALAN] CASHIER FORM : TextBox_TextChanged, subtotal value [3630000]
[ADMIN] [9/6/2017 14:06] [PENJUALAN] CASHIER FORM : TextBox_TextChanged, attempt to calculate total value
[ADMIN] [9/6/2017 14:06] [PENJUALAN] CASHIER FORM : calculateTotal
[ADMIN] [9/6/2017 14:06] [PENJUALAN] CASHIER FORM : calculateTotal [3630000]
[ADMIN] [9/6/2017 14:06] [PENJUALAN] CASHIER FORM : calculateTotal, totalAfterDisc [3630000]
[ADMIN] [9/6/2017 14:06] [PENJUALAN] CASHIER FORM : calculateChangeValue, bayarTextBox.Text [0]
[ADMIN] [9/6/2017 14:06] [PENJUALAN] CASHIER FORM : calculateChangeValue, sisaBayar [0]
[ADMIN] [9/6/2017 14:06] [PENJUALAN] CASHIER FORM : calculateChangeValue, bayarTextBox.Text [1]
[ADMIN] [9/6/2017 14:06] [PENJUALAN] CASHIER FORM : calculateChangeValue, sisaBayar [0]
[ADMIN] [9/6/2017 14:06] [PENJUALAN] CASHIER FORM : calculateChangeValue, bayarTextBox.Text [11]
[ADMIN] [9/6/2017 14:06] [PENJUALAN] CASHIER FORM : calculateChangeValue, sisaBayar [0]
[ADMIN] [9/6/2017 14:06] [PENJUALAN] CASHIER FORM : calculateChangeValue, bayarTextBox.Text [111]
[ADMIN] [9/6/2017 14:06] [PENJUALAN] CASHIER FORM : calculateChangeValue, sisaBayar [0]
[ADMIN] [9/6/2017 14:06] [PENJUALAN] CASHIER FORM : calculateChangeValue, bayarTextBox.Text [1111]
[ADMIN] [9/6/2017 14:06] [PENJUALAN] CASHIER FORM : calculateChangeValue, sisaBayar [0]
[ADMIN] [9/6/2017 14:06] [PENJUALAN] CASHIER FORM : calculateChangeValue, bayarTextBox.Text [11111]
[ADMIN] [9/6/2017 14:06] [PENJUALAN] CASHIER FORM : calculateChangeValue, sisaBayar [0]
[ADMIN] [9/6/2017 14:06] [PENJUALAN] CASHIER FORM : calculateChangeValue, bayarTextBox.Text [111111]
[ADMIN] [9/6/2017 14:06] [PENJUALAN] CASHIER FORM : calculateChangeValue, sisaBayar [0]
[ADMIN] [9/6/2017 14:06] [PENJUALAN] CASHIER FORM : calculateChangeValue, bayarTextBox.Text [1111111]
[ADMIN] [9/6/2017 14:06] [PENJUALAN] CASHIER FORM : calculateChangeValue, sisaBayar [0]
[ADMIN] [9/6/2017 14:06] [PENJUALAN] CASHIER FORM : calculateChangeValue, bayarTextBox.Text [11111111]
[ADMIN] [9/6/2017 14:06] [PENJUALAN] CASHIER FORM : calculateChangeValue, sisaBayar [7481111]
[ADMIN] [9/6/2017 14:06] [PENJUALAN] CASHIER FORM : UNREGISTER HOTKEY
[ADMIN] [9/6/2017 14:06] [PENJUALAN] CASHIER FORM : HOTKEY TO SAVE AND PRINT OUT INVOICE PRESSED
[ADMIN] [9/6/2017 14:06] [PENJUALAN] CASHIER FORM : REGISTER HOTKEY
[ADMIN] [9/6/2017 14:06] [PENJUALAN] CASHIER FORM : HOTKEY TO SAVE AND PRINT OUT INVOICE PRESSED
[ADMIN] [9/6/2017 14:06] [PENJUALAN] CASHIER FORM : UNREGISTER HOTKEY
[ADMIN] [9/6/2017 14:06] [PENJUALAN] CASHIER FORM : REGISTER HOTKEY
[ADMIN] [9/6/2017 14:06] [PENJUALAN] ATTEMPT TO SAVE AND PRINT OUT INVOICE
[ADMIN] [9/6/2017 14:06] [] CHECK STOCK QTY IS ENOUGH [1]
[ADMIN] [9/6/2017 14:06] [] CHECK STOCK QTY IS ENOUGH [294, 22]
[ADMIN] [9/6/2017 14:06] [PENJUALAN] CASHIER FORM : UNREGISTER HOTKEY
[ADMIN] [9/6/2017 14:06] [PENJUALAN] CASHIER FORM : REGISTER HOTKEY
[ADMIN] [9/6/2017 14:06] [PENJUALAN] CASHIER FORM : UNREGISTER HOTKEY
[ADMIN] [9/6/2017 14:06] [PENJUALAN] CASHIER FORM : ATTEMPT TO SAVE SALES DATA [06-09-2017 14:06]
[ADMIN] [9/6/2017 14:06] [PENJUALAN] CASHIER FORM : SALES DISC FINAL [0]
[ADMIN] [9/6/2017 14:06] [PENJUALAN] CASHIER FORM : CASH SALES
[ADMIN] [9/6/2017 14:06] [PENJUALAN] CHECK IF TAX LIMIT SET FOR PERCENTAGE PURCHASE [0]
[ADMIN] [9/6/2017 14:06] [PENJUALAN] CHECK IF TAX LIMIT SET FOR AVERAGE DAILY PURCHASE [0]
[ADMIN] [9/6/2017 14:06] [PENJUALAN] CASHIER FORM : NO FAKTUR [SLO001]
[ADMIN] [9/6/2017 14:06] [PENJUALAN] CASHIER FORM : MAX SALES INVOICE [5]
[ADMIN] [9/6/2017 14:06] [PENJUALAN] CASHIER FORM : SALES INVOICE [SLO001-6]
[ADMIN] [9/6/2017 14:06] [PENJUALAN] INSERT INTO SALES HEADER [SLO001-6]
[ADMIN] [9/6/2017 14:06] [PENJUALAN] INSERT INTO SALES DETAIL[1, 165000, 22]
[ADMIN] [9/6/2017 14:06] [PENJUALAN] INSERT TO CREDIT TABLE [SLO001-6]
[ADMIN] [9/6/2017 14:06] [PENJUALAN] INSERT TO DAILY JOURNAL TABLE [3630000]
[ADMIN] [9/6/2017 14:06] [PENJUALAN] CASHIER FORM : REGISTER HOTKEY
[ADMIN] [9/6/2017 14:06] [PENJUALAN] TRANSACTION SAVED
[ADMIN] [9/6/2017 14:06] [PENJUALAN] PRINT OUT INVOICE
[ADMIN] [9/6/2017 14:06] [PENJUALAN] CASHIER FORM : PrintReceipt
[ADMIN] [9/6/2017 14:06] [PENJUALAN] CASHIER FORM : PrintReceipt, POS size Paper
[ADMIN] [9/6/2017 14:06] [PENJUALAN] CASHIER FORM : loadInfoToko
[ADMIN] [9/6/2017 14:06] [PENJUALAN] CASHIER FORM : calculatePageLength, totalLengthPage [369]
[ADMIN] [9/6/2017 14:06] [PENJUALAN] CASHIER FORM : UNREGISTER HOTKEY
[ADMIN] [9/6/2017 14:06] [PENJUALAN] CASHIER FORM : printDocument1_PrintPage, print POS size receipt
[ADMIN] [9/6/2017 14:06] [PENJUALAN] CASHIER FORM : loadInfoToko
[ADMIN] [9/6/2017 14:07] [PENJUALAN] CASHIER FORM : loadNamaUser
[ADMIN] [9/6/2017 14:07] [PENJUALAN] CASHIER FORM : REGISTER HOTKEY
[] [9/6/2017 14:14] [] USER = ADMIN IS ACTIVE
[ADMIN] [9/6/2017 14:14] [] USER ID = 1 LOGIN SUCCESSFULLY
[ADMIN] [9/6/2017 14:14] [] ACTIVATE USER ACCESS RIGHT
[ADMIN] [9/6/2017 14:14] [] DISPLAY ADMIN FORM
[ADMIN] [9/6/2017 14:14] [] adminForm Load
[ADMIN] [9/6/2017 14:14] [PENJUALAN] CASHIER FORM : MULTIPLE CASHIER INSTANCE [1]
[ADMIN] [9/6/2017 14:14] [PENJUALAN] CASHIER FORM : REGISTER HOTKEY
[ADMIN] [9/6/2017 14:14] [PENJUALAN] CASHIER FORM : cashierForm_Load, ATTEMPT TO LOAD NO FAKTUR
[ADMIN] [9/6/2017 14:14] [PENJUALAN] CASHIER FORM : loadNoFaktur, noFakturValue [SLO001]
[ADMIN] [9/6/2017 14:14] [PENJUALAN] CASHIER FORM : cashierForm_Load, ATTEMPT TO addColumnToDataGrid
[ADMIN] [9/6/2017 14:14] [PENJUALAN] CASHIER FORM : calculateTotal
[ADMIN] [9/6/2017 14:14] [PENJUALAN] CASHIER FORM : calculateTotal [0]
[ADMIN] [9/6/2017 14:14] [PENJUALAN] CASHIER FORM : calculateTotal, totalAfterDisc [0]
[ADMIN] [9/6/2017 14:14] [PENJUALAN] CASHIER FORM : calculateChangeValue, bayarTextBox.Text [0]
[ADMIN] [9/6/2017 14:14] [PENJUALAN] CASHIER FORM : calculateChangeValue, sisaBayar [0]
[ADMIN] [9/6/2017 14:14] [PENJUALAN] CASHIER FORM : REGISTER HOTKEY
[ADMIN] [9/6/2017 14:14] [PENJUALAN] CASHIER FORM : HOTKEY TO ADD NEW ROW PRESSED
[ADMIN] [9/6/2017 14:14] [PENJUALAN] CASHIER FORM : ADD NEW ROW,  isActive [True]
[ADMIN] [9/6/2017 14:14] [PENJUALAN] CASHIER FORM : ADD NEW ROW,  ROW COUNT [0]
[ADMIN] [9/6/2017 14:14] [PENJUALAN] CASHIER FORM : ADD NEW ROW,  ALLOW TO ADD [True]
[ADMIN] [9/6/2017 14:14] [PENJUALAN] CASHIER FORM : cashierDataGridView_CellValueChanged [F8]
[ADMIN] [9/6/2017 14:14] [PENJUALAN] CASHIER FORM : cashierDataGridView_CellValueChanged [hpp]
[ADMIN] [9/6/2017 14:14] [PENJUALAN] CASHIER FORM : cashierDataGridView_CellValueChanged [productPrice]
[ADMIN] [9/6/2017 14:14] [PENJUALAN] CASHIER FORM : TextBox_TextChanged, previousInput []
[ADMIN] [9/6/2017 14:14] [PENJUALAN] CASHIER FORM : TextBox_TextChanged, dataGridViewTextBoxEditingControl.Text pass REGEX Checking
[ADMIN] [9/6/2017 14:14] [PENJUALAN] CASHIER FORM : CALCULATE SUBTOTAL
[ADMIN] [9/6/2017 14:14] [PENJUALAN] CASHIER FORM : SUBTOTAL [0]
[ADMIN] [9/6/2017 14:14] [PENJUALAN] CASHIER FORM : TextBox_TextChanged, subtotal value [0]
[ADMIN] [9/6/2017 14:14] [PENJUALAN] CASHIER FORM : TextBox_TextChanged, attempt to calculate total value
[ADMIN] [9/6/2017 14:14] [PENJUALAN] CASHIER FORM : calculateTotal
[ADMIN] [9/6/2017 14:14] [PENJUALAN] CASHIER FORM : calculateTotal [0]
[ADMIN] [9/6/2017 14:14] [PENJUALAN] CASHIER FORM : calculateTotal, totalAfterDisc [0]
[ADMIN] [9/6/2017 14:14] [PENJUALAN] CASHIER FORM : calculateChangeValue, bayarTextBox.Text [0]
[ADMIN] [9/6/2017 14:14] [PENJUALAN] CASHIER FORM : calculateChangeValue, sisaBayar [0]
[ADMIN] [9/6/2017 14:14] [PENJUALAN] CASHIER FORM : cashierDataGridView_CellValueChanged [disc1]
[ADMIN] [9/6/2017 14:14] [PENJUALAN] CASHIER FORM : TextBox_TextChanged, previousInput []
[ADMIN] [9/6/2017 14:14] [PENJUALAN] CASHIER FORM : TextBox_TextChanged, dataGridViewTextBoxEditingControl.Text pass REGEX Checking
[ADMIN] [9/6/2017 14:14] [PENJUALAN] CASHIER FORM : CALCULATE SUBTOTAL
[ADMIN] [9/6/2017 14:14] [PENJUALAN] CASHIER FORM : SUBTOTAL [0]
[ADMIN] [9/6/2017 14:14] [PENJUALAN] CASHIER FORM : TextBox_TextChanged, subtotal value [0]
[ADMIN] [9/6/2017 14:14] [PENJUALAN] CASHIER FORM : TextBox_TextChanged, attempt to calculate total value
[ADMIN] [9/6/2017 14:14] [PENJUALAN] CASHIER FORM : calculateTotal
[ADMIN] [9/6/2017 14:14] [PENJUALAN] CASHIER FORM : calculateTotal [0]
[ADMIN] [9/6/2017 14:14] [PENJUALAN] CASHIER FORM : calculateTotal, totalAfterDisc [0]
[ADMIN] [9/6/2017 14:14] [PENJUALAN] CASHIER FORM : calculateChangeValue, bayarTextBox.Text [0]
[ADMIN] [9/6/2017 14:14] [PENJUALAN] CASHIER FORM : calculateChangeValue, sisaBayar [0]
[ADMIN] [9/6/2017 14:14] [PENJUALAN] CASHIER FORM : cashierDataGridView_CellValueChanged [qty]
[ADMIN] [9/6/2017 14:14] [PENJUALAN] CASHIER FORM : TextBox_TextChanged, previousInput []
[ADMIN] [9/6/2017 14:14] [PENJUALAN] CASHIER FORM : TextBox_TextChanged, dataGridViewTextBoxEditingControl.Text pass REGEX Checking
[ADMIN] [9/6/2017 14:14] [] CHECK STOCK QTY IS ENOUGH []
[ADMIN] [9/6/2017 14:14] [PENJUALAN] CASHIER FORM : CALCULATE SUBTOTAL
[ADMIN] [9/6/2017 14:14] [PENJUALAN] CASHIER FORM : SUBTOTAL [0]
[ADMIN] [9/6/2017 14:14] [PENJUALAN] CASHIER FORM : TextBox_TextChanged, subtotal value [0]
[ADMIN] [9/6/2017 14:14] [PENJUALAN] CASHIER FORM : TextBox_TextChanged, attempt to calculate total value
[ADMIN] [9/6/2017 14:14] [PENJUALAN] CASHIER FORM : calculateTotal
[ADMIN] [9/6/2017 14:14] [PENJUALAN] CASHIER FORM : calculateTotal [0]
[ADMIN] [9/6/2017 14:14] [PENJUALAN] CASHIER FORM : calculateTotal, totalAfterDisc [0]
[ADMIN] [9/6/2017 14:14] [PENJUALAN] CASHIER FORM : calculateChangeValue, bayarTextBox.Text [0]
[ADMIN] [9/6/2017 14:14] [PENJUALAN] CASHIER FORM : calculateChangeValue, sisaBayar [0]
[ADMIN] [9/6/2017 14:14] [PENJUALAN] CASHIER FORM : cashierDataGridView_CellValueChanged [disc2]
[ADMIN] [9/6/2017 14:14] [PENJUALAN] CASHIER FORM : TextBox_TextChanged, previousInput []
[ADMIN] [9/6/2017 14:14] [PENJUALAN] CASHIER FORM : TextBox_TextChanged, dataGridViewTextBoxEditingControl.Text pass REGEX Checking
[ADMIN] [9/6/2017 14:14] [PENJUALAN] CASHIER FORM : CALCULATE SUBTOTAL
[ADMIN] [9/6/2017 14:14] [PENJUALAN] CASHIER FORM : SUBTOTAL [0]
[ADMIN] [9/6/2017 14:14] [PENJUALAN] CASHIER FORM : TextBox_TextChanged, subtotal value [0]
[ADMIN] [9/6/2017 14:14] [PENJUALAN] CASHIER FORM : TextBox_TextChanged, attempt to calculate total value
[ADMIN] [9/6/2017 14:14] [PENJUALAN] CASHIER FORM : calculateTotal
[ADMIN] [9/6/2017 14:14] [PENJUALAN] CASHIER FORM : calculateTotal [0]
[ADMIN] [9/6/2017 14:14] [PENJUALAN] CASHIER FORM : calculateTotal, totalAfterDisc [0]
[ADMIN] [9/6/2017 14:14] [PENJUALAN] CASHIER FORM : calculateChangeValue, bayarTextBox.Text [0]
[ADMIN] [9/6/2017 14:14] [PENJUALAN] CASHIER FORM : calculateChangeValue, sisaBayar [0]
[ADMIN] [9/6/2017 14:14] [PENJUALAN] CASHIER FORM : cashierDataGridView_CellValueChanged [discRP]
[ADMIN] [9/6/2017 14:14] [PENJUALAN] CASHIER FORM : TextBox_TextChanged, previousInput []
[ADMIN] [9/6/2017 14:14] [PENJUALAN] CASHIER FORM : TextBox_TextChanged, dataGridViewTextBoxEditingControl.Text pass REGEX Checking
[ADMIN] [9/6/2017 14:14] [PENJUALAN] CASHIER FORM : CALCULATE SUBTOTAL
[ADMIN] [9/6/2017 14:14] [PENJUALAN] CASHIER FORM : SUBTOTAL [0]
[ADMIN] [9/6/2017 14:14] [PENJUALAN] CASHIER FORM : TextBox_TextChanged, subtotal value [0]
[ADMIN] [9/6/2017 14:14] [PENJUALAN] CASHIER FORM : TextBox_TextChanged, attempt to calculate total value
[ADMIN] [9/6/2017 14:14] [PENJUALAN] CASHIER FORM : calculateTotal
[ADMIN] [9/6/2017 14:14] [PENJUALAN] CASHIER FORM : calculateTotal [0]
[ADMIN] [9/6/2017 14:14] [PENJUALAN] CASHIER FORM : calculateTotal, totalAfterDisc [0]
[ADMIN] [9/6/2017 14:14] [PENJUALAN] CASHIER FORM : calculateChangeValue, bayarTextBox.Text [0]
[ADMIN] [9/6/2017 14:14] [PENJUALAN] CASHIER FORM : calculateChangeValue, sisaBayar [0]
[ADMIN] [9/6/2017 14:14] [PENJUALAN] CASHIER FORM : cashierDataGridView_CellValueChanged [jumlah]
[ADMIN] [9/6/2017 14:14] [PENJUALAN] CASHIER FORM : cashierDataGridView_CellValueChanged [productName]
[ADMIN] [9/6/2017 14:14] [PENJUALAN] CASHIER FORM : UNREGISTER HOTKEY
[ADMIN] [9/6/2017 14:14] [PENJUALAN] CASHIER FORM : ADD NEW ROW FROM BARCODE [HPL VIOLAM VS 0101 S]
[ADMIN] [9/6/2017 14:14] [PENJUALAN] CASHIER FORM : cashierDataGridView_CellValueChanged [productID]
[ADMIN] [9/6/2017 14:14] [PENJUALAN] CASHIER FORM : cashierDataGridView_CellValueChanged [productName]
[ADMIN] [9/6/2017 14:14] [PENJUALAN] CASHIER FORM : PRODUCT PRICE TYPE [PRODUCT_BASE_PRICE]
[ADMIN] [9/6/2017 14:14] [PENJUALAN] CASHIER FORM : PRODUCT PRICE [155000]
[ADMIN] [9/6/2017 14:14] [PENJUALAN] CASHIER FORM : ComboBox_SelectedIndexChanged, PRODUCT_BASE_PRICE [155000]
[ADMIN] [9/6/2017 14:14] [PENJUALAN] CASHIER FORM : cashierDataGridView_CellValueChanged [hpp]
[ADMIN] [9/6/2017 14:14] [PENJUALAN] CASHIER FORM : PRODUCT PRICE TYPE [PRODUCT_RETAIL_PRICE]
[ADMIN] [9/6/2017 14:14] [PENJUALAN] CASHIER FORM : PRODUCT PRICE [165000]
[ADMIN] [9/6/2017 14:14] [PENJUALAN] CASHIER FORM : ComboBox_SelectedIndexChanged, PRODUCT_SALES_PRICE [165000]
[ADMIN] [9/6/2017 14:14] [PENJUALAN] CASHIER FORM : cashierDataGridView_CellValueChanged [productPrice]
[ADMIN] [9/6/2017 14:14] [PENJUALAN] CASHIER FORM : TextBox_TextChanged, previousInput []
[ADMIN] [9/6/2017 14:14] [PENJUALAN] CASHIER FORM : TextBox_TextChanged, dataGridViewTextBoxEditingControl.Text pass REGEX Checking
[ADMIN] [9/6/2017 14:14] [PENJUALAN] CASHIER FORM : CALCULATE SUBTOTAL
[ADMIN] [9/6/2017 14:14] [PENJUALAN] CASHIER FORM : SUBTOTAL [0]
[ADMIN] [9/6/2017 14:14] [PENJUALAN] CASHIER FORM : TextBox_TextChanged, subtotal value [0]
[ADMIN] [9/6/2017 14:14] [PENJUALAN] CASHIER FORM : TextBox_TextChanged, attempt to calculate total value
[ADMIN] [9/6/2017 14:14] [PENJUALAN] CASHIER FORM : calculateTotal
[ADMIN] [9/6/2017 14:14] [PENJUALAN] CASHIER FORM : calculateTotal [0]
[ADMIN] [9/6/2017 14:14] [PENJUALAN] CASHIER FORM : calculateTotal, totalAfterDisc [0]
[ADMIN] [9/6/2017 14:14] [PENJUALAN] CASHIER FORM : calculateChangeValue, bayarTextBox.Text [0]
[ADMIN] [9/6/2017 14:14] [PENJUALAN] CASHIER FORM : calculateChangeValue, sisaBayar [0]
[ADMIN] [9/6/2017 14:14] [PENJUALAN] CASHIER FORM : cashierDataGridView_CellValueChanged [qty]
[ADMIN] [9/6/2017 14:14] [PENJUALAN] CASHIER FORM : TextBox_TextChanged, previousInput []
[ADMIN] [9/6/2017 14:14] [PENJUALAN] CASHIER FORM : TextBox_TextChanged, dataGridViewTextBoxEditingControl.Text pass REGEX Checking
[ADMIN] [9/6/2017 14:14] [] CHECK STOCK QTY IS ENOUGH [1]
[ADMIN] [9/6/2017 14:14] [] CHECK STOCK QTY IS ENOUGH [294, 0]
[ADMIN] [9/6/2017 14:14] [PENJUALAN] CASHIER FORM : CALCULATE SUBTOTAL
[ADMIN] [9/6/2017 14:14] [PENJUALAN] CASHIER FORM : SUBTOTAL [0]
[ADMIN] [9/6/2017 14:14] [PENJUALAN] CASHIER FORM : TextBox_TextChanged, subtotal value [0]
[ADMIN] [9/6/2017 14:14] [PENJUALAN] CASHIER FORM : TextBox_TextChanged, attempt to calculate total value
[ADMIN] [9/6/2017 14:14] [PENJUALAN] CASHIER FORM : calculateTotal
[ADMIN] [9/6/2017 14:14] [PENJUALAN] CASHIER FORM : calculateTotal [0]
[ADMIN] [9/6/2017 14:14] [PENJUALAN] CASHIER FORM : calculateTotal, totalAfterDisc [0]
[ADMIN] [9/6/2017 14:14] [PENJUALAN] CASHIER FORM : calculateChangeValue, bayarTextBox.Text [0]
[ADMIN] [9/6/2017 14:14] [PENJUALAN] CASHIER FORM : calculateChangeValue, sisaBayar [0]
[ADMIN] [9/6/2017 14:14] [PENJUALAN] CASHIER FORM : cashierDataGridView_CellValueChanged [jumlah]
[ADMIN] [9/6/2017 14:14] [PENJUALAN] CASHIER FORM : ComboBox_SelectedIndexChanged, attempt to calculate total
[ADMIN] [9/6/2017 14:14] [PENJUALAN] CASHIER FORM : calculateTotal
[ADMIN] [9/6/2017 14:14] [PENJUALAN] CASHIER FORM : calculateTotal [0]
[ADMIN] [9/6/2017 14:14] [PENJUALAN] CASHIER FORM : calculateTotal, totalAfterDisc [0]
[ADMIN] [9/6/2017 14:14] [PENJUALAN] CASHIER FORM : calculateChangeValue, bayarTextBox.Text [0]
[ADMIN] [9/6/2017 14:14] [PENJUALAN] CASHIER FORM : calculateChangeValue, sisaBayar [0]
[ADMIN] [9/6/2017 14:14] [] CHECK STOCK QTY IS ENOUGH [1]
[ADMIN] [9/6/2017 14:14] [] CHECK STOCK QTY IS ENOUGH [294, 1]
[ADMIN] [9/6/2017 14:14] [PENJUALAN] CASHIER FORM : cashierDataGridView_CellValueChanged [qty]
[ADMIN] [9/6/2017 14:14] [PENJUALAN] CASHIER FORM : TextBox_TextChanged, previousInput []
[ADMIN] [9/6/2017 14:14] [PENJUALAN] CASHIER FORM : TextBox_TextChanged, dataGridViewTextBoxEditingControl.Text pass REGEX Checking
[ADMIN] [9/6/2017 14:14] [] CHECK STOCK QTY IS ENOUGH [1]
[ADMIN] [9/6/2017 14:14] [] CHECK STOCK QTY IS ENOUGH [294, 1]
[ADMIN] [9/6/2017 14:14] [PENJUALAN] CASHIER FORM : CALCULATE SUBTOTAL
[ADMIN] [9/6/2017 14:14] [PENJUALAN] CASHIER FORM : SUBTOTAL [165000]
[ADMIN] [9/6/2017 14:14] [PENJUALAN] CASHIER FORM : TextBox_TextChanged, subtotal value [165000]
[ADMIN] [9/6/2017 14:14] [PENJUALAN] CASHIER FORM : TextBox_TextChanged, attempt to calculate total value
[ADMIN] [9/6/2017 14:14] [PENJUALAN] CASHIER FORM : calculateTotal
[ADMIN] [9/6/2017 14:14] [PENJUALAN] CASHIER FORM : calculateTotal [165000]
[ADMIN] [9/6/2017 14:14] [PENJUALAN] CASHIER FORM : calculateTotal, totalAfterDisc [165000]
[ADMIN] [9/6/2017 14:14] [PENJUALAN] CASHIER FORM : calculateChangeValue, bayarTextBox.Text [0]
[ADMIN] [9/6/2017 14:14] [PENJUALAN] CASHIER FORM : calculateChangeValue, sisaBayar [0]
[ADMIN] [9/6/2017 14:14] [PENJUALAN] CASHIER FORM : SET QTY TO 1 BECAUSE OF NEW ROW
[ADMIN] [9/6/2017 14:14] [PENJUALAN] CASHIER FORM : CALCULATE SUBTOTAL
[ADMIN] [9/6/2017 14:14] [PENJUALAN] CASHIER FORM : SUBTOTAL [165000]
[ADMIN] [9/6/2017 14:14] [PENJUALAN] CASHIER FORM : calculateTotal
[ADMIN] [9/6/2017 14:14] [PENJUALAN] CASHIER FORM : calculateTotal [165000]
[ADMIN] [9/6/2017 14:14] [PENJUALAN] CASHIER FORM : calculateTotal, totalAfterDisc [165000]
[ADMIN] [9/6/2017 14:14] [PENJUALAN] CASHIER FORM : calculateChangeValue, bayarTextBox.Text [0]
[ADMIN] [9/6/2017 14:14] [PENJUALAN] CASHIER FORM : calculateChangeValue, sisaBayar [0]
[ADMIN] [9/6/2017 14:14] [PENJUALAN] CASHIER FORM : REGISTER HOTKEY
[ADMIN] [9/6/2017 14:14] [PENJUALAN] CASHIER FORM : cashierDataGridView_CellValueChanged [qty]
[ADMIN] [9/6/2017 14:14] [PENJUALAN] CASHIER FORM : TextBox_TextChanged, previousInput []
[ADMIN] [9/6/2017 14:14] [PENJUALAN] CASHIER FORM : TextBox_TextChanged, dataGridViewTextBoxEditingControl.Text pass REGEX Checking
[ADMIN] [9/6/2017 14:14] [] CHECK STOCK QTY IS ENOUGH [1]
[ADMIN] [9/6/2017 14:14] [] CHECK STOCK QTY IS ENOUGH [294, 2]
[ADMIN] [9/6/2017 14:14] [PENJUALAN] CASHIER FORM : CALCULATE SUBTOTAL
[ADMIN] [9/6/2017 14:14] [PENJUALAN] CASHIER FORM : SUBTOTAL [330000]
[ADMIN] [9/6/2017 14:14] [PENJUALAN] CASHIER FORM : TextBox_TextChanged, subtotal value [330000]
[ADMIN] [9/6/2017 14:14] [PENJUALAN] CASHIER FORM : TextBox_TextChanged, attempt to calculate total value
[ADMIN] [9/6/2017 14:14] [PENJUALAN] CASHIER FORM : calculateTotal
[ADMIN] [9/6/2017 14:14] [PENJUALAN] CASHIER FORM : calculateTotal [330000]
[ADMIN] [9/6/2017 14:14] [PENJUALAN] CASHIER FORM : calculateTotal, totalAfterDisc [330000]
[ADMIN] [9/6/2017 14:14] [PENJUALAN] CASHIER FORM : calculateChangeValue, bayarTextBox.Text [0]
[ADMIN] [9/6/2017 14:14] [PENJUALAN] CASHIER FORM : calculateChangeValue, sisaBayar [0]
[ADMIN] [9/6/2017 14:14] [PENJUALAN] CASHIER FORM : calculateChangeValue, bayarTextBox.Text [3]
[ADMIN] [9/6/2017 14:14] [PENJUALAN] CASHIER FORM : calculateChangeValue, sisaBayar [0]
[ADMIN] [9/6/2017 14:14] [PENJUALAN] CASHIER FORM : calculateChangeValue, bayarTextBox.Text [35]
[ADMIN] [9/6/2017 14:14] [PENJUALAN] CASHIER FORM : calculateChangeValue, sisaBayar [0]
[ADMIN] [9/6/2017 14:14] [PENJUALAN] CASHIER FORM : calculateChangeValue, bayarTextBox.Text [350]
[ADMIN] [9/6/2017 14:14] [PENJUALAN] CASHIER FORM : calculateChangeValue, sisaBayar [0]
[ADMIN] [9/6/2017 14:14] [PENJUALAN] CASHIER FORM : calculateChangeValue, bayarTextBox.Text [3500]
[ADMIN] [9/6/2017 14:14] [PENJUALAN] CASHIER FORM : calculateChangeValue, sisaBayar [0]
[ADMIN] [9/6/2017 14:14] [PENJUALAN] CASHIER FORM : calculateChangeValue, bayarTextBox.Text [35000]
[ADMIN] [9/6/2017 14:14] [PENJUALAN] CASHIER FORM : calculateChangeValue, sisaBayar [0]
[ADMIN] [9/6/2017 14:14] [PENJUALAN] CASHIER FORM : calculateChangeValue, bayarTextBox.Text [350000]
[ADMIN] [9/6/2017 14:14] [PENJUALAN] CASHIER FORM : calculateChangeValue, sisaBayar [20000]
[ADMIN] [9/6/2017 14:14] [PENJUALAN] CASHIER FORM : HOTKEY TO SAVE AND PRINT OUT INVOICE PRESSED
[ADMIN] [9/6/2017 14:14] [PENJUALAN] CASHIER FORM : UNREGISTER HOTKEY
[ADMIN] [9/6/2017 14:14] [PENJUALAN] CASHIER FORM : REGISTER HOTKEY
[ADMIN] [9/6/2017 14:14] [PENJUALAN] ATTEMPT TO SAVE AND PRINT OUT INVOICE
[ADMIN] [9/6/2017 14:14] [] CHECK STOCK QTY IS ENOUGH [1]
[ADMIN] [9/6/2017 14:14] [] CHECK STOCK QTY IS ENOUGH [294, 2]
[ADMIN] [9/6/2017 14:14] [PENJUALAN] CASHIER FORM : UNREGISTER HOTKEY
[ADMIN] [9/6/2017 14:14] [PENJUALAN] CASHIER FORM : REGISTER HOTKEY
[ADMIN] [9/6/2017 14:14] [PENJUALAN] CASHIER FORM : UNREGISTER HOTKEY
[ADMIN] [9/6/2017 14:14] [PENJUALAN] CASHIER FORM : ATTEMPT TO SAVE SALES DATA [06-09-2017 14:14]
[ADMIN] [9/6/2017 14:14] [PENJUALAN] CASHIER FORM : SALES DISC FINAL [0]
[ADMIN] [9/6/2017 14:14] [PENJUALAN] CASHIER FORM : CASH SALES
[ADMIN] [9/6/2017 14:14] [PENJUALAN] CHECK IF TAX LIMIT SET FOR PERCENTAGE PURCHASE [0]
[ADMIN] [9/6/2017 14:14] [PENJUALAN] CHECK IF TAX LIMIT SET FOR AVERAGE DAILY PURCHASE [0]
[ADMIN] [9/6/2017 14:14] [PENJUALAN] CASHIER FORM : NO FAKTUR [SLO001]
[ADMIN] [9/6/2017 14:14] [PENJUALAN] CASHIER FORM : MAX SALES INVOICE [6]
[ADMIN] [9/6/2017 14:14] [PENJUALAN] CASHIER FORM : SALES INVOICE [SLO001-7]
[ADMIN] [9/6/2017 14:14] [PENJUALAN] INSERT INTO SALES HEADER [SLO001-7]
[ADMIN] [9/6/2017 14:14] [PENJUALAN] INSERT INTO SALES DETAIL[1, 165000, 2]
[ADMIN] [9/6/2017 14:14] [PENJUALAN] INSERT TO CREDIT TABLE [SLO001-7]
[ADMIN] [9/6/2017 14:14] [PENJUALAN] INSERT TO DAILY JOURNAL TABLE [330000]
[ADMIN] [9/6/2017 14:14] [PENJUALAN] CASHIER FORM : REGISTER HOTKEY
[ADMIN] [9/6/2017 14:14] [PENJUALAN] TRANSACTION SAVED
[ADMIN] [9/6/2017 14:14] [PENJUALAN] PRINT OUT INVOICE
[ADMIN] [9/6/2017 14:14] [PENJUALAN] CASHIER FORM : PrintReceipt
[ADMIN] [9/6/2017 14:14] [PENJUALAN] CASHIER FORM : PrintReceipt, POS size Paper
[ADMIN] [9/6/2017 14:14] [PENJUALAN] CASHIER FORM : loadInfoToko
[ADMIN] [9/6/2017 14:14] [PENJUALAN] CASHIER FORM : calculatePageLength, totalLengthPage [369]
[ADMIN] [9/6/2017 14:14] [PENJUALAN] CASHIER FORM : UNREGISTER HOTKEY
[ADMIN] [9/6/2017 14:14] [PENJUALAN] CASHIER FORM : printDocument1_PrintPage, print POS size receipt
[ADMIN] [9/6/2017 14:14] [PENJUALAN] CASHIER FORM : loadInfoToko
[ADMIN] [9/6/2017 14:15] [PENJUALAN] CASHIER FORM : loadNamaUser
[ADMIN] [9/6/2017 14:15] [PENJUALAN] CASHIER FORM : REGISTER HOTKEY
[ADMIN] [9/6/2017 14:15] [PENJUALAN] CASHIER FORM : UNREGISTER HOTKEY
[ADMIN] [9/6/2017 14:15] [PENJUALAN] CASHIER FORM : REGISTER HOTKEY
[ADMIN] [9/6/2017 14:15] [PENJUALAN] VALIDATE USER CREDIT STATUS
[ADMIN] [9/6/2017 14:15] [PENJUALAN] CASHIER FORM : UNREGISTER HOTKEY
[ADMIN] [9/6/2017 14:15] [PENJUALAN] CASHIER FORM : REGISTER HOTKEY
[ADMIN] [9/6/2017 14:15] [PENJUALAN] CASHIER FORM : UNREGISTER HOTKEY
[ADMIN] [9/6/2017 14:15] [PENJUALAN] CASHIER FORM : REGISTER HOTKEY
[ADMIN] [9/6/2017 14:15] [PENJUALAN] CASHIER FORM : UNREGISTER HOTKEY
[ADMIN] [9/6/2017 14:15] [PENJUALAN] CASHIER FORM : REGISTER HOTKEY
[ADMIN] [9/6/2017 14:15] [PENJUALAN] CASHIER FORM : UNREGISTER HOTKEY
[ADMIN] [9/6/2017 14:15] [PENJUALAN] CASHIER FORM : REGISTER HOTKEY
[ADMIN] [9/6/2017 14:15] [PENJUALAN] RE-PRINT INVOICE
[ADMIN] [9/6/2017 14:15] [PENJUALAN] CASHIER FORM : PrintReceipt
[ADMIN] [9/6/2017 14:15] [PENJUALAN] CASHIER FORM : PrintReceipt, POS size Paper
[ADMIN] [9/6/2017 14:15] [PENJUALAN] CASHIER FORM : loadInfoToko
[ADMIN] [9/6/2017 14:15] [PENJUALAN] CASHIER FORM : calculatePageLength, totalLengthPage [369]
[ADMIN] [9/6/2017 14:15] [PENJUALAN] CASHIER FORM : UNREGISTER HOTKEY
[ADMIN] [9/6/2017 14:15] [PENJUALAN] CASHIER FORM : printDocument1_PrintPage, print POS size receipt
[ADMIN] [9/6/2017 14:15] [PENJUALAN] CASHIER FORM : loadInfoToko
[ADMIN] [9/6/2017 14:15] [PENJUALAN] CASHIER FORM : loadNamaUser
[ADMIN] [9/6/2017 14:15] [PENJUALAN] CASHIER FORM : REGISTER HOTKEY
[ADMIN] [9/6/2017 14:16] [PENJUALAN] CASHIER FORM : UNREGISTER HOTKEY
[ADMIN] [9/6/2017 14:42] [PENJUALAN] CASHIER FORM : REGISTER HOTKEY
[ADMIN] [9/6/2017 14:42] [PENJUALAN] CASHIER FORM : UNREGISTER HOTKEY
[ADMIN] [9/6/2017 14:42] [PENJUALAN] CASHIER FORM : REGISTER HOTKEY
[ADMIN] [9/6/2017 14:42] [PENJUALAN] CASHIER FORM : UNREGISTER HOTKEY
[] [9/6/2017 14:42] [] USER = ADMIN IS ACTIVE
[ADMIN] [9/6/2017 14:42] [] USER ID = 1 LOGIN SUCCESSFULLY
[ADMIN] [9/6/2017 14:42] [] ACTIVATE USER ACCESS RIGHT
[ADMIN] [9/6/2017 14:42] [] DISPLAY ADMIN FORM
[ADMIN] [9/6/2017 14:42] [] adminForm Load
[ADMIN] [9/6/2017 14:42] [PENJUALAN] CASHIER FORM : MULTIPLE CASHIER INSTANCE [1]
[ADMIN] [9/6/2017 14:42] [PENJUALAN] CASHIER FORM : REGISTER HOTKEY
[ADMIN] [9/6/2017 14:42] [PENJUALAN] CASHIER FORM : cashierForm_Load, ATTEMPT TO LOAD NO FAKTUR
[ADMIN] [9/6/2017 14:42] [PENJUALAN] CASHIER FORM : loadNoFaktur, noFakturValue [SLO001]
[ADMIN] [9/6/2017 14:42] [PENJUALAN] CASHIER FORM : cashierForm_Load, ATTEMPT TO addColumnToDataGrid
[ADMIN] [9/6/2017 14:42] [PENJUALAN] CASHIER FORM : calculateTotal
[ADMIN] [9/6/2017 14:42] [PENJUALAN] CASHIER FORM : calculateTotal [0]
[ADMIN] [9/6/2017 14:42] [PENJUALAN] CASHIER FORM : calculateTotal, totalAfterDisc [0]
[ADMIN] [9/6/2017 14:42] [PENJUALAN] CASHIER FORM : calculateChangeValue, bayarTextBox.Text [0]
[ADMIN] [9/6/2017 14:42] [PENJUALAN] CASHIER FORM : calculateChangeValue, sisaBayar [0]
[ADMIN] [9/6/2017 14:42] [PENJUALAN] CASHIER FORM : REGISTER HOTKEY
[ADMIN] [9/6/2017 14:42] [PENJUALAN] CASHIER FORM : HOTKEY TO OPEN PRODUK SEARCH FORM PRESSED
[ADMIN] [9/6/2017 14:42] [PENJUALAN] CASHIER FORM : UNREGISTER HOTKEY
[ADMIN] [9/6/2017 14:42] [PENJUALAN] CASHIER FORM : REGISTER HOTKEY
[ADMIN] [9/6/2017 14:42] [PENJUALAN] CASHIER FORM : HOTKEY TO ADD NEW ROW PRESSED
[ADMIN] [9/6/2017 14:42] [PENJUALAN] CASHIER FORM : ADD NEW ROW,  isActive [True]
[ADMIN] [9/6/2017 14:42] [PENJUALAN] CASHIER FORM : ADD NEW ROW,  ROW COUNT [0]
[ADMIN] [9/6/2017 14:42] [PENJUALAN] CASHIER FORM : ADD NEW ROW,  ALLOW TO ADD [True]
[ADMIN] [9/6/2017 14:42] [PENJUALAN] CASHIER FORM : cashierDataGridView_CellValueChanged [F8]
[ADMIN] [9/6/2017 14:42] [PENJUALAN] CASHIER FORM : cashierDataGridView_CellValueChanged [hpp]
[ADMIN] [9/6/2017 14:42] [PENJUALAN] CASHIER FORM : cashierDataGridView_CellValueChanged [productPrice]
[ADMIN] [9/6/2017 14:42] [PENJUALAN] CASHIER FORM : TextBox_TextChanged, previousInput []
[ADMIN] [9/6/2017 14:42] [PENJUALAN] CASHIER FORM : TextBox_TextChanged, dataGridViewTextBoxEditingControl.Text pass REGEX Checking
[ADMIN] [9/6/2017 14:42] [PENJUALAN] CASHIER FORM : CALCULATE SUBTOTAL
[ADMIN] [9/6/2017 14:42] [PENJUALAN] CASHIER FORM : SUBTOTAL [0]
[ADMIN] [9/6/2017 14:42] [PENJUALAN] CASHIER FORM : TextBox_TextChanged, subtotal value [0]
[ADMIN] [9/6/2017 14:42] [PENJUALAN] CASHIER FORM : TextBox_TextChanged, attempt to calculate total value
[ADMIN] [9/6/2017 14:42] [PENJUALAN] CASHIER FORM : calculateTotal
[ADMIN] [9/6/2017 14:42] [PENJUALAN] CASHIER FORM : calculateTotal [0]
[ADMIN] [9/6/2017 14:42] [PENJUALAN] CASHIER FORM : calculateTotal, totalAfterDisc [0]
[ADMIN] [9/6/2017 14:42] [PENJUALAN] CASHIER FORM : calculateChangeValue, bayarTextBox.Text [0]
[ADMIN] [9/6/2017 14:42] [PENJUALAN] CASHIER FORM : calculateChangeValue, sisaBayar [0]
[ADMIN] [9/6/2017 14:42] [PENJUALAN] CASHIER FORM : cashierDataGridView_CellValueChanged [disc1]
[ADMIN] [9/6/2017 14:42] [PENJUALAN] CASHIER FORM : TextBox_TextChanged, previousInput []
[ADMIN] [9/6/2017 14:42] [PENJUALAN] CASHIER FORM : TextBox_TextChanged, dataGridViewTextBoxEditingControl.Text pass REGEX Checking
[ADMIN] [9/6/2017 14:42] [PENJUALAN] CASHIER FORM : CALCULATE SUBTOTAL
[ADMIN] [9/6/2017 14:42] [PENJUALAN] CASHIER FORM : SUBTOTAL [0]
[ADMIN] [9/6/2017 14:42] [PENJUALAN] CASHIER FORM : TextBox_TextChanged, subtotal value [0]
[ADMIN] [9/6/2017 14:42] [PENJUALAN] CASHIER FORM : TextBox_TextChanged, attempt to calculate total value
[ADMIN] [9/6/2017 14:42] [PENJUALAN] CASHIER FORM : calculateTotal
[ADMIN] [9/6/2017 14:42] [PENJUALAN] CASHIER FORM : calculateTotal [0]
[ADMIN] [9/6/2017 14:42] [PENJUALAN] CASHIER FORM : calculateTotal, totalAfterDisc [0]
[ADMIN] [9/6/2017 14:42] [PENJUALAN] CASHIER FORM : calculateChangeValue, bayarTextBox.Text [0]
[ADMIN] [9/6/2017 14:42] [PENJUALAN] CASHIER FORM : calculateChangeValue, sisaBayar [0]
[ADMIN] [9/6/2017 14:42] [PENJUALAN] CASHIER FORM : cashierDataGridView_CellValueChanged [qty]
[ADMIN] [9/6/2017 14:42] [PENJUALAN] CASHIER FORM : TextBox_TextChanged, previousInput []
[ADMIN] [9/6/2017 14:42] [PENJUALAN] CASHIER FORM : TextBox_TextChanged, dataGridViewTextBoxEditingControl.Text pass REGEX Checking
[ADMIN] [9/6/2017 14:42] [] CHECK STOCK QTY IS ENOUGH []
[ADMIN] [9/6/2017 14:42] [PENJUALAN] CASHIER FORM : CALCULATE SUBTOTAL
[ADMIN] [9/6/2017 14:42] [PENJUALAN] CASHIER FORM : SUBTOTAL [0]
[ADMIN] [9/6/2017 14:42] [PENJUALAN] CASHIER FORM : TextBox_TextChanged, subtotal value [0]
[ADMIN] [9/6/2017 14:42] [PENJUALAN] CASHIER FORM : TextBox_TextChanged, attempt to calculate total value
[ADMIN] [9/6/2017 14:42] [PENJUALAN] CASHIER FORM : calculateTotal
[ADMIN] [9/6/2017 14:42] [PENJUALAN] CASHIER FORM : calculateTotal [0]
[ADMIN] [9/6/2017 14:42] [PENJUALAN] CASHIER FORM : calculateTotal, totalAfterDisc [0]
[ADMIN] [9/6/2017 14:42] [PENJUALAN] CASHIER FORM : calculateChangeValue, bayarTextBox.Text [0]
[ADMIN] [9/6/2017 14:42] [PENJUALAN] CASHIER FORM : calculateChangeValue, sisaBayar [0]
[ADMIN] [9/6/2017 14:42] [PENJUALAN] CASHIER FORM : cashierDataGridView_CellValueChanged [disc2]
[ADMIN] [9/6/2017 14:42] [PENJUALAN] CASHIER FORM : TextBox_TextChanged, previousInput []
[ADMIN] [9/6/2017 14:42] [PENJUALAN] CASHIER FORM : TextBox_TextChanged, dataGridViewTextBoxEditingControl.Text pass REGEX Checking
[ADMIN] [9/6/2017 14:42] [PENJUALAN] CASHIER FORM : CALCULATE SUBTOTAL
[ADMIN] [9/6/2017 14:42] [PENJUALAN] CASHIER FORM : SUBTOTAL [0]
[ADMIN] [9/6/2017 14:42] [PENJUALAN] CASHIER FORM : TextBox_TextChanged, subtotal value [0]
[ADMIN] [9/6/2017 14:42] [PENJUALAN] CASHIER FORM : TextBox_TextChanged, attempt to calculate total value
[ADMIN] [9/6/2017 14:42] [PENJUALAN] CASHIER FORM : calculateTotal
[ADMIN] [9/6/2017 14:42] [PENJUALAN] CASHIER FORM : calculateTotal [0]
[ADMIN] [9/6/2017 14:42] [PENJUALAN] CASHIER FORM : calculateTotal, totalAfterDisc [0]
[ADMIN] [9/6/2017 14:42] [PENJUALAN] CASHIER FORM : calculateChangeValue, bayarTextBox.Text [0]
[ADMIN] [9/6/2017 14:42] [PENJUALAN] CASHIER FORM : calculateChangeValue, sisaBayar [0]
[ADMIN] [9/6/2017 14:42] [PENJUALAN] CASHIER FORM : cashierDataGridView_CellValueChanged [discRP]
[ADMIN] [9/6/2017 14:42] [PENJUALAN] CASHIER FORM : TextBox_TextChanged, previousInput []
[ADMIN] [9/6/2017 14:42] [PENJUALAN] CASHIER FORM : TextBox_TextChanged, dataGridViewTextBoxEditingControl.Text pass REGEX Checking
[ADMIN] [9/6/2017 14:42] [PENJUALAN] CASHIER FORM : CALCULATE SUBTOTAL
[ADMIN] [9/6/2017 14:42] [PENJUALAN] CASHIER FORM : SUBTOTAL [0]
[ADMIN] [9/6/2017 14:42] [PENJUALAN] CASHIER FORM : TextBox_TextChanged, subtotal value [0]
[ADMIN] [9/6/2017 14:42] [PENJUALAN] CASHIER FORM : TextBox_TextChanged, attempt to calculate total value
[ADMIN] [9/6/2017 14:42] [PENJUALAN] CASHIER FORM : calculateTotal
[ADMIN] [9/6/2017 14:42] [PENJUALAN] CASHIER FORM : calculateTotal [0]
[ADMIN] [9/6/2017 14:42] [PENJUALAN] CASHIER FORM : calculateTotal, totalAfterDisc [0]
[ADMIN] [9/6/2017 14:42] [PENJUALAN] CASHIER FORM : calculateChangeValue, bayarTextBox.Text [0]
[ADMIN] [9/6/2017 14:42] [PENJUALAN] CASHIER FORM : calculateChangeValue, sisaBayar [0]
[ADMIN] [9/6/2017 14:42] [PENJUALAN] CASHIER FORM : cashierDataGridView_CellValueChanged [jumlah]
[ADMIN] [9/6/2017 14:42] [PENJUALAN] CASHIER FORM : cashierDataGridView_CellValueChanged [productName]
[ADMIN] [9/6/2017 14:42] [PENJUALAN] CASHIER FORM : UNREGISTER HOTKEY
[ADMIN] [9/6/2017 14:42] [PENJUALAN] CASHIER FORM : ADD NEW ROW FROM BARCODE [HPL VIOLAM VS 0101 S]
[ADMIN] [9/6/2017 14:42] [PENJUALAN] CASHIER FORM : cashierDataGridView_CellValueChanged [productID]
[ADMIN] [9/6/2017 14:42] [PENJUALAN] CASHIER FORM : cashierDataGridView_CellValueChanged [productName]
[ADMIN] [9/6/2017 14:42] [PENJUALAN] CASHIER FORM : PRODUCT PRICE TYPE [PRODUCT_BASE_PRICE]
[ADMIN] [9/6/2017 14:42] [PENJUALAN] CASHIER FORM : PRODUCT PRICE [155000]
[ADMIN] [9/6/2017 14:42] [PENJUALAN] CASHIER FORM : ComboBox_SelectedIndexChanged, PRODUCT_BASE_PRICE [155000]
[ADMIN] [9/6/2017 14:42] [PENJUALAN] CASHIER FORM : cashierDataGridView_CellValueChanged [hpp]
[ADMIN] [9/6/2017 14:42] [PENJUALAN] CASHIER FORM : PRODUCT PRICE TYPE [PRODUCT_RETAIL_PRICE]
[ADMIN] [9/6/2017 14:42] [PENJUALAN] CASHIER FORM : PRODUCT PRICE [165000]
[ADMIN] [9/6/2017 14:42] [PENJUALAN] CASHIER FORM : ComboBox_SelectedIndexChanged, PRODUCT_SALES_PRICE [165000]
[ADMIN] [9/6/2017 14:42] [PENJUALAN] CASHIER FORM : cashierDataGridView_CellValueChanged [productPrice]
[ADMIN] [9/6/2017 14:42] [PENJUALAN] CASHIER FORM : TextBox_TextChanged, previousInput []
[ADMIN] [9/6/2017 14:42] [PENJUALAN] CASHIER FORM : TextBox_TextChanged, dataGridViewTextBoxEditingControl.Text pass REGEX Checking
[ADMIN] [9/6/2017 14:42] [PENJUALAN] CASHIER FORM : CALCULATE SUBTOTAL
[ADMIN] [9/6/2017 14:42] [PENJUALAN] CASHIER FORM : SUBTOTAL [0]
[ADMIN] [9/6/2017 14:42] [PENJUALAN] CASHIER FORM : TextBox_TextChanged, subtotal value [0]
[ADMIN] [9/6/2017 14:42] [PENJUALAN] CASHIER FORM : TextBox_TextChanged, attempt to calculate total value
[ADMIN] [9/6/2017 14:42] [PENJUALAN] CASHIER FORM : calculateTotal
[ADMIN] [9/6/2017 14:42] [PENJUALAN] CASHIER FORM : calculateTotal [0]
[ADMIN] [9/6/2017 14:42] [PENJUALAN] CASHIER FORM : calculateTotal, totalAfterDisc [0]
[ADMIN] [9/6/2017 14:42] [PENJUALAN] CASHIER FORM : calculateChangeValue, bayarTextBox.Text [0]
[ADMIN] [9/6/2017 14:42] [PENJUALAN] CASHIER FORM : calculateChangeValue, sisaBayar [0]
[ADMIN] [9/6/2017 14:42] [PENJUALAN] CASHIER FORM : cashierDataGridView_CellValueChanged [qty]
[ADMIN] [9/6/2017 14:42] [PENJUALAN] CASHIER FORM : TextBox_TextChanged, previousInput []
[ADMIN] [9/6/2017 14:42] [PENJUALAN] CASHIER FORM : TextBox_TextChanged, dataGridViewTextBoxEditingControl.Text pass REGEX Checking
[ADMIN] [9/6/2017 14:42] [] CHECK STOCK QTY IS ENOUGH [1]
[ADMIN] [9/6/2017 14:42] [] CHECK STOCK QTY IS ENOUGH [294, 0]
[ADMIN] [9/6/2017 14:42] [PENJUALAN] CASHIER FORM : CALCULATE SUBTOTAL
[ADMIN] [9/6/2017 14:42] [PENJUALAN] CASHIER FORM : SUBTOTAL [0]
[ADMIN] [9/6/2017 14:42] [PENJUALAN] CASHIER FORM : TextBox_TextChanged, subtotal value [0]
[ADMIN] [9/6/2017 14:42] [PENJUALAN] CASHIER FORM : TextBox_TextChanged, attempt to calculate total value
[ADMIN] [9/6/2017 14:42] [PENJUALAN] CASHIER FORM : calculateTotal
[ADMIN] [9/6/2017 14:42] [PENJUALAN] CASHIER FORM : calculateTotal [0]
[ADMIN] [9/6/2017 14:42] [PENJUALAN] CASHIER FORM : calculateTotal, totalAfterDisc [0]
[ADMIN] [9/6/2017 14:42] [PENJUALAN] CASHIER FORM : calculateChangeValue, bayarTextBox.Text [0]
[ADMIN] [9/6/2017 14:42] [PENJUALAN] CASHIER FORM : calculateChangeValue, sisaBayar [0]
[ADMIN] [9/6/2017 14:42] [PENJUALAN] CASHIER FORM : cashierDataGridView_CellValueChanged [jumlah]
[ADMIN] [9/6/2017 14:42] [PENJUALAN] CASHIER FORM : ComboBox_SelectedIndexChanged, attempt to calculate total
[ADMIN] [9/6/2017 14:42] [PENJUALAN] CASHIER FORM : calculateTotal
[ADMIN] [9/6/2017 14:42] [PENJUALAN] CASHIER FORM : calculateTotal [0]
[ADMIN] [9/6/2017 14:42] [PENJUALAN] CASHIER FORM : calculateTotal, totalAfterDisc [0]
[ADMIN] [9/6/2017 14:42] [PENJUALAN] CASHIER FORM : calculateChangeValue, bayarTextBox.Text [0]
[ADMIN] [9/6/2017 14:42] [PENJUALAN] CASHIER FORM : calculateChangeValue, sisaBayar [0]
[ADMIN] [9/6/2017 14:42] [] CHECK STOCK QTY IS ENOUGH [1]
[ADMIN] [9/6/2017 14:42] [] CHECK STOCK QTY IS ENOUGH [294, 1]
[ADMIN] [9/6/2017 14:42] [PENJUALAN] CASHIER FORM : cashierDataGridView_CellValueChanged [qty]
[ADMIN] [9/6/2017 14:42] [PENJUALAN] CASHIER FORM : TextBox_TextChanged, previousInput []
[ADMIN] [9/6/2017 14:42] [PENJUALAN] CASHIER FORM : TextBox_TextChanged, dataGridViewTextBoxEditingControl.Text pass REGEX Checking
[ADMIN] [9/6/2017 14:42] [] CHECK STOCK QTY IS ENOUGH [1]
[ADMIN] [9/6/2017 14:42] [] CHECK STOCK QTY IS ENOUGH [294, 1]
[ADMIN] [9/6/2017 14:42] [PENJUALAN] CASHIER FORM : CALCULATE SUBTOTAL
[ADMIN] [9/6/2017 14:42] [PENJUALAN] CASHIER FORM : SUBTOTAL [165000]
[ADMIN] [9/6/2017 14:42] [PENJUALAN] CASHIER FORM : TextBox_TextChanged, subtotal value [165000]
[ADMIN] [9/6/2017 14:42] [PENJUALAN] CASHIER FORM : TextBox_TextChanged, attempt to calculate total value
[ADMIN] [9/6/2017 14:42] [PENJUALAN] CASHIER FORM : calculateTotal
[ADMIN] [9/6/2017 14:42] [PENJUALAN] CASHIER FORM : calculateTotal [165000]
[ADMIN] [9/6/2017 14:42] [PENJUALAN] CASHIER FORM : calculateTotal, totalAfterDisc [165000]
[ADMIN] [9/6/2017 14:42] [PENJUALAN] CASHIER FORM : calculateChangeValue, bayarTextBox.Text [0]
[ADMIN] [9/6/2017 14:42] [PENJUALAN] CASHIER FORM : calculateChangeValue, sisaBayar [0]
[ADMIN] [9/6/2017 14:42] [PENJUALAN] CASHIER FORM : SET QTY TO 1 BECAUSE OF NEW ROW
[ADMIN] [9/6/2017 14:42] [PENJUALAN] CASHIER FORM : CALCULATE SUBTOTAL
[ADMIN] [9/6/2017 14:42] [PENJUALAN] CASHIER FORM : SUBTOTAL [165000]
[ADMIN] [9/6/2017 14:42] [PENJUALAN] CASHIER FORM : calculateTotal
[ADMIN] [9/6/2017 14:42] [PENJUALAN] CASHIER FORM : calculateTotal [165000]
[ADMIN] [9/6/2017 14:42] [PENJUALAN] CASHIER FORM : calculateTotal, totalAfterDisc [165000]
[ADMIN] [9/6/2017 14:42] [PENJUALAN] CASHIER FORM : calculateChangeValue, bayarTextBox.Text [0]
[ADMIN] [9/6/2017 14:42] [PENJUALAN] CASHIER FORM : calculateChangeValue, sisaBayar [0]
[ADMIN] [9/6/2017 14:42] [PENJUALAN] CASHIER FORM : REGISTER HOTKEY
[ADMIN] [9/6/2017 14:42] [PENJUALAN] CASHIER FORM : calculateChangeValue, bayarTextBox.Text [1]
[ADMIN] [9/6/2017 14:42] [PENJUALAN] CASHIER FORM : calculateChangeValue, sisaBayar [0]
[ADMIN] [9/6/2017 14:43] [PENJUALAN] CASHIER FORM : calculateChangeValue, bayarTextBox.Text [17]
[ADMIN] [9/6/2017 14:43] [PENJUALAN] CASHIER FORM : calculateChangeValue, sisaBayar [0]
[ADMIN] [9/6/2017 14:43] [PENJUALAN] CASHIER FORM : calculateChangeValue, bayarTextBox.Text [179]
[ADMIN] [9/6/2017 14:43] [PENJUALAN] CASHIER FORM : calculateChangeValue, sisaBayar [0]
[ADMIN] [9/6/2017 14:43] [PENJUALAN] CASHIER FORM : calculateChangeValue, bayarTextBox.Text [17]
[ADMIN] [9/6/2017 14:43] [PENJUALAN] CASHIER FORM : calculateChangeValue, sisaBayar [0]
[ADMIN] [9/6/2017 14:43] [PENJUALAN] CASHIER FORM : calculateChangeValue, bayarTextBox.Text [170]
[ADMIN] [9/6/2017 14:43] [PENJUALAN] CASHIER FORM : calculateChangeValue, sisaBayar [0]
[ADMIN] [9/6/2017 14:43] [PENJUALAN] CASHIER FORM : calculateChangeValue, bayarTextBox.Text [1700]
[ADMIN] [9/6/2017 14:43] [PENJUALAN] CASHIER FORM : calculateChangeValue, sisaBayar [0]
[ADMIN] [9/6/2017 14:43] [PENJUALAN] CASHIER FORM : calculateChangeValue, bayarTextBox.Text [17000]
[ADMIN] [9/6/2017 14:43] [PENJUALAN] CASHIER FORM : calculateChangeValue, sisaBayar [0]
[ADMIN] [9/6/2017 14:43] [PENJUALAN] CASHIER FORM : calculateChangeValue, bayarTextBox.Text [170000]
[ADMIN] [9/6/2017 14:43] [PENJUALAN] CASHIER FORM : calculateChangeValue, sisaBayar [5000]
[ADMIN] [9/6/2017 14:43] [PENJUALAN] CASHIER FORM : HOTKEY TO SAVE AND PRINT OUT INVOICE PRESSED
[ADMIN] [9/6/2017 14:43] [PENJUALAN] CASHIER FORM : UNREGISTER HOTKEY
[ADMIN] [9/6/2017 14:43] [PENJUALAN] CASHIER FORM : REGISTER HOTKEY
[ADMIN] [9/6/2017 14:43] [PENJUALAN] ATTEMPT TO SAVE AND PRINT OUT INVOICE
[ADMIN] [9/6/2017 14:43] [] CHECK STOCK QTY IS ENOUGH [1]
[ADMIN] [9/6/2017 14:43] [] CHECK STOCK QTY IS ENOUGH [294, 1]
[ADMIN] [9/6/2017 14:43] [PENJUALAN] CASHIER FORM : UNREGISTER HOTKEY
[ADMIN] [9/6/2017 14:43] [PENJUALAN] CASHIER FORM : REGISTER HOTKEY
[ADMIN] [9/6/2017 14:43] [PENJUALAN] CASHIER FORM : UNREGISTER HOTKEY
[ADMIN] [9/6/2017 14:43] [PENJUALAN] CASHIER FORM : ATTEMPT TO SAVE SALES DATA [06-09-2017 14:43]
[ADMIN] [9/6/2017 14:43] [PENJUALAN] CASHIER FORM : SALES DISC FINAL [0]
[ADMIN] [9/6/2017 14:43] [PENJUALAN] CASHIER FORM : CASH SALES
[ADMIN] [9/6/2017 14:43] [PENJUALAN] CHECK IF TAX LIMIT SET FOR PERCENTAGE PURCHASE [0]
[ADMIN] [9/6/2017 14:43] [PENJUALAN] CHECK IF TAX LIMIT SET FOR AVERAGE DAILY PURCHASE [0]
[ADMIN] [9/6/2017 14:43] [PENJUALAN] CASHIER FORM : NO FAKTUR [SLO001]
[ADMIN] [9/6/2017 14:43] [PENJUALAN] CASHIER FORM : MAX SALES INVOICE [7]
[ADMIN] [9/6/2017 14:43] [PENJUALAN] CASHIER FORM : SALES INVOICE [SLO001-8]
[ADMIN] [9/6/2017 14:43] [PENJUALAN] INSERT INTO SALES HEADER [SLO001-8]
[ADMIN] [9/6/2017 14:43] [PENJUALAN] INSERT INTO SALES DETAIL[1, 165000, 1]
[ADMIN] [9/6/2017 14:43] [PENJUALAN] INSERT TO CREDIT TABLE [SLO001-8]
[ADMIN] [9/6/2017 14:43] [PENJUALAN] INSERT TO DAILY JOURNAL TABLE [165000]
[ADMIN] [9/6/2017 14:43] [PENJUALAN] CASHIER FORM : REGISTER HOTKEY
[ADMIN] [9/6/2017 14:43] [PENJUALAN] TRANSACTION SAVED
[ADMIN] [9/6/2017 14:43] [PENJUALAN] PRINT OUT INVOICE
[ADMIN] [9/6/2017 14:43] [PENJUALAN] CASHIER FORM : PrintReceipt
[ADMIN] [9/6/2017 14:43] [PENJUALAN] CASHIER FORM : PrintReceipt, POS size Paper
[ADMIN] [9/6/2017 14:43] [PENJUALAN] CASHIER FORM : loadInfoToko
[ADMIN] [9/6/2017 14:43] [PENJUALAN] CASHIER FORM : calculatePageLength, totalLengthPage [369]
[ADMIN] [9/6/2017 14:43] [PENJUALAN] CASHIER FORM : UNREGISTER HOTKEY
[ADMIN] [9/6/2017 14:43] [PENJUALAN] CASHIER FORM : printDocument1_PrintPage, print POS size receipt
[ADMIN] [9/6/2017 14:43] [PENJUALAN] CASHIER FORM : loadInfoToko
[ADMIN] [9/6/2017 14:43] [PENJUALAN] CASHIER FORM : loadNamaUser
[ADMIN] [9/6/2017 14:43] [PENJUALAN] CASHIER FORM : REGISTER HOTKEY
[ADMIN] [9/6/2017 14:43] [PENJUALAN] VALIDATE USER CREDIT STATUS
[ADMIN] [9/6/2017 14:43] [PENJUALAN] CASHIER FORM : UNREGISTER HOTKEY
[ADMIN] [9/6/2017 14:43] [PENJUALAN] CASHIER FORM : REGISTER HOTKEY
[ADMIN] [9/6/2017 14:43] [PENJUALAN] CASHIER FORM : UNREGISTER HOTKEY
[ADMIN] [9/6/2017 14:43] [PENJUALAN] CASHIER FORM : UNREGISTER HOTKEY
[ADMIN] [9/6/2017 14:43] [] USER ID = 1LOGOUT
