[] [2/3/2017 11:29] [] USER = ADMIN IS ACTIVE
[ADMIN] [2/3/2017 11:30] [] USER ID = 1 LOGIN SUCCESSFULLY
[ADMIN] [2/3/2017 11:30] [] ACTIVATE USER ACCESS RIGHT
[ADMIN] [2/3/2017 11:30] [] DISPLAY ADMIN FORM
[ADMIN] [2/3/2017 11:30] [] adminForm Load
[ADMIN] [2/3/2017 11:33] [] CREATE DATA GROUP FORM MODULE_ID [51]
[ADMIN] [2/3/2017 11:33] [] CREATE DATA GROUP ACCESS MODULE FORM, GROUP USER ID [1]
[ADMIN] [2/3/2017 11:34] [] CREATE DATA GROUP FORM MODULE_ID [2]
[ADMIN] [2/3/2017 11:34] [] CREATE DATA GROUP DETAIL FORM, GROUP USER ID [4]
[ADMIN] [2/3/2017 11:35] [] CREATE DATA GROUP DETAIL FORM, GROUP USER ID [4]
[ADMIN] [2/3/2017 11:35] [] CREATE DATA GROUP DETAIL FORM, GROUP USER ID [3]
[ADMIN] [2/3/2017 11:35] [] CREATE CHANGE PASSWORD FORM UID[1]
[ADMIN] [2/3/2017 11:35] [] UPDATE NEW PASSWORD [123]
[ADMIN] [2/3/2017 11:35] [] UPDATE NEW PASSWORD [admin]
[ADMIN] [2/3/2017 11:35] [] BACKUP DATABASE PROCESS STARTED [C:\Users\Andri\Desktop\BACKUP_03022017.sql]
[ADMIN] [2/3/2017 11:35] [] PROCESS FINISHED
[ADMIN] [2/3/2017 11:36] [] RESTORE DATABASE PROCESS STARTED [C:\Users\Andri\Desktop\BACKUP_03022017.sql]
[ADMIN] [2/3/2017 11:36] [] PROCESS FINISHED
[ADMIN] [2/3/2017 11:36] [] CREATE DATA GROUP FORM MODULE_ID [2]
[ADMIN] [2/3/2017 11:37] [] RESTORE DATABASE PROCESS STARTED [C:\Users\Andri\Desktop\BACKUP_03022017.sql]
[ADMIN] [2/3/2017 11:37] [] PROCESS FINISHED
[ADMIN] [2/3/2017 11:37] [] CREATE DATA GROUP FORM MODULE_ID [2]
[ADMIN] [2/3/2017 11:37] [] SERVER IP IS LOCALHOST
[ADMIN] [2/3/2017 11:37] [] UPDATE DATA ID 2
[ADMIN] [2/3/2017 11:57] [TAMBAH / UPDATE PRODUK] INSERT NEW PRODUCT [2]
[ADMIN] [2/3/2017 11:57] [TAMBAH / UPDATE PRODUK] INSERT PRODUCT CATEGORY FOR [2]
[ADMIN] [2/3/2017 11:58] [PECAH SATUAN PRODUK] REDUCE PRODUCT LOCATION QTY [1] AMT [3/1]
[ADMIN] [2/3/2017 11:58] [PECAH SATUAN PRODUK] REDUCE QTY [1] AMT [3]
[ADMIN] [2/3/2017 11:58] [PECAH SATUAN PRODUK] ADD PRODUCT LOCATION QTY [BARANG 1] AMT [3] [1]
[ADMIN] [2/3/2017 11:58] [PECAH SATUAN PRODUK] ADD QTY [BARANG 1] AMT [3]
[ADMIN] [2/3/2017 11:58] [PECAH SATUAN PRODUK] REDUCE PRODUCT LOCATION QTY [1] AMT [4/1]
[ADMIN] [2/3/2017 11:58] [PECAH SATUAN PRODUK] REDUCE QTY [1] AMT [4]
[ADMIN] [2/3/2017 11:58] [PECAH SATUAN PRODUK] ADD PRODUCT LOCATION QTY [BARANG 1] AMT [4] [1]
[ADMIN] [2/3/2017 11:58] [PECAH SATUAN PRODUK] ADD QTY [BARANG 1] AMT [4]
[ADMIN] [2/3/2017 12:03] [SATUAN PRODUK] TRY TO EXPORT STOCK OPNAME TO CSV
[ADMIN] [2/3/2017 12:03] [SATUAN PRODUK] STOCK OPNAME EXPORTED TO CSV[C:\Users\Andri\Desktop\STOCKOPNAME_03022017.csv]
[ADMIN] [2/3/2017 12:03] [PENYESUAIAN STOK] TRY TO IMPORT DATA FROM CSV FILE
[ADMIN] [2/3/2017 12:03] [PENYESUAIAN STOK] UPDATE STOCK QTY [1]
[ADMIN] [2/3/2017 12:03] [PENYESUAIAN STOK] INSERT INTO PRODUCT ADJUSTMENT [1, 3995, 0]
[ADMIN] [2/3/2017 12:03] [PENYESUAIAN STOK] UPDATE STOCK QTY [1]
[ADMIN] [2/3/2017 12:03] [PENYESUAIAN STOK] UPDATE STOCK QTY [2]
[ADMIN] [2/3/2017 12:03] [PENYESUAIAN STOK] INSERT INTO PRODUCT ADJUSTMENT [2, 67, 0]
[ADMIN] [2/3/2017 12:03] [PENYESUAIAN STOK] UPDATE STOCK QTY [2]
[ADMIN] [2/3/2017 12:05] [TAMBAH / UPDATE PRODUK] UPDATE CURRENT PRODUCT DATA [2]
[ADMIN] [2/3/2017 12:05] [TAMBAH / UPDATE PRODUK] UPDATE PRODUCT CATEGORY FOR [2]
[ADMIN] [2/3/2017 12:05] [TAMBAH / UPDATE PRODUK] DELETE CURRENT PRODUCT CATEGORY FOR [2]
[ADMIN] [2/3/2017 12:05] [TAMBAH / UPDATE PRODUK] INSERT PRODUCT CATEGORY FOR [2]
[ADMIN] [2/3/2017 12:06] [SATUAN PRODUK] TRY TO EXPORT STOCK OPNAME TO CSV
[ADMIN] [2/3/2017 12:06] [SATUAN PRODUK] STOCK OPNAME EXPORTED TO CSV[C:\Users\Andri\Desktop\STOCKOPNAME_03022017.csv]
[ADMIN] [2/3/2017 12:06] [PENYESUAIAN STOK] TRY TO DO MANUAL STOCK ADJUSTMENT
[ADMIN] [2/3/2017 12:06] [PENYESUAIAN STOK] UPDATE PRODUCT LOCATION QTY [2]
[ADMIN] [2/3/2017 12:06] [PENYESUAIAN STOK] UPDATE STOCK QTY [2]
[ADMIN] [2/3/2017 12:06] [PENYESUAIAN STOK] INSERT INTO PRODUCT ADJUSTMENT TABLE [2, 20, 30]
[ADMIN] [2/3/2017 12:08] [PENYESUAIAN STOK] TRY TO IMPORT DATA FROM CSV FILE
[ADMIN] [2/3/2017 12:08] [PENYESUAIAN STOK] UPDATE STOCK QTY [1]
[ADMIN] [2/3/2017 12:08] [PENYESUAIAN STOK] INSERT INTO PRODUCT ADJUSTMENT [1, 7990, 0]
[ADMIN] [2/3/2017 12:08] [PENYESUAIAN STOK] UPDATE STOCK QTY [1]
[ADMIN] [2/3/2017 12:08] [PENYESUAIAN STOK] UPDATE STOCK QTY [2]
[ADMIN] [2/3/2017 12:08] [PENYESUAIAN STOK] INSERT INTO PRODUCT ADJUSTMENT [2, 60, 0]
[ADMIN] [2/3/2017 12:08] [PENYESUAIAN STOK] UPDATE STOCK QTY [2]
[ADMIN] [2/3/2017 12:22] [SUPPLIER] ATTEMPT TO SAVE
[ADMIN] [2/3/2017 12:22] [SUPPLIER] INSERT NEW SUPPLIER [TRIPLEK SUPER]
[ADMIN] [2/3/2017 12:26] [PENERIMAAN BARANG] PENERIMAAN BARANG : detailGridView_CellValueChanged [productName]
[ADMIN] [2/3/2017 12:26] [PENERIMAAN BARANG] PENERIMAAN BARANG : detailGridView_CellValueChanged [productName]
[ADMIN] [2/3/2017 12:26] [PENERIMAAN BARANG] PENERIMAAN BARANG : detailGridView_CellValueChanged [productID]
[ADMIN] [2/3/2017 12:26] [PENJUALAN] CASHIER FORM : ComboBox_SelectedIndexChanged, PRODUCT_BASE_PRICE [100]
[ADMIN] [2/3/2017 12:26] [PENJUALAN] CASHIER FORM : ComboBox_SelectedIndexChanged, attempt to calculate total
[ADMIN] [2/3/2017 12:26] [PENERIMAAN BARANG] PENERIMAAN BARANG : detailGridView_CellValueChanged [qtyReceived]
[ADMIN] [2/3/2017 12:26] [PENERIMAAN BARANG] PENERIMAAN BARANG : detailGridView_CellValueChanged [subtotal]
[ADMIN] [2/3/2017 12:26] [PENERIMAAN BARANG] PENERIMAAN BARANG : detailGridView_CellValueChanged [qtyReceived]
[ADMIN] [2/3/2017 12:26] [PENERIMAAN BARANG] PENERIMAAN BARANG : detailGridView_CellValueChanged [subtotal]
[ADMIN] [2/3/2017 12:26] [PENERIMAAN BARANG] SAVE PENERIMAAN BARANG
[ADMIN] [2/3/2017 12:26] [PENERIMAAN BARANG] DIRECT PENERIMAAN BARANG, THEREFORE CALCULATE TAX LIMIT
[ADMIN] [2/3/2017 12:26] [PENERIMAAN BARANG] CHECK IF TAX LIMIT SET FOR PERCENTAGE PURCHASE [0]
[ADMIN] [2/3/2017 12:26] [PENERIMAAN BARANG] CHECK IF TAX LIMIT SET FOR AVERAGE DAILY PURCHASE [0]
[ADMIN] [2/3/2017 12:26] [PENERIMAAN BARANG] INSERT PENERIMAAN BARANG [PR-1]
[ADMIN] [2/3/2017 12:26] [PENERIMAAN BARANG] INSERT PO DATA BECAUSE OF DIRECT PENERIMAAN [PR-1]
[ADMIN] [2/3/2017 12:26] [PENERIMAAN BARANG] SAVE DETAIL PENERIMAAN [2, 100, 20]
[ADMIN] [2/3/2017 12:26] [PENERIMAAN BARANG] UPDATE PRODUCT LOCATION DATA [2'1]
[ADMIN] [2/3/2017 12:26] [PENERIMAAN BARANG] UPDATE MASTER PRODUCT DATA [2]
[ADMIN] [2/3/2017 12:26] [PENERIMAAN BARANG] INSERT TO PURCHASE DETAIL [2]
[ADMIN] [2/3/2017 12:26] [PENERIMAAN BARANG] INSERT INTO DEBT [PR-1]
[ADMIN] [2/3/2017 12:26] [PENERIMAAN BARANG] PENERIMAAN BARANG SAVED
[ADMIN] [2/3/2017 12:26] [PURCHASE ORDER] PURCHASE ORDER : detailPODataGridView_CellValueChanged [productName]
[ADMIN] [2/3/2017 12:26] [PURCHASE ORDER] PURCHASE ORDER : detailPODataGridView_CellValueChanged [productName]
[ADMIN] [2/3/2017 12:26] [PURCHASE ORDER] PURCHASE ORDER : detailPODataGridView_CellValueChanged [productID]
[ADMIN] [2/3/2017 12:26] [PURCHASE ORDER] updateSomeRowsContent, PRODUCT_BASE_PRICE [100]
[ADMIN] [2/3/2017 12:26] [PURCHASE ORDER] updateSomeRowsContent, attempt to calculate total
[ADMIN] [2/3/2017 12:26] [PURCHASE ORDER] PURCHASE ORDER : detailPODataGridView_CellValueChanged [qty]
[ADMIN] [2/3/2017 12:26] [PURCHASE ORDER] PURCHASE ORDER : detailPODataGridView_CellValueChanged [qty]
[ADMIN] [2/3/2017 12:26] [PURCHASE ORDER] ATTEMPT TO SAVE DATA
[ADMIN] [2/3/2017 12:26] [PURCHASE ORDER] CHECK IF TAX LIMIT SET FOR PERCENTAGE PURCHASE [0]
[ADMIN] [2/3/2017 12:26] [PURCHASE ORDER] CHECK IF TAX LIMIT SET FOR AVERAGE DAILY PURCHASE [0]
[ADMIN] [2/3/2017 12:26] [PURCHASE ORDER] NEW PURCHASE HEADER
[ADMIN] [2/3/2017 12:26] [PURCHASE ORDER] INSERT PURCHASE HEADER DATA [PO-1]
[ADMIN] [2/3/2017 12:26] [PURCHASE ORDER] INSERT DETAIL PURCHASE DATA [2', 100, 22]
[ADMIN] [2/3/2017 12:26] [PURCHASE ORDER] PURCHASE ORDER SAVED
[ADMIN] [2/3/2017 12:26] [PENERIMAAN BARANG] GET PO INVOICE TO RECEIVE
[ADMIN] [2/3/2017 12:33] [PENERIMAAN BARANG] GET PO INVOICE TO RECEIVE
[ADMIN] [2/3/2017 12:33] [PURCHASE ORDER] CHECK IF TAX LIMIT SET FOR PERCENTAGE PURCHASE [0]
[ADMIN] [2/3/2017 12:33] [PURCHASE ORDER] CHECK IF TAX LIMIT SET FOR AVERAGE DAILY PURCHASE [0]
[ADMIN] [2/3/2017 12:33] [PURCHASE ORDER] UPDATE PURCHASE HEADER DATA TO INDICATE PO HAS BEEN PRINTED OUT, THEREFORE UNEDITABLE
[ADMIN] [2/3/2017 12:33] [PURCHASE ORDER] UPDATE FLAG AT PURCHASE HEADER TAX
[ADMIN] [2/3/2017 12:38] [PENERIMAAN BARANG] GET PO INVOICE TO RECEIVE
[ADMIN] [2/3/2017 12:38] [PENERIMAAN BARANG] PO INVOICE TO RECEIVE [PO-1]
[ADMIN] [2/3/2017 12:38] [PENERIMAAN BARANG] PO INVOICE TO RECEIVE [PO-1]
[ADMIN] [2/3/2017 12:38] [PENERIMAAN BARANG] SAVE PENERIMAAN BARANG
[ADMIN] [2/3/2017 12:38] [PENERIMAAN BARANG] INSERT PENERIMAAN BARANG [PR-2]
[ADMIN] [2/3/2017 12:38] [PENERIMAAN BARANG] PRICE CHANGE PARAM [2] [0]
[ADMIN] [2/3/2017 12:38] [PENERIMAAN BARANG] SAVE DETAIL PENERIMAAN [2, 100, 22]
[ADMIN] [2/3/2017 12:38] [PENERIMAAN BARANG] UPDATE PRODUCT LOCATION DATA [2'1]
[ADMIN] [2/3/2017 12:38] [PENERIMAAN BARANG] UPDATE MASTER PRODUCT DATA [2]
[ADMIN] [2/3/2017 12:38] [PENERIMAAN BARANG] UPDATE PURCHASE HEADER [PO-1]
[ADMIN] [2/3/2017 12:38] [PENERIMAAN BARANG] UPDATE PURCHASE HEADER TAX [PO-1]
[ADMIN] [2/3/2017 12:38] [PENERIMAAN BARANG] UPDATE PURCHASE HEADER DUE DATE [PO-1]
[ADMIN] [2/3/2017 12:38] [PENERIMAAN BARANG] UPDATE PURCHASE HEADER TAX DUE DATE [PO-1]
[ADMIN] [2/3/2017 12:38] [PENERIMAAN BARANG] INSERT INTO DEBT [PO-1]
[ADMIN] [2/3/2017 12:38] [PENERIMAAN BARANG] PENERIMAAN BARANG SAVED
[ADMIN] [2/3/2017 12:39] [PENERIMAAN BARANG] PENERIMAAN BARANG : detailGridView_CellValueChanged [productName]
[ADMIN] [2/3/2017 12:39] [PENERIMAAN BARANG] PENERIMAAN BARANG : detailGridView_CellValueChanged [productName]
[ADMIN] [2/3/2017 12:39] [PENERIMAAN BARANG] PENERIMAAN BARANG : detailGridView_CellValueChanged [productID]
[ADMIN] [2/3/2017 12:39] [PENJUALAN] CASHIER FORM : ComboBox_SelectedIndexChanged, PRODUCT_BASE_PRICE [100]
[ADMIN] [2/3/2017 12:39] [PENJUALAN] CASHIER FORM : ComboBox_SelectedIndexChanged, attempt to calculate total
[ADMIN] [2/3/2017 12:39] [PENERIMAAN BARANG] PENERIMAAN BARANG : detailGridView_CellValueChanged [hpp]
[ADMIN] [2/3/2017 12:39] [PENERIMAAN BARANG] PENERIMAAN BARANG : detailGridView_CellValueChanged [subtotal]
[ADMIN] [2/3/2017 12:39] [PENERIMAAN BARANG] PENERIMAAN BARANG : detailGridView_CellValueChanged [hpp]
[ADMIN] [2/3/2017 12:39] [PENERIMAAN BARANG] PENERIMAAN BARANG : detailGridView_CellValueChanged [hpp]
[ADMIN] [2/3/2017 12:39] [PENERIMAAN BARANG] PENERIMAAN BARANG : detailGridView_CellValueChanged [hpp]
[ADMIN] [2/3/2017 12:39] [PENERIMAAN BARANG] PENERIMAAN BARANG : detailGridView_CellValueChanged [qtyReceived]
[ADMIN] [2/3/2017 12:39] [PENERIMAAN BARANG] PENERIMAAN BARANG : detailGridView_CellValueChanged [subtotal]
[ADMIN] [2/3/2017 12:39] [PENERIMAAN BARANG] PENERIMAAN BARANG : detailGridView_CellValueChanged [qtyReceived]
[ADMIN] [2/3/2017 12:39] [PENERIMAAN BARANG] PENERIMAAN BARANG : detailGridView_CellValueChanged [subtotal]
[ADMIN] [2/3/2017 12:39] [PENERIMAAN BARANG] PENERIMAAN BARANG : detailGridView_CellValueChanged [qtyReceived]
[ADMIN] [2/3/2017 12:39] [PENERIMAAN BARANG] PENERIMAAN BARANG : detailGridView_CellValueChanged [subtotal]
[ADMIN] [2/3/2017 12:39] [PENERIMAAN BARANG] SAVE PENERIMAAN BARANG
[ADMIN] [2/3/2017 12:39] [PENERIMAAN BARANG] DIRECT PENERIMAAN BARANG, THEREFORE CALCULATE TAX LIMIT
[ADMIN] [2/3/2017 12:39] [PENERIMAAN BARANG] CHECK IF TAX LIMIT SET FOR PERCENTAGE PURCHASE [0]
[ADMIN] [2/3/2017 12:39] [PENERIMAAN BARANG] CHECK IF TAX LIMIT SET FOR AVERAGE DAILY PURCHASE [0]
[ADMIN] [2/3/2017 12:39] [PENERIMAAN BARANG] INSERT PENERIMAAN BARANG [PR-3]
[ADMIN] [2/3/2017 12:39] [PENERIMAAN BARANG] INSERT PO DATA BECAUSE OF DIRECT PENERIMAAN [PR-3]
[ADMIN] [2/3/2017 12:39] [PENERIMAAN BARANG] SAVE DETAIL PENERIMAAN [2, 2200, 200]
[ADMIN] [2/3/2017 12:39] [PENERIMAAN BARANG] UPDATE PRODUCT LOCATION DATA [2'1]
[ADMIN] [2/3/2017 12:39] [PENERIMAAN BARANG] UPDATE MASTER PRODUCT DATA [2]
[ADMIN] [2/3/2017 12:39] [PENERIMAAN BARANG] INSERT TO PURCHASE DETAIL [2]
[ADMIN] [2/3/2017 12:39] [PENERIMAAN BARANG] INSERT INTO DEBT [PR-3]
[ADMIN] [2/3/2017 12:39] [PENERIMAAN BARANG] PENERIMAAN BARANG SAVED
[ADMIN] [2/3/2017 12:40] [RETUR PERMINTAAN KE PUSAT] updateSomeRowsContent, PRODUCT_BASE_PRICE [2200]
[ADMIN] [2/3/2017 12:40] [RETUR PERMINTAAN KE PUSAT] updateSomeRowsContent, attempt to calculate total
[ADMIN] [2/3/2017 12:40] [RETUR PEMBELIAN KE SUPPLIER] ATTEMPT TO SAVE TO LOCAL DATA FIRST
[ADMIN] [2/3/2017 12:40] [RETUR PEMBELIAN KE SUPPLIER] INSERT TO RETURN PURCHASE HEADER
[ADMIN] [2/3/2017 12:40] [RETUR PEMBELIAN KE SUPPLIER] INSERT TO RETURN PURCHASE DETAIL
[ADMIN] [2/3/2017 12:40] [RETUR PEMBELIAN KE SUPPLIER] UPDATE PRODUCT LOCATION DATA
[ADMIN] [2/3/2017 12:40] [RETUR PEMBELIAN KE SUPPLIER] UPDATE MASTER PRODUCT
[ADMIN] [2/3/2017 12:43] [PELANGGAN] ATTEMPT TO SAVE DATA
[ADMIN] [2/3/2017 12:43] [PELANGGAN] INSERT NEW CUSTOMER DATA [PELANGGAN PARTAI]
[ADMIN] [2/3/2017 12:43] [PELANGGAN] DATA SAVED
[ADMIN] [2/3/2017 12:43] [PENJUALAN] CASHIER FORM : REGISTER HOTKEY
[ADMIN] [2/3/2017 12:43] [PENJUALAN] CASHIER FORM : calculateTotal
[ADMIN] [2/3/2017 12:43] [PENJUALAN] CASHIER FORM : calculateTotal [0]
[ADMIN] [2/3/2017 12:43] [PENJUALAN] CASHIER FORM : calculateTotal, totalAfterDisc [0]
[ADMIN] [2/3/2017 12:43] [PENJUALAN] CASHIER FORM : calculateChangeValue, bayarTextBox.Text [0]
[ADMIN] [2/3/2017 12:43] [PENJUALAN] CASHIER FORM : calculateChangeValue, sisaBayar [0]
[ADMIN] [2/3/2017 12:43] [PENJUALAN] CASHIER FORM : REGISTER HOTKEY
[ADMIN] [2/3/2017 12:43] [PENJUALAN] CASHIER FORM : HOTKEY TO ADD NEW ROW PRESSED
[ADMIN] [2/3/2017 12:43] [PENJUALAN] CASHIER FORM : ADD NEW ROW,  isActive [True]
[ADMIN] [2/3/2017 12:43] [PENJUALAN] CASHIER FORM : ADD NEW ROW,  ROW COUNT [0]
[ADMIN] [2/3/2017 12:43] [PENJUALAN] CASHIER FORM : ADD NEW ROW,  ALLOW TO ADD [True]
[ADMIN] [2/3/2017 12:43] [PENJUALAN] CASHIER FORM : cashierDataGridView_CellValueChanged [F8]
[ADMIN] [2/3/2017 12:43] [PENJUALAN] CASHIER FORM : cashierDataGridView_CellValueChanged [hpp]
[ADMIN] [2/3/2017 12:43] [PENJUALAN] CASHIER FORM : cashierDataGridView_CellValueChanged [productPrice]
[ADMIN] [2/3/2017 12:43] [PENJUALAN] CASHIER FORM : TextBox_TextChanged, previousInput []
[ADMIN] [2/3/2017 12:43] [PENJUALAN] CASHIER FORM : TextBox_TextChanged, dataGridViewTextBoxEditingControl.Text pass REGEX Checking
[ADMIN] [2/3/2017 12:43] [PENJUALAN] CASHIER FORM : CALCULATE SUBTOTAL
[ADMIN] [2/3/2017 12:43] [PENJUALAN] CASHIER FORM : SUBTOTAL [0]
[ADMIN] [2/3/2017 12:43] [PENJUALAN] CASHIER FORM : TextBox_TextChanged, subtotal value [0]
[ADMIN] [2/3/2017 12:43] [PENJUALAN] CASHIER FORM : TextBox_TextChanged, attempt to calculate total value
[ADMIN] [2/3/2017 12:43] [PENJUALAN] CASHIER FORM : calculateTotal
[ADMIN] [2/3/2017 12:43] [PENJUALAN] CASHIER FORM : calculateTotal [0]
[ADMIN] [2/3/2017 12:43] [PENJUALAN] CASHIER FORM : calculateTotal, totalAfterDisc [0]
[ADMIN] [2/3/2017 12:43] [PENJUALAN] CASHIER FORM : calculateChangeValue, bayarTextBox.Text [0]
[ADMIN] [2/3/2017 12:43] [PENJUALAN] CASHIER FORM : calculateChangeValue, sisaBayar [0]
[ADMIN] [2/3/2017 12:43] [PENJUALAN] CASHIER FORM : cashierDataGridView_CellValueChanged [disc1]
[ADMIN] [2/3/2017 12:43] [PENJUALAN] CASHIER FORM : TextBox_TextChanged, previousInput []
[ADMIN] [2/3/2017 12:43] [PENJUALAN] CASHIER FORM : TextBox_TextChanged, dataGridViewTextBoxEditingControl.Text pass REGEX Checking
[ADMIN] [2/3/2017 12:43] [PENJUALAN] CASHIER FORM : CALCULATE SUBTOTAL
[ADMIN] [2/3/2017 12:43] [PENJUALAN] CASHIER FORM : SUBTOTAL [0]
[ADMIN] [2/3/2017 12:43] [PENJUALAN] CASHIER FORM : TextBox_TextChanged, subtotal value [0]
[ADMIN] [2/3/2017 12:43] [PENJUALAN] CASHIER FORM : TextBox_TextChanged, attempt to calculate total value
[ADMIN] [2/3/2017 12:43] [PENJUALAN] CASHIER FORM : calculateTotal
[ADMIN] [2/3/2017 12:43] [PENJUALAN] CASHIER FORM : calculateTotal [0]
[ADMIN] [2/3/2017 12:43] [PENJUALAN] CASHIER FORM : calculateTotal, totalAfterDisc [0]
[ADMIN] [2/3/2017 12:43] [PENJUALAN] CASHIER FORM : calculateChangeValue, bayarTextBox.Text [0]
[ADMIN] [2/3/2017 12:43] [PENJUALAN] CASHIER FORM : calculateChangeValue, sisaBayar [0]
[ADMIN] [2/3/2017 12:43] [PENJUALAN] CASHIER FORM : cashierDataGridView_CellValueChanged [qty]
[ADMIN] [2/3/2017 12:43] [PENJUALAN] CASHIER FORM : TextBox_TextChanged, previousInput []
[ADMIN] [2/3/2017 12:43] [PENJUALAN] CASHIER FORM : TextBox_TextChanged, dataGridViewTextBoxEditingControl.Text pass REGEX Checking
[ADMIN] [2/3/2017 12:43] [PENJUALAN] CASHIER FORM : CALCULATE SUBTOTAL
[ADMIN] [2/3/2017 12:43] [PENJUALAN] CASHIER FORM : SUBTOTAL [0]
[ADMIN] [2/3/2017 12:43] [PENJUALAN] CASHIER FORM : TextBox_TextChanged, subtotal value [0]
[ADMIN] [2/3/2017 12:43] [PENJUALAN] CASHIER FORM : TextBox_TextChanged, attempt to calculate total value
[ADMIN] [2/3/2017 12:43] [PENJUALAN] CASHIER FORM : calculateTotal
[ADMIN] [2/3/2017 12:43] [PENJUALAN] CASHIER FORM : calculateTotal [0]
[ADMIN] [2/3/2017 12:43] [PENJUALAN] CASHIER FORM : calculateTotal, totalAfterDisc [0]
[ADMIN] [2/3/2017 12:43] [PENJUALAN] CASHIER FORM : calculateChangeValue, bayarTextBox.Text [0]
[ADMIN] [2/3/2017 12:43] [PENJUALAN] CASHIER FORM : calculateChangeValue, sisaBayar [0]
[ADMIN] [2/3/2017 12:43] [PENJUALAN] CASHIER FORM : cashierDataGridView_CellValueChanged [disc2]
[ADMIN] [2/3/2017 12:43] [PENJUALAN] CASHIER FORM : TextBox_TextChanged, previousInput []
[ADMIN] [2/3/2017 12:43] [PENJUALAN] CASHIER FORM : TextBox_TextChanged, dataGridViewTextBoxEditingControl.Text pass REGEX Checking
[ADMIN] [2/3/2017 12:43] [PENJUALAN] CASHIER FORM : CALCULATE SUBTOTAL
[ADMIN] [2/3/2017 12:43] [PENJUALAN] CASHIER FORM : SUBTOTAL [0]
[ADMIN] [2/3/2017 12:43] [PENJUALAN] CASHIER FORM : TextBox_TextChanged, subtotal value [0]
[ADMIN] [2/3/2017 12:43] [PENJUALAN] CASHIER FORM : TextBox_TextChanged, attempt to calculate total value
[ADMIN] [2/3/2017 12:43] [PENJUALAN] CASHIER FORM : calculateTotal
[ADMIN] [2/3/2017 12:43] [PENJUALAN] CASHIER FORM : calculateTotal [0]
[ADMIN] [2/3/2017 12:43] [PENJUALAN] CASHIER FORM : calculateTotal, totalAfterDisc [0]
[ADMIN] [2/3/2017 12:43] [PENJUALAN] CASHIER FORM : calculateChangeValue, bayarTextBox.Text [0]
[ADMIN] [2/3/2017 12:43] [PENJUALAN] CASHIER FORM : calculateChangeValue, sisaBayar [0]
[ADMIN] [2/3/2017 12:43] [PENJUALAN] CASHIER FORM : cashierDataGridView_CellValueChanged [discRP]
[ADMIN] [2/3/2017 12:43] [PENJUALAN] CASHIER FORM : TextBox_TextChanged, previousInput []
[ADMIN] [2/3/2017 12:43] [PENJUALAN] CASHIER FORM : TextBox_TextChanged, dataGridViewTextBoxEditingControl.Text pass REGEX Checking
[ADMIN] [2/3/2017 12:43] [PENJUALAN] CASHIER FORM : CALCULATE SUBTOTAL
[ADMIN] [2/3/2017 12:43] [PENJUALAN] CASHIER FORM : SUBTOTAL [0]
[ADMIN] [2/3/2017 12:43] [PENJUALAN] CASHIER FORM : TextBox_TextChanged, subtotal value [0]
[ADMIN] [2/3/2017 12:43] [PENJUALAN] CASHIER FORM : TextBox_TextChanged, attempt to calculate total value
[ADMIN] [2/3/2017 12:43] [PENJUALAN] CASHIER FORM : calculateTotal
[ADMIN] [2/3/2017 12:43] [PENJUALAN] CASHIER FORM : calculateTotal [0]
[ADMIN] [2/3/2017 12:43] [PENJUALAN] CASHIER FORM : calculateTotal, totalAfterDisc [0]
[ADMIN] [2/3/2017 12:43] [PENJUALAN] CASHIER FORM : calculateChangeValue, bayarTextBox.Text [0]
[ADMIN] [2/3/2017 12:43] [PENJUALAN] CASHIER FORM : calculateChangeValue, sisaBayar [0]
[ADMIN] [2/3/2017 12:43] [PENJUALAN] CASHIER FORM : cashierDataGridView_CellValueChanged [jumlah]
[ADMIN] [2/3/2017 12:43] [PENJUALAN] CASHIER FORM : cashierDataGridView_CellValueChanged [productName]
[ADMIN] [2/3/2017 12:43] [PENJUALAN] CASHIER FORM : cashierDataGridView_CellValueChanged [productName]
[ADMIN] [2/3/2017 12:43] [PENJUALAN] CASHIER FORM : cashierDataGridView_CellValueChanged [productName]
[ADMIN] [2/3/2017 12:43] [PENJUALAN] CASHIER FORM : cashierDataGridView_CellValueChanged [productName]
[ADMIN] [2/3/2017 12:43] [PENJUALAN] CASHIER FORM : UNREGISTER HOTKEY
[ADMIN] [2/3/2017 12:48] [PENJUALAN] CASHIER FORM : REGISTER HOTKEY
[ADMIN] [2/3/2017 12:49] [PENJUALAN] CASHIER FORM : cashierDataGridView_CellValueChanged [productName]
[ADMIN] [2/3/2017 12:49] [PENJUALAN] CASHIER FORM : cashierDataGridView_CellValueChanged [productName]
[ADMIN] [2/3/2017 12:49] [PENJUALAN] CASHIER FORM : cashierDataGridView_CellValueChanged [productID]
[ADMIN] [2/3/2017 12:49] [PENJUALAN] CASHIER FORM : PRODUCT PRICE TYPE [PRODUCT_BASE_PRICE]
[ADMIN] [2/3/2017 12:49] [PENJUALAN] CASHIER FORM : PRODUCT PRICE [2200]
[ADMIN] [2/3/2017 12:49] [PENJUALAN] CASHIER FORM : ComboBox_SelectedIndexChanged, PRODUCT_BASE_PRICE [2200]
[ADMIN] [2/3/2017 12:49] [PENJUALAN] CASHIER FORM : cashierDataGridView_CellValueChanged [hpp]
[ADMIN] [2/3/2017 12:49] [PENJUALAN] CASHIER FORM : PRODUCT PRICE TYPE [PRODUCT_RETAIL_PRICE]
[ADMIN] [2/3/2017 12:49] [PENJUALAN] CASHIER FORM : PRODUCT PRICE [100]
[ADMIN] [2/3/2017 12:49] [PENJUALAN] CASHIER FORM : ComboBox_SelectedIndexChanged, PRODUCT_SALES_PRICE [100]
[ADMIN] [2/3/2017 12:49] [PENJUALAN] CASHIER FORM : cashierDataGridView_CellValueChanged [productPrice]
[ADMIN] [2/3/2017 12:49] [PENJUALAN] CASHIER FORM : TextBox_TextChanged, previousInput []
[ADMIN] [2/3/2017 12:49] [PENJUALAN] CASHIER FORM : TextBox_TextChanged, dataGridViewTextBoxEditingControl.Text pass REGEX Checking
[ADMIN] [2/3/2017 12:49] [PENJUALAN] CASHIER FORM : CALCULATE SUBTOTAL
[ADMIN] [2/3/2017 12:49] [PENJUALAN] CASHIER FORM : SUBTOTAL [0]
[ADMIN] [2/3/2017 12:49] [PENJUALAN] CASHIER FORM : TextBox_TextChanged, subtotal value [0]
[ADMIN] [2/3/2017 12:49] [PENJUALAN] CASHIER FORM : TextBox_TextChanged, attempt to calculate total value
[ADMIN] [2/3/2017 12:49] [PENJUALAN] CASHIER FORM : calculateTotal
[ADMIN] [2/3/2017 12:49] [PENJUALAN] CASHIER FORM : calculateTotal [0]
[ADMIN] [2/3/2017 12:49] [PENJUALAN] CASHIER FORM : calculateTotal, totalAfterDisc [0]
[ADMIN] [2/3/2017 12:49] [PENJUALAN] CASHIER FORM : calculateChangeValue, bayarTextBox.Text [0]
[ADMIN] [2/3/2017 12:49] [PENJUALAN] CASHIER FORM : calculateChangeValue, sisaBayar [0]
[ADMIN] [2/3/2017 12:49] [PENJUALAN] CASHIER FORM : cashierDataGridView_CellValueChanged [qty]
[ADMIN] [2/3/2017 12:49] [PENJUALAN] CASHIER FORM : TextBox_TextChanged, previousInput []
[ADMIN] [2/3/2017 12:49] [PENJUALAN] CASHIER FORM : TextBox_TextChanged, dataGridViewTextBoxEditingControl.Text pass REGEX Checking
[ADMIN] [2/3/2017 12:49] [PENJUALAN] CASHIER FORM : CALCULATE SUBTOTAL
[ADMIN] [2/3/2017 12:49] [PENJUALAN] CASHIER FORM : SUBTOTAL [0]
[ADMIN] [2/3/2017 12:49] [PENJUALAN] CASHIER FORM : TextBox_TextChanged, subtotal value [0]
[ADMIN] [2/3/2017 12:49] [PENJUALAN] CASHIER FORM : TextBox_TextChanged, attempt to calculate total value
[ADMIN] [2/3/2017 12:49] [PENJUALAN] CASHIER FORM : calculateTotal
[ADMIN] [2/3/2017 12:49] [PENJUALAN] CASHIER FORM : calculateTotal [0]
[ADMIN] [2/3/2017 12:49] [PENJUALAN] CASHIER FORM : calculateTotal, totalAfterDisc [0]
[ADMIN] [2/3/2017 12:49] [PENJUALAN] CASHIER FORM : calculateChangeValue, bayarTextBox.Text [0]
[ADMIN] [2/3/2017 12:49] [PENJUALAN] CASHIER FORM : calculateChangeValue, sisaBayar [0]
[ADMIN] [2/3/2017 12:49] [PENJUALAN] CASHIER FORM : cashierDataGridView_CellValueChanged [jumlah]
[ADMIN] [2/3/2017 12:49] [PENJUALAN] CASHIER FORM : ComboBox_SelectedIndexChanged, attempt to calculate total
[ADMIN] [2/3/2017 12:49] [PENJUALAN] CASHIER FORM : calculateTotal
[ADMIN] [2/3/2017 12:49] [PENJUALAN] CASHIER FORM : calculateTotal [0]
[ADMIN] [2/3/2017 12:49] [PENJUALAN] CASHIER FORM : calculateTotal, totalAfterDisc [0]
[ADMIN] [2/3/2017 12:49] [PENJUALAN] CASHIER FORM : calculateChangeValue, bayarTextBox.Text [0]
[ADMIN] [2/3/2017 12:49] [PENJUALAN] CASHIER FORM : calculateChangeValue, sisaBayar [0]
[ADMIN] [2/3/2017 12:49] [PENJUALAN] CASHIER FORM : cashierDataGridView_CellValueChanged [qty]
[ADMIN] [2/3/2017 12:49] [PENJUALAN] CASHIER FORM : TextBox_TextChanged, previousInput []
[ADMIN] [2/3/2017 12:49] [PENJUALAN] CASHIER FORM : TextBox_TextChanged, dataGridViewTextBoxEditingControl.Text pass REGEX Checking
[ADMIN] [2/3/2017 12:49] [PENJUALAN] CASHIER FORM : CALCULATE SUBTOTAL
[ADMIN] [2/3/2017 12:49] [PENJUALAN] CASHIER FORM : SUBTOTAL [200]
[ADMIN] [2/3/2017 12:49] [PENJUALAN] CASHIER FORM : TextBox_TextChanged, subtotal value [200]
[ADMIN] [2/3/2017 12:49] [PENJUALAN] CASHIER FORM : TextBox_TextChanged, attempt to calculate total value
[ADMIN] [2/3/2017 12:49] [PENJUALAN] CASHIER FORM : calculateTotal
[ADMIN] [2/3/2017 12:49] [PENJUALAN] CASHIER FORM : calculateTotal [200]
[ADMIN] [2/3/2017 12:49] [PENJUALAN] CASHIER FORM : calculateTotal, totalAfterDisc [200]
[ADMIN] [2/3/2017 12:49] [PENJUALAN] CASHIER FORM : calculateChangeValue, bayarTextBox.Text [0]
[ADMIN] [2/3/2017 12:49] [PENJUALAN] CASHIER FORM : calculateChangeValue, sisaBayar [0]
[ADMIN] [2/3/2017 12:49] [PENJUALAN] CASHIER FORM : cashierDataGridView_CellValueChanged [qty]
[ADMIN] [2/3/2017 12:49] [PENJUALAN] CASHIER FORM : TextBox_TextChanged, previousInput []
[ADMIN] [2/3/2017 12:49] [PENJUALAN] CASHIER FORM : TextBox_TextChanged, dataGridViewTextBoxEditingControl.Text pass REGEX Checking
[ADMIN] [2/3/2017 12:49] [PENJUALAN] CASHIER FORM : CALCULATE SUBTOTAL
[ADMIN] [2/3/2017 12:49] [PENJUALAN] CASHIER FORM : SUBTOTAL [2200]
[ADMIN] [2/3/2017 12:49] [PENJUALAN] CASHIER FORM : TextBox_TextChanged, subtotal value [2200]
[ADMIN] [2/3/2017 12:49] [PENJUALAN] CASHIER FORM : TextBox_TextChanged, attempt to calculate total value
[ADMIN] [2/3/2017 12:49] [PENJUALAN] CASHIER FORM : calculateTotal
[ADMIN] [2/3/2017 12:49] [PENJUALAN] CASHIER FORM : calculateTotal [2200]
[ADMIN] [2/3/2017 12:49] [PENJUALAN] CASHIER FORM : calculateTotal, totalAfterDisc [2200]
[ADMIN] [2/3/2017 12:49] [PENJUALAN] CASHIER FORM : calculateChangeValue, bayarTextBox.Text [0]
[ADMIN] [2/3/2017 12:49] [PENJUALAN] CASHIER FORM : calculateChangeValue, sisaBayar [0]
[ADMIN] [2/3/2017 12:49] [PENJUALAN] CASHIER FORM : HOTKEY TO SAVE AND PRINT OUT INVOICE PRESSED
[ADMIN] [2/3/2017 12:49] [PENJUALAN] CASHIER FORM : UNREGISTER HOTKEY
[ADMIN] [2/3/2017 12:49] [PENJUALAN] CASHIER FORM : REGISTER HOTKEY
[ADMIN] [2/3/2017 12:49] [PENJUALAN] ATTEMPT TO SAVE AND PRINT OUT INVOICE
[ADMIN] [2/3/2017 12:49] [PENJUALAN] CASHIER FORM : UNREGISTER HOTKEY
[ADMIN] [2/3/2017 12:49] [PENJUALAN] CASHIER FORM : REGISTER HOTKEY
[ADMIN] [2/3/2017 12:49] [PENJUALAN] CASHIER FORM : UNREGISTER HOTKEY
[ADMIN] [2/3/2017 12:49] [PENJUALAN] CASHIER FORM : ATTEMPT TO SAVE SALES DATA [03-02-2017 12:49]
[ADMIN] [2/3/2017 12:49] [PENJUALAN] CASHIER FORM : SALES DISC FINAL [0]
[ADMIN] [2/3/2017 12:49] [PENJUALAN] CASHIER FORM : CASH SALES
[ADMIN] [2/3/2017 12:49] [PENJUALAN] CASHIER FORM : MAX SALES INVOICE [0]
[ADMIN] [2/3/2017 12:49] [PENJUALAN] CASHIER FORM : SALES INVOICE [SQ-1]
[ADMIN] [2/3/2017 12:49] [PENJUALAN] INSERT INTO SALES QUOTATION HEADER [SQ-1]
[ADMIN] [2/3/2017 12:49] [PENJUALAN] INSERT INTO SALES QUOTATION DETAIL[2, 100, 22]
[ADMIN] [2/3/2017 12:49] [PENJUALAN] CASHIER FORM : REGISTER HOTKEY
[ADMIN] [2/3/2017 12:49] [PENJUALAN] TRANSACTION SAVED
[ADMIN] [2/3/2017 12:49] [PENJUALAN] PRINT OUT INVOICE
[ADMIN] [2/3/2017 12:49] [PENJUALAN] CASHIER FORM : PrintReceipt
[ADMIN] [2/3/2017 12:49] [PENJUALAN] CASHIER FORM : PrintReceipt, papermode [0]
[ADMIN] [2/3/2017 12:49] [PENJUALAN] CASHIER FORM : PrintReceipt, display SalesReceiptForm
[ADMIN] [2/3/2017 12:49] [PENJUALAN] CASHIER FORM : UNREGISTER HOTKEY
[ADMIN] [2/3/2017 12:51] [PENJUALAN] CASHIER FORM : REGISTER HOTKEY
[ADMIN] [2/3/2017 12:51] [PENJUALAN] VALIDATE USER CREDIT STATUS
[ADMIN] [2/3/2017 12:51] [PENJUALAN] CASHIER FORM : UNREGISTER HOTKEY
[ADMIN] [2/3/2017 12:51] [PENJUALAN] CASHIER FORM : REGISTER HOTKEY
[ADMIN] [2/3/2017 12:51] [PENJUALAN] CASHIER FORM : UNREGISTER HOTKEY
[ADMIN] [2/3/2017 12:51] [PENJUALAN] CASHIER FORM : UNREGISTER HOTKEY
[ADMIN] [2/3/2017 12:51] [PENJUALAN] CASHIER FORM : REGISTER HOTKEY
[ADMIN] [2/3/2017 12:51] [PENJUALAN] CASHIER FORM : ADD NEW ROW,  isActive [True]
[ADMIN] [2/3/2017 12:51] [PENJUALAN] CASHIER FORM : ADD NEW ROW,  ROW COUNT [0]
[ADMIN] [2/3/2017 12:51] [PENJUALAN] CASHIER FORM : ADD NEW ROW,  ALLOW TO ADD [True]
[ADMIN] [2/3/2017 12:51] [PENJUALAN] CASHIER FORM : REGISTER HOTKEY
[ADMIN] [2/3/2017 12:52] [PENJUALAN] CASHIER FORM : calculateChangeValue, bayarTextBox.Text [2200]
[ADMIN] [2/3/2017 12:52] [PENJUALAN] CASHIER FORM : calculateChangeValue, sisaBayar [0]
[ADMIN] [2/3/2017 12:52] [PENJUALAN] CASHIER FORM : UNREGISTER HOTKEY
[ADMIN] [2/3/2017 12:52] [PENJUALAN] CASHIER FORM : REGISTER HOTKEY
[ADMIN] [2/3/2017 12:52] [PENJUALAN] ATTEMPT TO SAVE AND PRINT OUT INVOICE
[ADMIN] [2/3/2017 12:52] [] CHECK STOCK QTY IS ENOUGH [2]
[ADMIN] [2/3/2017 12:52] [] CHECK STOCK QTY IS ENOUGH [310, 22]
[ADMIN] [2/3/2017 12:52] [PENJUALAN] CASHIER FORM : UNREGISTER HOTKEY
[ADMIN] [2/3/2017 12:52] [PENJUALAN] CASHIER FORM : REGISTER HOTKEY
[ADMIN] [2/3/2017 12:52] [PENJUALAN] CASHIER FORM : UNREGISTER HOTKEY
[ADMIN] [2/3/2017 12:52] [PENJUALAN] CASHIER FORM : ATTEMPT TO SAVE SALES DATA [03-02-2017 12:52]
[ADMIN] [2/3/2017 12:52] [PENJUALAN] CASHIER FORM : SALES DISC FINAL [0]
[ADMIN] [2/3/2017 12:52] [PENJUALAN] CASHIER FORM : CASH SALES
[ADMIN] [2/3/2017 12:52] [PENJUALAN] CHECK IF TAX LIMIT SET FOR PERCENTAGE PURCHASE [0]
[ADMIN] [2/3/2017 12:52] [PENJUALAN] CHECK IF TAX LIMIT SET FOR AVERAGE DAILY PURCHASE [0]
[ADMIN] [2/3/2017 12:52] [PENJUALAN] CASHIER FORM : NO FAKTUR [SLO001]
[ADMIN] [2/3/2017 12:52] [PENJUALAN] CASHIER FORM : MAX SALES INVOICE [7]
[ADMIN] [2/3/2017 12:52] [PENJUALAN] CASHIER FORM : SALES INVOICE [SLO001-8]
[ADMIN] [2/3/2017 12:52] [PENJUALAN] INSERT INTO SALES HEADER [SLO001-8]
[ADMIN] [2/3/2017 12:52] [PENJUALAN] INSERT INTO SALES DETAIL[2, 100, 22]
[ADMIN] [2/3/2017 12:52] [PENJUALAN] INSERT TO CREDIT TABLE [SLO001-8]
[ADMIN] [2/3/2017 12:52] [PENJUALAN] INSERT TO DAILY JOURNAL TABLE [2200]
[ADMIN] [2/3/2017 12:52] [PENJUALAN] CASHIER FORM : REGISTER HOTKEY
[ADMIN] [2/3/2017 12:52] [PENJUALAN] TRANSACTION SAVED
[ADMIN] [2/3/2017 12:52] [PENJUALAN] PRINT OUT INVOICE
[ADMIN] [2/3/2017 12:52] [PENJUALAN] CASHIER FORM : PrintReceipt
[ADMIN] [2/3/2017 12:52] [PENJUALAN] CASHIER FORM : PrintReceipt, papermode [0]
[ADMIN] [2/3/2017 12:52] [PENJUALAN] CASHIER FORM : PrintReceipt, display SalesReceiptForm
[ADMIN] [2/3/2017 12:52] [PENJUALAN] CASHIER FORM : UNREGISTER HOTKEY
[ADMIN] [2/3/2017 12:52] [PENJUALAN] CASHIER FORM : REGISTER HOTKEY
[ADMIN] [2/3/2017 12:52] [PENJUALAN] VALIDATE USER CREDIT STATUS
[ADMIN] [2/3/2017 12:52] [PENJUALAN] CASHIER FORM : UNREGISTER HOTKEY
[ADMIN] [2/3/2017 12:53] [PENJUALAN] CASHIER FORM : REGISTER HOTKEY
[ADMIN] [2/3/2017 12:53] [PENJUALAN] CASHIER FORM : UNREGISTER HOTKEY
[ADMIN] [2/3/2017 12:53] [PENJUALAN] CASHIER FORM : UNREGISTER HOTKEY
[ADMIN] [2/3/2017 13:29] [PENJUALAN] CASHIER FORM : REGISTER HOTKEY
[ADMIN] [2/3/2017 13:29] [PENJUALAN] CASHIER FORM : ADD NEW ROW,  isActive [True]
[ADMIN] [2/3/2017 13:29] [PENJUALAN] CASHIER FORM : ADD NEW ROW,  ROW COUNT [0]
[ADMIN] [2/3/2017 13:29] [PENJUALAN] CASHIER FORM : ADD NEW ROW,  ALLOW TO ADD [True]
[ADMIN] [2/3/2017 13:29] [PENJUALAN] CASHIER FORM : REGISTER HOTKEY
[ADMIN] [2/3/2017 13:29] [PENJUALAN] CASHIER FORM : UNREGISTER HOTKEY
[ADMIN] [2/3/2017 13:29] [PENJUALAN] CASHIER FORM : UNREGISTER HOTKEY
