[] [2/3/2017 14:02] [] USER = ADMIN IS ACTIVE
[ADMIN] [2/3/2017 14:02] [] USER ID = 1 LOGIN SUCCESSFULLY
[ADMIN] [2/3/2017 14:02] [] ACTIVATE USER ACCESS RIGHT
[ADMIN] [2/3/2017 14:02] [] DISPLAY ADMIN FORM
[ADMIN] [2/3/2017 14:02] [] adminForm Load
[] [2/3/2017 14:12] [] USER = ADMIN IS ACTIVE
[ADMIN] [2/3/2017 14:12] [] USER ID = 1 LOGIN SUCCESSFULLY
[ADMIN] [2/3/2017 14:12] [] ACTIVATE USER ACCESS RIGHT
[ADMIN] [2/3/2017 14:12] [] DISPLAY ADMIN FORM
[ADMIN] [2/3/2017 14:12] [] adminForm Load
[ADMIN] [2/3/2017 14:13] [PENJUALAN] CASHIER FORM : MULTIPLE CASHIER INSTANCE [1]
[ADMIN] [2/3/2017 14:13] [PENJUALAN] CASHIER FORM : REGISTER HOTKEY
[ADMIN] [2/3/2017 14:13] [PENJUALAN] CASHIER FORM : cashierForm_Load, ATTEMPT TO LOAD NO FAKTUR
[ADMIN] [2/3/2017 14:13] [PENJUALAN] CASHIER FORM : loadNoFaktur, noFakturValue [SLO001]
[ADMIN] [2/3/2017 14:13] [PENJUALAN] CASHIER FORM : cashierForm_Load, ATTEMPT TO addColumnToDataGrid
[ADMIN] [2/3/2017 14:13] [PENJUALAN] CASHIER FORM : calculateTotal
[ADMIN] [2/3/2017 14:13] [PENJUALAN] CASHIER FORM : calculateTotal [0]
[ADMIN] [2/3/2017 14:13] [PENJUALAN] CASHIER FORM : calculateTotal, totalAfterDisc [0]
[ADMIN] [2/3/2017 14:13] [PENJUALAN] CASHIER FORM : calculateChangeValue, bayarTextBox.Text [0]
[ADMIN] [2/3/2017 14:13] [PENJUALAN] CASHIER FORM : calculateChangeValue, sisaBayar [0]
[ADMIN] [2/3/2017 14:13] [PENJUALAN] CASHIER FORM : REGISTER HOTKEY
[ADMIN] [2/3/2017 14:13] [PENJUALAN] CASHIER FORM : HOTKEY TO ADD NEW ROW PRESSED
[ADMIN] [2/3/2017 14:13] [PENJUALAN] CASHIER FORM : ADD NEW ROW,  isActive [True]
[ADMIN] [2/3/2017 14:13] [PENJUALAN] CASHIER FORM : ADD NEW ROW,  ROW COUNT [0]
[ADMIN] [2/3/2017 14:13] [PENJUALAN] CASHIER FORM : ADD NEW ROW,  ALLOW TO ADD [True]
[ADMIN] [2/3/2017 14:13] [PENJUALAN] CASHIER FORM : cashierDataGridView_CellValueChanged [F8]
[ADMIN] [2/3/2017 14:13] [PENJUALAN] CASHIER FORM : cashierDataGridView_CellValueChanged [hpp]
[ADMIN] [2/3/2017 14:13] [PENJUALAN] CASHIER FORM : cashierDataGridView_CellValueChanged [productPrice]
[ADMIN] [2/3/2017 14:13] [PENJUALAN] CASHIER FORM : TextBox_TextChanged, previousInput []
[ADMIN] [2/3/2017 14:13] [PENJUALAN] CASHIER FORM : TextBox_TextChanged, dataGridViewTextBoxEditingControl.Text pass REGEX Checking
[ADMIN] [2/3/2017 14:13] [PENJUALAN] CASHIER FORM : CALCULATE SUBTOTAL
[ADMIN] [2/3/2017 14:13] [PENJUALAN] CASHIER FORM : SUBTOTAL [0]
[ADMIN] [2/3/2017 14:13] [PENJUALAN] CASHIER FORM : TextBox_TextChanged, subtotal value [0]
[ADMIN] [2/3/2017 14:13] [PENJUALAN] CASHIER FORM : TextBox_TextChanged, attempt to calculate total value
[ADMIN] [2/3/2017 14:13] [PENJUALAN] CASHIER FORM : calculateTotal
[ADMIN] [2/3/2017 14:13] [PENJUALAN] CASHIER FORM : calculateTotal [0]
[ADMIN] [2/3/2017 14:13] [PENJUALAN] CASHIER FORM : calculateTotal, totalAfterDisc [0]
[ADMIN] [2/3/2017 14:13] [PENJUALAN] CASHIER FORM : calculateChangeValue, bayarTextBox.Text [0]
[ADMIN] [2/3/2017 14:13] [PENJUALAN] CASHIER FORM : calculateChangeValue, sisaBayar [0]
[ADMIN] [2/3/2017 14:13] [PENJUALAN] CASHIER FORM : cashierDataGridView_CellValueChanged [disc1]
[ADMIN] [2/3/2017 14:13] [PENJUALAN] CASHIER FORM : TextBox_TextChanged, previousInput []
[ADMIN] [2/3/2017 14:13] [PENJUALAN] CASHIER FORM : TextBox_TextChanged, dataGridViewTextBoxEditingControl.Text pass REGEX Checking
[ADMIN] [2/3/2017 14:13] [PENJUALAN] CASHIER FORM : CALCULATE SUBTOTAL
[ADMIN] [2/3/2017 14:13] [PENJUALAN] CASHIER FORM : SUBTOTAL [0]
[ADMIN] [2/3/2017 14:13] [PENJUALAN] CASHIER FORM : TextBox_TextChanged, subtotal value [0]
[ADMIN] [2/3/2017 14:13] [PENJUALAN] CASHIER FORM : TextBox_TextChanged, attempt to calculate total value
[ADMIN] [2/3/2017 14:13] [PENJUALAN] CASHIER FORM : calculateTotal
[ADMIN] [2/3/2017 14:13] [PENJUALAN] CASHIER FORM : calculateTotal [0]
[ADMIN] [2/3/2017 14:13] [PENJUALAN] CASHIER FORM : calculateTotal, totalAfterDisc [0]
[ADMIN] [2/3/2017 14:13] [PENJUALAN] CASHIER FORM : calculateChangeValue, bayarTextBox.Text [0]
[ADMIN] [2/3/2017 14:13] [PENJUALAN] CASHIER FORM : calculateChangeValue, sisaBayar [0]
[ADMIN] [2/3/2017 14:13] [PENJUALAN] CASHIER FORM : cashierDataGridView_CellValueChanged [qty]
[ADMIN] [2/3/2017 14:13] [PENJUALAN] CASHIER FORM : TextBox_TextChanged, previousInput []
[ADMIN] [2/3/2017 14:13] [PENJUALAN] CASHIER FORM : TextBox_TextChanged, dataGridViewTextBoxEditingControl.Text pass REGEX Checking
[ADMIN] [2/3/2017 14:13] [] CHECK STOCK QTY IS ENOUGH []
[ADMIN] [2/3/2017 14:13] [PENJUALAN] CASHIER FORM : CALCULATE SUBTOTAL
[ADMIN] [2/3/2017 14:13] [PENJUALAN] CASHIER FORM : SUBTOTAL [0]
[ADMIN] [2/3/2017 14:13] [PENJUALAN] CASHIER FORM : TextBox_TextChanged, subtotal value [0]
[ADMIN] [2/3/2017 14:13] [PENJUALAN] CASHIER FORM : TextBox_TextChanged, attempt to calculate total value
[ADMIN] [2/3/2017 14:13] [PENJUALAN] CASHIER FORM : calculateTotal
[ADMIN] [2/3/2017 14:13] [PENJUALAN] CASHIER FORM : calculateTotal [0]
[ADMIN] [2/3/2017 14:13] [PENJUALAN] CASHIER FORM : calculateTotal, totalAfterDisc [0]
[ADMIN] [2/3/2017 14:13] [PENJUALAN] CASHIER FORM : calculateChangeValue, bayarTextBox.Text [0]
[ADMIN] [2/3/2017 14:13] [PENJUALAN] CASHIER FORM : calculateChangeValue, sisaBayar [0]
[ADMIN] [2/3/2017 14:13] [PENJUALAN] CASHIER FORM : cashierDataGridView_CellValueChanged [disc2]
[ADMIN] [2/3/2017 14:13] [PENJUALAN] CASHIER FORM : TextBox_TextChanged, previousInput []
[ADMIN] [2/3/2017 14:13] [PENJUALAN] CASHIER FORM : TextBox_TextChanged, dataGridViewTextBoxEditingControl.Text pass REGEX Checking
[ADMIN] [2/3/2017 14:13] [PENJUALAN] CASHIER FORM : CALCULATE SUBTOTAL
[ADMIN] [2/3/2017 14:13] [PENJUALAN] CASHIER FORM : SUBTOTAL [0]
[ADMIN] [2/3/2017 14:13] [PENJUALAN] CASHIER FORM : TextBox_TextChanged, subtotal value [0]
[ADMIN] [2/3/2017 14:13] [PENJUALAN] CASHIER FORM : TextBox_TextChanged, attempt to calculate total value
[ADMIN] [2/3/2017 14:13] [PENJUALAN] CASHIER FORM : calculateTotal
[ADMIN] [2/3/2017 14:13] [PENJUALAN] CASHIER FORM : calculateTotal [0]
[ADMIN] [2/3/2017 14:13] [PENJUALAN] CASHIER FORM : calculateTotal, totalAfterDisc [0]
[ADMIN] [2/3/2017 14:13] [PENJUALAN] CASHIER FORM : calculateChangeValue, bayarTextBox.Text [0]
[ADMIN] [2/3/2017 14:13] [PENJUALAN] CASHIER FORM : calculateChangeValue, sisaBayar [0]
[ADMIN] [2/3/2017 14:13] [PENJUALAN] CASHIER FORM : cashierDataGridView_CellValueChanged [discRP]
[ADMIN] [2/3/2017 14:13] [PENJUALAN] CASHIER FORM : TextBox_TextChanged, previousInput []
[ADMIN] [2/3/2017 14:13] [PENJUALAN] CASHIER FORM : TextBox_TextChanged, dataGridViewTextBoxEditingControl.Text pass REGEX Checking
[ADMIN] [2/3/2017 14:13] [PENJUALAN] CASHIER FORM : CALCULATE SUBTOTAL
[ADMIN] [2/3/2017 14:13] [PENJUALAN] CASHIER FORM : SUBTOTAL [0]
[ADMIN] [2/3/2017 14:13] [PENJUALAN] CASHIER FORM : TextBox_TextChanged, subtotal value [0]
[ADMIN] [2/3/2017 14:13] [PENJUALAN] CASHIER FORM : TextBox_TextChanged, attempt to calculate total value
[ADMIN] [2/3/2017 14:13] [PENJUALAN] CASHIER FORM : calculateTotal
[ADMIN] [2/3/2017 14:13] [PENJUALAN] CASHIER FORM : calculateTotal [0]
[ADMIN] [2/3/2017 14:13] [PENJUALAN] CASHIER FORM : calculateTotal, totalAfterDisc [0]
[ADMIN] [2/3/2017 14:13] [PENJUALAN] CASHIER FORM : calculateChangeValue, bayarTextBox.Text [0]
[ADMIN] [2/3/2017 14:13] [PENJUALAN] CASHIER FORM : calculateChangeValue, sisaBayar [0]
[ADMIN] [2/3/2017 14:13] [PENJUALAN] CASHIER FORM : cashierDataGridView_CellValueChanged [jumlah]
[ADMIN] [2/3/2017 14:13] [PENJUALAN] CASHIER FORM : cashierDataGridView_CellValueChanged [productName]
[ADMIN] [2/3/2017 14:13] [PENJUALAN] CASHIER FORM : cashierDataGridView_CellValueChanged [productName]
[ADMIN] [2/3/2017 14:13] [PENJUALAN] CASHIER FORM : cashierDataGridView_CellValueChanged [productName]
[ADMIN] [2/3/2017 14:13] [PENJUALAN] CASHIER FORM : cashierDataGridView_CellValueChanged [productName]
[ADMIN] [2/3/2017 14:13] [PENJUALAN] CASHIER FORM : UNREGISTER HOTKEY
[ADMIN] [2/3/2017 14:13] [PENJUALAN] CASHIER FORM : UNREGISTER HOTKEY
[ADMIN] [2/3/2017 14:14] [KATEGORI PRODUK] ADD NEW CATEGORY [BRG]
[ADMIN] [2/3/2017 14:14] [SATUAN PRODUK] ADD NEW UNIT [PCS]
[ADMIN] [2/3/2017 14:14] [TAMBAH / UPDATE PRODUK] INSERT NEW PRODUCT [1]
[ADMIN] [2/3/2017 14:14] [TAMBAH / UPDATE PRODUK] INSERT PRODUCT CATEGORY FOR [1]
[ADMIN] [2/3/2017 14:17] [PENJUALAN] CASHIER FORM : MULTIPLE CASHIER INSTANCE [1]
[ADMIN] [2/3/2017 14:17] [PENJUALAN] CASHIER FORM : REGISTER HOTKEY
[ADMIN] [2/3/2017 14:17] [PENJUALAN] CASHIER FORM : cashierForm_Load, ATTEMPT TO LOAD NO FAKTUR
[ADMIN] [2/3/2017 14:17] [PENJUALAN] CASHIER FORM : loadNoFaktur, noFakturValue [SLO001]
[ADMIN] [2/3/2017 14:17] [PENJUALAN] CASHIER FORM : cashierForm_Load, ATTEMPT TO addColumnToDataGrid
[ADMIN] [2/3/2017 14:17] [PENJUALAN] CASHIER FORM : calculateTotal
[ADMIN] [2/3/2017 14:17] [PENJUALAN] CASHIER FORM : calculateTotal [0]
[ADMIN] [2/3/2017 14:17] [PENJUALAN] CASHIER FORM : calculateTotal, totalAfterDisc [0]
[ADMIN] [2/3/2017 14:17] [PENJUALAN] CASHIER FORM : calculateChangeValue, bayarTextBox.Text [0]
[ADMIN] [2/3/2017 14:17] [PENJUALAN] CASHIER FORM : calculateChangeValue, sisaBayar [0]
[ADMIN] [2/3/2017 14:17] [PENJUALAN] CASHIER FORM : REGISTER HOTKEY
[ADMIN] [2/3/2017 14:17] [PENJUALAN] CASHIER FORM : HOTKEY TO ADD NEW ROW PRESSED
[ADMIN] [2/3/2017 14:17] [PENJUALAN] CASHIER FORM : ADD NEW ROW,  isActive [True]
[ADMIN] [2/3/2017 14:17] [PENJUALAN] CASHIER FORM : ADD NEW ROW,  ROW COUNT [0]
[ADMIN] [2/3/2017 14:17] [PENJUALAN] CASHIER FORM : ADD NEW ROW,  ALLOW TO ADD [True]
[ADMIN] [2/3/2017 14:17] [PENJUALAN] CASHIER FORM : cashierDataGridView_CellValueChanged [F8]
[ADMIN] [2/3/2017 14:17] [PENJUALAN] CASHIER FORM : cashierDataGridView_CellValueChanged [hpp]
[ADMIN] [2/3/2017 14:17] [PENJUALAN] CASHIER FORM : cashierDataGridView_CellValueChanged [productPrice]
[ADMIN] [2/3/2017 14:17] [PENJUALAN] CASHIER FORM : TextBox_TextChanged, previousInput []
[ADMIN] [2/3/2017 14:17] [PENJUALAN] CASHIER FORM : TextBox_TextChanged, dataGridViewTextBoxEditingControl.Text pass REGEX Checking
[ADMIN] [2/3/2017 14:17] [PENJUALAN] CASHIER FORM : CALCULATE SUBTOTAL
[ADMIN] [2/3/2017 14:17] [PENJUALAN] CASHIER FORM : SUBTOTAL [0]
[ADMIN] [2/3/2017 14:17] [PENJUALAN] CASHIER FORM : TextBox_TextChanged, subtotal value [0]
[ADMIN] [2/3/2017 14:17] [PENJUALAN] CASHIER FORM : TextBox_TextChanged, attempt to calculate total value
[ADMIN] [2/3/2017 14:17] [PENJUALAN] CASHIER FORM : calculateTotal
[ADMIN] [2/3/2017 14:17] [PENJUALAN] CASHIER FORM : calculateTotal [0]
[ADMIN] [2/3/2017 14:17] [PENJUALAN] CASHIER FORM : calculateTotal, totalAfterDisc [0]
[ADMIN] [2/3/2017 14:17] [PENJUALAN] CASHIER FORM : calculateChangeValue, bayarTextBox.Text [0]
[ADMIN] [2/3/2017 14:17] [PENJUALAN] CASHIER FORM : calculateChangeValue, sisaBayar [0]
[ADMIN] [2/3/2017 14:17] [PENJUALAN] CASHIER FORM : cashierDataGridView_CellValueChanged [disc1]
[ADMIN] [2/3/2017 14:17] [PENJUALAN] CASHIER FORM : TextBox_TextChanged, previousInput []
[ADMIN] [2/3/2017 14:17] [PENJUALAN] CASHIER FORM : TextBox_TextChanged, dataGridViewTextBoxEditingControl.Text pass REGEX Checking
[ADMIN] [2/3/2017 14:17] [PENJUALAN] CASHIER FORM : CALCULATE SUBTOTAL
[ADMIN] [2/3/2017 14:17] [PENJUALAN] CASHIER FORM : SUBTOTAL [0]
[ADMIN] [2/3/2017 14:17] [PENJUALAN] CASHIER FORM : TextBox_TextChanged, subtotal value [0]
[ADMIN] [2/3/2017 14:17] [PENJUALAN] CASHIER FORM : TextBox_TextChanged, attempt to calculate total value
[ADMIN] [2/3/2017 14:17] [PENJUALAN] CASHIER FORM : calculateTotal
[ADMIN] [2/3/2017 14:17] [PENJUALAN] CASHIER FORM : calculateTotal [0]
[ADMIN] [2/3/2017 14:17] [PENJUALAN] CASHIER FORM : calculateTotal, totalAfterDisc [0]
[ADMIN] [2/3/2017 14:17] [PENJUALAN] CASHIER FORM : calculateChangeValue, bayarTextBox.Text [0]
[ADMIN] [2/3/2017 14:17] [PENJUALAN] CASHIER FORM : calculateChangeValue, sisaBayar [0]
[ADMIN] [2/3/2017 14:17] [PENJUALAN] CASHIER FORM : cashierDataGridView_CellValueChanged [qty]
[ADMIN] [2/3/2017 14:17] [PENJUALAN] CASHIER FORM : TextBox_TextChanged, previousInput []
[ADMIN] [2/3/2017 14:17] [PENJUALAN] CASHIER FORM : TextBox_TextChanged, dataGridViewTextBoxEditingControl.Text pass REGEX Checking
[ADMIN] [2/3/2017 14:17] [] CHECK STOCK QTY IS ENOUGH []
[ADMIN] [2/3/2017 14:17] [PENJUALAN] CASHIER FORM : CALCULATE SUBTOTAL
[ADMIN] [2/3/2017 14:17] [PENJUALAN] CASHIER FORM : SUBTOTAL [0]
[ADMIN] [2/3/2017 14:17] [PENJUALAN] CASHIER FORM : TextBox_TextChanged, subtotal value [0]
[ADMIN] [2/3/2017 14:17] [PENJUALAN] CASHIER FORM : TextBox_TextChanged, attempt to calculate total value
[ADMIN] [2/3/2017 14:17] [PENJUALAN] CASHIER FORM : calculateTotal
[ADMIN] [2/3/2017 14:17] [PENJUALAN] CASHIER FORM : calculateTotal [0]
[ADMIN] [2/3/2017 14:17] [PENJUALAN] CASHIER FORM : calculateTotal, totalAfterDisc [0]
[ADMIN] [2/3/2017 14:17] [PENJUALAN] CASHIER FORM : calculateChangeValue, bayarTextBox.Text [0]
[ADMIN] [2/3/2017 14:17] [PENJUALAN] CASHIER FORM : calculateChangeValue, sisaBayar [0]
[ADMIN] [2/3/2017 14:17] [PENJUALAN] CASHIER FORM : cashierDataGridView_CellValueChanged [disc2]
[ADMIN] [2/3/2017 14:17] [PENJUALAN] CASHIER FORM : TextBox_TextChanged, previousInput []
[ADMIN] [2/3/2017 14:17] [PENJUALAN] CASHIER FORM : TextBox_TextChanged, dataGridViewTextBoxEditingControl.Text pass REGEX Checking
[ADMIN] [2/3/2017 14:17] [PENJUALAN] CASHIER FORM : CALCULATE SUBTOTAL
[ADMIN] [2/3/2017 14:17] [PENJUALAN] CASHIER FORM : SUBTOTAL [0]
[ADMIN] [2/3/2017 14:17] [PENJUALAN] CASHIER FORM : TextBox_TextChanged, subtotal value [0]
[ADMIN] [2/3/2017 14:17] [PENJUALAN] CASHIER FORM : TextBox_TextChanged, attempt to calculate total value
[ADMIN] [2/3/2017 14:17] [PENJUALAN] CASHIER FORM : calculateTotal
[ADMIN] [2/3/2017 14:17] [PENJUALAN] CASHIER FORM : calculateTotal [0]
[ADMIN] [2/3/2017 14:17] [PENJUALAN] CASHIER FORM : calculateTotal, totalAfterDisc [0]
[ADMIN] [2/3/2017 14:17] [PENJUALAN] CASHIER FORM : calculateChangeValue, bayarTextBox.Text [0]
[ADMIN] [2/3/2017 14:17] [PENJUALAN] CASHIER FORM : calculateChangeValue, sisaBayar [0]
[ADMIN] [2/3/2017 14:17] [PENJUALAN] CASHIER FORM : cashierDataGridView_CellValueChanged [discRP]
[ADMIN] [2/3/2017 14:17] [PENJUALAN] CASHIER FORM : TextBox_TextChanged, previousInput []
[ADMIN] [2/3/2017 14:17] [PENJUALAN] CASHIER FORM : TextBox_TextChanged, dataGridViewTextBoxEditingControl.Text pass REGEX Checking
[ADMIN] [2/3/2017 14:17] [PENJUALAN] CASHIER FORM : CALCULATE SUBTOTAL
[ADMIN] [2/3/2017 14:17] [PENJUALAN] CASHIER FORM : SUBTOTAL [0]
[ADMIN] [2/3/2017 14:17] [PENJUALAN] CASHIER FORM : TextBox_TextChanged, subtotal value [0]
[ADMIN] [2/3/2017 14:17] [PENJUALAN] CASHIER FORM : TextBox_TextChanged, attempt to calculate total value
[ADMIN] [2/3/2017 14:17] [PENJUALAN] CASHIER FORM : calculateTotal
[ADMIN] [2/3/2017 14:17] [PENJUALAN] CASHIER FORM : calculateTotal [0]
[ADMIN] [2/3/2017 14:17] [PENJUALAN] CASHIER FORM : calculateTotal, totalAfterDisc [0]
[ADMIN] [2/3/2017 14:17] [PENJUALAN] CASHIER FORM : calculateChangeValue, bayarTextBox.Text [0]
[ADMIN] [2/3/2017 14:17] [PENJUALAN] CASHIER FORM : calculateChangeValue, sisaBayar [0]
[ADMIN] [2/3/2017 14:17] [PENJUALAN] CASHIER FORM : cashierDataGridView_CellValueChanged [jumlah]
[ADMIN] [2/3/2017 14:17] [PENJUALAN] CASHIER FORM : cashierDataGridView_CellValueChanged [productName]
[ADMIN] [2/3/2017 14:17] [PENJUALAN] CASHIER FORM : cashierDataGridView_CellValueChanged [productName]
[ADMIN] [2/3/2017 14:17] [PENJUALAN] CASHIER FORM : cashierDataGridView_CellValueChanged [productID]
[ADMIN] [2/3/2017 14:17] [PENJUALAN] CASHIER FORM : PRODUCT PRICE TYPE [PRODUCT_BASE_PRICE]
[ADMIN] [2/3/2017 14:17] [PENJUALAN] CASHIER FORM : PRODUCT PRICE [1]
[ADMIN] [2/3/2017 14:17] [PENJUALAN] CASHIER FORM : ComboBox_SelectedIndexChanged, PRODUCT_BASE_PRICE [1]
[ADMIN] [2/3/2017 14:17] [PENJUALAN] CASHIER FORM : cashierDataGridView_CellValueChanged [hpp]
[ADMIN] [2/3/2017 14:17] [PENJUALAN] CASHIER FORM : PRODUCT PRICE TYPE [PRODUCT_RETAIL_PRICE]
[ADMIN] [2/3/2017 14:17] [PENJUALAN] CASHIER FORM : PRODUCT PRICE [10000]
[ADMIN] [2/3/2017 14:17] [PENJUALAN] CASHIER FORM : ComboBox_SelectedIndexChanged, PRODUCT_SALES_PRICE [10000]
[ADMIN] [2/3/2017 14:17] [PENJUALAN] CASHIER FORM : cashierDataGridView_CellValueChanged [productPrice]
[ADMIN] [2/3/2017 14:17] [PENJUALAN] CASHIER FORM : TextBox_TextChanged, previousInput []
[ADMIN] [2/3/2017 14:17] [PENJUALAN] CASHIER FORM : TextBox_TextChanged, dataGridViewTextBoxEditingControl.Text pass REGEX Checking
[ADMIN] [2/3/2017 14:17] [PENJUALAN] CASHIER FORM : CALCULATE SUBTOTAL
[ADMIN] [2/3/2017 14:17] [PENJUALAN] CASHIER FORM : SUBTOTAL [0]
[ADMIN] [2/3/2017 14:17] [PENJUALAN] CASHIER FORM : TextBox_TextChanged, subtotal value [0]
[ADMIN] [2/3/2017 14:17] [PENJUALAN] CASHIER FORM : TextBox_TextChanged, attempt to calculate total value
[ADMIN] [2/3/2017 14:17] [PENJUALAN] CASHIER FORM : calculateTotal
[ADMIN] [2/3/2017 14:17] [PENJUALAN] CASHIER FORM : calculateTotal [0]
[ADMIN] [2/3/2017 14:17] [PENJUALAN] CASHIER FORM : calculateTotal, totalAfterDisc [0]
[ADMIN] [2/3/2017 14:17] [PENJUALAN] CASHIER FORM : calculateChangeValue, bayarTextBox.Text [0]
[ADMIN] [2/3/2017 14:17] [PENJUALAN] CASHIER FORM : calculateChangeValue, sisaBayar [0]
[ADMIN] [2/3/2017 14:17] [PENJUALAN] CASHIER FORM : cashierDataGridView_CellValueChanged [qty]
[ADMIN] [2/3/2017 14:17] [PENJUALAN] CASHIER FORM : TextBox_TextChanged, previousInput []
[ADMIN] [2/3/2017 14:17] [PENJUALAN] CASHIER FORM : TextBox_TextChanged, dataGridViewTextBoxEditingControl.Text pass REGEX Checking
[ADMIN] [2/3/2017 14:17] [] CHECK STOCK QTY IS ENOUGH [1]
[ADMIN] [2/3/2017 14:17] [] CHECK STOCK QTY IS ENOUGH [40, 0]
[ADMIN] [2/3/2017 14:17] [PENJUALAN] CASHIER FORM : CALCULATE SUBTOTAL
[ADMIN] [2/3/2017 14:17] [PENJUALAN] CASHIER FORM : SUBTOTAL [0]
[ADMIN] [2/3/2017 14:17] [PENJUALAN] CASHIER FORM : TextBox_TextChanged, subtotal value [0]
[ADMIN] [2/3/2017 14:17] [PENJUALAN] CASHIER FORM : TextBox_TextChanged, attempt to calculate total value
[ADMIN] [2/3/2017 14:17] [PENJUALAN] CASHIER FORM : calculateTotal
[ADMIN] [2/3/2017 14:17] [PENJUALAN] CASHIER FORM : calculateTotal [0]
[ADMIN] [2/3/2017 14:17] [PENJUALAN] CASHIER FORM : calculateTotal, totalAfterDisc [0]
[ADMIN] [2/3/2017 14:17] [PENJUALAN] CASHIER FORM : calculateChangeValue, bayarTextBox.Text [0]
[ADMIN] [2/3/2017 14:17] [PENJUALAN] CASHIER FORM : calculateChangeValue, sisaBayar [0]
[ADMIN] [2/3/2017 14:17] [PENJUALAN] CASHIER FORM : cashierDataGridView_CellValueChanged [jumlah]
[ADMIN] [2/3/2017 14:17] [PENJUALAN] CASHIER FORM : ComboBox_SelectedIndexChanged, attempt to calculate total
[ADMIN] [2/3/2017 14:17] [PENJUALAN] CASHIER FORM : calculateTotal
[ADMIN] [2/3/2017 14:17] [PENJUALAN] CASHIER FORM : calculateTotal [0]
[ADMIN] [2/3/2017 14:17] [PENJUALAN] CASHIER FORM : calculateTotal, totalAfterDisc [0]
[ADMIN] [2/3/2017 14:17] [PENJUALAN] CASHIER FORM : calculateChangeValue, bayarTextBox.Text [0]
[ADMIN] [2/3/2017 14:17] [PENJUALAN] CASHIER FORM : calculateChangeValue, sisaBayar [0]
[ADMIN] [2/3/2017 14:17] [PENJUALAN] CASHIER FORM : cashierDataGridView_CellValueChanged [qty]
[ADMIN] [2/3/2017 14:17] [PENJUALAN] CASHIER FORM : TextBox_TextChanged, previousInput []
[ADMIN] [2/3/2017 14:17] [PENJUALAN] CASHIER FORM : TextBox_TextChanged, dataGridViewTextBoxEditingControl.Text pass REGEX Checking
[ADMIN] [2/3/2017 14:17] [] CHECK STOCK QTY IS ENOUGH [1]
[ADMIN] [2/3/2017 14:17] [] CHECK STOCK QTY IS ENOUGH [40, 2]
[ADMIN] [2/3/2017 14:17] [PENJUALAN] CASHIER FORM : CALCULATE SUBTOTAL
[ADMIN] [2/3/2017 14:17] [PENJUALAN] CASHIER FORM : SUBTOTAL [20000]
[ADMIN] [2/3/2017 14:17] [PENJUALAN] CASHIER FORM : TextBox_TextChanged, subtotal value [20000]
[ADMIN] [2/3/2017 14:17] [PENJUALAN] CASHIER FORM : TextBox_TextChanged, attempt to calculate total value
[ADMIN] [2/3/2017 14:17] [PENJUALAN] CASHIER FORM : calculateTotal
[ADMIN] [2/3/2017 14:17] [PENJUALAN] CASHIER FORM : calculateTotal [20000]
[ADMIN] [2/3/2017 14:17] [PENJUALAN] CASHIER FORM : calculateTotal, totalAfterDisc [20000]
[ADMIN] [2/3/2017 14:17] [PENJUALAN] CASHIER FORM : calculateChangeValue, bayarTextBox.Text [0]
[ADMIN] [2/3/2017 14:17] [PENJUALAN] CASHIER FORM : calculateChangeValue, sisaBayar [0]
[ADMIN] [2/3/2017 14:17] [PENJUALAN] CASHIER FORM : cashierDataGridView_CellValueChanged [qty]
[ADMIN] [2/3/2017 14:17] [PENJUALAN] CASHIER FORM : TextBox_TextChanged, previousInput []
[ADMIN] [2/3/2017 14:17] [PENJUALAN] CASHIER FORM : TextBox_TextChanged, dataGridViewTextBoxEditingControl.Text pass REGEX Checking
[ADMIN] [2/3/2017 14:17] [] CHECK STOCK QTY IS ENOUGH [1]
[ADMIN] [2/3/2017 14:17] [] CHECK STOCK QTY IS ENOUGH [40, 20]
[ADMIN] [2/3/2017 14:17] [PENJUALAN] CASHIER FORM : CALCULATE SUBTOTAL
[ADMIN] [2/3/2017 14:17] [PENJUALAN] CASHIER FORM : SUBTOTAL [200000]
[ADMIN] [2/3/2017 14:17] [PENJUALAN] CASHIER FORM : TextBox_TextChanged, subtotal value [200000]
[ADMIN] [2/3/2017 14:17] [PENJUALAN] CASHIER FORM : TextBox_TextChanged, attempt to calculate total value
[ADMIN] [2/3/2017 14:17] [PENJUALAN] CASHIER FORM : calculateTotal
[ADMIN] [2/3/2017 14:17] [PENJUALAN] CASHIER FORM : calculateTotal [200000]
[ADMIN] [2/3/2017 14:17] [PENJUALAN] CASHIER FORM : calculateTotal, totalAfterDisc [200000]
[ADMIN] [2/3/2017 14:17] [PENJUALAN] CASHIER FORM : calculateChangeValue, bayarTextBox.Text [0]
[ADMIN] [2/3/2017 14:17] [PENJUALAN] CASHIER FORM : calculateChangeValue, sisaBayar [0]
[ADMIN] [2/3/2017 14:17] [PENJUALAN] CASHIER FORM : PRODUCT PRICE TYPE [PRODUCT_BULK_PRICE]
[ADMIN] [2/3/2017 14:17] [PENJUALAN] CASHIER FORM : PRODUCT PRICE [100]
[ADMIN] [2/3/2017 14:17] [PENJUALAN] CASHIER FORM : cashierDataGridView_CellValueChanged [productPrice]
[ADMIN] [2/3/2017 14:17] [PENJUALAN] CASHIER FORM : TextBox_TextChanged, previousInput []
[ADMIN] [2/3/2017 14:17] [PENJUALAN] CASHIER FORM : TextBox_TextChanged, dataGridViewTextBoxEditingControl.Text pass REGEX Checking
[ADMIN] [2/3/2017 14:17] [PENJUALAN] CASHIER FORM : CALCULATE SUBTOTAL
[ADMIN] [2/3/2017 14:17] [PENJUALAN] CASHIER FORM : SUBTOTAL [2000]
[ADMIN] [2/3/2017 14:17] [PENJUALAN] CASHIER FORM : TextBox_TextChanged, subtotal value [2000]
[ADMIN] [2/3/2017 14:17] [PENJUALAN] CASHIER FORM : TextBox_TextChanged, attempt to calculate total value
[ADMIN] [2/3/2017 14:17] [PENJUALAN] CASHIER FORM : calculateTotal
[ADMIN] [2/3/2017 14:17] [PENJUALAN] CASHIER FORM : calculateTotal [2000]
[ADMIN] [2/3/2017 14:17] [PENJUALAN] CASHIER FORM : calculateTotal, totalAfterDisc [2000]
[ADMIN] [2/3/2017 14:17] [PENJUALAN] CASHIER FORM : calculateChangeValue, bayarTextBox.Text [0]
[ADMIN] [2/3/2017 14:17] [PENJUALAN] CASHIER FORM : calculateChangeValue, sisaBayar [0]
[ADMIN] [2/3/2017 14:17] [PENJUALAN] CASHIER FORM : CHECK IF THERE'S ANY ENTRY IN THE PRODUCT DISC
[ADMIN] [2/3/2017 14:17] [PENJUALAN] CASHIER FORM : cashierDataGridView_CellValueChanged [disc1]
[ADMIN] [2/3/2017 14:17] [PENJUALAN] CASHIER FORM : TextBox_TextChanged, previousInput []
[ADMIN] [2/3/2017 14:17] [PENJUALAN] CASHIER FORM : TextBox_TextChanged, dataGridViewTextBoxEditingControl.Text pass REGEX Checking
[ADMIN] [2/3/2017 14:17] [PENJUALAN] CASHIER FORM : CALCULATE SUBTOTAL
[ADMIN] [2/3/2017 14:17] [PENJUALAN] CASHIER FORM : SUBTOTAL [2000]
[ADMIN] [2/3/2017 14:17] [PENJUALAN] CASHIER FORM : TextBox_TextChanged, subtotal value [2000]
[ADMIN] [2/3/2017 14:17] [PENJUALAN] CASHIER FORM : TextBox_TextChanged, attempt to calculate total value
[ADMIN] [2/3/2017 14:17] [PENJUALAN] CASHIER FORM : calculateTotal
[ADMIN] [2/3/2017 14:17] [PENJUALAN] CASHIER FORM : calculateTotal [2000]
[ADMIN] [2/3/2017 14:17] [PENJUALAN] CASHIER FORM : calculateTotal, totalAfterDisc [2000]
[ADMIN] [2/3/2017 14:17] [PENJUALAN] CASHIER FORM : calculateChangeValue, bayarTextBox.Text [0]
[ADMIN] [2/3/2017 14:17] [PENJUALAN] CASHIER FORM : calculateChangeValue, sisaBayar [0]
[ADMIN] [2/3/2017 14:17] [PENJUALAN] CASHIER FORM : cashierDataGridView_CellValueChanged [disc2]
[ADMIN] [2/3/2017 14:17] [PENJUALAN] CASHIER FORM : TextBox_TextChanged, previousInput []
[ADMIN] [2/3/2017 14:17] [PENJUALAN] CASHIER FORM : TextBox_TextChanged, dataGridViewTextBoxEditingControl.Text pass REGEX Checking
[ADMIN] [2/3/2017 14:17] [PENJUALAN] CASHIER FORM : CALCULATE SUBTOTAL
[ADMIN] [2/3/2017 14:17] [PENJUALAN] CASHIER FORM : SUBTOTAL [2000]
[ADMIN] [2/3/2017 14:17] [PENJUALAN] CASHIER FORM : TextBox_TextChanged, subtotal value [2000]
[ADMIN] [2/3/2017 14:17] [PENJUALAN] CASHIER FORM : TextBox_TextChanged, attempt to calculate total value
[ADMIN] [2/3/2017 14:17] [PENJUALAN] CASHIER FORM : calculateTotal
[ADMIN] [2/3/2017 14:17] [PENJUALAN] CASHIER FORM : calculateTotal [2000]
[ADMIN] [2/3/2017 14:17] [PENJUALAN] CASHIER FORM : calculateTotal, totalAfterDisc [2000]
[ADMIN] [2/3/2017 14:17] [PENJUALAN] CASHIER FORM : calculateChangeValue, bayarTextBox.Text [0]
[ADMIN] [2/3/2017 14:17] [PENJUALAN] CASHIER FORM : calculateChangeValue, sisaBayar [0]
[ADMIN] [2/3/2017 14:17] [PENJUALAN] CASHIER FORM : cashierDataGridView_CellValueChanged [discRP]
[ADMIN] [2/3/2017 14:17] [PENJUALAN] CASHIER FORM : TextBox_TextChanged, previousInput []
[ADMIN] [2/3/2017 14:17] [PENJUALAN] CASHIER FORM : TextBox_TextChanged, dataGridViewTextBoxEditingControl.Text pass REGEX Checking
[ADMIN] [2/3/2017 14:17] [PENJUALAN] CASHIER FORM : CALCULATE SUBTOTAL
[ADMIN] [2/3/2017 14:17] [PENJUALAN] CASHIER FORM : SUBTOTAL [2000]
[ADMIN] [2/3/2017 14:17] [PENJUALAN] CASHIER FORM : TextBox_TextChanged, subtotal value [2000]
[ADMIN] [2/3/2017 14:17] [PENJUALAN] CASHIER FORM : TextBox_TextChanged, attempt to calculate total value
[ADMIN] [2/3/2017 14:17] [PENJUALAN] CASHIER FORM : calculateTotal
[ADMIN] [2/3/2017 14:17] [PENJUALAN] CASHIER FORM : calculateTotal [2000]
[ADMIN] [2/3/2017 14:17] [PENJUALAN] CASHIER FORM : calculateTotal, totalAfterDisc [2000]
[ADMIN] [2/3/2017 14:17] [PENJUALAN] CASHIER FORM : calculateChangeValue, bayarTextBox.Text [0]
[ADMIN] [2/3/2017 14:17] [PENJUALAN] CASHIER FORM : calculateChangeValue, sisaBayar [0]
[ADMIN] [2/3/2017 14:17] [PENJUALAN] CASHIER FORM : CALCULATE SUBTOTAL
[ADMIN] [2/3/2017 14:17] [PENJUALAN] CASHIER FORM : SUBTOTAL [2000]
[ADMIN] [2/3/2017 14:17] [PENJUALAN] CASHIER FORM : calculateTotal
[ADMIN] [2/3/2017 14:17] [PENJUALAN] CASHIER FORM : calculateTotal [2000]
[ADMIN] [2/3/2017 14:17] [PENJUALAN] CASHIER FORM : calculateTotal, totalAfterDisc [2000]
[ADMIN] [2/3/2017 14:17] [PENJUALAN] CASHIER FORM : calculateChangeValue, bayarTextBox.Text [0]
[ADMIN] [2/3/2017 14:17] [PENJUALAN] CASHIER FORM : calculateChangeValue, sisaBayar [0]
[ADMIN] [2/3/2017 14:19] [PENJUALAN] CASHIER FORM : PRODUCT PRICE TYPE [PRODUCT_WHOLESALE_PRICE]
[ADMIN] [2/3/2017 14:19] [PENJUALAN] CASHIER FORM : PRODUCT PRICE [10]
[ADMIN] [2/3/2017 14:19] [PENJUALAN] CASHIER FORM : cashierDataGridView_CellValueChanged [productPrice]
[ADMIN] [2/3/2017 14:19] [PENJUALAN] CASHIER FORM : TextBox_TextChanged, previousInput []
[ADMIN] [2/3/2017 14:19] [PENJUALAN] CASHIER FORM : TextBox_TextChanged, dataGridViewTextBoxEditingControl.Text pass REGEX Checking
[ADMIN] [2/3/2017 14:19] [PENJUALAN] CASHIER FORM : CALCULATE SUBTOTAL
[ADMIN] [2/3/2017 14:19] [PENJUALAN] CASHIER FORM : SUBTOTAL [200]
[ADMIN] [2/3/2017 14:19] [PENJUALAN] CASHIER FORM : TextBox_TextChanged, subtotal value [200]
[ADMIN] [2/3/2017 14:19] [PENJUALAN] CASHIER FORM : TextBox_TextChanged, attempt to calculate total value
[ADMIN] [2/3/2017 14:19] [PENJUALAN] CASHIER FORM : calculateTotal
[ADMIN] [2/3/2017 14:19] [PENJUALAN] CASHIER FORM : calculateTotal [200]
[ADMIN] [2/3/2017 14:19] [PENJUALAN] CASHIER FORM : calculateTotal, totalAfterDisc [200]
[ADMIN] [2/3/2017 14:19] [PENJUALAN] CASHIER FORM : calculateChangeValue, bayarTextBox.Text [0]
[ADMIN] [2/3/2017 14:19] [PENJUALAN] CASHIER FORM : calculateChangeValue, sisaBayar [0]
[ADMIN] [2/3/2017 14:19] [PENJUALAN] CASHIER FORM : CHECK IF THERE'S ANY ENTRY IN THE PRODUCT DISC
[ADMIN] [2/3/2017 14:19] [PENJUALAN] CASHIER FORM : CALCULATE SUBTOTAL
[ADMIN] [2/3/2017 14:19] [PENJUALAN] CASHIER FORM : SUBTOTAL [200]
[ADMIN] [2/3/2017 14:19] [PENJUALAN] CASHIER FORM : calculateTotal
[ADMIN] [2/3/2017 14:19] [PENJUALAN] CASHIER FORM : calculateTotal [200]
[ADMIN] [2/3/2017 14:19] [PENJUALAN] CASHIER FORM : calculateTotal, totalAfterDisc [200]
[ADMIN] [2/3/2017 14:19] [PENJUALAN] CASHIER FORM : calculateChangeValue, bayarTextBox.Text [0]
[ADMIN] [2/3/2017 14:19] [PENJUALAN] CASHIER FORM : calculateChangeValue, sisaBayar [0]
[ADMIN] [2/3/2017 14:19] [PENJUALAN] CASHIER FORM : calculateChangeValue, bayarTextBox.Text [2]
[ADMIN] [2/3/2017 14:19] [PENJUALAN] CASHIER FORM : calculateChangeValue, sisaBayar [0]
[ADMIN] [2/3/2017 14:19] [PENJUALAN] CASHIER FORM : calculateChangeValue, bayarTextBox.Text [20]
[ADMIN] [2/3/2017 14:19] [PENJUALAN] CASHIER FORM : calculateChangeValue, sisaBayar [0]
[ADMIN] [2/3/2017 14:19] [PENJUALAN] CASHIER FORM : calculateChangeValue, bayarTextBox.Text [200]
[ADMIN] [2/3/2017 14:19] [PENJUALAN] CASHIER FORM : calculateChangeValue, sisaBayar [0]
[ADMIN] [2/3/2017 14:19] [PENJUALAN] CASHIER FORM : HOTKEY TO SAVE AND PRINT OUT INVOICE PRESSED
[ADMIN] [2/3/2017 14:19] [PENJUALAN] CASHIER FORM : UNREGISTER HOTKEY
[ADMIN] [2/3/2017 14:19] [PENJUALAN] CASHIER FORM : REGISTER HOTKEY
[ADMIN] [2/3/2017 14:19] [PENJUALAN] ATTEMPT TO SAVE AND PRINT OUT INVOICE
[ADMIN] [2/3/2017 14:19] [] CHECK STOCK QTY IS ENOUGH [1]
[ADMIN] [2/3/2017 14:19] [] CHECK STOCK QTY IS ENOUGH [40, 20]
[ADMIN] [2/3/2017 14:19] [PENJUALAN] CASHIER FORM : UNREGISTER HOTKEY
[ADMIN] [2/3/2017 14:19] [PENJUALAN] CASHIER FORM : REGISTER HOTKEY
[ADMIN] [2/3/2017 14:19] [PENJUALAN] CASHIER FORM : UNREGISTER HOTKEY
[ADMIN] [2/3/2017 14:19] [PENJUALAN] CASHIER FORM : ATTEMPT TO SAVE SALES DATA [03-02-2017 14:19]
[ADMIN] [2/3/2017 14:19] [PENJUALAN] CASHIER FORM : SALES DISC FINAL [0]
[ADMIN] [2/3/2017 14:19] [PENJUALAN] CASHIER FORM : CASH SALES
[ADMIN] [2/3/2017 14:19] [PENJUALAN] CHECK IF TAX LIMIT SET FOR PERCENTAGE PURCHASE [0]
[ADMIN] [2/3/2017 14:19] [PENJUALAN] CHECK IF TAX LIMIT SET FOR AVERAGE DAILY PURCHASE [0]
[ADMIN] [2/3/2017 14:19] [PENJUALAN] CASHIER FORM : NO FAKTUR [SLO001]
[ADMIN] [2/3/2017 14:19] [PENJUALAN] CASHIER FORM : MAX SALES INVOICE [0]
[ADMIN] [2/3/2017 14:19] [PENJUALAN] CASHIER FORM : SALES INVOICE [SLO001-1]
[ADMIN] [2/3/2017 14:19] [PENJUALAN] INSERT INTO SALES HEADER [SLO001-1]
[ADMIN] [2/3/2017 14:19] [PENJUALAN] INSERT INTO SALES DETAIL[1, 10, 20]
[ADMIN] [2/3/2017 14:19] [PENJUALAN] INSERT TO CREDIT TABLE [SLO001-1]
[ADMIN] [2/3/2017 14:19] [PENJUALAN] INSERT TO DAILY JOURNAL TABLE [200]
[ADMIN] [2/3/2017 14:19] [PENJUALAN] CASHIER FORM : REGISTER HOTKEY
[ADMIN] [2/3/2017 14:19] [PENJUALAN] TRANSACTION SAVED
[ADMIN] [2/3/2017 14:19] [PENJUALAN] PRINT OUT INVOICE
[ADMIN] [2/3/2017 14:19] [PENJUALAN] CASHIER FORM : PrintReceipt
[ADMIN] [2/3/2017 14:19] [PENJUALAN] CASHIER FORM : PrintReceipt, papermode [0]
[ADMIN] [2/3/2017 14:19] [PENJUALAN] CASHIER FORM : PrintReceipt, display SalesReceiptForm
[ADMIN] [2/3/2017 14:19] [PENJUALAN] CASHIER FORM : UNREGISTER HOTKEY
[ADMIN] [2/3/2017 14:19] [PENJUALAN] CASHIER FORM : REGISTER HOTKEY
[ADMIN] [2/3/2017 14:19] [PENJUALAN] VALIDATE USER CREDIT STATUS
[ADMIN] [2/3/2017 14:19] [PENJUALAN] CASHIER FORM : UNREGISTER HOTKEY
[ADMIN] [2/3/2017 14:19] [PENJUALAN] CASHIER FORM : REGISTER HOTKEY
[ADMIN] [2/3/2017 14:19] [PENJUALAN] CASHIER FORM : UNREGISTER HOTKEY
[ADMIN] [2/3/2017 14:20] [PENJUALAN] CASHIER FORM : REGISTER HOTKEY
[ADMIN] [2/3/2017 14:20] [PENJUALAN] CASHIER FORM : UNREGISTER HOTKEY
[ADMIN] [2/3/2017 14:20] [PENJUALAN] CASHIER FORM : UNREGISTER HOTKEY
[] [2/3/2017 14:21] [] USER = ADMIN IS ACTIVE
[ADMIN] [2/3/2017 14:21] [] USER ID = 1 LOGIN SUCCESSFULLY
[ADMIN] [2/3/2017 14:21] [] ACTIVATE USER ACCESS RIGHT
[ADMIN] [2/3/2017 14:21] [] DISPLAY ADMIN FORM
[ADMIN] [2/3/2017 14:21] [] adminForm Load
[ADMIN] [2/3/2017 14:22] [PENJUALAN] DELIVERY ORDER : detailGridView_CellValueChanged [qty]
[ADMIN] [2/3/2017 14:22] [PENJUALAN] DELIVERY ORDER : TextBox_TextChanged, dataGridViewTextBoxEditingControl.Text pass REGEX Checking
[ADMIN] [2/3/2017 14:22] [] CHECK STOCK QTY IS ENOUGH [1]
[ADMIN] [2/3/2017 14:22] [] CHECK STOCK QTY IS ENOUGH [0, 1]
[ADMIN] [2/3/2017 14:22] [PENJUALAN] DELIVERY ORDER : detailGridView_CellValueChanged [qty]
[ADMIN] [2/3/2017 14:22] [PENJUALAN] DELIVERY ORDER : TextBox_TextChanged, dataGridViewTextBoxEditingControl.Text pass REGEX Checking
[ADMIN] [2/3/2017 14:22] [] CHECK STOCK QTY IS ENOUGH [1]
[ADMIN] [2/3/2017 14:22] [] CHECK STOCK QTY IS ENOUGH [0, 10]
[ADMIN] [2/3/2017 14:23] [] SERVER IP IS LOCALHOST
[ADMIN] [2/3/2017 14:23] [] INSERT DATA ID 2 TO SYS_CONFIG
[ADMIN] [2/3/2017 14:23] [PENJUALAN] DELIVERY ORDER : detailGridView_CellValueChanged [qty]
[ADMIN] [2/3/2017 14:23] [PENJUALAN] DELIVERY ORDER : TextBox_TextChanged, dataGridViewTextBoxEditingControl.Text pass REGEX Checking
[ADMIN] [2/3/2017 14:23] [] CHECK STOCK QTY IS ENOUGH [1]
[ADMIN] [2/3/2017 14:23] [] CHECK STOCK QTY IS ENOUGH [20, 1]
[ADMIN] [2/3/2017 14:23] [PENJUALAN] DELIVERY ORDER : detailGridView_CellValueChanged [qty]
[ADMIN] [2/3/2017 14:23] [PENJUALAN] DELIVERY ORDER : TextBox_TextChanged, dataGridViewTextBoxEditingControl.Text pass REGEX Checking
[ADMIN] [2/3/2017 14:23] [] CHECK STOCK QTY IS ENOUGH [1]
[ADMIN] [2/3/2017 14:23] [] CHECK STOCK QTY IS ENOUGH [20, 10]
[ADMIN] [2/3/2017 14:23] [PENJUALAN] DELIVERY ORDER : TextBox_TextChanged, dataGridViewTextBoxEditingControl.Text pass REGEX Checking
[ADMIN] [2/3/2017 14:23] [] CHECK STOCK QTY IS ENOUGH [1]
[ADMIN] [2/3/2017 14:23] [] CHECK STOCK QTY IS ENOUGH [20, 10]
[ADMIN] [2/3/2017 14:23] [PENJUALAN] DELIVERY ORDER : detailGridView_CellValueChanged [qty]
[ADMIN] [2/3/2017 14:23] [PENJUALAN] DELIVERY ORDER : TextBox_TextChanged, dataGridViewTextBoxEditingControl.Text pass REGEX Checking
[ADMIN] [2/3/2017 14:23] [] CHECK STOCK QTY IS ENOUGH [1]
[ADMIN] [2/3/2017 14:23] [] CHECK STOCK QTY IS ENOUGH [10, 3]
[ADMIN] [2/3/2017 14:23] [PENJUALAN] DELIVERY ORDER : detailGridView_CellValueChanged [qty]
[ADMIN] [2/3/2017 14:23] [PENJUALAN] DELIVERY ORDER : TextBox_TextChanged, dataGridViewTextBoxEditingControl.Text pass REGEX Checking
[ADMIN] [2/3/2017 14:23] [] CHECK STOCK QTY IS ENOUGH [1]
[ADMIN] [2/3/2017 14:23] [] CHECK STOCK QTY IS ENOUGH [10, 30]
[ADMIN] [2/3/2017 14:24] [PENJUALAN] DELIVERY ORDER : detailGridView_CellValueChanged [qty]
[ADMIN] [2/3/2017 14:24] [PENJUALAN] DELIVERY ORDER : TextBox_TextChanged, dataGridViewTextBoxEditingControl.Text pass REGEX Checking
[ADMIN] [2/3/2017 14:24] [] CHECK STOCK QTY IS ENOUGH [1]
[ADMIN] [2/3/2017 14:24] [] CHECK STOCK QTY IS ENOUGH [10, 3]
[ADMIN] [2/3/2017 14:24] [PENJUALAN] DELIVERY ORDER : detailGridView_CellValueChanged [qty]
[ADMIN] [2/3/2017 14:24] [PENJUALAN] DELIVERY ORDER : TextBox_TextChanged, dataGridViewTextBoxEditingControl.Text did not pass REGEX Checking
[ADMIN] [2/3/2017 14:24] [PENJUALAN] DELIVERY ORDER : detailGridView_CellValueChanged [qty]
[ADMIN] [2/3/2017 14:24] [PENJUALAN] DELIVERY ORDER : TextBox_TextChanged, dataGridViewTextBoxEditingControl.Text pass REGEX Checking
[ADMIN] [2/3/2017 14:24] [] CHECK STOCK QTY IS ENOUGH [1]
[ADMIN] [2/3/2017 14:24] [] CHECK STOCK QTY IS ENOUGH [10, 1]
[ADMIN] [2/3/2017 14:24] [PENJUALAN] DELIVERY ORDER : detailGridView_CellValueChanged [qty]
[ADMIN] [2/3/2017 14:24] [PENJUALAN] DELIVERY ORDER : TextBox_TextChanged, dataGridViewTextBoxEditingControl.Text pass REGEX Checking
[ADMIN] [2/3/2017 14:24] [] CHECK STOCK QTY IS ENOUGH [1]
[ADMIN] [2/3/2017 14:24] [] CHECK STOCK QTY IS ENOUGH [10, 15]
[ADMIN] [2/3/2017 14:24] [PENJUALAN] DELIVERY ORDER : detailGridView_CellValueChanged [qty]
[ADMIN] [2/3/2017 14:24] [PENJUALAN] DELIVERY ORDER : TextBox_TextChanged, dataGridViewTextBoxEditingControl.Text pass REGEX Checking
[ADMIN] [2/3/2017 14:24] [] CHECK STOCK QTY IS ENOUGH [1]
[ADMIN] [2/3/2017 14:24] [] CHECK STOCK QTY IS ENOUGH [10, 1]
[ADMIN] [2/3/2017 14:24] [PENJUALAN] DELIVERY ORDER : detailGridView_CellValueChanged [qty]
[ADMIN] [2/3/2017 14:24] [PENJUALAN] DELIVERY ORDER : TextBox_TextChanged, dataGridViewTextBoxEditingControl.Text did not pass REGEX Checking
[ADMIN] [2/3/2017 14:24] [PENYESUAIAN STOK] TRY TO DO MANUAL STOCK ADJUSTMENT
[ADMIN] [2/3/2017 14:24] [PENYESUAIAN STOK] UPDATE PRODUCT LOCATION QTY [1]
[ADMIN] [2/3/2017 14:24] [PENYESUAIAN STOK] UPDATE STOCK QTY [1]
[ADMIN] [2/3/2017 14:24] [PENYESUAIAN STOK] INSERT INTO PRODUCT ADJUSTMENT TABLE [1, 10, 30]
[ADMIN] [2/3/2017 14:24] [PENJUALAN] DELIVERY ORDER : detailGridView_CellValueChanged [qty]
[ADMIN] [2/3/2017 14:24] [PENJUALAN] DELIVERY ORDER : TextBox_TextChanged, dataGridViewTextBoxEditingControl.Text pass REGEX Checking
[ADMIN] [2/3/2017 14:24] [] CHECK STOCK QTY IS ENOUGH [1]
[ADMIN] [2/3/2017 14:24] [] CHECK STOCK QTY IS ENOUGH [30, 3]
[ADMIN] [2/3/2017 14:24] [PENJUALAN] DELIVERY ORDER : detailGridView_CellValueChanged [qty]
[ADMIN] [2/3/2017 14:24] [PENJUALAN] DELIVERY ORDER : TextBox_TextChanged, dataGridViewTextBoxEditingControl.Text pass REGEX Checking
[ADMIN] [2/3/2017 14:24] [] CHECK STOCK QTY IS ENOUGH [1]
[ADMIN] [2/3/2017 14:24] [] CHECK STOCK QTY IS ENOUGH [30, 30]
[ADMIN] [2/3/2017 14:24] [PENJUALAN] DELIVERY ORDER : TextBox_TextChanged, dataGridViewTextBoxEditingControl.Text pass REGEX Checking
[ADMIN] [2/3/2017 14:24] [] CHECK STOCK QTY IS ENOUGH [1]
[ADMIN] [2/3/2017 14:24] [] CHECK STOCK QTY IS ENOUGH [30, 30]
[ADMIN] [2/3/2017 14:24] [PENJUALAN] DELIVERY ORDER : detailGridView_CellValueChanged [qty]
[ADMIN] [2/3/2017 14:24] [PENJUALAN] DELIVERY ORDER : TextBox_TextChanged, dataGridViewTextBoxEditingControl.Text pass REGEX Checking
[ADMIN] [2/3/2017 14:24] [] CHECK STOCK QTY IS ENOUGH [1]
[ADMIN] [2/3/2017 14:24] [] CHECK STOCK QTY IS ENOUGH [30, 3]
[ADMIN] [2/3/2017 14:24] [PENJUALAN] DELIVERY ORDER : detailGridView_CellValueChanged [qty]
[ADMIN] [2/3/2017 14:24] [PENJUALAN] DELIVERY ORDER : TextBox_TextChanged, dataGridViewTextBoxEditingControl.Text did not pass REGEX Checking
[ADMIN] [2/3/2017 14:24] [PENJUALAN] DELIVERY ORDER : detailGridView_CellValueChanged [qty]
[ADMIN] [2/3/2017 14:24] [PENJUALAN] DELIVERY ORDER : TextBox_TextChanged, dataGridViewTextBoxEditingControl.Text pass REGEX Checking
[ADMIN] [2/3/2017 14:24] [] CHECK STOCK QTY IS ENOUGH [1]
[ADMIN] [2/3/2017 14:24] [] CHECK STOCK QTY IS ENOUGH [30, 1]
[ADMIN] [2/3/2017 14:24] [PENJUALAN] DELIVERY ORDER : detailGridView_CellValueChanged [qty]
[ADMIN] [2/3/2017 14:24] [PENJUALAN] DELIVERY ORDER : TextBox_TextChanged, dataGridViewTextBoxEditingControl.Text pass REGEX Checking
[ADMIN] [2/3/2017 14:24] [] CHECK STOCK QTY IS ENOUGH [1]
[ADMIN] [2/3/2017 14:24] [] CHECK STOCK QTY IS ENOUGH [30, 10]
[ADMIN] [2/3/2017 14:24] [PENJUALAN] DELIVERY ORDER : TextBox_TextChanged, dataGridViewTextBoxEditingControl.Text pass REGEX Checking
[ADMIN] [2/3/2017 14:24] [] CHECK STOCK QTY IS ENOUGH [1]
[ADMIN] [2/3/2017 14:24] [] CHECK STOCK QTY IS ENOUGH [30, 10]
[] [2/3/2017 15:22] [] USER = ADMIN IS ACTIVE
[ADMIN] [2/3/2017 15:22] [] USER ID = 1 LOGIN SUCCESSFULLY
[ADMIN] [2/3/2017 15:22] [] ACTIVATE USER ACCESS RIGHT
[ADMIN] [2/3/2017 15:23] [] DISPLAY ADMIN FORM
[ADMIN] [2/3/2017 15:23] [] adminForm Load
[ADMIN] [2/3/2017 15:23] [] CREATE DATA GROUP FORM MODULE_ID [51]
[ADMIN] [2/3/2017 15:23] [] CREATE DATA GROUP ACCESS MODULE FORM, GROUP USER ID [1]
[ADMIN] [2/3/2017 15:24] [] CREATE DATA GROUP FORM MODULE_ID [51]
[ADMIN] [2/3/2017 15:24] [] CREATE DATA GROUP ACCESS MODULE FORM, GROUP USER ID [1]
[ADMIN] [2/3/2017 15:24] [] USER ID = 1LOGOUT
[ADMIN] [2/3/2017 15:24] [] USER = ADMIN IS ACTIVE
[ADMIN] [2/3/2017 15:24] [] USER ID = 1 LOGIN SUCCESSFULLY
[ADMIN] [2/3/2017 15:24] [] ACTIVATE USER ACCESS RIGHT
[ADMIN] [2/3/2017 15:24] [] DISPLAY ADMIN FORM
[ADMIN] [2/3/2017 15:24] [] adminForm Load
[] [2/3/2017 15:25] [] USER = ADMIN IS ACTIVE
[ADMIN] [2/3/2017 15:25] [] USER ID = 1 LOGIN SUCCESSFULLY
[ADMIN] [2/3/2017 15:26] [] ACTIVATE USER ACCESS RIGHT
[ADMIN] [2/3/2017 15:26] [] DISPLAY ADMIN FORM
[ADMIN] [2/3/2017 15:26] [] adminForm Load
[ADMIN] [2/3/2017 15:26] [] USER ID = 1LOGOUT
