[] [9/6/2017 16:02] [] USER = ADMIN IS ACTIVE
[ADMIN] [9/6/2017 16:02] [] USER ID = 1 LOGIN SUCCESSFULLY
[ADMIN] [9/6/2017 16:02] [] ACTIVATE USER ACCESS RIGHT
[ADMIN] [9/6/2017 16:03] [] DISPLAY ADMIN FORM
[ADMIN] [9/6/2017 16:03] [] adminForm Load
[ADMIN] [9/6/2017 16:03] [RETUR PENJUALAN] RETUR PENJUALAN : detailReturDataGridView_CellValueChanged [qty]
[ADMIN] [9/6/2017 16:03] [RETUR PENJUALAN] RETUR PENJUALAN : detailReturDataGridView_CellValueChanged [subtotal]
[ADMIN] [9/6/2017 16:03] [RETUR PENJUALAN] RETUR PENJUALAN : detailReturDataGridView_CellValueChanged [productName]
[ADMIN] [9/6/2017 16:03] [RETUR PENJUALAN] RETUR PENJUALAN : detailReturDataGridView_CellValueChanged [productID]
[ADMIN] [9/6/2017 16:03] [RETUR PENJUALAN] RETUR PENJUALAN : detailReturDataGridView_CellValueChanged [productName]
[ADMIN] [9/6/2017 16:03] [RETUR PENJUALAN] updateSomeRowsContent, PRODUCT_BASE_PRICE [165000]
[ADMIN] [9/6/2017 16:03] [RETUR PENJUALAN] RETUR PENJUALAN : detailReturDataGridView_CellValueChanged [productPrice]
[ADMIN] [9/6/2017 16:03] [RETUR PENJUALAN] RETUR PENJUALAN : detailReturDataGridView_CellValueChanged [qty]
[ADMIN] [9/6/2017 16:03] [RETUR PENJUALAN] RETUR PENJUALAN : detailReturDataGridView_CellValueChanged [subtotal]
[ADMIN] [9/6/2017 16:03] [RETUR PENJUALAN] updateSomeRowsContent, attempt to calculate total
[ADMIN] [9/6/2017 16:03] [RETUR PENJUALAN] RETUR PENJUALAN : detailReturDataGridView_CellValueChanged [SOqty]
[ADMIN] [9/6/2017 16:03] [RETUR PENJUALAN] RETUR PENJUALAN : detailReturDataGridView_CellValueChanged [disc1]
[ADMIN] [9/6/2017 16:03] [RETUR PENJUALAN] RETUR PENJUALAN : detailReturDataGridView_CellValueChanged [disc2]
[ADMIN] [9/6/2017 16:03] [RETUR PENJUALAN] RETUR PENJUALAN : detailReturDataGridView_CellValueChanged [discRP]
[ADMIN] [9/6/2017 16:03] [RETUR PENJUALAN] RETUR PENJUALAN : detailReturDataGridView_CellValueChanged [subtotal]
[ADMIN] [9/6/2017 16:03] [RETUR PENJUALAN] RETUR PENJUALAN : detailReturDataGridView_CellValueChanged [qty]
[ADMIN] [9/6/2017 16:03] [RETUR PENJUALAN] RETUR PENJUALAN : detailReturDataGridView_CellValueChanged [subtotal]
[ADMIN] [9/6/2017 16:03] [RETUR PENJUALAN] SALES PAID STATUS [1]
[ADMIN] [9/6/2017 16:03] [RETUR PENJUALAN] ATTEMPT TO SAVE DATA
[ADMIN] [9/6/2017 16:03] [RETUR PENJUALAN] INSERT INTO RETURN SALES HEADER [5]
[ADMIN] [9/6/2017 16:03] [RETUR PENJUALAN] INSERT INTO RETURN SALES DETAIL [1, 165000, 1, 1]
[ADMIN] [9/6/2017 16:03] [STOK OPNAME] UPDATE PRODUCT_LOCATION QTY [1/1]
[ADMIN] [9/6/2017 16:03] [RETUR PENJUALAN] UPDATE MASTER PRODUCT QTY [1]
[ADMIN] [9/6/2017 16:03] [RETUR PENJUALAN] CHECK FOR ANY OUTSTANDING AMOUNT FOR THE INVOICE
[ADMIN] [9/6/2017 16:03] [RETUR PENJUALAN] selectedCreditID [12]
[ADMIN] [9/6/2017 16:03] [RETUR PENJUALAN] RETUR VALUE LESS THAN OR EQUAL TOTAL CREDIT
[ADMIN] [9/6/2017 16:03] [RETUR PENJUALAN] INSERT INTO PAYMENT CREDIT [12, 165000]
[ADMIN] [9/6/2017 16:03] [RETUR PENJUALAN] RETUR VALUE BIGGER THAN TOTAL CREDIT VALUE, MEANS FULLY PAID
[ADMIN] [9/6/2017 16:03] [RETUR PENJUALAN] UPDATE SALES HEADER [SLO001-12]
[ADMIN] [9/6/2017 16:03] [RETUR PENJUALAN] UPDATE SALES HEADER TAX [SLO001-12]
[ADMIN] [9/6/2017 16:03] [RETUR PENJUALAN] UPDATE CREDIT [12]
[ADMIN] [9/6/2017 16:03] [RETUR PENJUALAN] printDocument1_PrintPage, print POS size receipt
[ADMIN] [9/6/2017 16:03] [RETUR PENJUALAN] loadInfoToko
[ADMIN] [9/6/2017 16:03] [RETUR PENJUALAN] calculatePageLength, totalLengthPage [354]
[ADMIN] [9/6/2017 16:03] [PENJUALAN] CASHIER FORM : printDocument1_PrintPage, print POS size receipt
[ADMIN] [9/6/2017 16:03] [RETUR PENJUALAN] loadInfoToko
[ADMIN] [9/6/2017 16:03] [RETUR PENJUALAN] CASHIER FORM : loadNamaUser
[ADMIN] [9/6/2017 16:03] [] USER ID = 1LOGOUT
