[] [10/25/2016 01:46] [] USER = ADMIN IS ACTIVE
[ADMIN] [10/25/2016 01:46] [] USER ID = 1 LOGIN SUCCESSFULLY
[ADMIN] [10/25/2016 01:46] [] ACTIVATE USER ACCESS RIGHT
[ADMIN] [10/25/2016 01:46] [] DISPLAY ADMIN FORM
[ADMIN] [10/25/2016 01:46] [] adminForm Load
[] [10/25/2016 01:48] [] USER = ADMIN IS ACTIVE
[ADMIN] [10/25/2016 01:48] [] USER ID = 1 LOGIN SUCCESSFULLY
[ADMIN] [10/25/2016 01:48] [] ACTIVATE USER ACCESS RIGHT
[ADMIN] [10/25/2016 01:48] [] DISPLAY ADMIN FORM
[ADMIN] [10/25/2016 01:48] [] adminForm Load
[ADMIN] [10/25/2016 01:49] [TAMBAH / UPDATE PRODUK] INSERT NEW PRODUCT [110]
[ADMIN] [10/25/2016 01:49] [TAMBAH / UPDATE PRODUK] INSERT PRODUCT CATEGORY FOR [110]
[ADMIN] [10/25/2016 01:49] [RETUR PENJUALAN] RETUR PENJUALAN : detailGridView_CellValueChanged [productName]
[ADMIN] [10/25/2016 01:49] [RETUR PENJUALAN] RETUR PENJUALAN : detailGridView_CellValueChanged [hpp]
[ADMIN] [10/25/2016 01:49] [RETUR PENJUALAN] RETUR PENJUALAN : detailGridView_CellValueChanged [subtotal]
[ADMIN] [10/25/2016 01:49] [RETUR PENJUALAN] RETUR PENJUALAN : detailGridView_CellValueChanged [subtotal]
[ADMIN] [10/25/2016 01:49] [RETUR PENJUALAN] RETUR PENJUALAN : detailGridView_CellValueChanged [qtyReceived]
[ADMIN] [10/25/2016 01:49] [RETUR PENJUALAN] RETUR PENJUALAN : detailGridView_CellValueChanged [subtotal]
[ADMIN] [10/25/2016 01:49] [RETUR PENJUALAN] RETUR PENJUALAN : detailGridView_CellValueChanged [qtyReceived]
[ADMIN] [10/25/2016 01:49] [RETUR PENJUALAN] RETUR PENJUALAN : detailGridView_CellValueChanged [subtotal]
[ADMIN] [10/25/2016 01:50] [RETUR PENJUALAN] RETUR PENJUALAN : detailGridView_CellValueChanged [productName]
[ADMIN] [10/25/2016 01:50] [RETUR PENJUALAN] RETUR PENJUALAN : detailGridView_CellValueChanged [productName]
[ADMIN] [10/25/2016 01:50] [RETUR PENJUALAN] RETUR PENJUALAN : detailGridView_CellValueChanged [productName]
[ADMIN] [10/25/2016 01:50] [RETUR PENJUALAN] RETUR PENJUALAN : detailGridView_CellValueChanged [productName]
[ADMIN] [10/25/2016 01:50] [RETUR PENJUALAN] RETUR PENJUALAN : detailGridView_CellValueChanged [productName]
[ADMIN] [10/25/2016 01:50] [RETUR PENJUALAN] RETUR PENJUALAN : detailGridView_CellValueChanged [productName]
[ADMIN] [10/25/2016 01:50] [RETUR PENJUALAN] RETUR PENJUALAN : detailGridView_CellValueChanged [productName]
[ADMIN] [10/25/2016 01:50] [] USER ID = 1LOGOUT
