[] [3/23/2017 22:57] [] USER = ADMIN IS ACTIVE
[ADMIN] [3/23/2017 22:57] [] USER ID = 1 LOGIN SUCCESSFULLY
[ADMIN] [3/23/2017 22:57] [] ACTIVATE USER ACCESS RIGHT
[ADMIN] [3/23/2017 22:57] [] DISPLAY ADMIN FORM
[ADMIN] [3/23/2017 22:57] [] adminForm Load
[ADMIN] [3/23/2017 22:59] [SUPPLIER] ATTEMPT TO SAVE
[ADMIN] [3/23/2017 22:59] [SUPPLIER] INSERT NEW SUPPLIER [SUPPLIER HPL]
[ADMIN] [3/23/2017 22:59] [PENERIMAAN BARANG] PENERIMAAN BARANG : detailGridView_CellValueChanged [productName]
[ADMIN] [3/23/2017 22:59] [PENERIMAAN BARANG] PENERIMAAN BARANG : detailGridView_CellValueChanged [productID]
[ADMIN] [3/23/2017 22:59] [PENERIMAAN BARANG] PENERIMAAN BARANG : detailGridView_CellValueChanged [productName]
[ADMIN] [3/23/2017 22:59] [PENJUALAN] CASHIER FORM : ComboBox_SelectedIndexChanged, PRODUCT_BASE_PRICE [155000]
[ADMIN] [3/23/2017 22:59] [PENJUALAN] CASHIER FORM : ComboBox_SelectedIndexChanged, attempt to calculate total
[ADMIN] [3/23/2017 22:59] [PENERIMAAN BARANG] PENERIMAAN BARANG : detailGridView_CellValueChanged [qtyReceived]
[ADMIN] [3/23/2017 22:59] [PENERIMAAN BARANG] PENERIMAAN BARANG : detailGridView_CellValueChanged [subtotal]
[ADMIN] [3/23/2017 22:59] [PENERIMAAN BARANG] PENERIMAAN BARANG : detailGridView_CellValueChanged [subtotal]
[ADMIN] [3/23/2017 22:59] [PENERIMAAN BARANG] PENERIMAAN BARANG : detailGridView_CellValueChanged [qtyReceived]
[ADMIN] [3/23/2017 22:59] [PENERIMAAN BARANG] PENERIMAAN BARANG : detailGridView_CellValueChanged [subtotal]
[ADMIN] [3/23/2017 22:59] [PENERIMAAN BARANG] PENERIMAAN BARANG : detailGridView_CellValueChanged [qtyReceived]
[ADMIN] [3/23/2017 22:59] [PENERIMAAN BARANG] PENERIMAAN BARANG : detailGridView_CellValueChanged [subtotal]
[ADMIN] [3/23/2017 22:59] [PENERIMAAN BARANG] PENERIMAAN BARANG : detailGridView_CellValueChanged [qtyReceived]
[ADMIN] [3/23/2017 22:59] [PENERIMAAN BARANG] PENERIMAAN BARANG : detailGridView_CellValueChanged [subtotal]
[ADMIN] [3/23/2017 22:59] [PENERIMAAN BARANG] SAVE PENERIMAAN BARANG
[ADMIN] [3/23/2017 22:59] [PENERIMAAN BARANG] DIRECT PENERIMAAN BARANG, THEREFORE CALCULATE TAX LIMIT
[ADMIN] [3/23/2017 22:59] [PENERIMAAN BARANG] CHECK IF TAX LIMIT SET FOR PERCENTAGE PURCHASE [0]
[ADMIN] [3/23/2017 22:59] [PENERIMAAN BARANG] CHECK IF TAX LIMIT SET FOR AVERAGE DAILY PURCHASE [0]
[ADMIN] [3/23/2017 22:59] [PENERIMAAN BARANG] INSERT PENERIMAAN BARANG [1111]
[ADMIN] [3/23/2017 22:59] [PENERIMAAN BARANG] INSERT PO DATA BECAUSE OF DIRECT PENERIMAAN [1111]
[ADMIN] [3/23/2017 22:59] [PENERIMAAN BARANG] SAVE DETAIL PENERIMAAN [1, 155000, 200]
[ADMIN] [3/23/2017 22:59] [PENERIMAAN BARANG] UPDATE PRODUCT LOCATION DATA [1'1]
[ADMIN] [3/23/2017 22:59] [PENERIMAAN BARANG] UPDATE MASTER PRODUCT DATA [1]
[ADMIN] [3/23/2017 22:59] [PENERIMAAN BARANG] INSERT TO PURCHASE DETAIL [1]
[ADMIN] [3/23/2017 22:59] [PENERIMAAN BARANG] INSERT INTO DEBT [1111]
[ADMIN] [3/23/2017 22:59] [PENERIMAAN BARANG] PENERIMAAN BARANG SAVED
[ADMIN] [3/23/2017 23:00] [PURCHASE ORDER] PURCHASE ORDER : detailPODataGridView_CellValueChanged [productName]
[ADMIN] [3/23/2017 23:00] [] [POS SEARCH PRODUCT] D:\Project\Draco\_CODE_\Draco\bin\Debug\PRODUCT_PHOTO\ 
[ADMIN] [3/23/2017 23:00] [PURCHASE ORDER] PURCHASE ORDER : detailPODataGridView_CellValueChanged [productID]
[ADMIN] [3/23/2017 23:00] [PURCHASE ORDER] PURCHASE ORDER : detailPODataGridView_CellValueChanged [productName]
[ADMIN] [3/23/2017 23:00] [PURCHASE ORDER] updateSomeRowsContent, PRODUCT_BASE_PRICE [350000]
[ADMIN] [3/23/2017 23:00] [PURCHASE ORDER] updateSomeRowsContent, attempt to calculate total
[ADMIN] [3/23/2017 23:00] [PURCHASE ORDER] PURCHASE ORDER : detailPODataGridView_CellValueChanged [qty]
[ADMIN] [3/23/2017 23:00] [PURCHASE ORDER] PURCHASE ORDER : detailPODataGridView_CellValueChanged [qty]
[ADMIN] [3/23/2017 23:00] [PURCHASE ORDER] PURCHASE ORDER : detailPODataGridView_CellValueChanged [qty]
[ADMIN] [3/23/2017 23:00] [PURCHASE ORDER] PURCHASE ORDER : detailPODataGridView_CellValueChanged [qty]
[ADMIN] [3/23/2017 23:00] [PURCHASE ORDER] ATTEMPT TO SAVE DATA
[ADMIN] [3/23/2017 23:01] [PURCHASE ORDER] CHECK IF TAX LIMIT SET FOR PERCENTAGE PURCHASE [0]
[ADMIN] [3/23/2017 23:01] [PURCHASE ORDER] CHECK IF TAX LIMIT SET FOR AVERAGE DAILY PURCHASE [0]
[ADMIN] [3/23/2017 23:01] [PURCHASE ORDER] NEW PURCHASE HEADER
[ADMIN] [3/23/2017 23:01] [PURCHASE ORDER] INSERT PURCHASE HEADER DATA [PO-1]
[ADMIN] [3/23/2017 23:01] [PURCHASE ORDER] INSERT DETAIL PURCHASE DATA [2', 350000, 200]
[ADMIN] [3/23/2017 23:01] [PURCHASE ORDER] PURCHASE ORDER SAVED
[ADMIN] [3/23/2017 23:01] [PURCHASE ORDER] CHECK IF TAX LIMIT SET FOR PERCENTAGE PURCHASE [0]
[ADMIN] [3/23/2017 23:01] [PURCHASE ORDER] CHECK IF TAX LIMIT SET FOR AVERAGE DAILY PURCHASE [0]
[ADMIN] [3/23/2017 23:01] [PURCHASE ORDER] UPDATE PURCHASE HEADER DATA TO INDICATE PO HAS BEEN PRINTED OUT, THEREFORE UNEDITABLE
[ADMIN] [3/23/2017 23:01] [PURCHASE ORDER] UPDATE FLAG AT PURCHASE HEADER TAX
[ADMIN] [3/23/2017 23:01] [PURCHASE ORDER] CHECK IF TAX LIMIT SET FOR PERCENTAGE PURCHASE [0]
[ADMIN] [3/23/2017 23:01] [PURCHASE ORDER] CHECK IF TAX LIMIT SET FOR AVERAGE DAILY PURCHASE [0]
[ADMIN] [3/23/2017 23:01] [PURCHASE ORDER] UPDATE PURCHASE HEADER DATA TO INDICATE PO HAS BEEN PRINTED OUT, THEREFORE UNEDITABLE
[ADMIN] [3/23/2017 23:01] [PURCHASE ORDER] UPDATE FLAG AT PURCHASE HEADER TAX
[ADMIN] [3/23/2017 23:01] [PENERIMAAN BARANG] GET PO INVOICE TO RECEIVE
[ADMIN] [3/23/2017 23:02] [PENERIMAAN BARANG] PO INVOICE TO RECEIVE [PO-1]
[ADMIN] [3/23/2017 23:02] [PENERIMAAN BARANG] PO INVOICE TO RECEIVE [PO-1]
[ADMIN] [3/23/2017 23:02] [PENERIMAAN BARANG] SAVE PENERIMAAN BARANG
[ADMIN] [3/23/2017 23:02] [PENERIMAAN BARANG] INSERT PENERIMAAN BARANG [2222]
[ADMIN] [3/23/2017 23:02] [PENERIMAAN BARANG] PRICE CHANGE PARAM [2] [0]
[ADMIN] [3/23/2017 23:02] [PENERIMAAN BARANG] SAVE DETAIL PENERIMAAN [2, 350000, 200]
[ADMIN] [3/23/2017 23:02] [PENERIMAAN BARANG] UPDATE PRODUCT LOCATION DATA [2'1]
[ADMIN] [3/23/2017 23:02] [PENERIMAAN BARANG] UPDATE MASTER PRODUCT DATA [2]
[ADMIN] [3/23/2017 23:02] [PENERIMAAN BARANG] UPDATE PURCHASE HEADER [PO-1]
[ADMIN] [3/23/2017 23:02] [PENERIMAAN BARANG] UPDATE PURCHASE HEADER TAX [PO-1]
[ADMIN] [3/23/2017 23:02] [PENERIMAAN BARANG] UPDATE PURCHASE HEADER DUE DATE [PO-1]
[ADMIN] [3/23/2017 23:02] [PENERIMAAN BARANG] UPDATE PURCHASE HEADER TAX DUE DATE [PO-1]
[ADMIN] [3/23/2017 23:02] [PENERIMAAN BARANG] INSERT INTO DEBT [PO-1]
[ADMIN] [3/23/2017 23:02] [PENERIMAAN BARANG] PENERIMAAN BARANG SAVED
[ADMIN] [3/23/2017 23:02] [RETUR PERMINTAAN KE PUSAT] updateSomeRowsContent, PRODUCT_BASE_PRICE [155000]
[ADMIN] [3/23/2017 23:02] [RETUR PERMINTAAN KE PUSAT] updateSomeRowsContent, attempt to calculate total
[ADMIN] [3/23/2017 23:02] [] CHECK STOCK QTY IS ENOUGH [1]
[ADMIN] [3/23/2017 23:02] [] CHECK STOCK QTY IS ENOUGH [338, 2]
[ADMIN] [3/23/2017 23:02] [] CHECK STOCK QTY IS ENOUGH [1]
[ADMIN] [3/23/2017 23:02] [] CHECK STOCK QTY IS ENOUGH [338, 22]
[ADMIN] [3/23/2017 23:02] [] CHECK STOCK QTY IS ENOUGH [1]
[ADMIN] [3/23/2017 23:02] [] CHECK STOCK QTY IS ENOUGH [338, 222]
[ADMIN] [3/23/2017 23:02] [] CHECK STOCK QTY IS ENOUGH [1]
[ADMIN] [3/23/2017 23:02] [] CHECK STOCK QTY IS ENOUGH [338, 22]
[ADMIN] [3/23/2017 23:02] [RETUR PEMBELIAN KE SUPPLIER] ATTEMPT TO SAVE TO LOCAL DATA FIRST
[ADMIN] [3/23/2017 23:02] [] CHECK STOCK QTY IS ENOUGH [1]
[ADMIN] [3/23/2017 23:02] [] CHECK STOCK QTY IS ENOUGH [338, 22]
[ADMIN] [3/23/2017 23:02] [RETUR PEMBELIAN KE SUPPLIER] INSERT TO RETURN PURCHASE HEADER
[ADMIN] [3/23/2017 23:02] [RETUR PEMBELIAN KE SUPPLIER] INSERT TO RETURN PURCHASE DETAIL
[ADMIN] [3/23/2017 23:02] [RETUR PEMBELIAN KE SUPPLIER] UPDATE PRODUCT LOCATION DATA
[ADMIN] [3/23/2017 23:02] [RETUR PEMBELIAN KE SUPPLIER] UPDATE MASTER PRODUCT
[] [3/23/2017 23:07] [] USER = ADMIN IS ACTIVE
[ADMIN] [3/23/2017 23:07] [] USER ID = 1 LOGIN SUCCESSFULLY
[ADMIN] [3/23/2017 23:07] [] ACTIVATE USER ACCESS RIGHT
[ADMIN] [3/23/2017 23:07] [] DISPLAY ADMIN FORM
[ADMIN] [3/23/2017 23:07] [] adminForm Load
[ADMIN] [3/23/2017 23:07] [PENJUALAN] CASHIER FORM : REGISTER HOTKEY
[ADMIN] [3/23/2017 23:08] [PENJUALAN] CASHIER FORM : calculateTotal
[ADMIN] [3/23/2017 23:08] [PENJUALAN] CASHIER FORM : calculateTotal [0]
[ADMIN] [3/23/2017 23:08] [PENJUALAN] CASHIER FORM : calculateTotal, totalAfterDisc [0]
[ADMIN] [3/23/2017 23:08] [PENJUALAN] CASHIER FORM : calculateChangeValue, bayarTextBox.Text [0]
[ADMIN] [3/23/2017 23:08] [PENJUALAN] CASHIER FORM : calculateChangeValue, sisaBayar [0]
[ADMIN] [3/23/2017 23:08] [PENJUALAN] CASHIER FORM : REGISTER HOTKEY
[ADMIN] [3/23/2017 23:08] [PENJUALAN] CASHIER FORM : HOTKEY TO ADD NEW ROW PRESSED
[ADMIN] [3/23/2017 23:08] [PENJUALAN] CASHIER FORM : ADD NEW ROW,  isActive [True]
[ADMIN] [3/23/2017 23:08] [PENJUALAN] CASHIER FORM : ADD NEW ROW,  ROW COUNT [0]
[ADMIN] [3/23/2017 23:08] [PENJUALAN] CASHIER FORM : ADD NEW ROW,  ALLOW TO ADD [True]
[ADMIN] [3/23/2017 23:08] [PENJUALAN] CASHIER FORM : cashierDataGridView_CellValueChanged [F8]
[ADMIN] [3/23/2017 23:08] [PENJUALAN] CASHIER FORM : cashierDataGridView_CellValueChanged [hpp]
[ADMIN] [3/23/2017 23:08] [PENJUALAN] CASHIER FORM : cashierDataGridView_CellValueChanged [productPrice]
[ADMIN] [3/23/2017 23:08] [PENJUALAN] CASHIER FORM : TextBox_TextChanged, previousInput []
[ADMIN] [3/23/2017 23:08] [PENJUALAN] CASHIER FORM : TextBox_TextChanged, dataGridViewTextBoxEditingControl.Text pass REGEX Checking
[ADMIN] [3/23/2017 23:08] [PENJUALAN] CASHIER FORM : CALCULATE SUBTOTAL
[ADMIN] [3/23/2017 23:08] [PENJUALAN] CASHIER FORM : SUBTOTAL [0]
[ADMIN] [3/23/2017 23:08] [PENJUALAN] CASHIER FORM : TextBox_TextChanged, subtotal value [0]
[ADMIN] [3/23/2017 23:08] [PENJUALAN] CASHIER FORM : TextBox_TextChanged, attempt to calculate total value
[ADMIN] [3/23/2017 23:08] [PENJUALAN] CASHIER FORM : calculateTotal
[ADMIN] [3/23/2017 23:08] [PENJUALAN] CASHIER FORM : calculateTotal [0]
[ADMIN] [3/23/2017 23:08] [PENJUALAN] CASHIER FORM : calculateTotal, totalAfterDisc [0]
[ADMIN] [3/23/2017 23:08] [PENJUALAN] CASHIER FORM : calculateChangeValue, bayarTextBox.Text [0]
[ADMIN] [3/23/2017 23:08] [PENJUALAN] CASHIER FORM : calculateChangeValue, sisaBayar [0]
[ADMIN] [3/23/2017 23:08] [PENJUALAN] CASHIER FORM : cashierDataGridView_CellValueChanged [disc1]
[ADMIN] [3/23/2017 23:08] [PENJUALAN] CASHIER FORM : TextBox_TextChanged, previousInput []
[ADMIN] [3/23/2017 23:08] [PENJUALAN] CASHIER FORM : TextBox_TextChanged, dataGridViewTextBoxEditingControl.Text pass REGEX Checking
[ADMIN] [3/23/2017 23:08] [PENJUALAN] CASHIER FORM : CALCULATE SUBTOTAL
[ADMIN] [3/23/2017 23:08] [PENJUALAN] CASHIER FORM : SUBTOTAL [0]
[ADMIN] [3/23/2017 23:08] [PENJUALAN] CASHIER FORM : TextBox_TextChanged, subtotal value [0]
[ADMIN] [3/23/2017 23:08] [PENJUALAN] CASHIER FORM : TextBox_TextChanged, attempt to calculate total value
[ADMIN] [3/23/2017 23:08] [PENJUALAN] CASHIER FORM : calculateTotal
[ADMIN] [3/23/2017 23:08] [PENJUALAN] CASHIER FORM : calculateTotal [0]
[ADMIN] [3/23/2017 23:08] [PENJUALAN] CASHIER FORM : calculateTotal, totalAfterDisc [0]
[ADMIN] [3/23/2017 23:08] [PENJUALAN] CASHIER FORM : calculateChangeValue, bayarTextBox.Text [0]
[ADMIN] [3/23/2017 23:08] [PENJUALAN] CASHIER FORM : calculateChangeValue, sisaBayar [0]
[ADMIN] [3/23/2017 23:08] [PENJUALAN] CASHIER FORM : cashierDataGridView_CellValueChanged [qty]
[ADMIN] [3/23/2017 23:08] [PENJUALAN] CASHIER FORM : TextBox_TextChanged, previousInput []
[ADMIN] [3/23/2017 23:08] [PENJUALAN] CASHIER FORM : TextBox_TextChanged, dataGridViewTextBoxEditingControl.Text pass REGEX Checking
[ADMIN] [3/23/2017 23:08] [PENJUALAN] CASHIER FORM : CALCULATE SUBTOTAL
[ADMIN] [3/23/2017 23:08] [PENJUALAN] CASHIER FORM : SUBTOTAL [0]
[ADMIN] [3/23/2017 23:08] [PENJUALAN] CASHIER FORM : TextBox_TextChanged, subtotal value [0]
[ADMIN] [3/23/2017 23:08] [PENJUALAN] CASHIER FORM : TextBox_TextChanged, attempt to calculate total value
[ADMIN] [3/23/2017 23:08] [PENJUALAN] CASHIER FORM : calculateTotal
[ADMIN] [3/23/2017 23:08] [PENJUALAN] CASHIER FORM : calculateTotal [0]
[ADMIN] [3/23/2017 23:08] [PENJUALAN] CASHIER FORM : calculateTotal, totalAfterDisc [0]
[ADMIN] [3/23/2017 23:08] [PENJUALAN] CASHIER FORM : calculateChangeValue, bayarTextBox.Text [0]
[ADMIN] [3/23/2017 23:08] [PENJUALAN] CASHIER FORM : calculateChangeValue, sisaBayar [0]
[ADMIN] [3/23/2017 23:08] [PENJUALAN] CASHIER FORM : cashierDataGridView_CellValueChanged [disc2]
[ADMIN] [3/23/2017 23:08] [PENJUALAN] CASHIER FORM : TextBox_TextChanged, previousInput []
[ADMIN] [3/23/2017 23:08] [PENJUALAN] CASHIER FORM : TextBox_TextChanged, dataGridViewTextBoxEditingControl.Text pass REGEX Checking
[ADMIN] [3/23/2017 23:08] [PENJUALAN] CASHIER FORM : CALCULATE SUBTOTAL
[ADMIN] [3/23/2017 23:08] [PENJUALAN] CASHIER FORM : SUBTOTAL [0]
[ADMIN] [3/23/2017 23:08] [PENJUALAN] CASHIER FORM : TextBox_TextChanged, subtotal value [0]
[ADMIN] [3/23/2017 23:08] [PENJUALAN] CASHIER FORM : TextBox_TextChanged, attempt to calculate total value
[ADMIN] [3/23/2017 23:08] [PENJUALAN] CASHIER FORM : calculateTotal
[ADMIN] [3/23/2017 23:08] [PENJUALAN] CASHIER FORM : calculateTotal [0]
[ADMIN] [3/23/2017 23:08] [PENJUALAN] CASHIER FORM : calculateTotal, totalAfterDisc [0]
[ADMIN] [3/23/2017 23:08] [PENJUALAN] CASHIER FORM : calculateChangeValue, bayarTextBox.Text [0]
[ADMIN] [3/23/2017 23:08] [PENJUALAN] CASHIER FORM : calculateChangeValue, sisaBayar [0]
[ADMIN] [3/23/2017 23:08] [PENJUALAN] CASHIER FORM : cashierDataGridView_CellValueChanged [discRP]
[ADMIN] [3/23/2017 23:08] [PENJUALAN] CASHIER FORM : TextBox_TextChanged, previousInput []
[ADMIN] [3/23/2017 23:08] [PENJUALAN] CASHIER FORM : TextBox_TextChanged, dataGridViewTextBoxEditingControl.Text pass REGEX Checking
[ADMIN] [3/23/2017 23:08] [PENJUALAN] CASHIER FORM : CALCULATE SUBTOTAL
[ADMIN] [3/23/2017 23:08] [PENJUALAN] CASHIER FORM : SUBTOTAL [0]
[ADMIN] [3/23/2017 23:08] [PENJUALAN] CASHIER FORM : TextBox_TextChanged, subtotal value [0]
[ADMIN] [3/23/2017 23:08] [PENJUALAN] CASHIER FORM : TextBox_TextChanged, attempt to calculate total value
[ADMIN] [3/23/2017 23:08] [PENJUALAN] CASHIER FORM : calculateTotal
[ADMIN] [3/23/2017 23:08] [PENJUALAN] CASHIER FORM : calculateTotal [0]
[ADMIN] [3/23/2017 23:08] [PENJUALAN] CASHIER FORM : calculateTotal, totalAfterDisc [0]
[ADMIN] [3/23/2017 23:08] [PENJUALAN] CASHIER FORM : calculateChangeValue, bayarTextBox.Text [0]
[ADMIN] [3/23/2017 23:08] [PENJUALAN] CASHIER FORM : calculateChangeValue, sisaBayar [0]
[ADMIN] [3/23/2017 23:08] [PENJUALAN] CASHIER FORM : cashierDataGridView_CellValueChanged [jumlah]
[ADMIN] [3/23/2017 23:08] [PENJUALAN] CASHIER FORM : cashierDataGridView_CellValueChanged [productName]
[ADMIN] [3/23/2017 23:08] [PENJUALAN] CASHIER FORM : UNREGISTER HOTKEY
[ADMIN] [3/23/2017 23:08] [PENJUALAN] CASHIER FORM : REGISTER HOTKEY
[ADMIN] [3/23/2017 23:08] [PENJUALAN] CASHIER FORM : UNREGISTER HOTKEY
[ADMIN] [3/23/2017 23:08] [] [POS SEARCH PRODUCT] D:\Project\Draco\_CODE_\Draco\bin\Debug\PRODUCT_PHOTO\ 
[ADMIN] [3/23/2017 23:08] [] [POS SEARCH PRODUCT] D:\Project\Draco\_CODE_\Draco\bin\Debug\PRODUCT_PHOTO\3.jpg
[ADMIN] [3/23/2017 23:08] [] [POS SEARCH PRODUCT] D:\Project\Draco\_CODE_\Draco\bin\Debug\PRODUCT_PHOTO\3.jpg
[ADMIN] [3/23/2017 23:08] [] [POS SEARCH PRODUCT] D:\Project\Draco\_CODE_\Draco\bin\Debug\PRODUCT_PHOTO\ 
[ADMIN] [3/23/2017 23:08] [] [POS SEARCH PRODUCT] D:\Project\Draco\_CODE_\Draco\bin\Debug\PRODUCT_PHOTO\ 
[ADMIN] [3/23/2017 23:08] [PENJUALAN] CASHIER FORM : ADD NEW ROW FROM BARCODE [HPL VIOLAM VS 0101 S]
[ADMIN] [3/23/2017 23:08] [PENJUALAN] CASHIER FORM : cashierDataGridView_CellValueChanged [productID]
[ADMIN] [3/23/2017 23:08] [PENJUALAN] CASHIER FORM : cashierDataGridView_CellValueChanged [productName]
[ADMIN] [3/23/2017 23:08] [PENJUALAN] CASHIER FORM : PRODUCT PRICE TYPE [PRODUCT_BASE_PRICE]
[ADMIN] [3/23/2017 23:08] [PENJUALAN] CASHIER FORM : PRODUCT PRICE [155000]
[ADMIN] [3/23/2017 23:08] [PENJUALAN] CASHIER FORM : ComboBox_SelectedIndexChanged, PRODUCT_BASE_PRICE [155000]
[ADMIN] [3/23/2017 23:08] [PENJUALAN] CASHIER FORM : cashierDataGridView_CellValueChanged [hpp]
[ADMIN] [3/23/2017 23:08] [PENJUALAN] CASHIER FORM : PRODUCT PRICE TYPE [PRODUCT_RETAIL_PRICE]
[ADMIN] [3/23/2017 23:08] [PENJUALAN] CASHIER FORM : PRODUCT PRICE [165000]
[ADMIN] [3/23/2017 23:08] [PENJUALAN] CASHIER FORM : ComboBox_SelectedIndexChanged, PRODUCT_SALES_PRICE [165000]
[ADMIN] [3/23/2017 23:08] [PENJUALAN] CASHIER FORM : cashierDataGridView_CellValueChanged [productPrice]
[ADMIN] [3/23/2017 23:08] [PENJUALAN] CASHIER FORM : TextBox_TextChanged, previousInput []
[ADMIN] [3/23/2017 23:08] [PENJUALAN] CASHIER FORM : TextBox_TextChanged, dataGridViewTextBoxEditingControl.Text pass REGEX Checking
[ADMIN] [3/23/2017 23:08] [PENJUALAN] CASHIER FORM : CALCULATE SUBTOTAL
[ADMIN] [3/23/2017 23:08] [PENJUALAN] CASHIER FORM : SUBTOTAL [0]
[ADMIN] [3/23/2017 23:08] [PENJUALAN] CASHIER FORM : TextBox_TextChanged, subtotal value [0]
[ADMIN] [3/23/2017 23:08] [PENJUALAN] CASHIER FORM : TextBox_TextChanged, attempt to calculate total value
[ADMIN] [3/23/2017 23:08] [PENJUALAN] CASHIER FORM : calculateTotal
[ADMIN] [3/23/2017 23:08] [PENJUALAN] CASHIER FORM : calculateTotal [0]
[ADMIN] [3/23/2017 23:08] [PENJUALAN] CASHIER FORM : calculateTotal, totalAfterDisc [0]
[ADMIN] [3/23/2017 23:08] [PENJUALAN] CASHIER FORM : calculateChangeValue, bayarTextBox.Text [0]
[ADMIN] [3/23/2017 23:08] [PENJUALAN] CASHIER FORM : calculateChangeValue, sisaBayar [0]
[ADMIN] [3/23/2017 23:08] [PENJUALAN] CASHIER FORM : cashierDataGridView_CellValueChanged [qty]
[ADMIN] [3/23/2017 23:08] [PENJUALAN] CASHIER FORM : TextBox_TextChanged, previousInput []
[ADMIN] [3/23/2017 23:08] [PENJUALAN] CASHIER FORM : TextBox_TextChanged, dataGridViewTextBoxEditingControl.Text pass REGEX Checking
[ADMIN] [3/23/2017 23:08] [PENJUALAN] CASHIER FORM : CALCULATE SUBTOTAL
[ADMIN] [3/23/2017 23:08] [PENJUALAN] CASHIER FORM : SUBTOTAL [0]
[ADMIN] [3/23/2017 23:08] [PENJUALAN] CASHIER FORM : TextBox_TextChanged, subtotal value [0]
[ADMIN] [3/23/2017 23:08] [PENJUALAN] CASHIER FORM : TextBox_TextChanged, attempt to calculate total value
[ADMIN] [3/23/2017 23:08] [PENJUALAN] CASHIER FORM : calculateTotal
[ADMIN] [3/23/2017 23:08] [PENJUALAN] CASHIER FORM : calculateTotal [0]
[ADMIN] [3/23/2017 23:08] [PENJUALAN] CASHIER FORM : calculateTotal, totalAfterDisc [0]
[ADMIN] [3/23/2017 23:08] [PENJUALAN] CASHIER FORM : calculateChangeValue, bayarTextBox.Text [0]
[ADMIN] [3/23/2017 23:08] [PENJUALAN] CASHIER FORM : calculateChangeValue, sisaBayar [0]
[ADMIN] [3/23/2017 23:08] [PENJUALAN] CASHIER FORM : cashierDataGridView_CellValueChanged [jumlah]
[ADMIN] [3/23/2017 23:08] [PENJUALAN] CASHIER FORM : ComboBox_SelectedIndexChanged, attempt to calculate total
[ADMIN] [3/23/2017 23:08] [PENJUALAN] CASHIER FORM : calculateTotal
[ADMIN] [3/23/2017 23:08] [PENJUALAN] CASHIER FORM : calculateTotal [0]
[ADMIN] [3/23/2017 23:08] [PENJUALAN] CASHIER FORM : calculateTotal, totalAfterDisc [0]
[ADMIN] [3/23/2017 23:08] [PENJUALAN] CASHIER FORM : calculateChangeValue, bayarTextBox.Text [0]
[ADMIN] [3/23/2017 23:08] [PENJUALAN] CASHIER FORM : calculateChangeValue, sisaBayar [0]
[ADMIN] [3/23/2017 23:08] [] CHECK STOCK QTY IS ENOUGH [1]
[ADMIN] [3/23/2017 23:08] [] CHECK STOCK QTY IS ENOUGH [316, 1]
[ADMIN] [3/23/2017 23:08] [PENJUALAN] CASHIER FORM : cashierDataGridView_CellValueChanged [qty]
[ADMIN] [3/23/2017 23:08] [PENJUALAN] CASHIER FORM : TextBox_TextChanged, previousInput []
[ADMIN] [3/23/2017 23:08] [PENJUALAN] CASHIER FORM : TextBox_TextChanged, dataGridViewTextBoxEditingControl.Text pass REGEX Checking
[ADMIN] [3/23/2017 23:08] [PENJUALAN] CASHIER FORM : CALCULATE SUBTOTAL
[ADMIN] [3/23/2017 23:08] [PENJUALAN] CASHIER FORM : SUBTOTAL [165000]
[ADMIN] [3/23/2017 23:08] [PENJUALAN] CASHIER FORM : TextBox_TextChanged, subtotal value [165000]
[ADMIN] [3/23/2017 23:08] [PENJUALAN] CASHIER FORM : TextBox_TextChanged, attempt to calculate total value
[ADMIN] [3/23/2017 23:08] [PENJUALAN] CASHIER FORM : calculateTotal
[ADMIN] [3/23/2017 23:08] [PENJUALAN] CASHIER FORM : calculateTotal [165000]
[ADMIN] [3/23/2017 23:08] [PENJUALAN] CASHIER FORM : calculateTotal, totalAfterDisc [165000]
[ADMIN] [3/23/2017 23:08] [PENJUALAN] CASHIER FORM : calculateChangeValue, bayarTextBox.Text [0]
[ADMIN] [3/23/2017 23:08] [PENJUALAN] CASHIER FORM : calculateChangeValue, sisaBayar [0]
[ADMIN] [3/23/2017 23:08] [PENJUALAN] CASHIER FORM : SET QTY TO 1 BECAUSE OF NEW ROW
[ADMIN] [3/23/2017 23:08] [PENJUALAN] CASHIER FORM : CALCULATE SUBTOTAL
[ADMIN] [3/23/2017 23:08] [PENJUALAN] CASHIER FORM : SUBTOTAL [165000]
[ADMIN] [3/23/2017 23:08] [PENJUALAN] CASHIER FORM : calculateTotal
[ADMIN] [3/23/2017 23:08] [PENJUALAN] CASHIER FORM : calculateTotal [165000]
[ADMIN] [3/23/2017 23:08] [PENJUALAN] CASHIER FORM : calculateTotal, totalAfterDisc [165000]
[ADMIN] [3/23/2017 23:08] [PENJUALAN] CASHIER FORM : calculateChangeValue, bayarTextBox.Text [0]
[ADMIN] [3/23/2017 23:08] [PENJUALAN] CASHIER FORM : calculateChangeValue, sisaBayar [0]
[ADMIN] [3/23/2017 23:08] [] [POS SEARCH PRODUCT] D:\Project\Draco\_CODE_\Draco\bin\Debug\PRODUCT_PHOTO\ 
[ADMIN] [3/23/2017 23:08] [PENJUALAN] CASHIER FORM : REGISTER HOTKEY
[ADMIN] [3/23/2017 23:08] [PENJUALAN] CASHIER FORM : cashierDataGridView_CellValueChanged [qty]
[ADMIN] [3/23/2017 23:08] [PENJUALAN] CASHIER FORM : TextBox_TextChanged, previousInput []
[ADMIN] [3/23/2017 23:08] [PENJUALAN] CASHIER FORM : TextBox_TextChanged, dataGridViewTextBoxEditingControl.Text pass REGEX Checking
[ADMIN] [3/23/2017 23:08] [PENJUALAN] CASHIER FORM : CALCULATE SUBTOTAL
[ADMIN] [3/23/2017 23:08] [PENJUALAN] CASHIER FORM : SUBTOTAL [330000]
[ADMIN] [3/23/2017 23:08] [PENJUALAN] CASHIER FORM : TextBox_TextChanged, subtotal value [330000]
[ADMIN] [3/23/2017 23:08] [PENJUALAN] CASHIER FORM : TextBox_TextChanged, attempt to calculate total value
[ADMIN] [3/23/2017 23:08] [PENJUALAN] CASHIER FORM : calculateTotal
[ADMIN] [3/23/2017 23:08] [PENJUALAN] CASHIER FORM : calculateTotal [330000]
[ADMIN] [3/23/2017 23:08] [PENJUALAN] CASHIER FORM : calculateTotal, totalAfterDisc [330000]
[ADMIN] [3/23/2017 23:08] [PENJUALAN] CASHIER FORM : calculateChangeValue, bayarTextBox.Text [0]
[ADMIN] [3/23/2017 23:08] [PENJUALAN] CASHIER FORM : calculateChangeValue, sisaBayar [0]
[ADMIN] [3/23/2017 23:08] [PENJUALAN] CASHIER FORM : cashierDataGridView_CellValueChanged [qty]
[ADMIN] [3/23/2017 23:08] [PENJUALAN] CASHIER FORM : TextBox_TextChanged, previousInput []
[ADMIN] [3/23/2017 23:08] [PENJUALAN] CASHIER FORM : TextBox_TextChanged, dataGridViewTextBoxEditingControl.Text pass REGEX Checking
[ADMIN] [3/23/2017 23:08] [PENJUALAN] CASHIER FORM : CALCULATE SUBTOTAL
[ADMIN] [3/23/2017 23:08] [PENJUALAN] CASHIER FORM : SUBTOTAL [3630000]
[ADMIN] [3/23/2017 23:08] [PENJUALAN] CASHIER FORM : TextBox_TextChanged, subtotal value [3630000]
[ADMIN] [3/23/2017 23:08] [PENJUALAN] CASHIER FORM : TextBox_TextChanged, attempt to calculate total value
[ADMIN] [3/23/2017 23:08] [PENJUALAN] CASHIER FORM : calculateTotal
[ADMIN] [3/23/2017 23:08] [PENJUALAN] CASHIER FORM : calculateTotal [3630000]
[ADMIN] [3/23/2017 23:08] [PENJUALAN] CASHIER FORM : calculateTotal, totalAfterDisc [3630000]
[ADMIN] [3/23/2017 23:08] [PENJUALAN] CASHIER FORM : calculateChangeValue, bayarTextBox.Text [0]
[ADMIN] [3/23/2017 23:08] [PENJUALAN] CASHIER FORM : calculateChangeValue, sisaBayar [0]
[ADMIN] [3/23/2017 23:08] [PENJUALAN] CASHIER FORM : DISPLAY PELANGGAN FORM
[ADMIN] [3/23/2017 23:08] [PENJUALAN] CASHIER FORM : UNREGISTER HOTKEY
[ADMIN] [3/23/2017 23:08] [PENJUALAN] CASHIER FORM : REGISTER HOTKEY
[ADMIN] [3/23/2017 23:08] [PENJUALAN] CASHIER FORM : HOTKEY TO SAVE AND PRINT OUT INVOICE PRESSED
[ADMIN] [3/23/2017 23:08] [PENJUALAN] CASHIER FORM : UNREGISTER HOTKEY
[ADMIN] [3/23/2017 23:08] [PENJUALAN] CASHIER FORM : REGISTER HOTKEY
[ADMIN] [3/23/2017 23:08] [PENJUALAN] ATTEMPT TO SAVE AND PRINT OUT INVOICE
[ADMIN] [3/23/2017 23:08] [PENJUALAN] CASHIER FORM : UNREGISTER HOTKEY
[ADMIN] [3/23/2017 23:08] [PENJUALAN] CASHIER FORM : REGISTER HOTKEY
[ADMIN] [3/23/2017 23:08] [PENJUALAN] CASHIER FORM : UNREGISTER HOTKEY
[ADMIN] [3/23/2017 23:08] [PENJUALAN] CASHIER FORM : ATTEMPT TO SAVE SALES DATA [23-03-2017 23:08]
[ADMIN] [3/23/2017 23:08] [PENJUALAN] CASHIER FORM : SALES DISC FINAL [0]
[ADMIN] [3/23/2017 23:08] [PENJUALAN] CASHIER FORM : CASH SALES
[ADMIN] [3/23/2017 23:08] [PENJUALAN] CASHIER FORM : MAX SALES INVOICE [0]
[ADMIN] [3/23/2017 23:08] [PENJUALAN] CASHIER FORM : SALES INVOICE [SQ-1]
[ADMIN] [3/23/2017 23:08] [PENJUALAN] INSERT INTO SALES QUOTATION HEADER [SQ-1]
[ADMIN] [3/23/2017 23:08] [PENJUALAN] INSERT INTO SALES QUOTATION DETAIL[1, 165000, 22]
[ADMIN] [3/23/2017 23:08] [PENJUALAN] CASHIER FORM : REGISTER HOTKEY
[ADMIN] [3/23/2017 23:08] [PENJUALAN] TRANSACTION SAVED
[ADMIN] [3/23/2017 23:08] [PENJUALAN] PRINT OUT INVOICE
[ADMIN] [3/23/2017 23:08] [PENJUALAN] CASHIER FORM : PrintReceipt
[ADMIN] [3/23/2017 23:08] [PENJUALAN] CASHIER FORM : PrintReceipt, papermode [0]
[ADMIN] [3/23/2017 23:08] [PENJUALAN] CASHIER FORM : PrintReceipt, display SalesReceiptForm
[ADMIN] [3/23/2017 23:08] [PENJUALAN] CASHIER FORM : UNREGISTER HOTKEY
[ADMIN] [3/23/2017 23:08] [PENJUALAN] CASHIER FORM : REGISTER HOTKEY
[ADMIN] [3/23/2017 23:08] [PENJUALAN] VALIDATE USER CREDIT STATUS
[ADMIN] [3/23/2017 23:08] [PENJUALAN] CASHIER FORM : UNREGISTER HOTKEY
[ADMIN] [3/23/2017 23:08] [PENJUALAN] CASHIER FORM : REGISTER HOTKEY
[ADMIN] [3/23/2017 23:08] [PENJUALAN] CASHIER FORM : UNREGISTER HOTKEY
[ADMIN] [3/23/2017 23:08] [PENJUALAN] CASHIER FORM : UNREGISTER HOTKEY
[ADMIN] [3/23/2017 23:08] [PENJUALAN] CASHIER FORM : REGISTER HOTKEY
[ADMIN] [3/23/2017 23:08] [PENJUALAN] CASHIER FORM : ADD NEW ROW,  isActive [True]
[ADMIN] [3/23/2017 23:08] [PENJUALAN] CASHIER FORM : ADD NEW ROW,  ROW COUNT [0]
[ADMIN] [3/23/2017 23:08] [PENJUALAN] CASHIER FORM : ADD NEW ROW,  ALLOW TO ADD [True]
[ADMIN] [3/23/2017 23:08] [PENJUALAN] CASHIER FORM : REGISTER HOTKEY
[ADMIN] [3/23/2017 23:08] [PENJUALAN] CASHIER FORM : calculateChangeValue, bayarTextBox.Text [3630000]
[ADMIN] [3/23/2017 23:08] [PENJUALAN] CASHIER FORM : calculateChangeValue, sisaBayar [0]
[ADMIN] [3/23/2017 23:08] [PENJUALAN] CASHIER FORM : UNREGISTER HOTKEY
[ADMIN] [3/23/2017 23:08] [PENJUALAN] CASHIER FORM : REGISTER HOTKEY
[ADMIN] [3/23/2017 23:08] [PENJUALAN] ATTEMPT TO SAVE AND PRINT OUT INVOICE
[ADMIN] [3/23/2017 23:08] [] CHECK STOCK QTY IS ENOUGH [1]
[ADMIN] [3/23/2017 23:08] [] CHECK STOCK QTY IS ENOUGH [316, 22]
[ADMIN] [3/23/2017 23:08] [PENJUALAN] CASHIER FORM : UNREGISTER HOTKEY
[ADMIN] [3/23/2017 23:08] [PENJUALAN] CASHIER FORM : REGISTER HOTKEY
[ADMIN] [3/23/2017 23:08] [PENJUALAN] CASHIER FORM : UNREGISTER HOTKEY
[ADMIN] [3/23/2017 23:08] [PENJUALAN] CASHIER FORM : ATTEMPT TO SAVE SALES DATA [23-03-2017 23:08]
[ADMIN] [3/23/2017 23:08] [PENJUALAN] CASHIER FORM : SALES DISC FINAL [0]
[ADMIN] [3/23/2017 23:08] [PENJUALAN] CASHIER FORM : CASH SALES
[ADMIN] [3/23/2017 23:08] [PENJUALAN] CHECK IF TAX LIMIT SET FOR PERCENTAGE PURCHASE [0]
[ADMIN] [3/23/2017 23:08] [PENJUALAN] CHECK IF TAX LIMIT SET FOR AVERAGE DAILY PURCHASE [0]
[ADMIN] [3/23/2017 23:08] [PENJUALAN] CASHIER FORM : NO FAKTUR [SLO001]
[ADMIN] [3/23/2017 23:08] [PENJUALAN] CASHIER FORM : MAX SALES INVOICE [0]
[ADMIN] [3/23/2017 23:08] [PENJUALAN] CASHIER FORM : SALES INVOICE [SLO001-1]
[ADMIN] [3/23/2017 23:08] [PENJUALAN] INSERT INTO SALES HEADER [SLO001-1]
[ADMIN] [3/23/2017 23:08] [PENJUALAN] INSERT INTO SALES DETAIL[1, 165000, 22]
[ADMIN] [3/23/2017 23:08] [PENJUALAN] INSERT TO CREDIT TABLE [SLO001-1]
[ADMIN] [3/23/2017 23:08] [PENJUALAN] INSERT TO DAILY JOURNAL TABLE [3630000]
[ADMIN] [3/23/2017 23:08] [PENJUALAN] CASHIER FORM : REGISTER HOTKEY
[ADMIN] [3/23/2017 23:08] [PENJUALAN] TRANSACTION SAVED
[ADMIN] [3/23/2017 23:08] [PENJUALAN] PRINT OUT INVOICE
[ADMIN] [3/23/2017 23:08] [PENJUALAN] CASHIER FORM : PrintReceipt
[ADMIN] [3/23/2017 23:08] [PENJUALAN] CASHIER FORM : PrintReceipt, papermode [0]
[ADMIN] [3/23/2017 23:08] [PENJUALAN] CASHIER FORM : PrintReceipt, display SalesReceiptForm
[ADMIN] [3/23/2017 23:08] [PENJUALAN] CASHIER FORM : UNREGISTER HOTKEY
[ADMIN] [3/23/2017 23:09] [PENJUALAN] CASHIER FORM : REGISTER HOTKEY
[ADMIN] [3/23/2017 23:09] [PENJUALAN] VALIDATE USER CREDIT STATUS
[ADMIN] [3/23/2017 23:09] [PENJUALAN] CASHIER FORM : UNREGISTER HOTKEY
[ADMIN] [3/23/2017 23:09] [PENJUALAN] CASHIER FORM : REGISTER HOTKEY
[ADMIN] [3/23/2017 23:09] [PENJUALAN] CASHIER FORM : UNREGISTER HOTKEY
[ADMIN] [3/23/2017 23:09] [PENJUALAN] CASHIER FORM : UNREGISTER HOTKEY
[] [3/23/2017 23:15] [] USER = ADMIN IS ACTIVE
[ADMIN] [3/23/2017 23:15] [] USER ID = 1 LOGIN SUCCESSFULLY
[ADMIN] [3/23/2017 23:15] [] ACTIVATE USER ACCESS RIGHT
[ADMIN] [3/23/2017 23:15] [] DISPLAY ADMIN FORM
[ADMIN] [3/23/2017 23:15] [] adminForm Load
[ADMIN] [3/23/2017 23:16] [PENJUALAN] DELIVERY ORDER : detailGridView_CellValueChanged [qty]
[ADMIN] [3/23/2017 23:16] [PENJUALAN] DELIVERY ORDER : TextBox_TextChanged, dataGridViewTextBoxEditingControl.Text pass REGEX Checking
[ADMIN] [3/23/2017 23:16] [] CHECK STOCK QTY IS ENOUGH [1]
[ADMIN] [3/23/2017 23:16] [] CHECK STOCK QTY IS ENOUGH [216, 1]
[ADMIN] [3/23/2017 23:16] [PENJUALAN] DELIVERY ORDER : detailGridView_CellValueChanged [qty]
[ADMIN] [3/23/2017 23:16] [PENJUALAN] DELIVERY ORDER : TextBox_TextChanged, dataGridViewTextBoxEditingControl.Text pass REGEX Checking
[ADMIN] [3/23/2017 23:16] [] CHECK STOCK QTY IS ENOUGH [1]
[ADMIN] [3/23/2017 23:16] [] CHECK STOCK QTY IS ENOUGH [216, 10]
[ADMIN] [3/23/2017 23:16] [PENJUALAN] DELIVERY ORDER : TextBox_TextChanged, dataGridViewTextBoxEditingControl.Text pass REGEX Checking
[ADMIN] [3/23/2017 23:16] [] CHECK STOCK QTY IS ENOUGH [1]
[ADMIN] [3/23/2017 23:16] [] CHECK STOCK QTY IS ENOUGH [216, 10]
[ADMIN] [3/23/2017 23:16] [PENJUALAN] DELIVERY ORDER : detailGridView_CellValueChanged [qty]
[ADMIN] [3/23/2017 23:16] [PENJUALAN] DELIVERY ORDER : TextBox_TextChanged, dataGridViewTextBoxEditingControl.Text pass REGEX Checking
[ADMIN] [3/23/2017 23:16] [] CHECK STOCK QTY IS ENOUGH [1]
[ADMIN] [3/23/2017 23:16] [] CHECK STOCK QTY IS ENOUGH [206, 3]
[ADMIN] [3/23/2017 23:16] [PENJUALAN] DELIVERY ORDER : detailGridView_CellValueChanged [qty]
[ADMIN] [3/23/2017 23:16] [PENJUALAN] DELIVERY ORDER : TextBox_TextChanged, dataGridViewTextBoxEditingControl.Text pass REGEX Checking
[ADMIN] [3/23/2017 23:16] [] CHECK STOCK QTY IS ENOUGH [1]
[ADMIN] [3/23/2017 23:16] [] CHECK STOCK QTY IS ENOUGH [206, 30]
[ADMIN] [3/23/2017 23:16] [PENJUALAN] DELIVERY ORDER : TextBox_TextChanged, dataGridViewTextBoxEditingControl.Text pass REGEX Checking
[ADMIN] [3/23/2017 23:16] [] CHECK STOCK QTY IS ENOUGH [1]
[ADMIN] [3/23/2017 23:16] [] CHECK STOCK QTY IS ENOUGH [206, 30]
[ADMIN] [3/23/2017 23:17] [PENJUALAN] CASHIER FORM : MULTIPLE CASHIER INSTANCE [1]
[ADMIN] [3/23/2017 23:17] [PENJUALAN] CASHIER FORM : REGISTER HOTKEY
[ADMIN] [3/23/2017 23:17] [PENJUALAN] CASHIER FORM : cashierForm_Load, ATTEMPT TO LOAD NO FAKTUR
[ADMIN] [3/23/2017 23:17] [PENJUALAN] CASHIER FORM : loadNoFaktur, noFakturValue [SLO001]
[ADMIN] [3/23/2017 23:17] [PENJUALAN] CASHIER FORM : cashierForm_Load, ATTEMPT TO addColumnToDataGrid
[ADMIN] [3/23/2017 23:17] [PENJUALAN] CASHIER FORM : calculateTotal
[ADMIN] [3/23/2017 23:17] [PENJUALAN] CASHIER FORM : calculateTotal [0]
[ADMIN] [3/23/2017 23:17] [PENJUALAN] CASHIER FORM : calculateTotal, totalAfterDisc [0]
[ADMIN] [3/23/2017 23:17] [PENJUALAN] CASHIER FORM : calculateChangeValue, bayarTextBox.Text [0]
[ADMIN] [3/23/2017 23:17] [PENJUALAN] CASHIER FORM : calculateChangeValue, sisaBayar [0]
[ADMIN] [3/23/2017 23:17] [PENJUALAN] CASHIER FORM : REGISTER HOTKEY
[ADMIN] [3/23/2017 23:17] [PENJUALAN] CASHIER FORM : UNREGISTER HOTKEY
[ADMIN] [3/23/2017 23:17] [PENJUALAN] CASHIER FORM : REGISTER HOTKEY
[ADMIN] [3/23/2017 23:17] [PENJUALAN] CASHIER FORM : HOTKEY TO ADD NEW ROW PRESSED
[ADMIN] [3/23/2017 23:17] [PENJUALAN] CASHIER FORM : ADD NEW ROW,  isActive [True]
[ADMIN] [3/23/2017 23:17] [PENJUALAN] CASHIER FORM : ADD NEW ROW,  ROW COUNT [0]
[ADMIN] [3/23/2017 23:17] [PENJUALAN] CASHIER FORM : ADD NEW ROW,  ALLOW TO ADD [True]
[ADMIN] [3/23/2017 23:17] [PENJUALAN] CASHIER FORM : cashierDataGridView_CellValueChanged [F8]
[ADMIN] [3/23/2017 23:17] [PENJUALAN] CASHIER FORM : cashierDataGridView_CellValueChanged [hpp]
[ADMIN] [3/23/2017 23:17] [PENJUALAN] CASHIER FORM : cashierDataGridView_CellValueChanged [productPrice]
[ADMIN] [3/23/2017 23:17] [PENJUALAN] CASHIER FORM : TextBox_TextChanged, previousInput []
[ADMIN] [3/23/2017 23:17] [PENJUALAN] CASHIER FORM : TextBox_TextChanged, dataGridViewTextBoxEditingControl.Text pass REGEX Checking
[ADMIN] [3/23/2017 23:17] [PENJUALAN] CASHIER FORM : CALCULATE SUBTOTAL
[ADMIN] [3/23/2017 23:17] [PENJUALAN] CASHIER FORM : SUBTOTAL [0]
[ADMIN] [3/23/2017 23:17] [PENJUALAN] CASHIER FORM : TextBox_TextChanged, subtotal value [0]
[ADMIN] [3/23/2017 23:17] [PENJUALAN] CASHIER FORM : TextBox_TextChanged, attempt to calculate total value
[ADMIN] [3/23/2017 23:17] [PENJUALAN] CASHIER FORM : calculateTotal
[ADMIN] [3/23/2017 23:17] [PENJUALAN] CASHIER FORM : calculateTotal [0]
[ADMIN] [3/23/2017 23:17] [PENJUALAN] CASHIER FORM : calculateTotal, totalAfterDisc [0]
[ADMIN] [3/23/2017 23:17] [PENJUALAN] CASHIER FORM : calculateChangeValue, bayarTextBox.Text [0]
[ADMIN] [3/23/2017 23:17] [PENJUALAN] CASHIER FORM : calculateChangeValue, sisaBayar [0]
[ADMIN] [3/23/2017 23:17] [PENJUALAN] CASHIER FORM : cashierDataGridView_CellValueChanged [disc1]
[ADMIN] [3/23/2017 23:17] [PENJUALAN] CASHIER FORM : TextBox_TextChanged, previousInput []
[ADMIN] [3/23/2017 23:17] [PENJUALAN] CASHIER FORM : TextBox_TextChanged, dataGridViewTextBoxEditingControl.Text pass REGEX Checking
[ADMIN] [3/23/2017 23:17] [PENJUALAN] CASHIER FORM : CALCULATE SUBTOTAL
[ADMIN] [3/23/2017 23:17] [PENJUALAN] CASHIER FORM : SUBTOTAL [0]
[ADMIN] [3/23/2017 23:17] [PENJUALAN] CASHIER FORM : TextBox_TextChanged, subtotal value [0]
[ADMIN] [3/23/2017 23:17] [PENJUALAN] CASHIER FORM : TextBox_TextChanged, attempt to calculate total value
[ADMIN] [3/23/2017 23:17] [PENJUALAN] CASHIER FORM : calculateTotal
[ADMIN] [3/23/2017 23:17] [PENJUALAN] CASHIER FORM : calculateTotal [0]
[ADMIN] [3/23/2017 23:17] [PENJUALAN] CASHIER FORM : calculateTotal, totalAfterDisc [0]
[ADMIN] [3/23/2017 23:17] [PENJUALAN] CASHIER FORM : calculateChangeValue, bayarTextBox.Text [0]
[ADMIN] [3/23/2017 23:17] [PENJUALAN] CASHIER FORM : calculateChangeValue, sisaBayar [0]
[ADMIN] [3/23/2017 23:17] [PENJUALAN] CASHIER FORM : cashierDataGridView_CellValueChanged [qty]
[ADMIN] [3/23/2017 23:17] [PENJUALAN] CASHIER FORM : TextBox_TextChanged, previousInput []
[ADMIN] [3/23/2017 23:17] [PENJUALAN] CASHIER FORM : TextBox_TextChanged, dataGridViewTextBoxEditingControl.Text pass REGEX Checking
[ADMIN] [3/23/2017 23:17] [] CHECK STOCK QTY IS ENOUGH []
[ADMIN] [3/23/2017 23:17] [PENJUALAN] CASHIER FORM : CALCULATE SUBTOTAL
[ADMIN] [3/23/2017 23:17] [PENJUALAN] CASHIER FORM : SUBTOTAL [0]
[ADMIN] [3/23/2017 23:17] [PENJUALAN] CASHIER FORM : TextBox_TextChanged, subtotal value [0]
[ADMIN] [3/23/2017 23:17] [PENJUALAN] CASHIER FORM : TextBox_TextChanged, attempt to calculate total value
[ADMIN] [3/23/2017 23:17] [PENJUALAN] CASHIER FORM : calculateTotal
[ADMIN] [3/23/2017 23:17] [PENJUALAN] CASHIER FORM : calculateTotal [0]
[ADMIN] [3/23/2017 23:17] [PENJUALAN] CASHIER FORM : calculateTotal, totalAfterDisc [0]
[ADMIN] [3/23/2017 23:17] [PENJUALAN] CASHIER FORM : calculateChangeValue, bayarTextBox.Text [0]
[ADMIN] [3/23/2017 23:17] [PENJUALAN] CASHIER FORM : calculateChangeValue, sisaBayar [0]
[ADMIN] [3/23/2017 23:17] [PENJUALAN] CASHIER FORM : cashierDataGridView_CellValueChanged [disc2]
[ADMIN] [3/23/2017 23:17] [PENJUALAN] CASHIER FORM : TextBox_TextChanged, previousInput []
[ADMIN] [3/23/2017 23:17] [PENJUALAN] CASHIER FORM : TextBox_TextChanged, dataGridViewTextBoxEditingControl.Text pass REGEX Checking
[ADMIN] [3/23/2017 23:17] [PENJUALAN] CASHIER FORM : CALCULATE SUBTOTAL
[ADMIN] [3/23/2017 23:17] [PENJUALAN] CASHIER FORM : SUBTOTAL [0]
[ADMIN] [3/23/2017 23:17] [PENJUALAN] CASHIER FORM : TextBox_TextChanged, subtotal value [0]
[ADMIN] [3/23/2017 23:17] [PENJUALAN] CASHIER FORM : TextBox_TextChanged, attempt to calculate total value
[ADMIN] [3/23/2017 23:17] [PENJUALAN] CASHIER FORM : calculateTotal
[ADMIN] [3/23/2017 23:17] [PENJUALAN] CASHIER FORM : calculateTotal [0]
[ADMIN] [3/23/2017 23:17] [PENJUALAN] CASHIER FORM : calculateTotal, totalAfterDisc [0]
[ADMIN] [3/23/2017 23:17] [PENJUALAN] CASHIER FORM : calculateChangeValue, bayarTextBox.Text [0]
[ADMIN] [3/23/2017 23:17] [PENJUALAN] CASHIER FORM : calculateChangeValue, sisaBayar [0]
[ADMIN] [3/23/2017 23:17] [PENJUALAN] CASHIER FORM : cashierDataGridView_CellValueChanged [discRP]
[ADMIN] [3/23/2017 23:17] [PENJUALAN] CASHIER FORM : TextBox_TextChanged, previousInput []
[ADMIN] [3/23/2017 23:17] [PENJUALAN] CASHIER FORM : TextBox_TextChanged, dataGridViewTextBoxEditingControl.Text pass REGEX Checking
[ADMIN] [3/23/2017 23:17] [PENJUALAN] CASHIER FORM : CALCULATE SUBTOTAL
[ADMIN] [3/23/2017 23:17] [PENJUALAN] CASHIER FORM : SUBTOTAL [0]
[ADMIN] [3/23/2017 23:17] [PENJUALAN] CASHIER FORM : TextBox_TextChanged, subtotal value [0]
[ADMIN] [3/23/2017 23:17] [PENJUALAN] CASHIER FORM : TextBox_TextChanged, attempt to calculate total value
[ADMIN] [3/23/2017 23:17] [PENJUALAN] CASHIER FORM : calculateTotal
[ADMIN] [3/23/2017 23:17] [PENJUALAN] CASHIER FORM : calculateTotal [0]
[ADMIN] [3/23/2017 23:17] [PENJUALAN] CASHIER FORM : calculateTotal, totalAfterDisc [0]
[ADMIN] [3/23/2017 23:17] [PENJUALAN] CASHIER FORM : calculateChangeValue, bayarTextBox.Text [0]
[ADMIN] [3/23/2017 23:17] [PENJUALAN] CASHIER FORM : calculateChangeValue, sisaBayar [0]
[ADMIN] [3/23/2017 23:17] [PENJUALAN] CASHIER FORM : cashierDataGridView_CellValueChanged [jumlah]
[ADMIN] [3/23/2017 23:17] [PENJUALAN] CASHIER FORM : cashierDataGridView_CellValueChanged [productName]
[ADMIN] [3/23/2017 23:17] [PENJUALAN] CASHIER FORM : UNREGISTER HOTKEY
[ADMIN] [3/23/2017 23:17] [PENJUALAN] CASHIER FORM : ADD NEW ROW FROM BARCODE [HPL VIOLAM VS 0101 S]
[ADMIN] [3/23/2017 23:17] [PENJUALAN] CASHIER FORM : cashierDataGridView_CellValueChanged [productID]
[ADMIN] [3/23/2017 23:17] [PENJUALAN] CASHIER FORM : cashierDataGridView_CellValueChanged [productName]
[ADMIN] [3/23/2017 23:17] [PENJUALAN] CASHIER FORM : PRODUCT PRICE TYPE [PRODUCT_BASE_PRICE]
[ADMIN] [3/23/2017 23:17] [PENJUALAN] CASHIER FORM : PRODUCT PRICE [155000]
[ADMIN] [3/23/2017 23:17] [PENJUALAN] CASHIER FORM : ComboBox_SelectedIndexChanged, PRODUCT_BASE_PRICE [155000]
[ADMIN] [3/23/2017 23:17] [PENJUALAN] CASHIER FORM : cashierDataGridView_CellValueChanged [hpp]
[ADMIN] [3/23/2017 23:17] [PENJUALAN] CASHIER FORM : PRODUCT PRICE TYPE [PRODUCT_RETAIL_PRICE]
[ADMIN] [3/23/2017 23:17] [PENJUALAN] CASHIER FORM : PRODUCT PRICE [165000]
[ADMIN] [3/23/2017 23:17] [PENJUALAN] CASHIER FORM : ComboBox_SelectedIndexChanged, PRODUCT_SALES_PRICE [165000]
[ADMIN] [3/23/2017 23:17] [PENJUALAN] CASHIER FORM : cashierDataGridView_CellValueChanged [productPrice]
[ADMIN] [3/23/2017 23:17] [PENJUALAN] CASHIER FORM : TextBox_TextChanged, previousInput []
[ADMIN] [3/23/2017 23:17] [PENJUALAN] CASHIER FORM : TextBox_TextChanged, dataGridViewTextBoxEditingControl.Text pass REGEX Checking
[ADMIN] [3/23/2017 23:17] [PENJUALAN] CASHIER FORM : CALCULATE SUBTOTAL
[ADMIN] [3/23/2017 23:17] [PENJUALAN] CASHIER FORM : SUBTOTAL [0]
[ADMIN] [3/23/2017 23:17] [PENJUALAN] CASHIER FORM : TextBox_TextChanged, subtotal value [0]
[ADMIN] [3/23/2017 23:17] [PENJUALAN] CASHIER FORM : TextBox_TextChanged, attempt to calculate total value
[ADMIN] [3/23/2017 23:17] [PENJUALAN] CASHIER FORM : calculateTotal
[ADMIN] [3/23/2017 23:17] [PENJUALAN] CASHIER FORM : calculateTotal [0]
[ADMIN] [3/23/2017 23:17] [PENJUALAN] CASHIER FORM : calculateTotal, totalAfterDisc [0]
[ADMIN] [3/23/2017 23:17] [PENJUALAN] CASHIER FORM : calculateChangeValue, bayarTextBox.Text [0]
[ADMIN] [3/23/2017 23:17] [PENJUALAN] CASHIER FORM : calculateChangeValue, sisaBayar [0]
[ADMIN] [3/23/2017 23:17] [PENJUALAN] CASHIER FORM : cashierDataGridView_CellValueChanged [qty]
[ADMIN] [3/23/2017 23:17] [PENJUALAN] CASHIER FORM : TextBox_TextChanged, previousInput []
[ADMIN] [3/23/2017 23:17] [PENJUALAN] CASHIER FORM : TextBox_TextChanged, dataGridViewTextBoxEditingControl.Text pass REGEX Checking
[ADMIN] [3/23/2017 23:17] [] CHECK STOCK QTY IS ENOUGH [1]
[ADMIN] [3/23/2017 23:17] [] CHECK STOCK QTY IS ENOUGH [306, 0]
[ADMIN] [3/23/2017 23:17] [PENJUALAN] CASHIER FORM : CALCULATE SUBTOTAL
[ADMIN] [3/23/2017 23:17] [PENJUALAN] CASHIER FORM : SUBTOTAL [0]
[ADMIN] [3/23/2017 23:17] [PENJUALAN] CASHIER FORM : TextBox_TextChanged, subtotal value [0]
[ADMIN] [3/23/2017 23:17] [PENJUALAN] CASHIER FORM : TextBox_TextChanged, attempt to calculate total value
[ADMIN] [3/23/2017 23:17] [PENJUALAN] CASHIER FORM : calculateTotal
[ADMIN] [3/23/2017 23:17] [PENJUALAN] CASHIER FORM : calculateTotal [0]
[ADMIN] [3/23/2017 23:17] [PENJUALAN] CASHIER FORM : calculateTotal, totalAfterDisc [0]
[ADMIN] [3/23/2017 23:17] [PENJUALAN] CASHIER FORM : calculateChangeValue, bayarTextBox.Text [0]
[ADMIN] [3/23/2017 23:17] [PENJUALAN] CASHIER FORM : calculateChangeValue, sisaBayar [0]
[ADMIN] [3/23/2017 23:17] [PENJUALAN] CASHIER FORM : cashierDataGridView_CellValueChanged [jumlah]
[ADMIN] [3/23/2017 23:17] [PENJUALAN] CASHIER FORM : ComboBox_SelectedIndexChanged, attempt to calculate total
[ADMIN] [3/23/2017 23:17] [PENJUALAN] CASHIER FORM : calculateTotal
[ADMIN] [3/23/2017 23:17] [PENJUALAN] CASHIER FORM : calculateTotal [0]
[ADMIN] [3/23/2017 23:17] [PENJUALAN] CASHIER FORM : calculateTotal, totalAfterDisc [0]
[ADMIN] [3/23/2017 23:17] [PENJUALAN] CASHIER FORM : calculateChangeValue, bayarTextBox.Text [0]
[ADMIN] [3/23/2017 23:17] [PENJUALAN] CASHIER FORM : calculateChangeValue, sisaBayar [0]
[ADMIN] [3/23/2017 23:17] [] CHECK STOCK QTY IS ENOUGH [1]
[ADMIN] [3/23/2017 23:17] [] CHECK STOCK QTY IS ENOUGH [306, 1]
[ADMIN] [3/23/2017 23:17] [PENJUALAN] CASHIER FORM : cashierDataGridView_CellValueChanged [qty]
[ADMIN] [3/23/2017 23:17] [PENJUALAN] CASHIER FORM : TextBox_TextChanged, previousInput []
[ADMIN] [3/23/2017 23:17] [PENJUALAN] CASHIER FORM : TextBox_TextChanged, dataGridViewTextBoxEditingControl.Text pass REGEX Checking
[ADMIN] [3/23/2017 23:17] [] CHECK STOCK QTY IS ENOUGH [1]
[ADMIN] [3/23/2017 23:17] [] CHECK STOCK QTY IS ENOUGH [306, 1]
[ADMIN] [3/23/2017 23:17] [PENJUALAN] CASHIER FORM : CALCULATE SUBTOTAL
[ADMIN] [3/23/2017 23:17] [PENJUALAN] CASHIER FORM : SUBTOTAL [165000]
[ADMIN] [3/23/2017 23:17] [PENJUALAN] CASHIER FORM : TextBox_TextChanged, subtotal value [165000]
[ADMIN] [3/23/2017 23:17] [PENJUALAN] CASHIER FORM : TextBox_TextChanged, attempt to calculate total value
[ADMIN] [3/23/2017 23:17] [PENJUALAN] CASHIER FORM : calculateTotal
[ADMIN] [3/23/2017 23:17] [PENJUALAN] CASHIER FORM : calculateTotal [165000]
[ADMIN] [3/23/2017 23:17] [PENJUALAN] CASHIER FORM : calculateTotal, totalAfterDisc [165000]
[ADMIN] [3/23/2017 23:17] [PENJUALAN] CASHIER FORM : calculateChangeValue, bayarTextBox.Text [0]
[ADMIN] [3/23/2017 23:17] [PENJUALAN] CASHIER FORM : calculateChangeValue, sisaBayar [0]
[ADMIN] [3/23/2017 23:17] [PENJUALAN] CASHIER FORM : SET QTY TO 1 BECAUSE OF NEW ROW
[ADMIN] [3/23/2017 23:17] [PENJUALAN] CASHIER FORM : CALCULATE SUBTOTAL
[ADMIN] [3/23/2017 23:17] [PENJUALAN] CASHIER FORM : SUBTOTAL [165000]
[ADMIN] [3/23/2017 23:17] [PENJUALAN] CASHIER FORM : calculateTotal
[ADMIN] [3/23/2017 23:17] [PENJUALAN] CASHIER FORM : calculateTotal [165000]
[ADMIN] [3/23/2017 23:17] [PENJUALAN] CASHIER FORM : calculateTotal, totalAfterDisc [165000]
[ADMIN] [3/23/2017 23:17] [PENJUALAN] CASHIER FORM : calculateChangeValue, bayarTextBox.Text [0]
[ADMIN] [3/23/2017 23:17] [PENJUALAN] CASHIER FORM : calculateChangeValue, sisaBayar [0]
[ADMIN] [3/23/2017 23:17] [PENJUALAN] CASHIER FORM : REGISTER HOTKEY
[ADMIN] [3/23/2017 23:17] [PENJUALAN] CASHIER FORM : cashierDataGridView_CellValueChanged [qty]
[ADMIN] [3/23/2017 23:17] [PENJUALAN] CASHIER FORM : TextBox_TextChanged, previousInput []
[ADMIN] [3/23/2017 23:17] [PENJUALAN] CASHIER FORM : TextBox_TextChanged, dataGridViewTextBoxEditingControl.Text pass REGEX Checking
[ADMIN] [3/23/2017 23:17] [] CHECK STOCK QTY IS ENOUGH [1]
[ADMIN] [3/23/2017 23:17] [] CHECK STOCK QTY IS ENOUGH [306, 2]
[ADMIN] [3/23/2017 23:17] [PENJUALAN] CASHIER FORM : CALCULATE SUBTOTAL
[ADMIN] [3/23/2017 23:17] [PENJUALAN] CASHIER FORM : SUBTOTAL [330000]
[ADMIN] [3/23/2017 23:17] [PENJUALAN] CASHIER FORM : TextBox_TextChanged, subtotal value [330000]
[ADMIN] [3/23/2017 23:17] [PENJUALAN] CASHIER FORM : TextBox_TextChanged, attempt to calculate total value
[ADMIN] [3/23/2017 23:17] [PENJUALAN] CASHIER FORM : calculateTotal
[ADMIN] [3/23/2017 23:17] [PENJUALAN] CASHIER FORM : calculateTotal [330000]
[ADMIN] [3/23/2017 23:17] [PENJUALAN] CASHIER FORM : calculateTotal, totalAfterDisc [330000]
[ADMIN] [3/23/2017 23:17] [PENJUALAN] CASHIER FORM : calculateChangeValue, bayarTextBox.Text [0]
[ADMIN] [3/23/2017 23:17] [PENJUALAN] CASHIER FORM : calculateChangeValue, sisaBayar [0]
[ADMIN] [3/23/2017 23:17] [PENJUALAN] CASHIER FORM : cashierDataGridView_CellValueChanged [qty]
[ADMIN] [3/23/2017 23:17] [PENJUALAN] CASHIER FORM : TextBox_TextChanged, previousInput []
[ADMIN] [3/23/2017 23:17] [PENJUALAN] CASHIER FORM : TextBox_TextChanged, dataGridViewTextBoxEditingControl.Text pass REGEX Checking
[ADMIN] [3/23/2017 23:17] [] CHECK STOCK QTY IS ENOUGH [1]
[ADMIN] [3/23/2017 23:17] [] CHECK STOCK QTY IS ENOUGH [306, 20]
[ADMIN] [3/23/2017 23:17] [PENJUALAN] CASHIER FORM : CALCULATE SUBTOTAL
[ADMIN] [3/23/2017 23:17] [PENJUALAN] CASHIER FORM : SUBTOTAL [3300000]
[ADMIN] [3/23/2017 23:17] [PENJUALAN] CASHIER FORM : TextBox_TextChanged, subtotal value [3300000]
[ADMIN] [3/23/2017 23:17] [PENJUALAN] CASHIER FORM : TextBox_TextChanged, attempt to calculate total value
[ADMIN] [3/23/2017 23:17] [PENJUALAN] CASHIER FORM : calculateTotal
[ADMIN] [3/23/2017 23:17] [PENJUALAN] CASHIER FORM : calculateTotal [3300000]
[ADMIN] [3/23/2017 23:17] [PENJUALAN] CASHIER FORM : calculateTotal, totalAfterDisc [3300000]
[ADMIN] [3/23/2017 23:17] [PENJUALAN] CASHIER FORM : calculateChangeValue, bayarTextBox.Text [0]
[ADMIN] [3/23/2017 23:17] [PENJUALAN] CASHIER FORM : calculateChangeValue, sisaBayar [0]
[ADMIN] [3/23/2017 23:17] [PENJUALAN] CASHIER FORM : UNREGISTER HOTKEY
[ADMIN] [3/23/2017 23:17] [PENJUALAN] CASHIER FORM : REGISTER HOTKEY
[ADMIN] [3/23/2017 23:17] [PENJUALAN] CASHIER FORM : DISPLAY PELANGGAN FORM
[ADMIN] [3/23/2017 23:17] [PENJUALAN] CASHIER FORM : UNREGISTER HOTKEY
[ADMIN] [3/23/2017 23:17] [PENJUALAN] CASHIER FORM : REGISTER HOTKEY
[ADMIN] [3/23/2017 23:17] [PENJUALAN] CASHIER FORM : UNREGISTER HOTKEY
[ADMIN] [3/23/2017 23:17] [PENJUALAN] CASHIER FORM : UNREGISTER HOTKEY
[] [3/23/2017 23:24] [] USER = ADMIN IS ACTIVE
[ADMIN] [3/23/2017 23:24] [] USER ID = 1 LOGIN SUCCESSFULLY
[ADMIN] [3/23/2017 23:24] [] ACTIVATE USER ACCESS RIGHT
[ADMIN] [3/23/2017 23:24] [] DISPLAY ADMIN FORM
[ADMIN] [3/23/2017 23:24] [] adminForm Load
[ADMIN] [3/23/2017 23:25] [] USER ID = 1LOGOUT
