[] [2/3/2017 13:48] [] USER = ADMIN IS ACTIVE
[ADMIN] [2/3/2017 13:48] [] USER ID = 1 LOGIN SUCCESSFULLY
[ADMIN] [2/3/2017 13:48] [] ACTIVATE USER ACCESS RIGHT
[ADMIN] [2/3/2017 13:48] [] DISPLAY ADMIN FORM
[ADMIN] [2/3/2017 13:48] [] adminForm Load
[ADMIN] [2/3/2017 13:49] [PURCHASE ORDER] PURCHASE ORDER : detailPODataGridView_CellValueChanged [productName]
[ADMIN] [2/3/2017 13:49] [PURCHASE ORDER] PURCHASE ORDER : detailPODataGridView_CellValueChanged [productName]
[ADMIN] [2/3/2017 13:49] [PURCHASE ORDER] PURCHASE ORDER : detailPODataGridView_CellValueChanged [productID]
[ADMIN] [2/3/2017 13:49] [PURCHASE ORDER] updateSomeRowsContent, PRODUCT_BASE_PRICE [2200]
[ADMIN] [2/3/2017 13:49] [PURCHASE ORDER] updateSomeRowsContent, attempt to calculate total
[ADMIN] [2/3/2017 13:49] [PURCHASE ORDER] PURCHASE ORDER : detailPODataGridView_CellValueChanged [HPP]
[ADMIN] [2/3/2017 13:49] [PURCHASE ORDER] PURCHASE ORDER : detailPODataGridView_CellValueChanged [qty]
[ADMIN] [2/3/2017 13:49] [PURCHASE ORDER] ATTEMPT TO SAVE DATA
[ADMIN] [2/3/2017 13:49] [PURCHASE ORDER] CHECK IF TAX LIMIT SET FOR PERCENTAGE PURCHASE [0]
[ADMIN] [2/3/2017 13:49] [PURCHASE ORDER] CHECK IF TAX LIMIT SET FOR AVERAGE DAILY PURCHASE [0]
[ADMIN] [2/3/2017 13:49] [PURCHASE ORDER] NEW PURCHASE HEADER
[ADMIN] [2/3/2017 13:49] [PURCHASE ORDER] INSERT PURCHASE HEADER DATA [PO-2]
[ADMIN] [2/3/2017 13:49] [PURCHASE ORDER] INSERT DETAIL PURCHASE DATA [2', 2, 2]
[ADMIN] [2/3/2017 13:49] [PURCHASE ORDER] PURCHASE ORDER SAVED
[ADMIN] [2/3/2017 13:49] [PURCHASE ORDER] CHECK IF TAX LIMIT SET FOR PERCENTAGE PURCHASE [0]
[ADMIN] [2/3/2017 13:49] [PURCHASE ORDER] CHECK IF TAX LIMIT SET FOR AVERAGE DAILY PURCHASE [0]
[ADMIN] [2/3/2017 13:49] [PURCHASE ORDER] UPDATE PURCHASE HEADER DATA TO INDICATE PO HAS BEEN PRINTED OUT, THEREFORE UNEDITABLE
[ADMIN] [2/3/2017 13:49] [PURCHASE ORDER] UPDATE FLAG AT PURCHASE HEADER TAX
[ADMIN] [2/3/2017 13:50] [PURCHASE ORDER] PURCHASE ORDER : detailPODataGridView_CellValueChanged [productName]
[ADMIN] [2/3/2017 13:50] [PURCHASE ORDER] PURCHASE ORDER : detailPODataGridView_CellValueChanged [productName]
[ADMIN] [2/3/2017 13:50] [PURCHASE ORDER] PURCHASE ORDER : detailPODataGridView_CellValueChanged [productID]
[ADMIN] [2/3/2017 13:50] [PURCHASE ORDER] updateSomeRowsContent, PRODUCT_BASE_PRICE [2200]
[ADMIN] [2/3/2017 13:50] [PURCHASE ORDER] updateSomeRowsContent, attempt to calculate total
[ADMIN] [2/3/2017 13:50] [PURCHASE ORDER] PURCHASE ORDER : detailPODataGridView_CellValueChanged [qty]
[ADMIN] [2/3/2017 13:50] [PURCHASE ORDER] PURCHASE ORDER : detailPODataGridView_CellValueChanged [productName]
[ADMIN] [2/3/2017 13:50] [PURCHASE ORDER] PURCHASE ORDER : detailPODataGridView_CellValueChanged [productName]
[ADMIN] [2/3/2017 13:50] [PURCHASE ORDER] PURCHASE ORDER : detailPODataGridView_CellValueChanged [productID]
[ADMIN] [2/3/2017 13:50] [PURCHASE ORDER] updateSomeRowsContent, PRODUCT_BASE_PRICE [2200]
[ADMIN] [2/3/2017 13:50] [PURCHASE ORDER] updateSomeRowsContent, attempt to calculate total
[ADMIN] [2/3/2017 13:50] [PURCHASE ORDER] PURCHASE ORDER : detailPODataGridView_CellValueChanged [qty]
[ADMIN] [2/3/2017 13:50] [PURCHASE ORDER] ATTEMPT TO SAVE DATA
[ADMIN] [2/3/2017 13:50] [PURCHASE ORDER] CHECK IF TAX LIMIT SET FOR PERCENTAGE PURCHASE [0]
[ADMIN] [2/3/2017 13:50] [PURCHASE ORDER] CHECK IF TAX LIMIT SET FOR AVERAGE DAILY PURCHASE [0]
[ADMIN] [2/3/2017 13:50] [PURCHASE ORDER] NEW PURCHASE HEADER
[ADMIN] [2/3/2017 13:50] [PURCHASE ORDER] INSERT PURCHASE HEADER DATA [PO-3]
[ADMIN] [2/3/2017 13:50] [PURCHASE ORDER] INSERT DETAIL PURCHASE DATA [2', 2200, 2]
[ADMIN] [2/3/2017 13:50] [PURCHASE ORDER] INSERT DETAIL PURCHASE DATA [2', 2200, 3]
[ADMIN] [2/3/2017 13:50] [PURCHASE ORDER] PURCHASE ORDER SAVED
[ADMIN] [2/3/2017 13:50] [PURCHASE ORDER] CHECK IF TAX LIMIT SET FOR PERCENTAGE PURCHASE [0]
[ADMIN] [2/3/2017 13:50] [PURCHASE ORDER] CHECK IF TAX LIMIT SET FOR AVERAGE DAILY PURCHASE [0]
[ADMIN] [2/3/2017 13:50] [PURCHASE ORDER] UPDATE PURCHASE HEADER DATA TO INDICATE PO HAS BEEN PRINTED OUT, THEREFORE UNEDITABLE
[ADMIN] [2/3/2017 13:50] [PURCHASE ORDER] UPDATE FLAG AT PURCHASE HEADER TAX
[ADMIN] [2/3/2017 13:50] [] USER ID = 1LOGOUT
